#
# There is insufficient memory for the Java Runtime Environment to continue.
# Native memory allocation (mmap) failed to map 29360128 bytes for Failed to commit area from 0x0000000088c00000 to 0x000000008a800000 of length 29360128.
# Possible reasons:
#   The system is out of physical RAM or swap space
#   The process is running with CompressedOops enabled, and the Java Heap may be blocking the growth of the native heap
# Possible solutions:
#   Reduce memory load on the system
#   Increase physical memory or swap space
#   Check if swap backing store is full
#   Decrease Java heap size (-Xmx/-Xms)
#   Decrease number of Java threads
#   Decrease Java thread stack sizes (-Xss)
#   Set larger code cache with -XX:ReservedCodeCacheSize=
#   JVM is running with Unscaled Compressed Oops mode in which the Java heap is
#     placed in the first 4GB address space. The Java Heap base address is the
#     maximum limit for the native heap growth. Please use -XX:HeapBaseMinAddress
#     to set the Java Heap base and to place the Java Heap above 4GB virtual address.
# This output file may be truncated or incomplete.
#
#  Out of Memory Error (./src/hotspot/os/windows/os_windows.cpp:3619), pid=6964, tid=7728
#
# JRE version: OpenJDK Runtime Environment (11.0.13) (build 11.0.13+0-b1751.21-8125866)
# Java VM: OpenJDK 64-Bit Server VM (11.0.13+0-b1751.21-8125866, mixed mode, tiered, compressed oops, g1 gc, windows-amd64)
# No core dump will be written. Minidumps are not enabled by default on client versions of Windows
#

---------------  S U M M A R Y ------------

Command Line: --add-opens=java.base/java.util=ALL-UNNAMED --add-opens=java.base/java.lang=ALL-UNNAMED --add-opens=java.base/java.lang.invoke=ALL-UNNAMED --add-opens=java.base/java.util=ALL-UNNAMED --add-opens=java.prefs/java.util.prefs=ALL-UNNAMED --add-opens=java.prefs/java.util.prefs=ALL-UNNAMED --add-opens=java.base/java.nio.charset=ALL-UNNAMED --add-opens=java.base/java.net=ALL-UNNAMED --add-opens=java.base/java.util.concurrent.atomic=ALL-UNNAMED -Xmx2048m -Dfile.encoding=UTF-8 -Duser.country=PT -Duser.language=pt -Duser.variant org.gradle.launcher.daemon.bootstrap.GradleDaemon 7.4

Host: Intel(R) Core(TM) i3-3110M CPU @ 2.40GHz, 4 cores, 5G,  Windows 10 , 64 bit Build 19041 (10.0.19041.2364)
Time: Fri Jan  6 02:52:58 2023 Hora Padrão de Cabo Verde elapsed time: 17.246760 seconds (0d 0h 0m 17s)

---------------  T H R E A D  ---------------

Current thread (0x0000023dd67b3800):  VMThread "VM Thread" [stack: 0x000000fe7da00000,0x000000fe7db00000] [id=7728]

Stack: [0x000000fe7da00000,0x000000fe7db00000]
[error occurred during error reporting (printing stack bounds), id 0xc0000005, EXCEPTION_ACCESS_VIOLATION (0xc0000005) at pc=0x0000023dc06c112d]

Native frames: (J=compiled Java code, j=interpreted, Vv=VM code, C=native code)
V  [jvm.dll+0x6100fa]
V  [jvm.dll+0x747090]
V  [jvm.dll+0x7486ad]
V  [jvm.dll+0x748ce5]
V  [jvm.dll+0x748c9b]
V  [jvm.dll+0x60f224]
V  [jvm.dll+0x60f9b8]
C  [ntdll.dll+0xa241f]
C  [ntdll.dll+0x514a4]
C  [ntdll.dll+0xa0f4e]
C  0x0000023dc06c112d

VM_Operation (0x000000fe7eef80f0): G1CollectForAllocation, mode: safepoint, requested by thread 0x0000023dda57b000


---------------  P R O C E S S  ---------------

Threads class SMR info:
_java_thread_list=0x0000023dd9922870, length=79, elements={
0x0000023dbcba5000, 0x0000023dd67b7000, 0x0000023dd67bb000, 0x0000023dd7110800,
0x0000023dd7111800, 0x0000023dd7118000, 0x0000023dd711d800, 0x0000023dd711f000,
0x0000023dd67d5000, 0x0000023dd72b6800, 0x0000023dd871a800, 0x0000023dda404800,
0x0000023dd93d8000, 0x0000023dd957b000, 0x0000023dd8a9f800, 0x0000023dd8c62800,
0x0000023dda57b000, 0x0000023dd933a800, 0x0000023dd85c2800, 0x0000023dd8b81800,
0x0000023dd93cb000, 0x0000023dd93cc000, 0x0000023dd93c9000, 0x0000023dd84e4000,
0x0000023dd93cd800, 0x0000023dd93ce800, 0x0000023dd93cd000, 0x0000023dd93cf800,
0x0000023dd93c9800, 0x0000023dd93ca800, 0x0000023dd81f8000, 0x0000023dd81fa800,
0x0000023dd81f9800, 0x0000023dd81fb000, 0x0000023dd81fc000, 0x0000023dd81f7000,
0x0000023dd81f6800, 0x0000023dd81fd000, 0x0000023dd8201800, 0x0000023dd8202800,
0x0000023dd8200000, 0x0000023dd81fe800, 0x0000023dd81ff000, 0x0000023dd8201000,
0x0000023dd81fd800, 0x0000023dd8204000, 0x0000023dd8203800, 0x0000023dd8205000,
0x0000023dd91a0000, 0x0000023dd91a0800, 0x0000023dd91a1800, 0x0000023dd919f000,
0x0000023dd919d800, 0x0000023dd919e000, 0x0000023dd91a2000, 0x0000023dd919c800,
0x0000023dd91a3000, 0x0000023dd91a7000, 0x0000023dd91a4800, 0x0000023dd91a9800,
0x0000023dd91a9000, 0x0000023dd91a4000, 0x0000023dd91aa800, 0x0000023dd91ab000,
0x0000023dd91a5800, 0x0000023dd91a6800, 0x0000023dd91a8000, 0x0000023dd9cc9800,
0x0000023dd9cc4000, 0x0000023dd9cc5800, 0x0000023dd9cc6800, 0x0000023dd9cc7800,
0x0000023dd9cc8000, 0x0000023dd9cc5000, 0x0000023dd9cc9000, 0x0000023dd9cce000,
0x0000023dd9ccb800, 0x0000023dd9ccc000, 0x0000023dd9ccd000
}

Java Threads: ( => current thread )
  0x0000023dbcba5000 JavaThread "main" [_thread_blocked, id=11732, stack(0x000000fe7d400000,0x000000fe7d500000)]
  0x0000023dd67b7000 JavaThread "Reference Handler" daemon [_thread_blocked, id=2284, stack(0x000000fe7db00000,0x000000fe7dc00000)]
  0x0000023dd67bb000 JavaThread "Finalizer" daemon [_thread_blocked, id=5832, stack(0x000000fe7dc00000,0x000000fe7dd00000)]
  0x0000023dd7110800 JavaThread "Signal Dispatcher" daemon [_thread_blocked, id=1480, stack(0x000000fe7dd00000,0x000000fe7de00000)]
  0x0000023dd7111800 JavaThread "Attach Listener" daemon [_thread_blocked, id=10800, stack(0x000000fe7de00000,0x000000fe7df00000)]
  0x0000023dd7118000 JavaThread "Service Thread" daemon [_thread_blocked, id=11152, stack(0x000000fe7df00000,0x000000fe7e000000)]
  0x0000023dd711d800 JavaThread "C2 CompilerThread0" daemon [_thread_in_native, id=6592, stack(0x000000fe7e000000,0x000000fe7e100000)]
  0x0000023dd711f000 JavaThread "C1 CompilerThread0" daemon [_thread_blocked, id=11716, stack(0x000000fe7e100000,0x000000fe7e200000)]
  0x0000023dd67d5000 JavaThread "Sweeper thread" daemon [_thread_blocked, id=13864, stack(0x000000fe7e200000,0x000000fe7e300000)]
  0x0000023dd72b6800 JavaThread "Common-Cleaner" daemon [_thread_blocked, id=12636, stack(0x000000fe7e300000,0x000000fe7e400000)]
  0x0000023dd871a800 JavaThread "Daemon health stats" [_thread_blocked, id=13576, stack(0x000000fe7e700000,0x000000fe7e800000)]
  0x0000023dda404800 JavaThread "Incoming local TCP Connector on port 62190" [_thread_in_native, id=13076, stack(0x000000fe7e900000,0x000000fe7ea00000)]
  0x0000023dd93d8000 JavaThread "Daemon periodic checks" [_thread_blocked, id=13476, stack(0x000000fe7ea00000,0x000000fe7eb00000)]
  0x0000023dd957b000 JavaThread "Daemon" [_thread_blocked, id=14160, stack(0x000000fe7eb00000,0x000000fe7ec00000)]
  0x0000023dd8a9f800 JavaThread "Handler for socket connection from /127.0.0.1:62190 to /127.0.0.1:62191" [_thread_in_native, id=5760, stack(0x000000fe7ec00000,0x000000fe7ed00000)]
  0x0000023dd8c62800 JavaThread "Cancel handler" [_thread_blocked, id=13808, stack(0x000000fe7ed00000,0x000000fe7ee00000)]
  0x0000023dda57b000 JavaThread "Daemon worker" [_thread_blocked, id=13008, stack(0x000000fe7ee00000,0x000000fe7ef00000)]
  0x0000023dd933a800 JavaThread "Asynchronous log dispatcher for DefaultDaemonConnection: socket connection from /127.0.0.1:62190 to /127.0.0.1:62191" [_thread_blocked, id=12512, stack(0x000000fe7ef00000,0x000000fe7f000000)]
  0x0000023dd85c2800 JavaThread "Stdin handler" [_thread_blocked, id=10584, stack(0x000000fe7f000000,0x000000fe7f100000)]
  0x0000023dd8b81800 JavaThread "Daemon client event forwarder" [_thread_blocked, id=8148, stack(0x000000fe7f100000,0x000000fe7f200000)]
  0x0000023dd93cb000 JavaThread "Cache worker for journal cache (C:\Users\Kleivy Gomes\.gradle\caches\journal-1)" [_thread_blocked, id=7536, stack(0x000000fe7f300000,0x000000fe7f400000)]
  0x0000023dd93cc000 JavaThread "File lock request listener" [_thread_in_native, id=13988, stack(0x000000fe7f400000,0x000000fe7f500000)]
  0x0000023dd93c9000 JavaThread "Cache worker for file hash cache (C:\Users\Kleivy Gomes\.gradle\caches\7.4\fileHashes)" [_thread_blocked, id=8916, stack(0x000000fe7f500000,0x000000fe7f600000)]
  0x0000023dd84e4000 JavaThread "C2 CompilerThread1" daemon [_thread_blocked, id=2988, stack(0x000000fe7f200000,0x000000fe7f300000)]
  0x0000023dd93cd800 JavaThread "File watcher server" daemon [_thread_in_native, id=10332, stack(0x000000fe7f600000,0x000000fe7f700000)]
  0x0000023dd93ce800 JavaThread "File watcher consumer" daemon [_thread_blocked, id=14196, stack(0x000000fe7f700000,0x000000fe7f800000)]
  0x0000023dd93cd000 JavaThread "Cache worker for checksums cache (C:\Users\Kleivy Gomes\AndroidStudioProjects\Contact\.gradle\7.4\checksums)" [_thread_blocked, id=352, stack(0x000000fe7f800000,0x000000fe7f900000)]
  0x0000023dd93cf800 JavaThread "Cache worker for cache directory md-rule (C:\Users\Kleivy Gomes\.gradle\caches\7.4\md-rule)" [_thread_blocked, id=13564, stack(0x000000fe7f900000,0x000000fe7fa00000)]
  0x0000023dd93c9800 JavaThread "Cache worker for file hash cache (C:\Users\Kleivy Gomes\AndroidStudioProjects\Contact\.gradle\7.4\fileHashes)" [_thread_blocked, id=11260, stack(0x000000fe7fa00000,0x000000fe7fb00000)]
  0x0000023dd93ca800 JavaThread "Cache worker for cache directory md-supplier (C:\Users\Kleivy Gomes\.gradle\caches\7.4\md-supplier)" [_thread_blocked, id=12268, stack(0x000000fe7fb00000,0x000000fe7fc00000)]
  0x0000023dd81f8000 JavaThread "Cache worker for execution history cache (C:\Users\Kleivy Gomes\.gradle\caches\7.4\executionHistory)" [_thread_blocked, id=10872, stack(0x000000fe7fc00000,0x000000fe7fd00000)]
  0x0000023dd81fa800 JavaThread "jar transforms" [_thread_blocked, id=3944, stack(0x000000fe7fd00000,0x000000fe7fe00000)]
  0x0000023dd81f9800 JavaThread "Cache worker for file content cache (C:\Users\Kleivy Gomes\.gradle\caches\7.4\fileContent)" [_thread_blocked, id=13448, stack(0x000000fe7fe00000,0x000000fe7ff00000)]
  0x0000023dd81fb000 JavaThread "jar transforms Thread 2" [_thread_blocked, id=1276, stack(0x000000fe7ff00000,0x000000fe80000000)]
  0x0000023dd81fc000 JavaThread "Cache worker for dependencies-accessors (C:\Users\Kleivy Gomes\AndroidStudioProjects\Contact\.gradle\7.4\dependencies-accessors)" [_thread_blocked, id=820, stack(0x000000fe00000000,0x000000fe00100000)]
  0x0000023dd81f7000 JavaThread "jar transforms Thread 3" [_thread_blocked, id=6296, stack(0x000000fe00100000,0x000000fe00200000)]
  0x0000023dd81f6800 JavaThread "Cache worker for Build Output Cleanup Cache (C:\Users\Kleivy Gomes\AndroidStudioProjects\Contact\.gradle\buildOutputCleanup)" [_thread_blocked, id=13640, stack(0x000000fe00200000,0x000000fe00300000)]
  0x0000023dd81fd000 JavaThread "Unconstrained build operations" [_thread_blocked, id=592, stack(0x000000fe00300000,0x000000fe00400000)]
  0x0000023dd8201800 JavaThread "Unconstrained build operations Thread 2" [_thread_blocked, id=7088, stack(0x000000fe00400000,0x000000fe00500000)]
  0x0000023dd8202800 JavaThread "Unconstrained build operations Thread 3" [_thread_blocked, id=560, stack(0x000000fe00500000,0x000000fe00600000)]
  0x0000023dd8200000 JavaThread "Unconstrained build operations Thread 4" [_thread_blocked, id=9468, stack(0x000000fe00600000,0x000000fe00700000)]
  0x0000023dd81fe800 JavaThread "Unconstrained build operations Thread 5" [_thread_blocked, id=4652, stack(0x000000fe00700000,0x000000fe00800000)]
  0x0000023dd81ff000 JavaThread "Unconstrained build operations Thread 6" [_thread_blocked, id=10616, stack(0x000000fe00800000,0x000000fe00900000)]
  0x0000023dd8201000 JavaThread "Unconstrained build operations Thread 7" [_thread_blocked, id=5600, stack(0x000000fe00900000,0x000000fe00a00000)]
  0x0000023dd81fd800 JavaThread "Unconstrained build operations Thread 8" [_thread_blocked, id=12388, stack(0x000000fe00a00000,0x000000fe00b00000)]
  0x0000023dd8204000 JavaThread "Unconstrained build operations Thread 9" [_thread_blocked, id=9512, stack(0x000000fe00b00000,0x000000fe00c00000)]
  0x0000023dd8203800 JavaThread "Unconstrained build operations Thread 10" [_thread_blocked, id=1776, stack(0x000000fe00c00000,0x000000fe00d00000)]
  0x0000023dd8205000 JavaThread "Unconstrained build operations Thread 11" [_thread_blocked, id=1652, stack(0x000000fe00d00000,0x000000fe00e00000)]
  0x0000023dd91a0000 JavaThread "Unconstrained build operations Thread 12" [_thread_blocked, id=228, stack(0x000000fe00e00000,0x000000fe00f00000)]
  0x0000023dd91a0800 JavaThread "Unconstrained build operations Thread 13" [_thread_blocked, id=4852, stack(0x000000fe00f00000,0x000000fe01000000)]
  0x0000023dd91a1800 JavaThread "Unconstrained build operations Thread 14" [_thread_blocked, id=12368, stack(0x000000fe01000000,0x000000fe01100000)]
  0x0000023dd919f000 JavaThread "Unconstrained build operations Thread 15" [_thread_blocked, id=11596, stack(0x000000fe01100000,0x000000fe01200000)]
  0x0000023dd919d800 JavaThread "Unconstrained build operations Thread 16" [_thread_blocked, id=2940, stack(0x000000fe01200000,0x000000fe01300000)]
  0x0000023dd919e000 JavaThread "Unconstrained build operations Thread 17" [_thread_blocked, id=4036, stack(0x000000fe01300000,0x000000fe01400000)]
  0x0000023dd91a2000 JavaThread "Unconstrained build operations Thread 18" [_thread_blocked, id=10856, stack(0x000000fe01400000,0x000000fe01500000)]
  0x0000023dd919c800 JavaThread "Unconstrained build operations Thread 19" [_thread_blocked, id=3756, stack(0x000000fe01500000,0x000000fe01600000)]
  0x0000023dd91a3000 JavaThread "Unconstrained build operations Thread 20" [_thread_blocked, id=9232, stack(0x000000fe01600000,0x000000fe01700000)]
  0x0000023dd91a7000 JavaThread "Unconstrained build operations Thread 21" [_thread_blocked, id=5668, stack(0x000000fe01700000,0x000000fe01800000)]
  0x0000023dd91a4800 JavaThread "Unconstrained build operations Thread 22" [_thread_blocked, id=7568, stack(0x000000fe01800000,0x000000fe01900000)]
  0x0000023dd91a9800 JavaThread "Unconstrained build operations Thread 23" [_thread_blocked, id=13728, stack(0x000000fe01900000,0x000000fe01a00000)]
  0x0000023dd91a9000 JavaThread "Unconstrained build operations Thread 24" [_thread_blocked, id=4664, stack(0x000000fe01a00000,0x000000fe01b00000)]
  0x0000023dd91a4000 JavaThread "Unconstrained build operations Thread 25" [_thread_blocked, id=8156, stack(0x000000fe01b00000,0x000000fe01c00000)]
  0x0000023dd91aa800 JavaThread "Unconstrained build operations Thread 26" [_thread_blocked, id=3316, stack(0x000000fe01c00000,0x000000fe01d00000)]
  0x0000023dd91ab000 JavaThread "Unconstrained build operations Thread 27" [_thread_blocked, id=7876, stack(0x000000fe01d00000,0x000000fe01e00000)]
  0x0000023dd91a5800 JavaThread "Unconstrained build operations Thread 28" [_thread_blocked, id=12492, stack(0x000000fe01e00000,0x000000fe01f00000)]
  0x0000023dd91a6800 JavaThread "Unconstrained build operations Thread 29" [_thread_blocked, id=5076, stack(0x000000fe01f00000,0x000000fe02000000)]
  0x0000023dd91a8000 JavaThread "Unconstrained build operations Thread 30" [_thread_blocked, id=12360, stack(0x000000fe02000000,0x000000fe02100000)]
  0x0000023dd9cc9800 JavaThread "Unconstrained build operations Thread 31" [_thread_blocked, id=3064, stack(0x000000fe02100000,0x000000fe02200000)]
  0x0000023dd9cc4000 JavaThread "Unconstrained build operations Thread 32" [_thread_blocked, id=2560, stack(0x000000fe02200000,0x000000fe02300000)]
  0x0000023dd9cc5800 JavaThread "Unconstrained build operations Thread 33" [_thread_blocked, id=3340, stack(0x000000fe02300000,0x000000fe02400000)]
  0x0000023dd9cc6800 JavaThread "Unconstrained build operations Thread 34" [_thread_blocked, id=12488, stack(0x000000fe02400000,0x000000fe02500000)]
  0x0000023dd9cc7800 JavaThread "Unconstrained build operations Thread 35" [_thread_blocked, id=5140, stack(0x000000fe02500000,0x000000fe02600000)]
  0x0000023dd9cc8000 JavaThread "Unconstrained build operations Thread 36" [_thread_blocked, id=9312, stack(0x000000fe02600000,0x000000fe02700000)]
  0x0000023dd9cc5000 JavaThread "Unconstrained build operations Thread 37" [_thread_blocked, id=5788, stack(0x000000fe02700000,0x000000fe02800000)]
  0x0000023dd9cc9000 JavaThread "Unconstrained build operations Thread 38" [_thread_blocked, id=2860, stack(0x000000fe02800000,0x000000fe02900000)]
  0x0000023dd9cce000 JavaThread "Unconstrained build operations Thread 39" [_thread_blocked, id=7316, stack(0x000000fe02900000,0x000000fe02a00000)]
  0x0000023dd9ccb800 JavaThread "Unconstrained build operations Thread 40" [_thread_blocked, id=13264, stack(0x000000fe02a00000,0x000000fe02b00000)]
  0x0000023dd9ccc000 JavaThread "jar transforms Thread 4" [_thread_blocked, id=11052, stack(0x000000fe02b00000,0x000000fe02c00000)]
  0x0000023dd9ccd000 JavaThread "Memory manager" [_thread_blocked, id=11480, stack(0x000000fe02c00000,0x000000fe02d00000)]

Other Threads:
=>0x0000023dd67b3800 VMThread "VM Thread" [stack: 0x000000fe7da00000,0x000000fe7db00000] [id=7728]
  0x0000023dd72cd000 WatcherThread [stack: 0x000000fe7e400000,0x000000fe7e500000] [id=11940]
  0x0000023dbcbbd800 GCTaskThread "GC Thread#0" [stack: 0x000000fe7d500000,0x000000fe7d600000] [id=12044]
  0x0000023dd7be9000 GCTaskThread "GC Thread#1" [stack: 0x000000fe7e600000,0x000000fe7e700000] [id=1868]
  0x0000023dd8700000 GCTaskThread "GC Thread#2" [stack: 0x000000fe7e500000,0x000000fe7e600000] [id=11804]
  0x0000023dd93fe800 GCTaskThread "GC Thread#3" [stack: 0x000000fe7e800000,0x000000fe7e900000] [id=2936]
  0x0000023dbcbef000 ConcurrentGCThread "G1 Main Marker" [stack: 0x000000fe7d600000,0x000000fe7d700000] [id=13944]
  0x0000023dbcbf0000 ConcurrentGCThread "G1 Conc#0" [stack: 0x000000fe7d700000,0x000000fe7d800000] [id=5960]
  0x0000023dbcc61800 ConcurrentGCThread "G1 Refine#0" [stack: 0x000000fe7d800000,0x000000fe7d900000] [id=13184]
  0x0000023dbcc62800 ConcurrentGCThread "G1 Young RemSet Sampling" [stack: 0x000000fe7d900000,0x000000fe7da00000] [id=13832]

Threads with active compile tasks:
C2 CompilerThread0  17275 6710   !   4       jdk.internal.loader.Resource::getBytes (242 bytes)
C2 CompilerThread1  17275 6929       4       org.gradle.internal.reflect.PropertyAccessorType::of (95 bytes)

VM state:at safepoint (normal execution)

VM Mutex/Monitor currently owned by a thread:  ([mutex/lock_event])
[0x0000023dbcba0dc0] Threads_lock - owner thread: 0x0000023dd67b3800
[0x0000023dbcba1870] Heap_lock - owner thread: 0x0000023dda57b000

Heap address: 0x0000000080000000, size: 2048 MB, Compressed Oops mode: 32-bit
Narrow klass base: 0x0000000000000000, Narrow klass shift: 3
Compressed class space size: 1073741824 Address: 0x0000000100000000

Heap:
 garbage-first heap   total 172032K, used 56781K [0x0000000080000000, 0x0000000100000000)
  region size 1024K, 7 young (7168K), 7 survivors (7168K)
 Metaspace       used 70930K, capacity 72438K, committed 72640K, reserved 1112064K
  class space    used 9146K, capacity 9751K, committed 9836K, reserved 1048576K
Heap Regions: E=young(eden), S=young(survivor), O=old, HS=humongous(starts), HC=humongous(continues), CS=collection set, F=free, A=archive, TAMS=top-at-mark-start (previous, next)
|   0|0x0000000080000000, 0x0000000080100000, 0x0000000080100000|100%|HS|  |TAMS 0x0000000080100000, 0x0000000080000000| Complete 
|   1|0x0000000080100000, 0x0000000080200000, 0x0000000080200000|100%|HC|  |TAMS 0x0000000080200000, 0x0000000080100000| Complete 
|   2|0x0000000080200000, 0x0000000080300000, 0x0000000080300000|100%|HC|  |TAMS 0x0000000080300000, 0x0000000080200000| Complete 
|   3|0x0000000080300000, 0x0000000080400000, 0x0000000080400000|100%| O|  |TAMS 0x0000000080400000, 0x0000000080300000| Untracked 
|   4|0x0000000080400000, 0x0000000080500000, 0x0000000080500000|100%| O|  |TAMS 0x0000000080500000, 0x0000000080400000| Untracked 
|   5|0x0000000080500000, 0x0000000080600000, 0x0000000080600000|100%| O|  |TAMS 0x0000000080600000, 0x0000000080500000| Untracked 
|   6|0x0000000080600000, 0x0000000080700000, 0x0000000080700000|100%| O|  |TAMS 0x0000000080700000, 0x0000000080600000| Untracked 
|   7|0x0000000080700000, 0x0000000080800000, 0x0000000080800000|100%| O|  |TAMS 0x0000000080800000, 0x0000000080700000| Untracked 
|   8|0x0000000080800000, 0x0000000080900000, 0x0000000080900000|100%| O|  |TAMS 0x0000000080900000, 0x0000000080800000| Untracked 
|   9|0x0000000080900000, 0x0000000080a00000, 0x0000000080a00000|100%| O|  |TAMS 0x0000000080a00000, 0x0000000080900000| Untracked 
|  10|0x0000000080a00000, 0x0000000080b00000, 0x0000000080b00000|100%| O|  |TAMS 0x0000000080b00000, 0x0000000080a00000| Untracked 
|  11|0x0000000080b00000, 0x0000000080c00000, 0x0000000080c00000|100%| O|  |TAMS 0x0000000080c00000, 0x0000000080b00000| Untracked 
|  12|0x0000000080c00000, 0x0000000080d00000, 0x0000000080d00000|100%| O|  |TAMS 0x0000000080d00000, 0x0000000080c00000| Untracked 
|  13|0x0000000080d00000, 0x0000000080e00000, 0x0000000080e00000|100%| O|  |TAMS 0x0000000080e00000, 0x0000000080d00000| Untracked 
|  14|0x0000000080e00000, 0x0000000080f00000, 0x0000000080f00000|100%| O|  |TAMS 0x0000000080f00000, 0x0000000080e00000| Untracked 
|  15|0x0000000080f00000, 0x0000000081000000, 0x0000000081000000|100%| O|  |TAMS 0x0000000081000000, 0x0000000080f00000| Untracked 
|  16|0x0000000081000000, 0x0000000081100000, 0x0000000081100000|100%| O|  |TAMS 0x0000000081100000, 0x0000000081000000| Untracked 
|  17|0x0000000081100000, 0x0000000081200000, 0x0000000081200000|100%| O|  |TAMS 0x0000000081200000, 0x0000000081100000| Untracked 
|  18|0x0000000081200000, 0x0000000081300000, 0x0000000081300000|100%| O|  |TAMS 0x0000000081300000, 0x0000000081200000| Untracked 
|  19|0x0000000081300000, 0x0000000081400000, 0x0000000081400000|100%| O|  |TAMS 0x0000000081400000, 0x0000000081300000| Untracked 
|  20|0x0000000081400000, 0x0000000081500000, 0x0000000081500000|100%| O|  |TAMS 0x0000000081500000, 0x0000000081400000| Untracked 
|  21|0x0000000081500000, 0x0000000081600000, 0x0000000081600000|100%| O|  |TAMS 0x0000000081600000, 0x0000000081500000| Untracked 
|  22|0x0000000081600000, 0x0000000081700000, 0x0000000081700000|100%| O|  |TAMS 0x0000000081700000, 0x0000000081600000| Untracked 
|  23|0x0000000081700000, 0x0000000081800000, 0x0000000081800000|100%| O|  |TAMS 0x0000000081800000, 0x0000000081700000| Untracked 
|  24|0x0000000081800000, 0x0000000081900000, 0x0000000081900000|100%| O|  |TAMS 0x0000000081900000, 0x0000000081800000| Untracked 
|  25|0x0000000081900000, 0x0000000081a00000, 0x0000000081a00000|100%| O|  |TAMS 0x0000000081a00000, 0x0000000081900000| Untracked 
|  26|0x0000000081a00000, 0x0000000081b00000, 0x0000000081b00000|100%|HS|  |TAMS 0x0000000081b00000, 0x0000000081a00000| Complete 
|  27|0x0000000081b00000, 0x0000000081c00000, 0x0000000081c00000|100%|HS|  |TAMS 0x0000000081c00000, 0x0000000081b00000| Complete 
|  28|0x0000000081c00000, 0x0000000081d00000, 0x0000000081d00000|100%| O|  |TAMS 0x0000000081d00000, 0x0000000081c00000| Untracked 
|  29|0x0000000081d00000, 0x0000000081e00000, 0x0000000081e00000|100%|HS|  |TAMS 0x0000000081e00000, 0x0000000081d00000| Complete 
|  30|0x0000000081e00000, 0x0000000081f00000, 0x0000000081f00000|100%|HC|  |TAMS 0x0000000081f00000, 0x0000000081e00000| Complete 
|  31|0x0000000081f00000, 0x0000000082000000, 0x0000000082000000|100%| O|  |TAMS 0x0000000082000000, 0x0000000081f00000| Untracked 
|  32|0x0000000082000000, 0x0000000082100000, 0x0000000082100000|100%| O|  |TAMS 0x0000000082100000, 0x0000000082000000| Untracked 
|  33|0x0000000082100000, 0x0000000082200000, 0x0000000082200000|100%| O|  |TAMS 0x0000000082200000, 0x0000000082100000| Untracked 
|  34|0x0000000082200000, 0x0000000082300000, 0x0000000082300000|100%| O|  |TAMS 0x0000000082300000, 0x0000000082200000| Untracked 
|  35|0x0000000082300000, 0x0000000082400000, 0x0000000082400000|100%| O|  |TAMS 0x0000000082400000, 0x0000000082300000| Untracked 
|  36|0x0000000082400000, 0x0000000082500000, 0x0000000082500000|100%| O|  |TAMS 0x0000000082500000, 0x0000000082400000| Untracked 
|  37|0x0000000082500000, 0x0000000082600000, 0x0000000082600000|100%| O|  |TAMS 0x0000000082600000, 0x0000000082500000| Untracked 
|  38|0x0000000082600000, 0x0000000082700000, 0x0000000082700000|100%| O|  |TAMS 0x0000000082700000, 0x0000000082600000| Untracked 
|  39|0x0000000082700000, 0x0000000082800000, 0x0000000082800000|100%| O|  |TAMS 0x0000000082800000, 0x0000000082700000| Untracked 
|  40|0x0000000082800000, 0x0000000082900000, 0x0000000082900000|100%| O|  |TAMS 0x0000000082900000, 0x0000000082800000| Untracked 
|  41|0x0000000082900000, 0x0000000082a00000, 0x0000000082a00000|100%| O|  |TAMS 0x000000008298bc00, 0x0000000082900000| Untracked 
|  42|0x0000000082a00000, 0x0000000082a00000, 0x0000000082b00000|  0%| F|  |TAMS 0x0000000082a00000, 0x0000000082a00000| Untracked 
|  43|0x0000000082b00000, 0x0000000082c00000, 0x0000000082c00000|100%| O|  |TAMS 0x0000000082b00000, 0x0000000082b00000| Untracked 
|  44|0x0000000082c00000, 0x0000000082d00000, 0x0000000082d00000|100%| O|  |TAMS 0x0000000082c00000, 0x0000000082c00000| Untracked 
|  45|0x0000000082d00000, 0x0000000082e00000, 0x0000000082e00000|100%| O|  |TAMS 0x0000000082d00000, 0x0000000082d00000| Untracked 
|  46|0x0000000082e00000, 0x0000000082f00000, 0x0000000082f00000|100%| O|  |TAMS 0x0000000082e00000, 0x0000000082e00000| Untracked 
|  47|0x0000000082f00000, 0x0000000083000000, 0x0000000083000000|100%| O|  |TAMS 0x0000000082f00000, 0x0000000082f00000| Untracked 
|  48|0x0000000083000000, 0x0000000083100000, 0x0000000083100000|100%| O|  |TAMS 0x0000000083000000, 0x0000000083000000| Untracked 
|  49|0x0000000083100000, 0x0000000083173600, 0x0000000083200000| 45%| O|  |TAMS 0x0000000083100000, 0x0000000083100000| Untracked 
|  50|0x0000000083200000, 0x0000000083200000, 0x0000000083300000|  0%| F|  |TAMS 0x0000000083200000, 0x0000000083200000| Untracked 
|  51|0x0000000083300000, 0x0000000083300000, 0x0000000083400000|  0%| F|  |TAMS 0x0000000083300000, 0x0000000083300000| Untracked 
|  52|0x0000000083400000, 0x0000000083400000, 0x0000000083500000|  0%| F|  |TAMS 0x0000000083400000, 0x0000000083400000| Untracked 
|  53|0x0000000083500000, 0x0000000083500000, 0x0000000083600000|  0%| F|  |TAMS 0x0000000083500000, 0x0000000083500000| Untracked 
|  54|0x0000000083600000, 0x0000000083600000, 0x0000000083700000|  0%| F|  |TAMS 0x0000000083600000, 0x0000000083600000| Untracked 
|  55|0x0000000083700000, 0x0000000083700000, 0x0000000083800000|  0%| F|  |TAMS 0x0000000083700000, 0x0000000083700000| Untracked 
|  56|0x0000000083800000, 0x0000000083800000, 0x0000000083900000|  0%| F|  |TAMS 0x0000000083800000, 0x0000000083800000| Untracked 
|  57|0x0000000083900000, 0x0000000083900000, 0x0000000083a00000|  0%| F|  |TAMS 0x0000000083900000, 0x0000000083900000| Untracked 
|  58|0x0000000083a00000, 0x0000000083a00000, 0x0000000083b00000|  0%| F|  |TAMS 0x0000000083a00000, 0x0000000083a00000| Untracked 
|  59|0x0000000083b00000, 0x0000000083b00000, 0x0000000083c00000|  0%| F|  |TAMS 0x0000000083b00000, 0x0000000083b00000| Untracked 
|  60|0x0000000083c00000, 0x0000000083c00000, 0x0000000083d00000|  0%| F|  |TAMS 0x0000000083c00000, 0x0000000083c00000| Untracked 
|  61|0x0000000083d00000, 0x0000000083d00000, 0x0000000083e00000|  0%| F|  |TAMS 0x0000000083d00000, 0x0000000083d00000| Untracked 
|  62|0x0000000083e00000, 0x0000000083e00000, 0x0000000083f00000|  0%| F|  |TAMS 0x0000000083e00000, 0x0000000083e00000| Untracked 
|  63|0x0000000083f00000, 0x0000000083f00000, 0x0000000084000000|  0%| F|  |TAMS 0x0000000083f00000, 0x0000000083f00000| Untracked 
|  64|0x0000000084000000, 0x0000000084000000, 0x0000000084100000|  0%| F|  |TAMS 0x0000000084000000, 0x0000000084000000| Untracked 
|  65|0x0000000084100000, 0x0000000084100000, 0x0000000084200000|  0%| F|  |TAMS 0x0000000084100000, 0x0000000084100000| Untracked 
|  66|0x0000000084200000, 0x0000000084200000, 0x0000000084300000|  0%| F|  |TAMS 0x0000000084200000, 0x0000000084200000| Untracked 
|  67|0x0000000084300000, 0x0000000084300000, 0x0000000084400000|  0%| F|  |TAMS 0x0000000084300000, 0x0000000084300000| Untracked 
|  68|0x0000000084400000, 0x0000000084400000, 0x0000000084500000|  0%| F|  |TAMS 0x0000000084400000, 0x0000000084400000| Untracked 
|  69|0x0000000084500000, 0x0000000084500000, 0x0000000084600000|  0%| F|  |TAMS 0x0000000084500000, 0x0000000084500000| Untracked 
|  70|0x0000000084600000, 0x0000000084600000, 0x0000000084700000|  0%| F|  |TAMS 0x0000000084600000, 0x0000000084600000| Untracked 
|  71|0x0000000084700000, 0x0000000084700000, 0x0000000084800000|  0%| F|  |TAMS 0x0000000084700000, 0x0000000084700000| Untracked 
|  72|0x0000000084800000, 0x0000000084800000, 0x0000000084900000|  0%| F|  |TAMS 0x0000000084800000, 0x0000000084800000| Untracked 
|  73|0x0000000084900000, 0x0000000084900000, 0x0000000084a00000|  0%| F|  |TAMS 0x0000000084900000, 0x0000000084900000| Untracked 
|  74|0x0000000084a00000, 0x0000000084a00000, 0x0000000084b00000|  0%| F|  |TAMS 0x0000000084a00000, 0x0000000084a00000| Untracked 
|  75|0x0000000084b00000, 0x0000000084b00000, 0x0000000084c00000|  0%| F|  |TAMS 0x0000000084b00000, 0x0000000084b00000| Untracked 
|  76|0x0000000084c00000, 0x0000000084d00000, 0x0000000084d00000|100%| S|CS|TAMS 0x0000000084c00000, 0x0000000084c00000| Complete 
|  77|0x0000000084d00000, 0x0000000084e00000, 0x0000000084e00000|100%| S|CS|TAMS 0x0000000084d00000, 0x0000000084d00000| Complete 
|  78|0x0000000084e00000, 0x0000000084f00000, 0x0000000084f00000|100%| S|CS|TAMS 0x0000000084e00000, 0x0000000084e00000| Complete 
|  79|0x0000000084f00000, 0x0000000085000000, 0x0000000085000000|100%| S|CS|TAMS 0x0000000084f00000, 0x0000000084f00000| Complete 
|  80|0x0000000085000000, 0x0000000085100000, 0x0000000085100000|100%| S|CS|TAMS 0x0000000085000000, 0x0000000085000000| Complete 
|  81|0x0000000085100000, 0x0000000085200000, 0x0000000085200000|100%| S|CS|TAMS 0x0000000085100000, 0x0000000085100000| Complete 
|  82|0x0000000085200000, 0x0000000085200000, 0x0000000085300000|  0%| F|  |TAMS 0x0000000085200000, 0x0000000085200000| Untracked 
|  83|0x0000000085300000, 0x0000000085300000, 0x0000000085400000|  0%| F|  |TAMS 0x0000000085300000, 0x0000000085300000| Untracked 
|  84|0x0000000085400000, 0x0000000085400000, 0x0000000085500000|  0%| F|  |TAMS 0x0000000085400000, 0x0000000085400000| Untracked 
|  85|0x0000000085500000, 0x0000000085500000, 0x0000000085600000|  0%| F|  |TAMS 0x0000000085500000, 0x0000000085500000| Untracked 
|  86|0x0000000085600000, 0x0000000085700000, 0x0000000085700000|100%| S|CS|TAMS 0x0000000085600000, 0x0000000085600000| Complete 
|  87|0x0000000085700000, 0x0000000085700000, 0x0000000085800000|  0%| F|  |TAMS 0x0000000085700000, 0x0000000085700000| Untracked 
|  88|0x0000000085800000, 0x0000000085800000, 0x0000000085900000|  0%| F|  |TAMS 0x0000000085800000, 0x0000000085800000| Untracked 
|  89|0x0000000085900000, 0x0000000085900000, 0x0000000085a00000|  0%| F|  |TAMS 0x0000000085900000, 0x0000000085900000| Untracked 
|  90|0x0000000085a00000, 0x0000000085a00000, 0x0000000085b00000|  0%| F|  |TAMS 0x0000000085a00000, 0x0000000085a00000| Untracked 
|  91|0x0000000085b00000, 0x0000000085b00000, 0x0000000085c00000|  0%| F|  |TAMS 0x0000000085b00000, 0x0000000085b00000| Untracked 
|  92|0x0000000085c00000, 0x0000000085c00000, 0x0000000085d00000|  0%| F|  |TAMS 0x0000000085c00000, 0x0000000085c00000| Untracked 
|  93|0x0000000085d00000, 0x0000000085d00000, 0x0000000085e00000|  0%| F|  |TAMS 0x0000000085d00000, 0x0000000085d00000| Untracked 
|  94|0x0000000085e00000, 0x0000000085e00000, 0x0000000085f00000|  0%| F|  |TAMS 0x0000000085e00000, 0x0000000085e00000| Untracked 
|  95|0x0000000085f00000, 0x0000000085f00000, 0x0000000086000000|  0%| F|  |TAMS 0x0000000085f00000, 0x0000000085f00000| Untracked 
|  96|0x0000000086000000, 0x0000000086000000, 0x0000000086100000|  0%| F|  |TAMS 0x0000000086000000, 0x0000000086000000| Untracked 
|  97|0x0000000086100000, 0x0000000086100000, 0x0000000086200000|  0%| F|  |TAMS 0x0000000086100000, 0x0000000086100000| Untracked 
|  98|0x0000000086200000, 0x0000000086200000, 0x0000000086300000|  0%| F|  |TAMS 0x0000000086200000, 0x0000000086200000| Untracked 
|  99|0x0000000086300000, 0x0000000086300000, 0x0000000086400000|  0%| F|  |TAMS 0x0000000086300000, 0x0000000086300000| Untracked 
| 100|0x0000000086400000, 0x0000000086400000, 0x0000000086500000|  0%| F|  |TAMS 0x0000000086400000, 0x0000000086400000| Untracked 
| 101|0x0000000086500000, 0x0000000086500000, 0x0000000086600000|  0%| F|  |TAMS 0x0000000086500000, 0x0000000086500000| Untracked 
| 102|0x0000000086600000, 0x0000000086600000, 0x0000000086700000|  0%| F|  |TAMS 0x0000000086600000, 0x0000000086600000| Untracked 
| 103|0x0000000086700000, 0x0000000086700000, 0x0000000086800000|  0%| F|  |TAMS 0x0000000086700000, 0x0000000086700000| Untracked 
| 104|0x0000000086800000, 0x0000000086800000, 0x0000000086900000|  0%| F|  |TAMS 0x0000000086800000, 0x0000000086800000| Untracked 
| 105|0x0000000086900000, 0x0000000086900000, 0x0000000086a00000|  0%| F|  |TAMS 0x0000000086900000, 0x0000000086900000| Untracked 
| 106|0x0000000086a00000, 0x0000000086a00000, 0x0000000086b00000|  0%| F|  |TAMS 0x0000000086a00000, 0x0000000086a00000| Untracked 
| 107|0x0000000086b00000, 0x0000000086b00000, 0x0000000086c00000|  0%| F|  |TAMS 0x0000000086b00000, 0x0000000086b00000| Untracked 
| 108|0x0000000086c00000, 0x0000000086c00000, 0x0000000086d00000|  0%| F|  |TAMS 0x0000000086c00000, 0x0000000086c00000| Untracked 
| 109|0x0000000086d00000, 0x0000000086d00000, 0x0000000086e00000|  0%| F|  |TAMS 0x0000000086d00000, 0x0000000086d00000| Untracked 
| 110|0x0000000086e00000, 0x0000000086e00000, 0x0000000086f00000|  0%| F|  |TAMS 0x0000000086e00000, 0x0000000086e00000| Untracked 
| 111|0x0000000086f00000, 0x0000000086f00000, 0x0000000087000000|  0%| F|  |TAMS 0x0000000086f00000, 0x0000000086f00000| Untracked 
| 112|0x0000000087000000, 0x0000000087000000, 0x0000000087100000|  0%| F|  |TAMS 0x0000000087000000, 0x0000000087000000| Untracked 
| 113|0x0000000087100000, 0x0000000087100000, 0x0000000087200000|  0%| F|  |TAMS 0x0000000087100000, 0x0000000087100000| Untracked 
| 114|0x0000000087200000, 0x0000000087200000, 0x0000000087300000|  0%| F|  |TAMS 0x0000000087200000, 0x0000000087200000| Untracked 
| 115|0x0000000087300000, 0x0000000087300000, 0x0000000087400000|  0%| F|  |TAMS 0x0000000087300000, 0x0000000087300000| Untracked 
| 116|0x0000000087400000, 0x0000000087400000, 0x0000000087500000|  0%| F|  |TAMS 0x0000000087400000, 0x0000000087400000| Untracked 
| 117|0x0000000087500000, 0x0000000087500000, 0x0000000087600000|  0%| F|  |TAMS 0x0000000087500000, 0x0000000087500000| Untracked 
| 118|0x0000000087600000, 0x0000000087600000, 0x0000000087700000|  0%| F|  |TAMS 0x0000000087600000, 0x0000000087600000| Untracked 
| 119|0x0000000087700000, 0x0000000087700000, 0x0000000087800000|  0%| F|  |TAMS 0x0000000087700000, 0x0000000087700000| Untracked 
| 120|0x0000000087800000, 0x0000000087800000, 0x0000000087900000|  0%| F|  |TAMS 0x0000000087800000, 0x0000000087800000| Untracked 
| 121|0x0000000087900000, 0x0000000087900000, 0x0000000087a00000|  0%| F|  |TAMS 0x0000000087900000, 0x0000000087900000| Untracked 
| 122|0x0000000087a00000, 0x0000000087a00000, 0x0000000087b00000|  0%| F|  |TAMS 0x0000000087a00000, 0x0000000087a00000| Untracked 
| 123|0x0000000087b00000, 0x0000000087b00000, 0x0000000087c00000|  0%| F|  |TAMS 0x0000000087b00000, 0x0000000087b00000| Untracked 
| 124|0x0000000087c00000, 0x0000000087c00000, 0x0000000087d00000|  0%| F|  |TAMS 0x0000000087c00000, 0x0000000087c00000| Untracked 
| 125|0x0000000087d00000, 0x0000000087d00000, 0x0000000087e00000|  0%| F|  |TAMS 0x0000000087d00000, 0x0000000087d00000| Untracked 
| 126|0x0000000087e00000, 0x0000000087e00000, 0x0000000087f00000|  0%| F|  |TAMS 0x0000000087e00000, 0x0000000087e00000| Untracked 
| 127|0x0000000087f00000, 0x0000000087f00000, 0x0000000088000000|  0%| F|  |TAMS 0x0000000087f00000, 0x0000000087f00000| Untracked 
| 128|0x0000000088000000, 0x0000000088000000, 0x0000000088100000|  0%| F|  |TAMS 0x0000000088000000, 0x0000000088000000| Untracked 
| 129|0x0000000088100000, 0x0000000088100000, 0x0000000088200000|  0%| F|  |TAMS 0x0000000088100000, 0x0000000088100000| Untracked 
| 130|0x0000000088200000, 0x0000000088200000, 0x0000000088300000|  0%| F|  |TAMS 0x0000000088200000, 0x0000000088200000| Untracked 
| 131|0x0000000088300000, 0x0000000088300000, 0x0000000088400000|  0%| F|  |TAMS 0x0000000088300000, 0x0000000088300000| Untracked 
| 132|0x0000000088400000, 0x0000000088400000, 0x0000000088500000|  0%| F|  |TAMS 0x0000000088400000, 0x0000000088400000| Untracked 
| 133|0x0000000088500000, 0x0000000088500000, 0x0000000088600000|  0%| F|  |TAMS 0x0000000088500000, 0x0000000088500000| Untracked 
| 134|0x0000000088600000, 0x0000000088600000, 0x0000000088700000|  0%| F|  |TAMS 0x0000000088600000, 0x0000000088600000| Untracked 
| 135|0x0000000088700000, 0x0000000088700000, 0x0000000088800000|  0%| F|  |TAMS 0x0000000088700000, 0x0000000088700000| Untracked 
| 136|0x0000000088800000, 0x0000000088800000, 0x0000000088900000|  0%| F|  |TAMS 0x0000000088800000, 0x0000000088800000| Untracked 
| 137|0x0000000088900000, 0x0000000088900000, 0x0000000088a00000|  0%| F|  |TAMS 0x0000000088900000, 0x0000000088900000| Untracked 
| 138|0x0000000088a00000, 0x0000000088a00000, 0x0000000088b00000|  0%| F|  |TAMS 0x0000000088a00000, 0x0000000088a00000| Untracked 
| 139|0x0000000088b00000, 0x0000000088b00000, 0x0000000088c00000|  0%| F|  |TAMS 0x0000000088b00000, 0x0000000088b00000| Untracked 

Card table byte_map: [0x0000023dcfac0000,0x0000023dcfec0000] _byte_map_base: 0x0000023dcf6c0000

Marking Bits (Prev, Next): (CMBitMap*) 0x0000023dbcbe60c8, (CMBitMap*) 0x0000023dbcbe6100
 Prev Bits: [0x0000023dd02c0000, 0x0000023dd22c0000)
 Next Bits: [0x0000023dd22c0000, 0x0000023dd42c0000)

Polling page: 0x0000023dba940000

Metaspace:

Usage:
  Non-class:     61.22 MB capacity,    60.34 MB ( 99%) used,   733.44 KB (  1%) free+waste,   170.19 KB ( <1%) overhead. 
      Class:      9.52 MB capacity,     8.93 MB ( 94%) used,   525.23 KB (  5%) free+waste,    78.81 KB ( <1%) overhead. 
       Both:     70.74 MB capacity,    69.27 MB ( 98%) used,     1.23 MB (  2%) free+waste,   249.00 KB ( <1%) overhead. 

Virtual space:
  Non-class space:       62.00 MB reserved,      61.33 MB ( 99%) committed 
      Class space:        1.00 GB reserved,       9.61 MB ( <1%) committed 
             Both:        1.06 GB reserved,      70.94 MB (  7%) committed 

Chunk freelists:
   Non-Class:  53.00 KB
       Class:  9.00 KB
        Both:  62.00 KB

MaxMetaspaceSize: 17179869184.00 GB
CompressedClassSpaceSize: 1.00 GB
Initial GC threshold: 20.80 MB
Current GC threshold: 106.15 MB
CDS: off

CodeHeap 'non-profiled nmethods': size=120064Kb used=3958Kb max_used=3958Kb free=116105Kb
 bounds [0x0000023dc8180000, 0x0000023dc8560000, 0x0000023dcf6c0000]
CodeHeap 'profiled nmethods': size=120000Kb used=15010Kb max_used=15010Kb free=104989Kb
 bounds [0x0000023dc0c50000, 0x0000023dc1b00000, 0x0000023dc8180000]
CodeHeap 'non-nmethods': size=5696Kb used=2350Kb max_used=2402Kb free=3346Kb
 bounds [0x0000023dc06c0000, 0x0000023dc0930000, 0x0000023dc0c50000]
 total_blobs=7723 nmethods=6858 adapters=777
 compilation: enabled
              stopped_count=0, restarted_count=0
 full_count=0

Compilation events (20 events):
Event: 17.194 Thread 0x0000023dd711f000 6921       3       sun.reflect.generics.parser.SignatureParser::parseSuperInterfaces (51 bytes)
Event: 17.195 Thread 0x0000023dd711f000 nmethod 6921 0x0000023dc1af6d10 code [0x0000023dc1af6f80, 0x0000023dc1af7938]
Event: 17.195 Thread 0x0000023dd711f000 6922       3       sun.reflect.generics.tree.ClassSignature::make (11 bytes)
Event: 17.196 Thread 0x0000023dd711f000 nmethod 6922 0x0000023dc1af7d10 code [0x0000023dc1af7ee0, 0x0000023dc1af81f8]
Event: 17.196 Thread 0x0000023dd711f000 6923       3       sun.reflect.generics.tree.ClassSignature::<init> (20 bytes)
Event: 17.196 Thread 0x0000023dd711f000 nmethod 6923 0x0000023dc1af8310 code [0x0000023dc1af84c0, 0x0000023dc1af8738]
Event: 17.198 Thread 0x0000023dd84e4000 nmethod 6887 0x0000023dc855bf90 code [0x0000023dc855c160, 0x0000023dc855c3e8]
Event: 17.200 Thread 0x0000023dd84e4000 6924       4       org.objectweb.asm.MethodWriter::visitMaxs (60 bytes)
Event: 17.202 Thread 0x0000023dd84e4000 nmethod 6924 0x0000023dc855c610 code [0x0000023dc855c7c0, 0x0000023dc855c8a8]
Event: 17.202 Thread 0x0000023dd84e4000 6925       4       org.gradle.internal.instantiation.generator.AbstractClassGenerator$PropertyMetadata::getType (34 bytes)
Event: 17.207 Thread 0x0000023dd84e4000 nmethod 6925 0x0000023dc855c990 code [0x0000023dc855cb40, 0x0000023dc855cd98]
Event: 17.207 Thread 0x0000023dd84e4000 6926       4       java.lang.reflect.Constructor::getParameterTypes (11 bytes)
Event: 17.208 Thread 0x0000023dd84e4000 nmethod 6926 0x0000023dc855d010 code [0x0000023dc855d1a0, 0x0000023dc855d2d8]
Event: 17.209 Thread 0x0000023dd84e4000 6927       4       sun.reflect.generics.tree.ClassTypeSignature::accept (8 bytes)
Event: 17.210 Thread 0x0000023dd84e4000 nmethod 6927 0x0000023dc855d410 code [0x0000023dc855d5c0, 0x0000023dc855d688]
Event: 17.215 Thread 0x0000023dd84e4000 6928       4       java.lang.CharacterDataLatin1::isOtherUppercase (18 bytes)
Event: 17.216 Thread 0x0000023dd84e4000 nmethod 6928 0x0000023dc855d790 code [0x0000023dc855d920, 0x0000023dc855d9b8]
Event: 17.216 Thread 0x0000023dd84e4000 6929       4       org.gradle.internal.reflect.PropertyAccessorType::of (95 bytes)
Event: 17.219 Thread 0x0000023dd711f000 6930       3       org.gradle.internal.instantiation.generator.AbstractClassGenerator::access$1600 (6 bytes)
Event: 17.219 Thread 0x0000023dd711f000 nmethod 6930 0x0000023dc1af8810 code [0x0000023dc1af89c0, 0x0000023dc1af8ac8]

GC Heap History (20 events):
Event: 5.865 GC heap after
{Heap after GC invocations=8 (full 0):
 garbage-first heap   total 98304K, used 18629K [0x0000000080000000, 0x0000000100000000)
  region size 1024K, 3 young (3072K), 3 survivors (3072K)
 Metaspace       used 24283K, capacity 24895K, committed 25084K, reserved 1071104K
  class space    used 3090K, capacity 3287K, committed 3404K, reserved 1048576K
}
Event: 6.695 GC heap before
{Heap before GC invocations=8 (full 0):
 garbage-first heap   total 98304K, used 57541K [0x0000000080000000, 0x0000000100000000)
  region size 1024K, 41 young (41984K), 3 survivors (3072K)
 Metaspace       used 28302K, capacity 28958K, committed 29308K, reserved 1075200K
  class space    used 3696K, capacity 3945K, committed 4044K, reserved 1048576K
}
Event: 6.705 GC heap after
{Heap after GC invocations=9 (full 0):
 garbage-first heap   total 118784K, used 20176K [0x0000000080000000, 0x0000000100000000)
  region size 1024K, 5 young (5120K), 5 survivors (5120K)
 Metaspace       used 28302K, capacity 28958K, committed 29308K, reserved 1075200K
  class space    used 3696K, capacity 3945K, committed 4044K, reserved 1048576K
}
Event: 7.730 GC heap before
{Heap before GC invocations=9 (full 0):
 garbage-first heap   total 118784K, used 59088K [0x0000000080000000, 0x0000000100000000)
  region size 1024K, 44 young (45056K), 5 survivors (5120K)
 Metaspace       used 35188K, capacity 35959K, committed 36048K, reserved 1081344K
  class space    used 4519K, capacity 4835K, committed 4896K, reserved 1048576K
}
Event: 7.747 GC heap after
{Heap after GC invocations=10 (full 0):
 garbage-first heap   total 118784K, used 23241K [0x0000000080000000, 0x0000000100000000)
  region size 1024K, 6 young (6144K), 6 survivors (6144K)
 Metaspace       used 35188K, capacity 35959K, committed 36048K, reserved 1081344K
  class space    used 4519K, capacity 4835K, committed 4896K, reserved 1048576K
}
Event: 8.791 GC heap before
{Heap before GC invocations=11 (full 0):
 garbage-first heap   total 118784K, used 72393K [0x0000000080000000, 0x0000000100000000)
  region size 1024K, 52 young (53248K), 6 survivors (6144K)
 Metaspace       used 39286K, capacity 40134K, committed 40272K, reserved 1085440K
  class space    used 4949K, capacity 5262K, committed 5280K, reserved 1048576K
}
Event: 8.813 GC heap after
{Heap after GC invocations=12 (full 0):
 garbage-first heap   total 118784K, used 27069K [0x0000000080000000, 0x0000000100000000)
  region size 1024K, 7 young (7168K), 7 survivors (7168K)
 Metaspace       used 39286K, capacity 40134K, committed 40272K, reserved 1085440K
  class space    used 4949K, capacity 5262K, committed 5280K, reserved 1048576K
}
Event: 9.741 GC heap before
{Heap before GC invocations=12 (full 0):
 garbage-first heap   total 118784K, used 76221K [0x0000000080000000, 0x0000000100000000)
  region size 1024K, 55 young (56320K), 7 survivors (7168K)
 Metaspace       used 43018K, capacity 43943K, committed 44240K, reserved 1087488K
  class space    used 5474K, capacity 5840K, committed 5920K, reserved 1048576K
}
Event: 9.760 GC heap after
{Heap after GC invocations=13 (full 0):
 garbage-first heap   total 118784K, used 29310K [0x0000000080000000, 0x0000000100000000)
  region size 1024K, 3 young (3072K), 3 survivors (3072K)
 Metaspace       used 43018K, capacity 43943K, committed 44240K, reserved 1087488K
  class space    used 5474K, capacity 5840K, committed 5920K, reserved 1048576K
}
Event: 10.604 GC heap before
{Heap before GC invocations=13 (full 0):
 garbage-first heap   total 118784K, used 81534K [0x0000000080000000, 0x0000000100000000)
  region size 1024K, 54 young (55296K), 3 survivors (3072K)
 Metaspace       used 47467K, capacity 48550K, committed 48720K, reserved 1091584K
  class space    used 6041K, capacity 6462K, committed 6560K, reserved 1048576K
}
Event: 10.614 GC heap after
{Heap after GC invocations=14 (full 0):
 garbage-first heap   total 143360K, used 30413K [0x0000000080000000, 0x0000000100000000)
  region size 1024K, 4 young (4096K), 4 survivors (4096K)
 Metaspace       used 47467K, capacity 48550K, committed 48720K, reserved 1091584K
  class space    used 6041K, capacity 6462K, committed 6560K, reserved 1048576K
}
Event: 12.416 GC heap before
{Heap before GC invocations=14 (full 0):
 garbage-first heap   total 143360K, used 106189K [0x0000000080000000, 0x0000000100000000)
  region size 1024K, 74 young (75776K), 4 survivors (4096K)
 Metaspace       used 52282K, capacity 53512K, committed 53712K, reserved 1095680K
  class space    used 6590K, capacity 7076K, committed 7200K, reserved 1048576K
}
Event: 12.434 GC heap after
{Heap after GC invocations=15 (full 0):
 garbage-first heap   total 143360K, used 42450K [0x0000000080000000, 0x0000000100000000)
  region size 1024K, 10 young (10240K), 10 survivors (10240K)
 Metaspace       used 52282K, capacity 53512K, committed 53712K, reserved 1095680K
  class space    used 6590K, capacity 7076K, committed 7200K, reserved 1048576K
}
Event: 13.687 GC heap before
{Heap before GC invocations=15 (full 0):
 garbage-first heap   total 143360K, used 88530K [0x0000000080000000, 0x0000000100000000)
  region size 1024K, 56 young (57344K), 10 survivors (10240K)
 Metaspace       used 58965K, capacity 60328K, committed 60496K, reserved 1101824K
  class space    used 7439K, capacity 7980K, committed 8096K, reserved 1048576K
}
Event: 13.713 GC heap after
{Heap after GC invocations=16 (full 0):
 garbage-first heap   total 143360K, used 44872K [0x0000000080000000, 0x0000000100000000)
  region size 1024K, 3 young (3072K), 3 survivors (3072K)
 Metaspace       used 58965K, capacity 60328K, committed 60496K, reserved 1101824K
  class space    used 7439K, capacity 7980K, committed 8096K, reserved 1048576K
}
Event: 14.930 GC heap before
{Heap before GC invocations=17 (full 0):
 garbage-first heap   total 143360K, used 107336K [0x0000000080000000, 0x0000000100000000)
  region size 1024K, 58 young (59392K), 3 survivors (3072K)
 Metaspace       used 63129K, capacity 64581K, committed 64704K, reserved 1105920K
  class space    used 7934K, capacity 8472K, committed 8556K, reserved 1048576K
}
Event: 14.946 GC heap after
{Heap after GC invocations=18 (full 0):
 garbage-first heap   total 143360K, used 49711K [0x0000000080000000, 0x0000000100000000)
  region size 1024K, 7 young (7168K), 7 survivors (7168K)
 Metaspace       used 63129K, capacity 64581K, committed 64704K, reserved 1105920K
  class space    used 7934K, capacity 8472K, committed 8556K, reserved 1048576K
}
Event: 15.950 GC heap before
{Heap before GC invocations=19 (full 0):
 garbage-first heap   total 143360K, used 106031K [0x0000000080000000, 0x0000000100000000)
  region size 1024K, 61 young (62464K), 7 survivors (7168K)
 Metaspace       used 65225K, capacity 66767K, committed 67136K, reserved 1107968K
  class space    used 8234K, capacity 8809K, committed 8940K, reserved 1048576K
}
Event: 15.973 GC heap after
{Heap after GC invocations=20 (full 0):
 garbage-first heap   total 143360K, used 52975K [0x0000000080000000, 0x0000000100000000)
  region size 1024K, 4 young (4096K), 4 survivors (4096K)
 Metaspace       used 65225K, capacity 66767K, committed 67136K, reserved 1107968K
  class space    used 8234K, capacity 8809K, committed 8940K, reserved 1048576K
}
Event: 17.229 GC heap before
{Heap before GC invocations=20 (full 0):
 garbage-first heap   total 143360K, used 107247K [0x0000000080000000, 0x0000000100000000)
  region size 1024K, 57 young (58368K), 4 survivors (4096K)
 Metaspace       used 70930K, capacity 72438K, committed 72640K, reserved 1112064K
  class space    used 9146K, capacity 9751K, committed 9836K, reserved 1048576K
}

Deoptimization events (20 events):
Event: 17.016 Thread 0x0000023dda57b000 Uncommon trap: trap_request=0xffffffc6 fr.pc=0x0000023dc8411f88 relative=0x0000000000000348
Event: 17.016 Thread 0x0000023dda57b000 Uncommon trap: reason=bimorphic_or_optimized_type_check action=maybe_recompile pc=0x0000023dc8411f88 method=com.google.common.collect.RegularImmutableSet.contains(Ljava/lang/Object;)Z @ 42 c2
Event: 17.016 Thread 0x0000023dda57b000 DEOPT PACKING pc=0x0000023dc8411f88 sp=0x000000fe7eef9070
Event: 17.016 Thread 0x0000023dda57b000 DEOPT UNPACKING pc=0x0000023dc070a1af sp=0x000000fe7eef9010 mode 2
Event: 17.025 Thread 0x0000023dda57b000 Uncommon trap: trap_request=0xffffffc6 fr.pc=0x0000023dc8411f88 relative=0x0000000000000348
Event: 17.026 Thread 0x0000023dda57b000 Uncommon trap: reason=bimorphic_or_optimized_type_check action=maybe_recompile pc=0x0000023dc8411f88 method=com.google.common.collect.RegularImmutableSet.contains(Ljava/lang/Object;)Z @ 42 c2
Event: 17.026 Thread 0x0000023dda57b000 DEOPT PACKING pc=0x0000023dc8411f88 sp=0x000000fe7eef9210
Event: 17.026 Thread 0x0000023dda57b000 DEOPT UNPACKING pc=0x0000023dc070a1af sp=0x000000fe7eef91b0 mode 2
Event: 17.055 Thread 0x0000023dda57b000 Uncommon trap: trap_request=0xffffffdc fr.pc=0x0000023dc8553ae0 relative=0x00000000000002a0
Event: 17.055 Thread 0x0000023dda57b000 Uncommon trap: reason=class_check action=make_not_entrant pc=0x0000023dc8553ae0 method=java.util.ArrayList.toArray([Ljava/lang/Object;)[Ljava/lang/Object; @ 21 c2
Event: 17.056 Thread 0x0000023dda57b000 DEOPT PACKING pc=0x0000023dc8553ae0 sp=0x000000fe7eef8a50
Event: 17.056 Thread 0x0000023dda57b000 DEOPT UNPACKING pc=0x0000023dc070a1af sp=0x000000fe7eef8a20 mode 2
Event: 17.154 Thread 0x0000023dda57b000 Uncommon trap: trap_request=0xffffffde fr.pc=0x0000023dc848026c relative=0x0000000000000ecc
Event: 17.154 Thread 0x0000023dda57b000 Uncommon trap: reason=class_check action=maybe_recompile pc=0x0000023dc848026c method=org.gradle.internal.instantiation.generator.AbstractClassGenerator$InjectionAnnotationValidator.validateMethod(Ljava/lang/reflect/Method;Lorg/gradle/internal/reflect/Pro
Event: 17.154 Thread 0x0000023dda57b000 DEOPT PACKING pc=0x0000023dc848026c sp=0x000000fe7eef8700
Event: 17.154 Thread 0x0000023dda57b000 DEOPT UNPACKING pc=0x0000023dc070a1af sp=0x000000fe7eef86b8 mode 2
Event: 17.189 Thread 0x0000023dda57b000 Uncommon trap: trap_request=0xffffffde fr.pc=0x0000023dc848026c relative=0x0000000000000ecc
Event: 17.189 Thread 0x0000023dda57b000 Uncommon trap: reason=class_check action=maybe_recompile pc=0x0000023dc848026c method=org.gradle.internal.instantiation.generator.AbstractClassGenerator$InjectionAnnotationValidator.validateMethod(Ljava/lang/reflect/Method;Lorg/gradle/internal/reflect/Pro
Event: 17.189 Thread 0x0000023dda57b000 DEOPT PACKING pc=0x0000023dc848026c sp=0x000000fe7eef8780
Event: 17.189 Thread 0x0000023dda57b000 DEOPT UNPACKING pc=0x0000023dc070a1af sp=0x000000fe7eef8738 mode 2

Classes redefined (0 events):
No events

Internal exceptions (20 events):
Event: 15.989 Thread 0x0000023dda57b000 Exception <a 'java/lang/ClassNotFoundException'{0x0000000088a446b8}: com/android/builder/core/AbstractBuildTypeCustomizer> (0x0000000088a446b8) thrown at [./src/hotspot/share/classfile/systemDictionary.cpp, line 231]
Event: 15.992 Thread 0x0000023dda57b000 Exception <a 'java/lang/ClassNotFoundException'{0x0000000088a7ded0}: com/android/build/gradle/internal/dsl/BuildTypeCustomizer> (0x0000000088a7ded0) thrown at [./src/hotspot/share/classfile/systemDictionary.cpp, line 231]
Event: 15.997 Thread 0x0000023dda57b000 Exception <a 'java/lang/ClassNotFoundException'{0x0000000088914810}: com/android/build/gradle/internal/dsl/BuildType$AgpDecoratedCustomizer> (0x0000000088914810) thrown at [./src/hotspot/share/classfile/systemDictionary.cpp, line 231]
Event: 16.000 Thread 0x0000023dda57b000 Exception <a 'java/lang/ClassNotFoundException'{0x0000000088975f18}: com/android/build/gradle/internal/dsl/BuildType$AgpDecorated_DecoratedCustomizer> (0x0000000088975f18) thrown at [./src/hotspot/share/classfile/systemDictionary.cpp, line 231]
Event: 16.011 Thread 0x0000023dda57b000 Exception <a 'java/lang/ClassNotFoundException'{0x00000000888507c0}: build_8qtxawlcfth69o0kr6mgf0lk0$_run_closure1$_closure4BeanInfo> (0x00000000888507c0) thrown at [./src/hotspot/share/classfile/systemDictionary.cpp, line 231]
Event: 16.012 Thread 0x0000023dda57b000 Exception <a 'java/lang/ClassNotFoundException'{0x0000000088862e58}: build_8qtxawlcfth69o0kr6mgf0lk0$_run_closure1$_closure4Customizer> (0x0000000088862e58) thrown at [./src/hotspot/share/classfile/systemDictionary.cpp, line 231]
Event: 16.016 Thread 0x0000023dda57b000 Exception <a 'java/lang/ClassNotFoundException'{0x000000008888e300}: build_8qtxawlcfth69o0kr6mgf0lk0$_run_closure1BeanInfo> (0x000000008888e300) thrown at [./src/hotspot/share/classfile/systemDictionary.cpp, line 231]
Event: 16.016 Thread 0x0000023dda57b000 Exception <a 'java/lang/ClassNotFoundException'{0x00000000888a0160}: build_8qtxawlcfth69o0kr6mgf0lk0$_run_closure1Customizer> (0x00000000888a0160) thrown at [./src/hotspot/share/classfile/systemDictionary.cpp, line 231]
Event: 16.024 Thread 0x0000023dda57b000 Exception <a 'java/lang/ClassNotFoundException'{0x0000000088705200}: org/gradle/api/JavaVersionBeanInfo> (0x0000000088705200) thrown at [./src/hotspot/share/classfile/systemDictionary.cpp, line 231]
Event: 16.025 Thread 0x0000023dda57b000 Exception <a 'java/lang/ClassNotFoundException'{0x0000000088734080}: org/gradle/api/JavaVersionCustomizer> (0x0000000088734080) thrown at [./src/hotspot/share/classfile/systemDictionary.cpp, line 231]
Event: 16.031 Thread 0x0000023dda57b000 Exception <a 'java/lang/ClassNotFoundException'{0x000000008879f108}: com/android/build/gradle/internal/CompileOptions$AgpDecorated_DecoratedBeanInfo> (0x000000008879f108) thrown at [./src/hotspot/share/classfile/systemDictionary.cpp, line 231]
Event: 16.032 Thread 0x0000023dda57b000 Exception <a 'java/lang/ClassNotFoundException'{0x00000000887bd740}: com/android/build/gradle/internal/CompileOptions$AgpDecoratedBeanInfo> (0x00000000887bd740) thrown at [./src/hotspot/share/classfile/systemDictionary.cpp, line 231]
Event: 16.033 Thread 0x0000023dda57b000 Exception <a 'java/lang/ClassNotFoundException'{0x00000000887d9780}: com/android/build/gradle/internal/CompileOptionsBeanInfo> (0x00000000887d9780) thrown at [./src/hotspot/share/classfile/systemDictionary.cpp, line 231]
Event: 16.034 Thread 0x0000023dda57b000 Exception <a 'java/lang/ClassNotFoundException'{0x00000000887f6240}: com/android/build/gradle/internal/CompileOptionsCustomizer> (0x00000000887f6240) thrown at [./src/hotspot/share/classfile/systemDictionary.cpp, line 231]
Event: 16.035 Thread 0x0000023dda57b000 Exception <a 'java/lang/ClassNotFoundException'{0x0000000088621140}: com/android/build/gradle/internal/CompileOptions$AgpDecoratedCustomizer> (0x0000000088621140) thrown at [./src/hotspot/share/classfile/systemDictionary.cpp, line 231]
Event: 16.037 Thread 0x0000023dda57b000 Exception <a 'java/lang/ClassNotFoundException'{0x000000008864e768}: com/android/build/gradle/internal/CompileOptions$AgpDecorated_DecoratedCustomizer> (0x000000008864e768) thrown at [./src/hotspot/share/classfile/systemDictionary.cpp, line 231]
Event: 16.063 Thread 0x0000023dda57b000 Exception <a 'java/lang/ClassNotFoundException'{0x000000008858b600}: org/gradle/api/internal/artifacts/dsl/dependencies/DefaultDependencyHandler_DecoratedBeanInfo> (0x000000008858b600) thrown at [./src/hotspot/share/classfile/systemDictionary.cpp, line 231]
Event: 16.065 Thread 0x0000023dda57b000 Exception <a 'java/lang/ClassNotFoundException'{0x00000000885dbbc0}: org/gradle/api/internal/artifacts/dsl/dependencies/DefaultDependencyHandlerBeanInfo> (0x00000000885dbbc0) thrown at [./src/hotspot/share/classfile/systemDictionary.cpp, line 231]
Event: 16.067 Thread 0x0000023dda57b000 Exception <a 'java/lang/ClassNotFoundException'{0x000000008842c8f8}: org/gradle/api/internal/artifacts/dsl/dependencies/DefaultDependencyHandlerCustomizer> (0x000000008842c8f8) thrown at [./src/hotspot/share/classfile/systemDictionary.cpp, line 231]
Event: 16.071 Thread 0x0000023dda57b000 Exception <a 'java/lang/ClassNotFoundException'{0x00000000884a7568}: org/gradle/api/internal/artifacts/dsl/dependencies/DefaultDependencyHandler_DecoratedCustomizer> (0x00000000884a7568) thrown at [./src/hotspot/share/classfile/systemDictionary.cpp, line 231]

Events (20 events):
Event: 17.208 loading class com/android/build/gradle/internal/dependency/AgpVersionCompatibilityRule done
Event: 17.209 loading class com/android/build/gradle/internal/ApiObjectFactory
Event: 17.209 loading class com/android/build/gradle/internal/ApiObjectFactory done
Event: 17.209 loading class com/android/build/gradle/internal/api/BaseVariantImpl
Event: 17.209 loading class com/android/build/gradle/internal/api/BaseVariantImpl done
Event: 17.211 loading class com/android/build/gradle/internal/api/TestVariantImpl
Event: 17.211 loading class com/android/build/gradle/internal/api/TestVariantImpl done
Event: 17.212 loading class com/android/build/gradle/internal/api/ApkVariantImpl
Event: 17.212 loading class com/android/build/gradle/internal/api/ApkVariantImpl done
Event: 17.212 loading class com/android/build/gradle/internal/api/InstallableVariantImpl
Event: 17.212 loading class com/android/build/gradle/internal/api/InstallableVariantImpl done
Event: 17.212 loading class com/android/build/gradle/internal/api/AndroidArtifactVariantImpl
Event: 17.212 loading class com/android/build/gradle/internal/api/AndroidArtifactVariantImpl done
Event: 17.213 loading class com/android/build/gradle/internal/api/ApplicationVariantImpl
Event: 17.213 loading class com/android/build/gradle/internal/api/ApplicationVariantImpl done
Event: 17.216 loading class com/android/build/gradle/tasks/ExternalNativeBuildTask
Event: 17.216 loading class com/android/build/gradle/tasks/ExternalNativeBuildTask done
Event: 17.217 loading class com/android/build/gradle/internal/tasks/UnsafeOutputsTask
Event: 17.217 loading class com/android/build/gradle/internal/tasks/UnsafeOutputsTask done
Event: 17.229 Executing VM operation: G1CollectForAllocation


Dynamic libraries:
0x00007ff64dbc0000 - 0x00007ff64dbca000 	C:\Program Files\Android\Android Studio\jre\bin\java.exe
0x00007ffaea0d0000 - 0x00007ffaea2c8000 	C:\WINDOWS\SYSTEM32\ntdll.dll
0x00007ffaae820000 - 0x00007ffaae837000 	C:\Program Files\AVAST Software\Avast\aswhook.dll
0x00007ffae9430000 - 0x00007ffae94ef000 	C:\WINDOWS\System32\KERNEL32.DLL
0x00007ffae7dc0000 - 0x00007ffae8092000 	C:\WINDOWS\System32\KERNELBASE.dll
0x00007ffae7a70000 - 0x00007ffae7b70000 	C:\WINDOWS\System32\ucrtbase.dll
0x00007ffad7b70000 - 0x00007ffad7b89000 	C:\Program Files\Android\Android Studio\jre\bin\jli.dll
0x00007ffad5eb0000 - 0x00007ffad5ec7000 	C:\Program Files\Android\Android Studio\jre\bin\VCRUNTIME140.dll
0x00007ffae9090000 - 0x00007ffae9231000 	C:\WINDOWS\System32\USER32.dll
0x00007ffae7a10000 - 0x00007ffae7a32000 	C:\WINDOWS\System32\win32u.dll
0x00007ffad6db0000 - 0x00007ffad704a000 	C:\WINDOWS\WinSxS\amd64_microsoft.windows.common-controls_6595b64144ccf1df_6.0.19041.1110_none_60b5254171f9507e\COMCTL32.dll
0x00007ffae9300000 - 0x00007ffae932b000 	C:\WINDOWS\System32\GDI32.dll
0x00007ffae86e0000 - 0x00007ffae877e000 	C:\WINDOWS\System32\msvcrt.dll
0x00007ffae7cb0000 - 0x00007ffae7dbf000 	C:\WINDOWS\System32\gdi32full.dll
0x00007ffae77c0000 - 0x00007ffae785d000 	C:\WINDOWS\System32\msvcp_win.dll
0x00007ffae9680000 - 0x00007ffae96b2000 	C:\WINDOWS\System32\IMM32.DLL
0x00007ffab0ae0000 - 0x00007ffab0b7d000 	C:\Program Files\Android\Android Studio\jre\bin\msvcp140.dll
0x00007ffa866a0000 - 0x00007ffa871a2000 	C:\Program Files\Android\Android Studio\jre\bin\server\jvm.dll
0x00007ffae95d0000 - 0x00007ffae967e000 	C:\WINDOWS\System32\ADVAPI32.dll
0x00007ffae9330000 - 0x00007ffae93cc000 	C:\WINDOWS\System32\sechost.dll
0x00007ffae8590000 - 0x00007ffae86b5000 	C:\WINDOWS\System32\RPCRT4.dll
0x00007ffae86d0000 - 0x00007ffae86d8000 	C:\WINDOWS\System32\PSAPI.DLL
0x00007ffad5620000 - 0x00007ffad5629000 	C:\WINDOWS\SYSTEM32\WSOCK32.dll
0x00007ffae5610000 - 0x00007ffae561a000 	C:\WINDOWS\SYSTEM32\VERSION.dll
0x00007ffad9430000 - 0x00007ffad9457000 	C:\WINDOWS\SYSTEM32\WINMM.dll
0x00007ffae89c0000 - 0x00007ffae8a2b000 	C:\WINDOWS\System32\WS2_32.dll
0x00007ffae5860000 - 0x00007ffae5872000 	C:\WINDOWS\SYSTEM32\kernel.appcore.dll
0x00007ffadf690000 - 0x00007ffadf6a1000 	C:\Program Files\Android\Android Studio\jre\bin\verify.dll
0x00007ffadc1b0000 - 0x00007ffadc394000 	C:\WINDOWS\SYSTEM32\DBGHELP.DLL
0x00007ffadc170000 - 0x00007ffadc1a5000 	C:\WINDOWS\SYSTEM32\dbgcore.DLL
0x00007ffae7b70000 - 0x00007ffae7bf2000 	C:\WINDOWS\System32\bcryptPrimitives.dll
0x00007ffac1e70000 - 0x00007ffac1e99000 	C:\Program Files\Android\Android Studio\jre\bin\java.dll
0x00007ffadd000000 - 0x00007ffadd00b000 	C:\Program Files\Android\Android Studio\jre\bin\jimage.dll
0x00007ffadcfc0000 - 0x00007ffadcfd8000 	C:\Program Files\Android\Android Studio\jre\bin\zip.dll
0x00007ffae96c0000 - 0x00007ffae9e04000 	C:\WINDOWS\System32\SHELL32.dll
0x00007ffae5880000 - 0x00007ffae6012000 	C:\WINDOWS\SYSTEM32\windows.storage.dll
0x00007ffae8230000 - 0x00007ffae8585000 	C:\WINDOWS\System32\combase.dll
0x00007ffae7140000 - 0x00007ffae7170000 	C:\WINDOWS\SYSTEM32\Wldp.dll
0x00007ffae9f40000 - 0x00007ffae9fed000 	C:\WINDOWS\System32\SHCORE.dll
0x00007ffae8110000 - 0x00007ffae8165000 	C:\WINDOWS\System32\shlwapi.dll
0x00007ffae7700000 - 0x00007ffae771f000 	C:\WINDOWS\SYSTEM32\profapi.dll
0x00007ffac1e50000 - 0x00007ffac1e6a000 	C:\Program Files\Android\Android Studio\jre\bin\net.dll
0x00007ffad9b80000 - 0x00007ffad9c8c000 	C:\WINDOWS\SYSTEM32\WINHTTP.dll
0x00007ffae6ea0000 - 0x00007ffae6f0a000 	C:\WINDOWS\system32\mswsock.dll
0x00007ffac1e30000 - 0x00007ffac1e44000 	C:\Program Files\Android\Android Studio\jre\bin\nio.dll
0x00007ffad1660000 - 0x00007ffad1687000 	C:\Users\Kleivy Gomes\.gradle\native\e1d6ef7f7dcc3fd88c89a11ec53ec762bb8ba0a96d01ffa2cd45eb1d1d8dd5c5\windows-amd64\native-platform.dll
0x00007ffa80560000 - 0x00007ffa806a4000 	C:\Users\Kleivy Gomes\.gradle\native\0d407fdbe67a94daf76414ababcb853783967236a71b16ec16e742cd7a986fd3\windows-amd64\native-platform-file-events.dll
0x00007ffadcff0000 - 0x00007ffadcffa000 	C:\Program Files\Android\Android Studio\jre\bin\management.dll
0x00007ffadbd20000 - 0x00007ffadbd2d000 	C:\Program Files\Android\Android Studio\jre\bin\management_ext.dll
0x00007ffae7090000 - 0x00007ffae70a8000 	C:\WINDOWS\SYSTEM32\CRYPTSP.dll
0x00007ffae67c0000 - 0x00007ffae67f4000 	C:\WINDOWS\system32\rsaenh.dll
0x00007ffae7a40000 - 0x00007ffae7a67000 	C:\WINDOWS\System32\bcrypt.dll
0x00007ffae76c0000 - 0x00007ffae76ee000 	C:\WINDOWS\SYSTEM32\USERENV.dll
0x00007ffae70b0000 - 0x00007ffae70bc000 	C:\WINDOWS\SYSTEM32\CRYPTBASE.dll
0x00007ffae6b90000 - 0x00007ffae6bcb000 	C:\WINDOWS\SYSTEM32\IPHLPAPI.DLL
0x00007ffae86c0000 - 0x00007ffae86c8000 	C:\WINDOWS\System32\NSI.dll
0x00007ffada700000 - 0x00007ffada717000 	C:\WINDOWS\SYSTEM32\dhcpcsvc6.DLL
0x00007ffadc490000 - 0x00007ffadc4ad000 	C:\WINDOWS\SYSTEM32\dhcpcsvc.DLL
0x00007ffae6bd0000 - 0x00007ffae6c9a000 	C:\WINDOWS\SYSTEM32\DNSAPI.dll

dbghelp: loaded successfully - version: 4.0.5 - missing functions: none
symbol engine: initialized successfully - sym options: 0x614 - pdb path: .;C:\Program Files\Android\Android Studio\jre\bin;C:\WINDOWS\SYSTEM32;C:\Program Files\AVAST Software\Avast;C:\WINDOWS\WinSxS\amd64_microsoft.windows.common-controls_6595b64144ccf1df_6.0.19041.1110_none_60b5254171f9507e;C:\Program Files\Android\Android Studio\jre\bin\server;C:\Users\Kleivy Gomes\.gradle\native\e1d6ef7f7dcc3fd88c89a11ec53ec762bb8ba0a96d01ffa2cd45eb1d1d8dd5c5\windows-amd64;C:\Users\Kleivy Gomes\.gradle\native\0d407fdbe67a94daf76414ababcb853783967236a71b16ec16e742cd7a986fd3\windows-amd64

VM Arguments:
jvm_args: --add-opens=java.base/java.util=ALL-UNNAMED --add-opens=java.base/java.lang=ALL-UNNAMED --add-opens=java.base/java.lang.invoke=ALL-UNNAMED --add-opens=java.base/java.util=ALL-UNNAMED --add-opens=java.prefs/java.util.prefs=ALL-UNNAMED --add-opens=java.prefs/java.util.prefs=ALL-UNNAMED --add-opens=java.base/java.nio.charset=ALL-UNNAMED --add-opens=java.base/java.net=ALL-UNNAMED --add-opens=java.base/java.util.concurrent.atomic=ALL-UNNAMED -Xmx2048m -Dfile.encoding=UTF-8 -Duser.country=PT -Duser.language=pt -Duser.variant 
java_command: org.gradle.launcher.daemon.bootstrap.GradleDaemon 7.4
java_class_path (initial): C:\Users\Kleivy Gomes\.gradle\wrapper\dists\gradle-7.4-bin\c0gwcg53nkjbqw7r0h0umtfvt\gradle-7.4\lib\gradle-launcher-7.4.jar
Launcher Type: SUN_STANDARD

[Global flags]
     intx CICompilerCount                          = 3                                         {product} {ergonomic}
     uint ConcGCThreads                            = 1                                         {product} {ergonomic}
     uint G1ConcRefinementThreads                  = 4                                         {product} {ergonomic}
   size_t G1HeapRegionSize                         = 1048576                                   {product} {ergonomic}
    uintx GCDrainStackTargetSize                   = 64                                        {product} {ergonomic}
   size_t InitialHeapSize                          = 100663296                                 {product} {ergonomic}
   size_t MarkStackSize                            = 4194304                                   {product} {ergonomic}
   size_t MaxHeapSize                              = 2147483648                                {product} {command line}
   size_t MaxNewSize                               = 1287651328                                {product} {ergonomic}
   size_t MinHeapDeltaBytes                        = 1048576                                   {product} {ergonomic}
    uintx NonNMethodCodeHeapSize                   = 5830732                                {pd product} {ergonomic}
    uintx NonProfiledCodeHeapSize                  = 122913754                              {pd product} {ergonomic}
    uintx ProfiledCodeHeapSize                     = 122913754                              {pd product} {ergonomic}
    uintx ReservedCodeCacheSize                    = 251658240                              {pd product} {ergonomic}
     bool SegmentedCodeCache                       = true                                      {product} {ergonomic}
     bool UseCompressedClassPointers               = true                                 {lp64_product} {ergonomic}
     bool UseCompressedOops                        = true                                 {lp64_product} {ergonomic}
     bool UseG1GC                                  = true                                      {product} {ergonomic}
     bool UseLargePagesIndividualAllocation        = false                                  {pd product} {ergonomic}

Logging:
Log output configuration:
 #0: stdout all=warning uptime,level,tags
 #1: stderr all=off uptime,level,tags

Environment Variables:
JAVA_HOME=C:\Program Files\Java\jdk1.8.0_202
PATH=C:\app\Gomez\virtual\product\12.2.0\dbhome_1\bin;C:\Program Files\Java\jre1.8.0_202\;C:\Program Files\Java\jdk1.8.0_202\bin;C:\MinGW\bin;C:\DevSuiteHome_1\jdk\jre\bin;C:\DevSuiteHome_1\jdk\jre\bin\client;C:\DevSuiteHome_1\jlib;C:\DevSuiteHome_1\bin;C:\DevSuiteHome_1\jre\1.4.2\bin\client;C:\DevSuiteHome_1\jre\1.4.2\bin;C:\Program Files (x86)\Common Files\Oracle\Java\javapath;C:\WINDOWS\system32;C:\WINDOWS;C:\WINDOWS\System32\Wbem;C:\WINDOWS\System32\WindowsPowerShell\v1.0\;C:\Program Files\dotnet\;C:\WINDOWS\System32\OpenSSH\;C:\apache-maven-3.6.1-bin\apache-maven-3.6.1\bin;C:\ProgramData\chocolatey\bin;C:\Program Files\Git\cmd;C:\Program Files\nodejs\;C:\Program Files\PostgreSQL\14\bin;C:\Program Files\PostgreSQL\14\lib;C:\Users\Kleivy Gomes\Documents\EISC\4º ano\VR\Opengl\bin;C:\Program Files\CMake\bin;C:\Users\Kleivy Gomes\AppData\Local\Programs\Python\Python311\Scripts\;C:\Users\Kleivy Gomes\AppData\Local\Programs\Python\Python311\;C:\Users\Kleivy Gomes\AppData\Roaming\local\bin;C:\Users\Kleivy Gomes\AppData\Local\Microsoft\WindowsApps;C:\ProgramData\chocolatey\lib\ghc\tools\ghc-8.10.2\bin;C:\tools\msys64;C:\Users\Kleivy Gomes\AppData\Local\Programs\Microsoft VS Code\bin;C:\Program Files\heroku\bin;C:\Users\Kleivy Gomes\AppData\Roaming\npm;C:\Program Files\MySQL\MySQL Server 8.0\bin;C:\Program Files\MongoDB\Server\5.0\bin;C:\Program Files\JetBrains\PyCharm 2022.3\bin;
USERNAME=Kleivy Gomes
OS=Windows_NT
PROCESSOR_IDENTIFIER=Intel64 Family 6 Model 58 Stepping 9, GenuineIntel



---------------  S Y S T E M  ---------------

OS: Windows 10 , 64 bit Build 19041 (10.0.19041.2364)
OS uptime: 0 days 2:39 hours

CPU:total 4 (initial active 4) (2 cores per cpu, 2 threads per core) family 6 model 58 stepping 9 microcode 0x21, cmov, cx8, fxsr, mmx, sse, sse2, sse3, ssse3, sse4.1, sse4.2, popcnt, avx, clmul, erms, ht, tsc, tscinvbit, tscinv

Memory: 4k page, system-wide physical 6019M (510M free)
TotalPageFile size 10115M (AvailPageFile size 16M)
current process WorkingSet (physical memory assigned to process): 352M, peak: 352M
current process commit charge ("private bytes"): 383M, peak: 411M

vm_info: OpenJDK 64-Bit Server VM (11.0.13+0-b1751.21-8125866) for windows-amd64 JRE (11.0.13+0-b1751.21-8125866), built on Feb  2 2022 03:00:22 by "builder" with MS VC++ 14.0 (VS2015)

END.
