#
# There is insufficient memory for the Java Runtime Environment to continue.
# Native memory allocation (mmap) failed to map 131072000 bytes for Failed to commit area from 0x000000008ca00000 to 0x0000000094700000 of length 131072000.
# Possible reasons:
#   The system is out of physical RAM or swap space
#   The process is running with CompressedOops enabled, and the Java Heap may be blocking the growth of the native heap
# Possible solutions:
#   Reduce memory load on the system
#   Increase physical memory or swap space
#   Check if swap backing store is full
#   Decrease Java heap size (-Xmx/-Xms)
#   Decrease number of Java threads
#   Decrease Java thread stack sizes (-Xss)
#   Set larger code cache with -XX:ReservedCodeCacheSize=
#   JVM is running with Unscaled Compressed Oops mode in which the Java heap is
#     placed in the first 4GB address space. The Java Heap base address is the
#     maximum limit for the native heap growth. Please use -XX:HeapBaseMinAddress
#     to set the Java Heap base and to place the Java Heap above 4GB virtual address.
# This output file may be truncated or incomplete.
#
#  Out of Memory Error (./src/hotspot/os/windows/os_windows.cpp:3619), pid=1220, tid=10412
#
# JRE version: OpenJDK Runtime Environment (11.0.13) (build 11.0.13+0-b1751.21-8125866)
# Java VM: OpenJDK 64-Bit Server VM (11.0.13+0-b1751.21-8125866, mixed mode, tiered, compressed oops, g1 gc, windows-amd64)
# No core dump will be written. Minidumps are not enabled by default on client versions of Windows
#

---------------  S U M M A R Y ------------

Command Line: --add-opens=java.base/java.util=ALL-UNNAMED --add-opens=java.base/java.lang=ALL-UNNAMED --add-opens=java.base/java.lang.invoke=ALL-UNNAMED --add-opens=java.base/java.util=ALL-UNNAMED --add-opens=java.prefs/java.util.prefs=ALL-UNNAMED --add-opens=java.prefs/java.util.prefs=ALL-UNNAMED --add-opens=java.base/java.nio.charset=ALL-UNNAMED --add-opens=java.base/java.net=ALL-UNNAMED --add-opens=java.base/java.util.concurrent.atomic=ALL-UNNAMED -Xmx2048m -Dfile.encoding=UTF-8 -Duser.country=PT -Duser.language=pt -Duser.variant org.gradle.launcher.daemon.bootstrap.GradleDaemon 7.4

Host: Intel(R) Core(TM) i3-3110M CPU @ 2.40GHz, 4 cores, 5G,  Windows 10 , 64 bit Build 19041 (10.0.19041.2364)
Time: Fri Jan  6 02:47:53 2023 Hora Padrão de Cabo Verde elapsed time: 27.048520 seconds (0d 0h 0m 27s)

---------------  T H R E A D  ---------------

Current thread (0x0000026dc5b46000):  VMThread "VM Thread" [stack: 0x000000f3ae600000,0x000000f3ae700000] [id=10412]

Stack: [0x000000f3ae600000,0x000000f3ae700000]
[error occurred during error reporting (printing stack bounds), id 0xc0000005, EXCEPTION_ACCESS_VIOLATION (0xc0000005) at pc=0x0000026daf30112d]

Native frames: (J=compiled Java code, j=interpreted, Vv=VM code, C=native code)
V  [jvm.dll+0x6100fa]
V  [jvm.dll+0x747090]
V  [jvm.dll+0x7486ad]
V  [jvm.dll+0x748ce5]
V  [jvm.dll+0x748c9b]
V  [jvm.dll+0x60f224]
V  [jvm.dll+0x60f9b8]
C  [ntdll.dll+0xa241f]
C  [ntdll.dll+0x514a4]
C  [ntdll.dll+0xa0f4e]
C  0x0000026daf30112d

VM_Operation (0x000000f3b40f9690): G1CollectForAllocation, mode: safepoint, requested by thread 0x0000026dcc0f8000


---------------  P R O C E S S  ---------------

Threads class SMR info:
_java_thread_list=0x0000026dc8dbe110, length=92, elements={
0x0000026daa00a800, 0x0000026dc5b4a800, 0x0000026dc5b4e800, 0x0000026dc5b68800,
0x0000026dc5b69000, 0x0000026dc5b6b800, 0x0000026dc5b76800, 0x0000026dc5b78000,
0x0000026dc5b7c000, 0x0000026dc664a800, 0x0000026dc79da000, 0x0000026dc8726000,
0x0000026dc80ae000, 0x0000026dc7e0d800, 0x0000026dc8b28800, 0x0000026dc8ab1000,
0x0000026dc7aeb800, 0x0000026dc879c800, 0x0000026dc8a9d800, 0x0000026dc929c800,
0x0000026dc8852800, 0x0000026dc9333800, 0x0000026dc9336000, 0x0000026dc9335800,
0x0000026dc9331800, 0x0000026dc9330800, 0x0000026dc9334800, 0x0000026dc9337000,
0x0000026dc9332000, 0x0000026dc9333000, 0x0000026dc9eb9800, 0x0000026dc9eba000,
0x0000026dc9eb8800, 0x0000026dc9ebe000, 0x0000026dc9ebb000, 0x0000026dc9ec1800,
0x0000026dc9ebf000, 0x0000026dc9ec2800, 0x0000026dc9ebc800, 0x0000026dc9ec3000,
0x0000026dc9ebd800, 0x0000026dc9ec6800, 0x0000026dc9ec5800, 0x0000026dc9ec7000,
0x0000026dc9ec4000, 0x0000026dc9ec4800, 0x0000026dc6972800, 0x0000026dc6975000,
0x0000026dc696f000, 0x0000026dc6973800, 0x0000026dc6974000, 0x0000026dc6971800,
0x0000026dc6975800, 0x0000026dc6970000, 0x0000026dc6976800, 0x0000026dc6971000,
0x0000026dc697a800, 0x0000026dc697a000, 0x0000026dc697c800, 0x0000026dc6977800,
0x0000026dc6979000, 0x0000026dc697b800, 0x0000026dc697d000, 0x0000026dc6978000,
0x0000026dc697e000, 0x0000026dcbd8d800, 0x0000026dcbd8c000, 0x0000026dcbd90800,
0x0000026dcbd8b000, 0x0000026dcbd91800, 0x0000026dcbd8f000, 0x0000026dcbd8e800,
0x0000026dcbd92800, 0x0000026dcbd8c800, 0x0000026dcbd95000, 0x0000026dcbd94000,
0x0000026dcbd95800, 0x0000026dcbd90000, 0x0000026dcbd96800, 0x0000026dcbd99000,
0x0000026dcbd93000, 0x0000026dcbd97800, 0x0000026dcbd99800, 0x0000026dcc0fd000,
0x0000026dcc0fc800, 0x0000026dcc0f9000, 0x0000026dcc0f8000, 0x0000026dcc0fe000,
0x0000026dcc0fa000, 0x0000026dcc0fa800, 0x0000026dcc0ff800, 0x0000026dcc100800
}

Java Threads: ( => current thread )
  0x0000026daa00a800 JavaThread "main" [_thread_blocked, id=1252, stack(0x000000f3ae000000,0x000000f3ae100000)]
  0x0000026dc5b4a800 JavaThread "Reference Handler" daemon [_thread_blocked, id=10992, stack(0x000000f3ae700000,0x000000f3ae800000)]
  0x0000026dc5b4e800 JavaThread "Finalizer" daemon [_thread_blocked, id=9784, stack(0x000000f3ae800000,0x000000f3ae900000)]
  0x0000026dc5b68800 JavaThread "Signal Dispatcher" daemon [_thread_blocked, id=11584, stack(0x000000f3ae900000,0x000000f3aea00000)]
  0x0000026dc5b69000 JavaThread "Attach Listener" daemon [_thread_blocked, id=13556, stack(0x000000f3aea00000,0x000000f3aeb00000)]
  0x0000026dc5b6b800 JavaThread "Service Thread" daemon [_thread_blocked, id=8564, stack(0x000000f3aeb00000,0x000000f3aec00000)]
  0x0000026dc5b76800 JavaThread "C2 CompilerThread0" daemon [_thread_in_native, id=12444, stack(0x000000f3aec00000,0x000000f3aed00000)]
  0x0000026dc5b78000 JavaThread "C1 CompilerThread0" daemon [_thread_blocked, id=14016, stack(0x000000f3aed00000,0x000000f3aee00000)]
  0x0000026dc5b7c000 JavaThread "Sweeper thread" daemon [_thread_blocked, id=12108, stack(0x000000f3aee00000,0x000000f3aef00000)]
  0x0000026dc664a800 JavaThread "Common-Cleaner" daemon [_thread_blocked, id=7632, stack(0x000000f3aef00000,0x000000f3af000000)]
  0x0000026dc79da000 JavaThread "Daemon health stats" [_thread_blocked, id=3464, stack(0x000000f3af300000,0x000000f3af400000)]
  0x0000026dc8726000 JavaThread "Incoming local TCP Connector on port 62148" [_thread_in_native, id=1100, stack(0x000000f3af100000,0x000000f3af200000)]
  0x0000026dc80ae000 JavaThread "Daemon periodic checks" [_thread_blocked, id=5952, stack(0x000000f3af600000,0x000000f3af700000)]
  0x0000026dc7e0d800 JavaThread "Daemon" [_thread_blocked, id=11296, stack(0x000000f3af700000,0x000000f3af800000)]
  0x0000026dc8b28800 JavaThread "Handler for socket connection from /127.0.0.1:62148 to /127.0.0.1:62149" [_thread_in_native, id=6380, stack(0x000000f3af800000,0x000000f3af900000)]
  0x0000026dc8ab1000 JavaThread "Cancel handler" [_thread_blocked, id=11748, stack(0x000000f3af900000,0x000000f3afa00000)]
  0x0000026dc7aeb800 JavaThread "Daemon worker" [_thread_blocked, id=12056, stack(0x000000f3afa00000,0x000000f3afb00000)]
  0x0000026dc879c800 JavaThread "Asynchronous log dispatcher for DefaultDaemonConnection: socket connection from /127.0.0.1:62148 to /127.0.0.1:62149" [_thread_blocked, id=10496, stack(0x000000f3afb00000,0x000000f3afc00000)]
  0x0000026dc8a9d800 JavaThread "Stdin handler" [_thread_blocked, id=11604, stack(0x000000f3afc00000,0x000000f3afd00000)]
  0x0000026dc929c800 JavaThread "Daemon client event forwarder" [_thread_blocked, id=13140, stack(0x000000f3afd00000,0x000000f3afe00000)]
  0x0000026dc8852800 JavaThread "C2 CompilerThread1" daemon [_thread_in_native, id=13024, stack(0x000000f3afe00000,0x000000f3aff00000)]
  0x0000026dc9333800 JavaThread "Cache worker for journal cache (C:\Users\Kleivy Gomes\.gradle\caches\journal-1)" [_thread_blocked, id=13216, stack(0x000000f3aff00000,0x000000f3b0000000)]
  0x0000026dc9336000 JavaThread "File lock request listener" [_thread_in_native, id=12024, stack(0x000000f3b0000000,0x000000f3b0100000)]
  0x0000026dc9335800 JavaThread "Cache worker for file hash cache (C:\Users\Kleivy Gomes\.gradle\caches\7.4\fileHashes)" [_thread_blocked, id=10988, stack(0x000000f3b0100000,0x000000f3b0200000)]
  0x0000026dc9331800 JavaThread "File watcher server" daemon [_thread_blocked, id=9936, stack(0x000000f3b0200000,0x000000f3b0300000)]
  0x0000026dc9330800 JavaThread "File watcher consumer" daemon [_thread_blocked, id=6132, stack(0x000000f3b0300000,0x000000f3b0400000)]
  0x0000026dc9334800 JavaThread "Cache worker for checksums cache (C:\Users\Kleivy Gomes\AndroidStudioProjects\Contact\.gradle\7.4\checksums)" [_thread_blocked, id=1828, stack(0x000000f3b0400000,0x000000f3b0500000)]
  0x0000026dc9337000 JavaThread "Cache worker for cache directory md-rule (C:\Users\Kleivy Gomes\.gradle\caches\7.4\md-rule)" [_thread_blocked, id=4000, stack(0x000000f3b0500000,0x000000f3b0600000)]
  0x0000026dc9332000 JavaThread "Cache worker for file hash cache (C:\Users\Kleivy Gomes\AndroidStudioProjects\Contact\.gradle\7.4\fileHashes)" [_thread_blocked, id=7208, stack(0x000000f3b0600000,0x000000f3b0700000)]
  0x0000026dc9333000 JavaThread "Cache worker for cache directory md-supplier (C:\Users\Kleivy Gomes\.gradle\caches\7.4\md-supplier)" [_thread_blocked, id=14268, stack(0x000000f3b0700000,0x000000f3b0800000)]
  0x0000026dc9eb9800 JavaThread "Cache worker for execution history cache (C:\Users\Kleivy Gomes\.gradle\caches\7.4\executionHistory)" [_thread_blocked, id=11352, stack(0x000000f3b0800000,0x000000f3b0900000)]
  0x0000026dc9eba000 JavaThread "jar transforms" [_thread_blocked, id=1644, stack(0x000000f3b0900000,0x000000f3b0a00000)]
  0x0000026dc9eb8800 JavaThread "Cache worker for file content cache (C:\Users\Kleivy Gomes\.gradle\caches\7.4\fileContent)" [_thread_blocked, id=6792, stack(0x000000f3b0a00000,0x000000f3b0b00000)]
  0x0000026dc9ebe000 JavaThread "jar transforms Thread 2" [_thread_blocked, id=6052, stack(0x000000f3b0b00000,0x000000f3b0c00000)]
  0x0000026dc9ebb000 JavaThread "Cache worker for dependencies-accessors (C:\Users\Kleivy Gomes\AndroidStudioProjects\Contact\.gradle\7.4\dependencies-accessors)" [_thread_blocked, id=4136, stack(0x000000f3b0c00000,0x000000f3b0d00000)]
  0x0000026dc9ec1800 JavaThread "jar transforms Thread 3" [_thread_blocked, id=5556, stack(0x000000f3b0d00000,0x000000f3b0e00000)]
  0x0000026dc9ebf000 JavaThread "Cache worker for Build Output Cleanup Cache (C:\Users\Kleivy Gomes\AndroidStudioProjects\Contact\.gradle\buildOutputCleanup)" [_thread_blocked, id=10244, stack(0x000000f3b0e00000,0x000000f3b0f00000)]
  0x0000026dc9ec2800 JavaThread "Unconstrained build operations" [_thread_blocked, id=2964, stack(0x000000f3b0f00000,0x000000f3b1000000)]
  0x0000026dc9ebc800 JavaThread "Unconstrained build operations Thread 2" [_thread_blocked, id=12804, stack(0x000000f3b1000000,0x000000f3b1100000)]
  0x0000026dc9ec3000 JavaThread "Unconstrained build operations Thread 3" [_thread_blocked, id=12956, stack(0x000000f3b1100000,0x000000f3b1200000)]
  0x0000026dc9ebd800 JavaThread "Unconstrained build operations Thread 4" [_thread_blocked, id=6800, stack(0x000000f3b1200000,0x000000f3b1300000)]
  0x0000026dc9ec6800 JavaThread "Unconstrained build operations Thread 5" [_thread_blocked, id=7924, stack(0x000000f3b1300000,0x000000f3b1400000)]
  0x0000026dc9ec5800 JavaThread "Unconstrained build operations Thread 6" [_thread_blocked, id=3796, stack(0x000000f3b1400000,0x000000f3b1500000)]
  0x0000026dc9ec7000 JavaThread "Unconstrained build operations Thread 7" [_thread_blocked, id=13964, stack(0x000000f3b1500000,0x000000f3b1600000)]
  0x0000026dc9ec4000 JavaThread "Unconstrained build operations Thread 8" [_thread_blocked, id=4544, stack(0x000000f3b1600000,0x000000f3b1700000)]
  0x0000026dc9ec4800 JavaThread "Unconstrained build operations Thread 9" [_thread_blocked, id=3644, stack(0x000000f3b1700000,0x000000f3b1800000)]
  0x0000026dc6972800 JavaThread "Unconstrained build operations Thread 10" [_thread_blocked, id=9952, stack(0x000000f3b1800000,0x000000f3b1900000)]
  0x0000026dc6975000 JavaThread "Unconstrained build operations Thread 11" [_thread_blocked, id=7032, stack(0x000000f3b1900000,0x000000f3b1a00000)]
  0x0000026dc696f000 JavaThread "Unconstrained build operations Thread 12" [_thread_blocked, id=8428, stack(0x000000f3b1a00000,0x000000f3b1b00000)]
  0x0000026dc6973800 JavaThread "Unconstrained build operations Thread 13" [_thread_blocked, id=10112, stack(0x000000f3b1b00000,0x000000f3b1c00000)]
  0x0000026dc6974000 JavaThread "Unconstrained build operations Thread 14" [_thread_blocked, id=12940, stack(0x000000f3b1c00000,0x000000f3b1d00000)]
  0x0000026dc6971800 JavaThread "Unconstrained build operations Thread 15" [_thread_blocked, id=10032, stack(0x000000f3b1d00000,0x000000f3b1e00000)]
  0x0000026dc6975800 JavaThread "Unconstrained build operations Thread 16" [_thread_blocked, id=2432, stack(0x000000f3b1e00000,0x000000f3b1f00000)]
  0x0000026dc6970000 JavaThread "Unconstrained build operations Thread 17" [_thread_blocked, id=3872, stack(0x000000f3b1f00000,0x000000f3b2000000)]
  0x0000026dc6976800 JavaThread "Unconstrained build operations Thread 18" [_thread_blocked, id=9484, stack(0x000000f3b2000000,0x000000f3b2100000)]
  0x0000026dc6971000 JavaThread "Unconstrained build operations Thread 19" [_thread_blocked, id=2932, stack(0x000000f3b2100000,0x000000f3b2200000)]
  0x0000026dc697a800 JavaThread "Unconstrained build operations Thread 20" [_thread_blocked, id=7904, stack(0x000000f3b2200000,0x000000f3b2300000)]
  0x0000026dc697a000 JavaThread "Unconstrained build operations Thread 21" [_thread_blocked, id=9992, stack(0x000000f3b2300000,0x000000f3b2400000)]
  0x0000026dc697c800 JavaThread "Unconstrained build operations Thread 22" [_thread_blocked, id=1536, stack(0x000000f3b2400000,0x000000f3b2500000)]
  0x0000026dc6977800 JavaThread "Unconstrained build operations Thread 23" [_thread_blocked, id=6456, stack(0x000000f3b2500000,0x000000f3b2600000)]
  0x0000026dc6979000 JavaThread "Unconstrained build operations Thread 24" [_thread_blocked, id=12256, stack(0x000000f3b2600000,0x000000f3b2700000)]
  0x0000026dc697b800 JavaThread "Unconstrained build operations Thread 25" [_thread_blocked, id=12748, stack(0x000000f3b2700000,0x000000f3b2800000)]
  0x0000026dc697d000 JavaThread "Unconstrained build operations Thread 26" [_thread_blocked, id=7328, stack(0x000000f3b2800000,0x000000f3b2900000)]
  0x0000026dc6978000 JavaThread "Unconstrained build operations Thread 27" [_thread_blocked, id=13060, stack(0x000000f3b2900000,0x000000f3b2a00000)]
  0x0000026dc697e000 JavaThread "Unconstrained build operations Thread 28" [_thread_blocked, id=8780, stack(0x000000f3b2a00000,0x000000f3b2b00000)]
  0x0000026dcbd8d800 JavaThread "Unconstrained build operations Thread 29" [_thread_blocked, id=1540, stack(0x000000f3b2b00000,0x000000f3b2c00000)]
  0x0000026dcbd8c000 JavaThread "Unconstrained build operations Thread 30" [_thread_blocked, id=2552, stack(0x000000f3b2c00000,0x000000f3b2d00000)]
  0x0000026dcbd90800 JavaThread "Unconstrained build operations Thread 31" [_thread_blocked, id=14120, stack(0x000000f3b2d00000,0x000000f3b2e00000)]
  0x0000026dcbd8b000 JavaThread "Unconstrained build operations Thread 32" [_thread_blocked, id=12040, stack(0x000000f3b2e00000,0x000000f3b2f00000)]
  0x0000026dcbd91800 JavaThread "Unconstrained build operations Thread 33" [_thread_blocked, id=13320, stack(0x000000f3b2f00000,0x000000f3b3000000)]
  0x0000026dcbd8f000 JavaThread "Unconstrained build operations Thread 34" [_thread_blocked, id=13508, stack(0x000000f3b3000000,0x000000f3b3100000)]
  0x0000026dcbd8e800 JavaThread "Unconstrained build operations Thread 35" [_thread_blocked, id=6788, stack(0x000000f3b3100000,0x000000f3b3200000)]
  0x0000026dcbd92800 JavaThread "Unconstrained build operations Thread 36" [_thread_blocked, id=12964, stack(0x000000f3b3200000,0x000000f3b3300000)]
  0x0000026dcbd8c800 JavaThread "Unconstrained build operations Thread 37" [_thread_blocked, id=12124, stack(0x000000f3b3300000,0x000000f3b3400000)]
  0x0000026dcbd95000 JavaThread "Unconstrained build operations Thread 38" [_thread_blocked, id=13968, stack(0x000000f3b3400000,0x000000f3b3500000)]
  0x0000026dcbd94000 JavaThread "Unconstrained build operations Thread 39" [_thread_blocked, id=12704, stack(0x000000f3b3500000,0x000000f3b3600000)]
  0x0000026dcbd95800 JavaThread "Unconstrained build operations Thread 40" [_thread_blocked, id=2564, stack(0x000000f3b3600000,0x000000f3b3700000)]
  0x0000026dcbd90000 JavaThread "jar transforms Thread 4" [_thread_blocked, id=9472, stack(0x000000f3b3700000,0x000000f3b3800000)]
  0x0000026dcbd96800 JavaThread "Memory manager" [_thread_blocked, id=6652, stack(0x000000f3b3800000,0x000000f3b3900000)]
  0x0000026dcbd99000 JavaThread "build event listener" [_thread_blocked, id=11336, stack(0x000000f3b3900000,0x000000f3b3a00000)]
  0x0000026dcbd93000 JavaThread "included builds" [_thread_blocked, id=4368, stack(0x000000f3b3a00000,0x000000f3b3b00000)]
  0x0000026dcbd97800 JavaThread "Execution worker for ':'" [_thread_blocked, id=72, stack(0x000000f3b3b00000,0x000000f3b3c00000)]
  0x0000026dcbd99800 JavaThread "Execution worker for ':' Thread 2" [_thread_blocked, id=8372, stack(0x000000f3b3c00000,0x000000f3b3d00000)]
  0x0000026dcc0fd000 JavaThread "Execution worker for ':' Thread 3" [_thread_blocked, id=5700, stack(0x000000f3b3d00000,0x000000f3b3e00000)]
  0x0000026dcc0fc800 JavaThread "Cache worker for execution history cache (C:\Users\Kleivy Gomes\AndroidStudioProjects\Contact\.gradle\7.4\executionHistory)" [_thread_blocked, id=13388, stack(0x000000f3b3e00000,0x000000f3b3f00000)]
  0x0000026dcc0f9000 JavaThread "WorkerExecutor Queue" [_thread_blocked, id=12336, stack(0x000000f3b3f00000,0x000000f3b4000000)]
  0x0000026dcc0f8000 JavaThread "WorkerExecutor Queue Thread 2" [_thread_blocked, id=6260, stack(0x000000f3b4000000,0x000000f3b4100000)]
  0x0000026dcc0fe000 JavaThread "WorkerExecutor Queue Thread 3" [_thread_blocked, id=11500, stack(0x000000f3b4100000,0x000000f3b4200000)]
  0x0000026dcc0fa000 JavaThread "ForkJoinPool-1-worker-3" daemon [_thread_blocked, id=972, stack(0x000000f3b4200000,0x000000f3b4300000)]
  0x0000026dcc0fa800 JavaThread "ForkJoinPool-1-worker-5" daemon [_thread_blocked, id=380, stack(0x000000f3b4300000,0x000000f3b4400000)]
  0x0000026dcc0ff800 JavaThread "ForkJoinPool-1-worker-7" daemon [_thread_blocked, id=7332, stack(0x000000f3b4400000,0x000000f3b4500000)]
  0x0000026dcc100800 JavaThread "ForkJoinPool-1-worker-1" daemon [_thread_blocked, id=8112, stack(0x000000f3b4500000,0x000000f3b4600000)]

Other Threads:
=>0x0000026dc5b46000 VMThread "VM Thread" [stack: 0x000000f3ae600000,0x000000f3ae700000] [id=10412]
  0x0000026dc6665800 WatcherThread [stack: 0x000000f3af000000,0x000000f3af100000] [id=9768]
  0x0000026daa01e800 GCTaskThread "GC Thread#0" [stack: 0x000000f3ae100000,0x000000f3ae200000] [id=6308]
  0x0000026dc680f000 GCTaskThread "GC Thread#1" [stack: 0x000000f3af200000,0x000000f3af300000] [id=10684]
  0x0000026dc8b05800 GCTaskThread "GC Thread#2" [stack: 0x000000f3af400000,0x000000f3af500000] [id=13776]
  0x0000026dc801a800 GCTaskThread "GC Thread#3" [stack: 0x000000f3af500000,0x000000f3af600000] [id=11372]
  0x0000026daa051800 ConcurrentGCThread "G1 Main Marker" [stack: 0x000000f3ae200000,0x000000f3ae300000] [id=8860]
  0x0000026daa052800 ConcurrentGCThread "G1 Conc#0" [stack: 0x000000f3ae300000,0x000000f3ae400000] [id=12148]
  0x0000026daa0c5800 ConcurrentGCThread "G1 Refine#0" [stack: 0x000000f3ae400000,0x000000f3ae500000] [id=8284]
  0x0000026dcfaac800 ConcurrentGCThread "G1 Refine#1" [stack: 0x000000f3b4600000,0x000000f3b4700000] [id=7468]
  0x0000026dd009e000 ConcurrentGCThread "G1 Refine#2" [stack: 0x000000f3b4700000,0x000000f3b4800000] [id=1280]
  0x0000026daa0c6800 ConcurrentGCThread "G1 Young RemSet Sampling" [stack: 0x000000f3ae500000,0x000000f3ae600000] [id=13472]

Threads with active compile tasks:
C2 CompilerThread0  27082 11015       4       com.android.tools.r8.dex.i::a (1036 bytes)
C2 CompilerThread1  27082 10935       4       com.android.tools.r8.code.y1::a (4129 bytes)

VM state:at safepoint (normal execution)

VM Mutex/Monitor currently owned by a thread:  ([mutex/lock_event])
[0x0000026daa006d60] Threads_lock - owner thread: 0x0000026dc5b46000
[0x0000026daa007030] Heap_lock - owner thread: 0x0000026dcc0f8000

Heap address: 0x0000000080000000, size: 2048 MB, Compressed Oops mode: 32-bit
Narrow klass base: 0x0000000000000000, Narrow klass shift: 3
Compressed class space size: 1073741824 Address: 0x0000000100000000

Heap:
 garbage-first heap   total 334848K, used 167936K [0x0000000080000000, 0x0000000100000000)
  region size 1024K, 2 young (2048K), 2 survivors (2048K)
 Metaspace       used 90016K, capacity 92100K, committed 92412K, reserved 1128448K
  class space    used 11777K, capacity 12594K, committed 12704K, reserved 1048576K
Heap Regions: E=young(eden), S=young(survivor), O=old, HS=humongous(starts), HC=humongous(continues), CS=collection set, F=free, A=archive, TAMS=top-at-mark-start (previous, next)
|   0|0x0000000080000000, 0x0000000080100000, 0x0000000080100000|100%|HS|  |TAMS 0x0000000080100000, 0x0000000080100000| Complete 
|   1|0x0000000080100000, 0x0000000080200000, 0x0000000080200000|100%|HC|  |TAMS 0x0000000080200000, 0x0000000080200000| Complete 
|   2|0x0000000080200000, 0x0000000080300000, 0x0000000080300000|100%|HC|  |TAMS 0x0000000080300000, 0x0000000080300000| Complete 
|   3|0x0000000080300000, 0x0000000080400000, 0x0000000080400000|100%| O|  |TAMS 0x0000000080400000, 0x0000000080400000| Untracked 
|   4|0x0000000080400000, 0x0000000080500000, 0x0000000080500000|100%| O|  |TAMS 0x0000000080500000, 0x0000000080500000| Untracked 
|   5|0x0000000080500000, 0x0000000080600000, 0x0000000080600000|100%| O|  |TAMS 0x0000000080600000, 0x0000000080600000| Untracked 
|   6|0x0000000080600000, 0x0000000080700000, 0x0000000080700000|100%| O|  |TAMS 0x0000000080700000, 0x0000000080700000| Untracked 
|   7|0x0000000080700000, 0x0000000080800000, 0x0000000080800000|100%| O|  |TAMS 0x0000000080800000, 0x0000000080800000| Untracked 
|   8|0x0000000080800000, 0x0000000080900000, 0x0000000080900000|100%| O|  |TAMS 0x0000000080900000, 0x0000000080900000| Untracked 
|   9|0x0000000080900000, 0x0000000080a00000, 0x0000000080a00000|100%| O|  |TAMS 0x0000000080a00000, 0x0000000080a00000| Untracked 
|  10|0x0000000080a00000, 0x0000000080b00000, 0x0000000080b00000|100%| O|  |TAMS 0x0000000080b00000, 0x0000000080b00000| Untracked 
|  11|0x0000000080b00000, 0x0000000080c00000, 0x0000000080c00000|100%| O|  |TAMS 0x0000000080c00000, 0x0000000080c00000| Untracked 
|  12|0x0000000080c00000, 0x0000000080d00000, 0x0000000080d00000|100%| O|  |TAMS 0x0000000080d00000, 0x0000000080d00000| Untracked 
|  13|0x0000000080d00000, 0x0000000080e00000, 0x0000000080e00000|100%| O|  |TAMS 0x0000000080e00000, 0x0000000080e00000| Untracked 
|  14|0x0000000080e00000, 0x0000000080f00000, 0x0000000080f00000|100%| O|  |TAMS 0x0000000080f00000, 0x0000000080f00000| Untracked 
|  15|0x0000000080f00000, 0x0000000081000000, 0x0000000081000000|100%| O|  |TAMS 0x0000000081000000, 0x0000000081000000| Untracked 
|  16|0x0000000081000000, 0x0000000081100000, 0x0000000081100000|100%| O|  |TAMS 0x0000000081100000, 0x0000000081100000| Untracked 
|  17|0x0000000081100000, 0x0000000081200000, 0x0000000081200000|100%| O|  |TAMS 0x0000000081200000, 0x0000000081200000| Untracked 
|  18|0x0000000081200000, 0x0000000081300000, 0x0000000081300000|100%| O|  |TAMS 0x0000000081300000, 0x0000000081300000| Untracked 
|  19|0x0000000081300000, 0x0000000081400000, 0x0000000081400000|100%| O|  |TAMS 0x0000000081400000, 0x0000000081400000| Untracked 
|  20|0x0000000081400000, 0x0000000081500000, 0x0000000081500000|100%| O|  |TAMS 0x0000000081500000, 0x0000000081500000| Untracked 
|  21|0x0000000081500000, 0x0000000081600000, 0x0000000081600000|100%| O|  |TAMS 0x0000000081600000, 0x0000000081600000| Untracked 
|  22|0x0000000081600000, 0x0000000081700000, 0x0000000081700000|100%| O|  |TAMS 0x0000000081700000, 0x0000000081700000| Untracked 
|  23|0x0000000081700000, 0x0000000081800000, 0x0000000081800000|100%| O|  |TAMS 0x0000000081800000, 0x0000000081800000| Untracked 
|  24|0x0000000081800000, 0x0000000081900000, 0x0000000081900000|100%| O|  |TAMS 0x0000000081900000, 0x0000000081900000| Untracked 
|  25|0x0000000081900000, 0x0000000081a00000, 0x0000000081a00000|100%| O|  |TAMS 0x0000000081a00000, 0x0000000081a00000| Untracked 
|  26|0x0000000081a00000, 0x0000000081b00000, 0x0000000081b00000|100%|HS|  |TAMS 0x0000000081b00000, 0x0000000081b00000| Complete 
|  27|0x0000000081b00000, 0x0000000081c00000, 0x0000000081c00000|100%|HS|  |TAMS 0x0000000081c00000, 0x0000000081c00000| Complete 
|  28|0x0000000081c00000, 0x0000000081d00000, 0x0000000081d00000|100%| O|  |TAMS 0x0000000081d00000, 0x0000000081d00000| Untracked 
|  29|0x0000000081d00000, 0x0000000081e00000, 0x0000000081e00000|100%|HS|  |TAMS 0x0000000081e00000, 0x0000000081e00000| Complete 
|  30|0x0000000081e00000, 0x0000000081f00000, 0x0000000081f00000|100%|HC|  |TAMS 0x0000000081f00000, 0x0000000081f00000| Complete 
|  31|0x0000000081f00000, 0x0000000082000000, 0x0000000082000000|100%| O|  |TAMS 0x0000000082000000, 0x0000000082000000| Untracked 
|  32|0x0000000082000000, 0x0000000082100000, 0x0000000082100000|100%| O|  |TAMS 0x0000000082100000, 0x0000000082100000| Untracked 
|  33|0x0000000082100000, 0x0000000082200000, 0x0000000082200000|100%| O|  |TAMS 0x0000000082200000, 0x0000000082200000| Untracked 
|  34|0x0000000082200000, 0x0000000082300000, 0x0000000082300000|100%| O|  |TAMS 0x0000000082300000, 0x0000000082300000| Untracked 
|  35|0x0000000082300000, 0x0000000082400000, 0x0000000082400000|100%| O|  |TAMS 0x0000000082400000, 0x0000000082400000| Untracked 
|  36|0x0000000082400000, 0x0000000082500000, 0x0000000082500000|100%| O|  |TAMS 0x0000000082500000, 0x0000000082500000| Untracked 
|  37|0x0000000082500000, 0x0000000082600000, 0x0000000082600000|100%| O|  |TAMS 0x0000000082600000, 0x0000000082600000| Untracked 
|  38|0x0000000082600000, 0x0000000082700000, 0x0000000082700000|100%| O|  |TAMS 0x0000000082700000, 0x0000000082700000| Untracked 
|  39|0x0000000082700000, 0x0000000082800000, 0x0000000082800000|100%| O|  |TAMS 0x0000000082800000, 0x0000000082800000| Untracked 
|  40|0x0000000082800000, 0x0000000082900000, 0x0000000082900000|100%| O|  |TAMS 0x0000000082900000, 0x0000000082900000| Untracked 
|  41|0x0000000082900000, 0x0000000082a00000, 0x0000000082a00000|100%| O|  |TAMS 0x0000000082a00000, 0x0000000082a00000| Untracked 
|  42|0x0000000082a00000, 0x0000000082b00000, 0x0000000082b00000|100%| O|  |TAMS 0x0000000082b00000, 0x0000000082b00000| Untracked 
|  43|0x0000000082b00000, 0x0000000082c00000, 0x0000000082c00000|100%| O|  |TAMS 0x0000000082c00000, 0x0000000082c00000| Untracked 
|  44|0x0000000082c00000, 0x0000000082d00000, 0x0000000082d00000|100%| O|  |TAMS 0x0000000082d00000, 0x0000000082d00000| Untracked 
|  45|0x0000000082d00000, 0x0000000082e00000, 0x0000000082e00000|100%| O|  |TAMS 0x0000000082e00000, 0x0000000082e00000| Untracked 
|  46|0x0000000082e00000, 0x0000000082f00000, 0x0000000082f00000|100%| O|  |TAMS 0x0000000082f00000, 0x0000000082f00000| Untracked 
|  47|0x0000000082f00000, 0x0000000083000000, 0x0000000083000000|100%| O|  |TAMS 0x0000000083000000, 0x0000000083000000| Untracked 
|  48|0x0000000083000000, 0x0000000083100000, 0x0000000083100000|100%| O|  |TAMS 0x0000000083100000, 0x0000000083100000| Untracked 
|  49|0x0000000083100000, 0x0000000083200000, 0x0000000083200000|100%| O|  |TAMS 0x0000000083200000, 0x0000000083200000| Untracked 
|  50|0x0000000083200000, 0x0000000083300000, 0x0000000083300000|100%| O|  |TAMS 0x0000000083300000, 0x0000000083300000| Untracked 
|  51|0x0000000083300000, 0x0000000083400000, 0x0000000083400000|100%| O|  |TAMS 0x0000000083400000, 0x0000000083400000| Untracked 
|  52|0x0000000083400000, 0x0000000083500000, 0x0000000083500000|100%| O|  |TAMS 0x0000000083500000, 0x0000000083500000| Untracked 
|  53|0x0000000083500000, 0x0000000083600000, 0x0000000083600000|100%| O|  |TAMS 0x0000000083600000, 0x0000000083600000| Untracked 
|  54|0x0000000083600000, 0x0000000083700000, 0x0000000083700000|100%| O|  |TAMS 0x0000000083700000, 0x0000000083700000| Untracked 
|  55|0x0000000083700000, 0x0000000083800000, 0x0000000083800000|100%| O|  |TAMS 0x0000000083800000, 0x0000000083800000| Untracked 
|  56|0x0000000083800000, 0x0000000083900000, 0x0000000083900000|100%| O|  |TAMS 0x0000000083900000, 0x0000000083900000| Untracked 
|  57|0x0000000083900000, 0x0000000083a00000, 0x0000000083a00000|100%| O|  |TAMS 0x0000000083a00000, 0x0000000083a00000| Untracked 
|  58|0x0000000083a00000, 0x0000000083b00000, 0x0000000083b00000|100%| O|  |TAMS 0x0000000083b00000, 0x0000000083b00000| Untracked 
|  59|0x0000000083b00000, 0x0000000083c00000, 0x0000000083c00000|100%| O|  |TAMS 0x0000000083c00000, 0x0000000083c00000| Untracked 
|  60|0x0000000083c00000, 0x0000000083d00000, 0x0000000083d00000|100%| O|  |TAMS 0x0000000083d00000, 0x0000000083d00000| Untracked 
|  61|0x0000000083d00000, 0x0000000083e00000, 0x0000000083e00000|100%| O|  |TAMS 0x0000000083e00000, 0x0000000083e00000| Untracked 
|  62|0x0000000083e00000, 0x0000000083f00000, 0x0000000083f00000|100%|HS|  |TAMS 0x0000000083f00000, 0x0000000083f00000| Complete 
|  63|0x0000000083f00000, 0x0000000084000000, 0x0000000084000000|100%|HC|  |TAMS 0x0000000084000000, 0x0000000084000000| Complete 
|  64|0x0000000084000000, 0x0000000084100000, 0x0000000084100000|100%|HC|  |TAMS 0x0000000084100000, 0x0000000084100000| Complete 
|  65|0x0000000084100000, 0x0000000084200000, 0x0000000084200000|100%|HC|  |TAMS 0x0000000084200000, 0x0000000084200000| Complete 
|  66|0x0000000084200000, 0x0000000084300000, 0x0000000084300000|100%|HC|  |TAMS 0x0000000084300000, 0x0000000084300000| Complete 
|  67|0x0000000084300000, 0x0000000084400000, 0x0000000084400000|100%|HC|  |TAMS 0x0000000084400000, 0x0000000084400000| Complete 
|  68|0x0000000084400000, 0x0000000084500000, 0x0000000084500000|100%|HC|  |TAMS 0x0000000084500000, 0x0000000084500000| Complete 
|  69|0x0000000084500000, 0x0000000084600000, 0x0000000084600000|100%|HC|  |TAMS 0x0000000084600000, 0x0000000084600000| Complete 
|  70|0x0000000084600000, 0x0000000084700000, 0x0000000084700000|100%|HC|  |TAMS 0x0000000084700000, 0x0000000084700000| Complete 
|  71|0x0000000084700000, 0x0000000084800000, 0x0000000084800000|100%| O|  |TAMS 0x0000000084800000, 0x0000000084800000| Untracked 
|  72|0x0000000084800000, 0x0000000084900000, 0x0000000084900000|100%| O|  |TAMS 0x0000000084900000, 0x0000000084900000| Untracked 
|  73|0x0000000084900000, 0x0000000084a00000, 0x0000000084a00000|100%| O|  |TAMS 0x0000000084a00000, 0x0000000084a00000| Untracked 
|  74|0x0000000084a00000, 0x0000000084b00000, 0x0000000084b00000|100%| O|  |TAMS 0x0000000084b00000, 0x0000000084b00000| Untracked 
|  75|0x0000000084b00000, 0x0000000084c00000, 0x0000000084c00000|100%| O|  |TAMS 0x0000000084c00000, 0x0000000084c00000| Untracked 
|  76|0x0000000084c00000, 0x0000000084d00000, 0x0000000084d00000|100%| O|  |TAMS 0x0000000084d00000, 0x0000000084d00000| Untracked 
|  77|0x0000000084d00000, 0x0000000084e00000, 0x0000000084e00000|100%| O|  |TAMS 0x0000000084e00000, 0x0000000084e00000| Untracked 
|  78|0x0000000084e00000, 0x0000000084f00000, 0x0000000084f00000|100%| O|  |TAMS 0x0000000084f00000, 0x0000000084f00000| Untracked 
|  79|0x0000000084f00000, 0x0000000085000000, 0x0000000085000000|100%| O|  |TAMS 0x0000000085000000, 0x0000000085000000| Untracked 
|  80|0x0000000085000000, 0x0000000085100000, 0x0000000085100000|100%| O|  |TAMS 0x0000000085100000, 0x0000000085100000| Untracked 
|  81|0x0000000085100000, 0x0000000085200000, 0x0000000085200000|100%|HS|  |TAMS 0x0000000085100000, 0x0000000085200000| Complete 
|  82|0x0000000085200000, 0x0000000085300000, 0x0000000085300000|100%| O|  |TAMS 0x0000000085200000, 0x0000000085300000| Untracked 
|  83|0x0000000085300000, 0x0000000085400000, 0x0000000085400000|100%| O|  |TAMS 0x0000000085300000, 0x0000000085400000| Untracked 
|  84|0x0000000085400000, 0x0000000085500000, 0x0000000085500000|100%| O|  |TAMS 0x0000000085400000, 0x0000000085500000| Untracked 
|  85|0x0000000085500000, 0x0000000085600000, 0x0000000085600000|100%| O|  |TAMS 0x0000000085500000, 0x0000000085600000| Untracked 
|  86|0x0000000085600000, 0x0000000085700000, 0x0000000085700000|100%| O|  |TAMS 0x0000000085600000, 0x0000000085700000| Untracked 
|  87|0x0000000085700000, 0x0000000085800000, 0x0000000085800000|100%| O|  |TAMS 0x0000000085700000, 0x0000000085800000| Untracked 
|  88|0x0000000085800000, 0x0000000085900000, 0x0000000085900000|100%| O|  |TAMS 0x0000000085800000, 0x0000000085900000| Untracked 
|  89|0x0000000085900000, 0x0000000085a00000, 0x0000000085a00000|100%| O|  |TAMS 0x0000000085900000, 0x0000000085a00000| Untracked 
|  90|0x0000000085a00000, 0x0000000085b00000, 0x0000000085b00000|100%| O|  |TAMS 0x0000000085a00000, 0x0000000085b00000| Untracked 
|  91|0x0000000085b00000, 0x0000000085c00000, 0x0000000085c00000|100%| O|  |TAMS 0x0000000085b00000, 0x0000000085c00000| Untracked 
|  92|0x0000000085c00000, 0x0000000085d00000, 0x0000000085d00000|100%| O|  |TAMS 0x0000000085c00000, 0x0000000085d00000| Untracked 
|  93|0x0000000085d00000, 0x0000000085e00000, 0x0000000085e00000|100%| O|  |TAMS 0x0000000085d00000, 0x0000000085e00000| Untracked 
|  94|0x0000000085e00000, 0x0000000085f00000, 0x0000000085f00000|100%| O|  |TAMS 0x0000000085e00000, 0x0000000085f00000| Untracked 
|  95|0x0000000085f00000, 0x0000000086000000, 0x0000000086000000|100%| O|  |TAMS 0x0000000085f00000, 0x0000000086000000| Untracked 
|  96|0x0000000086000000, 0x0000000086100000, 0x0000000086100000|100%| O|  |TAMS 0x0000000086000000, 0x0000000086100000| Untracked 
|  97|0x0000000086100000, 0x0000000086200000, 0x0000000086200000|100%| O|  |TAMS 0x0000000086100000, 0x0000000086200000| Untracked 
|  98|0x0000000086200000, 0x0000000086300000, 0x0000000086300000|100%| O|  |TAMS 0x0000000086200000, 0x0000000086300000| Untracked 
|  99|0x0000000086300000, 0x0000000086400000, 0x0000000086400000|100%| O|  |TAMS 0x0000000086300000, 0x0000000086400000| Untracked 
| 100|0x0000000086400000, 0x0000000086500000, 0x0000000086500000|100%| O|  |TAMS 0x0000000086400000, 0x0000000086500000| Untracked 
| 101|0x0000000086500000, 0x0000000086600000, 0x0000000086600000|100%|HS|  |TAMS 0x0000000086600000, 0x0000000086600000| Complete 
| 102|0x0000000086600000, 0x0000000086700000, 0x0000000086700000|100%|HC|  |TAMS 0x0000000086700000, 0x0000000086700000| Complete 
| 103|0x0000000086700000, 0x0000000086800000, 0x0000000086800000|100%|HC|  |TAMS 0x0000000086800000, 0x0000000086800000| Complete 
| 104|0x0000000086800000, 0x0000000086900000, 0x0000000086900000|100%|HC|  |TAMS 0x0000000086900000, 0x0000000086900000| Complete 
| 105|0x0000000086900000, 0x0000000086a00000, 0x0000000086a00000|100%|HC|  |TAMS 0x0000000086a00000, 0x0000000086a00000| Complete 
| 106|0x0000000086a00000, 0x0000000086b00000, 0x0000000086b00000|100%|HC|  |TAMS 0x0000000086b00000, 0x0000000086b00000| Complete 
| 107|0x0000000086b00000, 0x0000000086c00000, 0x0000000086c00000|100%|HC|  |TAMS 0x0000000086c00000, 0x0000000086c00000| Complete 
| 108|0x0000000086c00000, 0x0000000086d00000, 0x0000000086d00000|100%|HC|  |TAMS 0x0000000086d00000, 0x0000000086d00000| Complete 
| 109|0x0000000086d00000, 0x0000000086e00000, 0x0000000086e00000|100%|HC|  |TAMS 0x0000000086e00000, 0x0000000086e00000| Complete 
| 110|0x0000000086e00000, 0x0000000086f00000, 0x0000000086f00000|100%|HS|  |TAMS 0x0000000086f00000, 0x0000000086f00000| Complete 
| 111|0x0000000086f00000, 0x0000000087000000, 0x0000000087000000|100%| O|  |TAMS 0x0000000086f00000, 0x0000000087000000| Untracked 
| 112|0x0000000087000000, 0x0000000087100000, 0x0000000087100000|100%| O|  |TAMS 0x0000000087000000, 0x0000000087100000| Untracked 
| 113|0x0000000087100000, 0x0000000087200000, 0x0000000087200000|100%| O|  |TAMS 0x0000000087200000, 0x0000000087200000| Untracked 
| 114|0x0000000087200000, 0x0000000087300000, 0x0000000087300000|100%| O|  |TAMS 0x0000000087300000, 0x0000000087300000| Untracked 
| 115|0x0000000087300000, 0x0000000087400000, 0x0000000087400000|100%| O|  |TAMS 0x0000000087400000, 0x0000000087400000| Untracked 
| 116|0x0000000087400000, 0x0000000087500000, 0x0000000087500000|100%| O|  |TAMS 0x0000000087500000, 0x0000000087500000| Untracked 
| 117|0x0000000087500000, 0x0000000087600000, 0x0000000087600000|100%| O|  |TAMS 0x0000000087600000, 0x0000000087600000| Untracked 
| 118|0x0000000087600000, 0x0000000087700000, 0x0000000087700000|100%| O|  |TAMS 0x0000000087700000, 0x0000000087700000| Untracked 
| 119|0x0000000087700000, 0x0000000087800000, 0x0000000087800000|100%| O|  |TAMS 0x0000000087800000, 0x0000000087800000| Untracked 
| 120|0x0000000087800000, 0x0000000087900000, 0x0000000087900000|100%| O|  |TAMS 0x0000000087900000, 0x0000000087900000| Untracked 
| 121|0x0000000087900000, 0x0000000087a00000, 0x0000000087a00000|100%| O|  |TAMS 0x0000000087a00000, 0x0000000087a00000| Untracked 
| 122|0x0000000087a00000, 0x0000000087b00000, 0x0000000087b00000|100%| O|  |TAMS 0x0000000087b00000, 0x0000000087b00000| Untracked 
| 123|0x0000000087b00000, 0x0000000087c00000, 0x0000000087c00000|100%| O|  |TAMS 0x0000000087bf2400, 0x0000000087c00000| Untracked 
| 124|0x0000000087c00000, 0x0000000087d00000, 0x0000000087d00000|100%| O|  |TAMS 0x0000000087c00000, 0x0000000087d00000| Untracked 
| 125|0x0000000087d00000, 0x0000000087e00000, 0x0000000087e00000|100%| O|  |TAMS 0x0000000087d00000, 0x0000000087e00000| Untracked 
| 126|0x0000000087e00000, 0x0000000087f00000, 0x0000000087f00000|100%| O|  |TAMS 0x0000000087e00000, 0x0000000087f00000| Untracked 
| 127|0x0000000087f00000, 0x0000000088000000, 0x0000000088000000|100%| O|  |TAMS 0x0000000087f00000, 0x0000000088000000| Untracked 
| 128|0x0000000088000000, 0x0000000088100000, 0x0000000088100000|100%| O|  |TAMS 0x0000000088000000, 0x0000000088100000| Untracked 
| 129|0x0000000088100000, 0x0000000088200000, 0x0000000088200000|100%| O|  |TAMS 0x0000000088100000, 0x0000000088200000| Untracked 
| 130|0x0000000088200000, 0x0000000088300000, 0x0000000088300000|100%| O|  |TAMS 0x0000000088200000, 0x0000000088300000| Untracked 
| 131|0x0000000088300000, 0x0000000088400000, 0x0000000088400000|100%| O|  |TAMS 0x0000000088300000, 0x0000000088400000| Untracked 
| 132|0x0000000088400000, 0x0000000088500000, 0x0000000088500000|100%| O|  |TAMS 0x0000000088400000, 0x0000000088500000| Untracked 
| 133|0x0000000088500000, 0x0000000088600000, 0x0000000088600000|100%| O|  |TAMS 0x0000000088500000, 0x0000000088600000| Untracked 
| 134|0x0000000088600000, 0x0000000088700000, 0x0000000088700000|100%| O|  |TAMS 0x0000000088600000, 0x0000000088700000| Untracked 
| 135|0x0000000088700000, 0x0000000088800000, 0x0000000088800000|100%| O|  |TAMS 0x0000000088700000, 0x0000000088800000| Untracked 
| 136|0x0000000088800000, 0x0000000088900000, 0x0000000088900000|100%| O|  |TAMS 0x0000000088800000, 0x0000000088900000| Untracked 
| 137|0x0000000088900000, 0x0000000088a00000, 0x0000000088a00000|100%| O|  |TAMS 0x0000000088900000, 0x0000000088a00000| Untracked 
| 138|0x0000000088a00000, 0x0000000088b00000, 0x0000000088b00000|100%| O|  |TAMS 0x0000000088a00000, 0x0000000088b00000| Untracked 
| 139|0x0000000088b00000, 0x0000000088c00000, 0x0000000088c00000|100%| O|  |TAMS 0x0000000088b00000, 0x0000000088c00000| Untracked 
| 140|0x0000000088c00000, 0x0000000088d00000, 0x0000000088d00000|100%| O|  |TAMS 0x0000000088c00000, 0x0000000088d00000| Untracked 
| 141|0x0000000088d00000, 0x0000000088e00000, 0x0000000088e00000|100%| O|  |TAMS 0x0000000088d00000, 0x0000000088d80000| Untracked 
| 142|0x0000000088e00000, 0x0000000088f00000, 0x0000000088f00000|100%|HS|  |TAMS 0x0000000088e00000, 0x0000000088e00000| Complete 
| 143|0x0000000088f00000, 0x0000000089000000, 0x0000000089000000|100%|HS|  |TAMS 0x0000000088f00000, 0x0000000088f00000| Complete 
| 144|0x0000000089000000, 0x0000000089100000, 0x0000000089100000|100%| O|  |TAMS 0x0000000089000000, 0x0000000089000000| Untracked 
| 145|0x0000000089100000, 0x0000000089200000, 0x0000000089200000|100%| O|  |TAMS 0x0000000089100000, 0x0000000089100000| Untracked 
| 146|0x0000000089200000, 0x0000000089300000, 0x0000000089300000|100%| O|  |TAMS 0x0000000089200000, 0x0000000089200000| Untracked 
| 147|0x0000000089300000, 0x0000000089400000, 0x0000000089400000|100%| O|  |TAMS 0x0000000089300000, 0x0000000089300000| Untracked 
| 148|0x0000000089400000, 0x0000000089500000, 0x0000000089500000|100%| O|  |TAMS 0x0000000089400000, 0x0000000089400000| Untracked 
| 149|0x0000000089500000, 0x0000000089600000, 0x0000000089600000|100%| O|  |TAMS 0x0000000089500000, 0x0000000089500000| Untracked 
| 150|0x0000000089600000, 0x0000000089700000, 0x0000000089700000|100%| O|  |TAMS 0x0000000089600000, 0x0000000089600000| Untracked 
| 151|0x0000000089700000, 0x0000000089800000, 0x0000000089800000|100%| O|  |TAMS 0x0000000089700000, 0x0000000089700000| Untracked 
| 152|0x0000000089800000, 0x0000000089900000, 0x0000000089900000|100%| O|  |TAMS 0x0000000089800000, 0x0000000089800000| Untracked 
| 153|0x0000000089900000, 0x0000000089a00000, 0x0000000089a00000|100%| O|  |TAMS 0x0000000089900000, 0x0000000089900000| Untracked 
| 154|0x0000000089a00000, 0x0000000089b00000, 0x0000000089b00000|100%| O|  |TAMS 0x0000000089a00000, 0x0000000089a00000| Untracked 
| 155|0x0000000089b00000, 0x0000000089c00000, 0x0000000089c00000|100%| O|  |TAMS 0x0000000089b00000, 0x0000000089b00000| Untracked 
| 156|0x0000000089c00000, 0x0000000089d00000, 0x0000000089d00000|100%| O|  |TAMS 0x0000000089c00000, 0x0000000089c00000| Untracked 
| 157|0x0000000089d00000, 0x0000000089e00000, 0x0000000089e00000|100%| O|  |TAMS 0x0000000089d00000, 0x0000000089d00000| Untracked 
| 158|0x0000000089e00000, 0x0000000089f00000, 0x0000000089f00000|100%| O|  |TAMS 0x0000000089e00000, 0x0000000089e00000| Untracked 
| 159|0x0000000089f00000, 0x000000008a000000, 0x000000008a000000|100%| O|  |TAMS 0x0000000089f00000, 0x0000000089f00000| Untracked 
| 160|0x000000008a000000, 0x000000008a100000, 0x000000008a100000|100%| O|  |TAMS 0x000000008a000000, 0x000000008a000000| Untracked 
| 161|0x000000008a100000, 0x000000008a200000, 0x000000008a200000|100%| O|  |TAMS 0x000000008a100000, 0x000000008a100000| Untracked 
| 162|0x000000008a200000, 0x000000008a200000, 0x000000008a300000|  0%| F|  |TAMS 0x000000008a200000, 0x000000008a200000| Untracked 
| 163|0x000000008a300000, 0x000000008a300000, 0x000000008a400000|  0%| F|  |TAMS 0x000000008a300000, 0x000000008a300000| Untracked 
| 164|0x000000008a400000, 0x000000008a400000, 0x000000008a500000|  0%| F|  |TAMS 0x000000008a400000, 0x000000008a400000| Untracked 
| 165|0x000000008a500000, 0x000000008a500000, 0x000000008a600000|  0%| F|  |TAMS 0x000000008a500000, 0x000000008a500000| Untracked 
| 166|0x000000008a600000, 0x000000008a600000, 0x000000008a700000|  0%| F|  |TAMS 0x000000008a600000, 0x000000008a600000| Untracked 
| 167|0x000000008a700000, 0x000000008a700000, 0x000000008a800000|  0%| F|  |TAMS 0x000000008a700000, 0x000000008a700000| Untracked 
| 168|0x000000008a800000, 0x000000008a800000, 0x000000008a900000|  0%| F|  |TAMS 0x000000008a800000, 0x000000008a800000| Untracked 
| 169|0x000000008a900000, 0x000000008a900000, 0x000000008aa00000|  0%| F|  |TAMS 0x000000008a900000, 0x000000008a900000| Untracked 
| 170|0x000000008aa00000, 0x000000008aa00000, 0x000000008ab00000|  0%| F|  |TAMS 0x000000008aa00000, 0x000000008aa00000| Untracked 
| 171|0x000000008ab00000, 0x000000008ab00000, 0x000000008ac00000|  0%| F|  |TAMS 0x000000008ab00000, 0x000000008ab00000| Untracked 
| 172|0x000000008ac00000, 0x000000008ac00000, 0x000000008ad00000|  0%| F|  |TAMS 0x000000008ac00000, 0x000000008ac00000| Untracked 
| 173|0x000000008ad00000, 0x000000008ad00000, 0x000000008ae00000|  0%| F|  |TAMS 0x000000008ad00000, 0x000000008ad00000| Untracked 
| 174|0x000000008ae00000, 0x000000008ae00000, 0x000000008af00000|  0%| F|  |TAMS 0x000000008ae00000, 0x000000008ae00000| Untracked 
| 175|0x000000008af00000, 0x000000008af00000, 0x000000008b000000|  0%| F|  |TAMS 0x000000008af00000, 0x000000008af00000| Untracked 
| 176|0x000000008b000000, 0x000000008b000000, 0x000000008b100000|  0%| F|  |TAMS 0x000000008b000000, 0x000000008b000000| Untracked 
| 177|0x000000008b100000, 0x000000008b100000, 0x000000008b200000|  0%| F|  |TAMS 0x000000008b100000, 0x000000008b100000| Untracked 
| 178|0x000000008b200000, 0x000000008b200000, 0x000000008b300000|  0%| F|  |TAMS 0x000000008b200000, 0x000000008b200000| Untracked 
| 179|0x000000008b300000, 0x000000008b300000, 0x000000008b400000|  0%| F|  |TAMS 0x000000008b300000, 0x000000008b300000| Untracked 
| 180|0x000000008b400000, 0x000000008b400000, 0x000000008b500000|  0%| F|  |TAMS 0x000000008b400000, 0x000000008b400000| Untracked 
| 181|0x000000008b500000, 0x000000008b500000, 0x000000008b600000|  0%| F|  |TAMS 0x000000008b500000, 0x000000008b500000| Untracked 
| 182|0x000000008b600000, 0x000000008b600000, 0x000000008b700000|  0%| F|  |TAMS 0x000000008b600000, 0x000000008b600000| Untracked 
| 183|0x000000008b700000, 0x000000008b700000, 0x000000008b800000|  0%| F|  |TAMS 0x000000008b700000, 0x000000008b700000| Untracked 
| 184|0x000000008b800000, 0x000000008b800000, 0x000000008b900000|  0%| F|  |TAMS 0x000000008b800000, 0x000000008b800000| Untracked 
| 185|0x000000008b900000, 0x000000008b900000, 0x000000008ba00000|  0%| F|  |TAMS 0x000000008b900000, 0x000000008b900000| Untracked 
| 186|0x000000008ba00000, 0x000000008ba00000, 0x000000008bb00000|  0%| F|  |TAMS 0x000000008ba00000, 0x000000008ba00000| Untracked 
| 187|0x000000008bb00000, 0x000000008bb00000, 0x000000008bc00000|  0%| F|  |TAMS 0x000000008bb00000, 0x000000008bb00000| Untracked 
| 188|0x000000008bc00000, 0x000000008bc00000, 0x000000008bd00000|  0%| F|  |TAMS 0x000000008bc00000, 0x000000008bc00000| Untracked 
| 189|0x000000008bd00000, 0x000000008bd00000, 0x000000008be00000|  0%| F|  |TAMS 0x000000008bd00000, 0x000000008bd00000| Untracked 
| 190|0x000000008be00000, 0x000000008bf00000, 0x000000008bf00000|100%| S|CS|TAMS 0x000000008be00000, 0x000000008be00000| Complete 
| 191|0x000000008bf00000, 0x000000008c000000, 0x000000008c000000|100%| S|CS|TAMS 0x000000008bf00000, 0x000000008bf00000| Complete 
| 192|0x000000008c000000, 0x000000008c000000, 0x000000008c100000|  0%| F|  |TAMS 0x000000008c000000, 0x000000008c000000| Untracked 
| 193|0x000000008c100000, 0x000000008c100000, 0x000000008c200000|  0%| F|  |TAMS 0x000000008c100000, 0x000000008c100000| Untracked 
| 194|0x000000008c200000, 0x000000008c200000, 0x000000008c300000|  0%| F|  |TAMS 0x000000008c200000, 0x000000008c200000| Untracked 
| 195|0x000000008c300000, 0x000000008c300000, 0x000000008c400000|  0%| F|  |TAMS 0x000000008c300000, 0x000000008c300000| Untracked 
| 196|0x000000008c400000, 0x000000008c400000, 0x000000008c500000|  0%| F|  |TAMS 0x000000008c400000, 0x000000008c400000| Untracked 
| 197|0x000000008c500000, 0x000000008c500000, 0x000000008c600000|  0%| F|  |TAMS 0x000000008c500000, 0x000000008c500000| Untracked 
| 198|0x000000008c600000, 0x000000008c600000, 0x000000008c700000|  0%| F|  |TAMS 0x000000008c600000, 0x000000008c600000| Untracked 
| 199|0x000000008c700000, 0x000000008c700000, 0x000000008c800000|  0%| F|  |TAMS 0x000000008c700000, 0x000000008c700000| Untracked 
| 200|0x000000008c800000, 0x000000008c800000, 0x000000008c900000|  0%| F|  |TAMS 0x000000008c800000, 0x000000008c800000| Untracked 
| 201|0x000000008c900000, 0x000000008c900000, 0x000000008ca00000|  0%| F|  |TAMS 0x000000008c900000, 0x000000008c900000| Untracked 

Card table byte_map: [0x0000026dbed20000,0x0000026dbf120000] _byte_map_base: 0x0000026dbe920000

Marking Bits (Prev, Next): (CMBitMap*) 0x0000026daa048c78, (CMBitMap*) 0x0000026daa048cb0
 Prev Bits: [0x0000026dbf520000, 0x0000026dc1520000)
 Next Bits: [0x0000026dc1520000, 0x0000026dc3520000)

Polling page: 0x0000026daa0e0000

Metaspace:

Usage:
  Non-class:     77.64 MB capacity,    76.41 MB ( 98%) used,  1008.95 KB (  1%) free+waste,   257.44 KB ( <1%) overhead. 
      Class:     12.30 MB capacity,    11.50 MB ( 94%) used,   701.94 KB (  6%) free+waste,   115.06 KB ( <1%) overhead. 
       Both:     89.94 MB capacity,    87.91 MB ( 98%) used,     1.67 MB (  2%) free+waste,   372.50 KB ( <1%) overhead. 

Virtual space:
  Non-class space:       78.00 MB reserved,      77.84 MB (>99%) committed 
      Class space:        1.00 GB reserved,      12.41 MB (  1%) committed 
             Both:        1.08 GB reserved,      90.25 MB (  8%) committed 

Chunk freelists:
   Non-Class:  10.00 KB
       Class:  14.00 KB
        Both:  24.00 KB

MaxMetaspaceSize: 17179869184.00 GB
CompressedClassSpaceSize: 1.00 GB
Initial GC threshold: 20.80 MB
Current GC threshold: 148.95 MB
CDS: off

CodeHeap 'non-profiled nmethods': size=120064Kb used=6336Kb max_used=6336Kb free=113728Kb
 bounds [0x0000026db6dc0000, 0x0000026db73f0000, 0x0000026dbe300000]
CodeHeap 'profiled nmethods': size=120000Kb used=24195Kb max_used=24195Kb free=95804Kb
 bounds [0x0000026daf890000, 0x0000026db1040000, 0x0000026db6dc0000]
CodeHeap 'non-nmethods': size=5696Kb used=2381Kb max_used=2436Kb free=3314Kb
 bounds [0x0000026daf300000, 0x0000026daf570000, 0x0000026daf890000]
 total_blobs=11856 nmethods=10956 adapters=812
 compilation: enabled
              stopped_count=0, restarted_count=0
 full_count=0

Compilation events (20 events):
Event: 26.882 Thread 0x0000026dc5b78000 11061       2       com.android.tools.r8.code.a::<init> (7 bytes)
Event: 26.882 Thread 0x0000026dc5b78000 nmethod 11061 0x0000026db1017710 code [0x0000026db10178c0, 0x0000026db1017a18]
Event: 26.926 Thread 0x0000026dc5b78000 11063 %     3       com.android.tools.r8.dex.i::a @ 51 (829 bytes)
Event: 26.939 Thread 0x0000026dc5b78000 nmethod 11063% 0x0000026db1017b10 code [0x0000026db1018560, 0x0000026db101f678]
Event: 26.939 Thread 0x0000026dc5b78000 11064       3       com.android.tools.r8.dex.i::a (829 bytes)
Event: 26.951 Thread 0x0000026dc5b78000 nmethod 11064 0x0000026db1022390 code [0x0000026db1022de0, 0x0000026db1029d38]
Event: 26.963 Thread 0x0000026dc5b78000 11065       2       java.util.concurrent.ConcurrentLinkedQueue$Itr::hasNext (13 bytes)
Event: 26.963 Thread 0x0000026dc5b78000 nmethod 11065 0x0000026db102ca10 code [0x0000026db102cbc0, 0x0000026db102ccd8]
Event: 26.963 Thread 0x0000026dc5b78000 11066       2       java.util.concurrent.ConcurrentLinkedQueue$Itr::next (96 bytes)
Event: 26.964 Thread 0x0000026dc5b78000 nmethod 11066 0x0000026db102cd90 code [0x0000026db102cf80, 0x0000026db102d3b8]
Event: 26.964 Thread 0x0000026dc5b78000 11067       2       com.android.tools.r8.graph.W0::e0 (2 bytes)
Event: 26.964 Thread 0x0000026dc5b78000 nmethod 11067 0x0000026db102d610 code [0x0000026db102d7c0, 0x0000026db102d8b8]
Event: 26.964 Thread 0x0000026dc5b78000 11068  s    2       com.android.tools.r8.graph.E$a::a (14 bytes)
Event: 26.965 Thread 0x0000026dc5b78000 nmethod 11068 0x0000026db102d990 code [0x0000026db102db80, 0x0000026db102e048]
Event: 26.966 Thread 0x0000026dc5b78000 11069       2       com.android.tools.r8.graph.B2$a::d (2 bytes)
Event: 26.966 Thread 0x0000026dc5b78000 nmethod 11069 0x0000026db102e290 code [0x0000026db102e440, 0x0000026db102e538]
Event: 26.970 Thread 0x0000026dc5b78000 11072   !   2       java.util.concurrent.ConcurrentHashMap::merge (545 bytes)
Event: 26.974 Thread 0x0000026dc5b78000 nmethod 11072 0x0000026db102e610 code [0x0000026db102e920, 0x0000026db102fdf8]
Event: 26.974 Thread 0x0000026dc5b78000 11073       2       com.android.tools.r8.internal.JN$$Lambda$1122/0x0000000100bc5440::get$Lambda (9 bytes)
Event: 26.974 Thread 0x0000026dc5b78000 nmethod 11073 0x0000026db1030b10 code [0x0000026db1030cc0, 0x0000026db1030e38]

GC Heap History (20 events):
Event: 18.298 GC heap after
{Heap after GC invocations=21 (full 0):
 garbage-first heap   total 143360K, used 60071K [0x0000000080000000, 0x0000000100000000)
  region size 1024K, 5 young (5120K), 5 survivors (5120K)
 Metaspace       used 75110K, capacity 76711K, committed 76796K, reserved 1116160K
  class space    used 9780K, capacity 10392K, committed 10400K, reserved 1048576K
}
Event: 19.683 GC heap before
{Heap before GC invocations=21 (full 0):
 garbage-first heap   total 143360K, used 113319K [0x0000000080000000, 0x0000000100000000)
  region size 1024K, 57 young (58368K), 5 survivors (5120K)
 Metaspace       used 80492K, capacity 82348K, committed 82556K, reserved 1120256K
  class space    used 10525K, capacity 11207K, committed 11296K, reserved 1048576K
}
Event: 19.707 GC heap after
{Heap after GC invocations=22 (full 0):
 garbage-first heap   total 172032K, used 63624K [0x0000000080000000, 0x0000000100000000)
  region size 1024K, 8 young (8192K), 8 survivors (8192K)
 Metaspace       used 80492K, capacity 82348K, committed 82556K, reserved 1120256K
  class space    used 10525K, capacity 11207K, committed 11296K, reserved 1048576K
}
Event: 21.463 GC heap before
{Heap before GC invocations=22 (full 0):
 garbage-first heap   total 172032K, used 129160K [0x0000000080000000, 0x0000000100000000)
  region size 1024K, 73 young (74752K), 8 survivors (8192K)
 Metaspace       used 82156K, capacity 84232K, committed 84348K, reserved 1122304K
  class space    used 10727K, capacity 11514K, committed 11552K, reserved 1048576K
}
Event: 21.488 GC heap after
{Heap after GC invocations=23 (full 0):
 garbage-first heap   total 172032K, used 68930K [0x0000000080000000, 0x0000000100000000)
  region size 1024K, 10 young (10240K), 10 survivors (10240K)
 Metaspace       used 82156K, capacity 84232K, committed 84348K, reserved 1122304K
  class space    used 10727K, capacity 11514K, committed 11552K, reserved 1048576K
}
Event: 22.770 GC heap before
{Heap before GC invocations=23 (full 0):
 garbage-first heap   total 172032K, used 132418K [0x0000000080000000, 0x0000000100000000)
  region size 1024K, 73 young (74752K), 10 survivors (10240K)
 Metaspace       used 82884K, capacity 84943K, committed 85244K, reserved 1122304K
  class space    used 10757K, capacity 11565K, committed 11680K, reserved 1048576K
}
Event: 22.800 GC heap after
{Heap after GC invocations=24 (full 0):
 garbage-first heap   total 172032K, used 73615K [0x0000000080000000, 0x0000000100000000)
  region size 1024K, 10 young (10240K), 10 survivors (10240K)
 Metaspace       used 82884K, capacity 84943K, committed 85244K, reserved 1122304K
  class space    used 10757K, capacity 11565K, committed 11680K, reserved 1048576K
}
Event: 24.151 GC heap before
{Heap before GC invocations=24 (full 0):
 garbage-first heap   total 172032K, used 145295K [0x0000000080000000, 0x0000000100000000)
  region size 1024K, 72 young (73728K), 10 survivors (10240K)
 Metaspace       used 86131K, capacity 88261K, committed 88444K, reserved 1126400K
  class space    used 11141K, capacity 11958K, committed 12064K, reserved 1048576K
}
Event: 24.178 GC heap after
{Heap after GC invocations=25 (full 0):
 garbage-first heap   total 172032K, used 87274K [0x0000000080000000, 0x0000000100000000)
  region size 1024K, 5 young (5120K), 5 survivors (5120K)
 Metaspace       used 86131K, capacity 88261K, committed 88444K, reserved 1126400K
  class space    used 11141K, capacity 11958K, committed 12064K, reserved 1048576K
}
Event: 24.306 GC heap before
{Heap before GC invocations=25 (full 0):
 garbage-first heap   total 172032K, used 90346K [0x0000000080000000, 0x0000000100000000)
  region size 1024K, 10 young (10240K), 5 survivors (5120K)
 Metaspace       used 87103K, capacity 89211K, committed 89340K, reserved 1126400K
  class space    used 11267K, capacity 12107K, committed 12192K, reserved 1048576K
}
Event: 24.322 GC heap after
{Heap after GC invocations=26 (full 0):
 garbage-first heap   total 206848K, used 87768K [0x0000000080000000, 0x0000000100000000)
  region size 1024K, 6 young (6144K), 6 survivors (6144K)
 Metaspace       used 87103K, capacity 89211K, committed 89340K, reserved 1126400K
  class space    used 11267K, capacity 12107K, committed 12192K, reserved 1048576K
}
Event: 24.850 GC heap before
{Heap before GC invocations=27 (full 0):
 garbage-first heap   total 206848K, used 157400K [0x0000000080000000, 0x0000000100000000)
  region size 1024K, 44 young (45056K), 6 survivors (6144K)
 Metaspace       used 87287K, capacity 89355K, committed 89596K, reserved 1126400K
  class space    used 11280K, capacity 12088K, committed 12192K, reserved 1048576K
}
Event: 24.924 GC heap after
{Heap after GC invocations=28 (full 0):
 garbage-first heap   total 206848K, used 113609K [0x0000000080000000, 0x0000000100000000)
  region size 1024K, 9 young (9216K), 9 survivors (9216K)
 Metaspace       used 87287K, capacity 89355K, committed 89596K, reserved 1126400K
  class space    used 11280K, capacity 12088K, committed 12192K, reserved 1048576K
}
Event: 25.987 GC heap before
{Heap before GC invocations=29 (full 0):
 garbage-first heap   total 206848K, used 158665K [0x0000000080000000, 0x0000000100000000)
  region size 1024K, 53 young (54272K), 9 survivors (9216K)
 Metaspace       used 89648K, capacity 91735K, committed 91772K, reserved 1128448K
  class space    used 11729K, capacity 12559K, committed 12576K, reserved 1048576K
}
Event: 26.075 GC heap after
{Heap after GC invocations=30 (full 0):
 garbage-first heap   total 206848K, used 134144K [0x0000000080000000, 0x0000000100000000)
  region size 1024K, 7 young (7168K), 7 survivors (7168K)
 Metaspace       used 89648K, capacity 91735K, committed 91772K, reserved 1128448K
  class space    used 11729K, capacity 12559K, committed 12576K, reserved 1048576K
}
Event: 26.412 GC heap before
{Heap before GC invocations=30 (full 0):
 garbage-first heap   total 206848K, used 160768K [0x0000000080000000, 0x0000000100000000)
  region size 1024K, 34 young (34816K), 7 survivors (7168K)
 Metaspace       used 89661K, capacity 91738K, committed 91772K, reserved 1128448K
  class space    used 11729K, capacity 12559K, committed 12576K, reserved 1048576K
}
Event: 26.472 GC heap after
{Heap after GC invocations=31 (full 0):
 garbage-first heap   total 206848K, used 150016K [0x0000000080000000, 0x0000000100000000)
  region size 1024K, 5 young (5120K), 5 survivors (5120K)
 Metaspace       used 89661K, capacity 91738K, committed 91772K, reserved 1128448K
  class space    used 11729K, capacity 12559K, committed 12576K, reserved 1048576K
}
Event: 26.796 GC heap before
{Heap before GC invocations=31 (full 0):
 garbage-first heap   total 206848K, used 169472K [0x0000000080000000, 0x0000000100000000)
  region size 1024K, 22 young (22528K), 5 survivors (5120K)
 Metaspace       used 89664K, capacity 91738K, committed 91772K, reserved 1128448K
  class space    used 11729K, capacity 12559K, committed 12576K, reserved 1048576K
}
Event: 26.833 GC heap after
{Heap after GC invocations=32 (full 0):
 garbage-first heap   total 206848K, used 162304K [0x0000000080000000, 0x0000000100000000)
  region size 1024K, 3 young (3072K), 3 survivors (3072K)
 Metaspace       used 89664K, capacity 91738K, committed 91772K, reserved 1128448K
  class space    used 11729K, capacity 12559K, committed 12576K, reserved 1048576K
}
Event: 27.023 GC heap before
{Heap before GC invocations=32 (full 0):
 garbage-first heap   total 206848K, used 171520K [0x0000000080000000, 0x0000000100000000)
  region size 1024K, 13 young (13312K), 3 survivors (3072K)
 Metaspace       used 90016K, capacity 92100K, committed 92412K, reserved 1128448K
  class space    used 11777K, capacity 12594K, committed 12704K, reserved 1048576K
}

Deoptimization events (20 events):
Event: 26.876 Thread 0x0000026dcc100800 DEOPT PACKING pc=0x0000026db0ee2c0c sp=0x000000f3b45fee00
Event: 26.876 Thread 0x0000026dcc100800 DEOPT UNPACKING pc=0x0000026daf34a95e sp=0x000000f3b45fe440 mode 0
Event: 26.882 Thread 0x0000026dcc100800 DEOPT PACKING pc=0x0000026db0ee2c0c sp=0x000000f3b45fede0
Event: 26.882 Thread 0x0000026dcc100800 DEOPT UNPACKING pc=0x0000026daf34a95e sp=0x000000f3b45fe420 mode 0
Event: 26.889 Thread 0x0000026dcc100800 DEOPT PACKING pc=0x0000026db0ee2c0c sp=0x000000f3b45fee00
Event: 26.889 Thread 0x0000026dcc100800 DEOPT UNPACKING pc=0x0000026daf34a95e sp=0x000000f3b45fe440 mode 0
Event: 26.897 Thread 0x0000026dcc100800 DEOPT PACKING pc=0x0000026db0ee2c0c sp=0x000000f3b45fee00
Event: 26.897 Thread 0x0000026dcc100800 DEOPT UNPACKING pc=0x0000026daf34a95e sp=0x000000f3b45fe440 mode 0
Event: 26.904 Thread 0x0000026dcc100800 DEOPT PACKING pc=0x0000026db0ee2c0c sp=0x000000f3b45fee00
Event: 26.904 Thread 0x0000026dcc100800 DEOPT UNPACKING pc=0x0000026daf34a95e sp=0x000000f3b45fe440 mode 0
Event: 26.914 Thread 0x0000026dcc100800 DEOPT PACKING pc=0x0000026db0ee2c0c sp=0x000000f3b45fee00
Event: 26.914 Thread 0x0000026dcc100800 DEOPT UNPACKING pc=0x0000026daf34a95e sp=0x000000f3b45fe440 mode 0
Event: 26.921 Thread 0x0000026dcc100800 DEOPT PACKING pc=0x0000026db0ee2c0c sp=0x000000f3b45fede0
Event: 26.921 Thread 0x0000026dcc100800 DEOPT UNPACKING pc=0x0000026daf34a95e sp=0x000000f3b45fe420 mode 0
Event: 26.926 Thread 0x0000026dcc100800 Uncommon trap: trap_request=0xffffff4d fr.pc=0x0000026db73e2874 relative=0x00000000000046b4
Event: 26.926 Thread 0x0000026dcc100800 Uncommon trap: reason=unstable_if action=reinterpret pc=0x0000026db73e2874 method=com.android.tools.r8.dex.i.a(Z)Lcom/android/tools/r8/graph/a0; @ 19 c2
Event: 26.926 Thread 0x0000026dcc100800 DEOPT PACKING pc=0x0000026db73e2874 sp=0x000000f3b45feb30
Event: 26.926 Thread 0x0000026dcc100800 DEOPT UNPACKING pc=0x0000026daf34a1af sp=0x000000f3b45feb58 mode 2
Event: 26.956 Thread 0x0000026dcc100800 DEOPT PACKING pc=0x0000026db0ee2c0c sp=0x000000f3b45fede0
Event: 26.956 Thread 0x0000026dcc100800 DEOPT UNPACKING pc=0x0000026daf34a95e sp=0x000000f3b45fe420 mode 0

Classes redefined (0 events):
No events

Internal exceptions (20 events):
Event: 20.116 Thread 0x0000026dcbd93000 Exception <a 'java/lang/NoSuchMethodError'{0x0000000089d8a7d8}: 'void java.lang.invoke.DirectMethodHandle$Holder.invokeStatic(java.lang.Object, java.lang.Object, java.lang.Object, java.lang.Object, int, java.lang.Object, java.lang.Object)'> (0x0000000089d8a7d8) thrown at [./src/hotspot/share/interpreter/linkResolver.cpp, line 773]
Event: 20.168 Thread 0x0000026dc9ec5800 Exception <a 'java/lang/NoSuchMethodError'{0x0000000089895dd8}: 'java.lang.Object java.lang.invoke.DirectMethodHandle$Holder.invokeSpecialIFC(java.lang.Object, java.lang.Object, java.lang.Object)'> (0x0000000089895dd8) thrown at [./src/hotspot/share/interpreter/linkResolver.cpp, line 773]
Event: 20.168 Thread 0x0000026dc6971000 Exception <a 'java/lang/NoSuchMethodError'{0x0000000089847660}: 'java.lang.Object java.lang.invoke.DirectMethodHandle$Holder.invokeSpecialIFC(java.lang.Object, java.lang.Object, java.lang.Object)'> (0x0000000089847660) thrown at [./src/hotspot/share/interpreter/linkResolver.cpp, line 773]
Event: 20.168 Thread 0x0000026dc9ec2800 Exception <a 'java/lang/NoSuchMethodError'{0x0000000089881a08}: 'java.lang.Object java.lang.invoke.DirectMethodHandle$Holder.invokeSpecialIFC(java.lang.Object, java.lang.Object, java.lang.Object)'> (0x0000000089881a08) thrown at [./src/hotspot/share/interpreter/linkResolver.cpp, line 773]
Event: 21.351 Thread 0x0000026dcbd93000 Exception <a 'java/lang/NoSuchMethodError'{0x00000000869713a8}: 'void java.lang.invoke.DirectMethodHandle$Holder.invokeInterface(java.lang.Object, java.lang.Object, java.lang.Object, java.lang.Object)'> (0x00000000869713a8) thrown at [./src/hotspot/share/interpreter/linkResolver.cpp, line 773]
Event: 21.410 Thread 0x0000026dc6979000 Implicit null exception at 0x0000026db72b0a82 to 0x0000026db72b13df
Event: 21.729 Thread 0x0000026dc9ec7000 Implicit null exception at 0x0000026db72da0a4 to 0x0000026db72da244
Event: 21.798 Thread 0x0000026dcbd93000 Exception <a 'java/lang/NoSuchMethodError'{0x00000000899b8348}: <clinit>> (0x00000000899b8348) thrown at [./src/hotspot/share/prims/jni.cpp, line 1366]
Event: 21.798 Thread 0x0000026dcbd93000 Exception <a 'java/lang/NoSuchMethodError'{0x00000000899b9bf8}: <clinit>> (0x00000000899b9bf8) thrown at [./src/hotspot/share/prims/jni.cpp, line 1366]
Event: 21.798 Thread 0x0000026dcbd93000 Exception <a 'java/lang/NoSuchMethodError'{0x00000000899bcaa0}: <clinit>> (0x00000000899bcaa0) thrown at [./src/hotspot/share/prims/jni.cpp, line 1366]
Event: 21.800 Thread 0x0000026dcbd93000 Exception <a 'java/lang/NoSuchMethodError'{0x00000000899d8548}: <clinit>> (0x00000000899d8548) thrown at [./src/hotspot/share/prims/jni.cpp, line 1366]
Event: 21.800 Thread 0x0000026dcbd93000 Exception <a 'java/lang/NoSuchMethodError'{0x00000000899d9a28}: <clinit>> (0x00000000899d9a28) thrown at [./src/hotspot/share/prims/jni.cpp, line 1366]
Event: 23.593 Thread 0x0000026dcbd97800 Exception <a 'java/lang/NoSuchMethodError'{0x0000000088073960}: 'void java.lang.invoke.DirectMethodHandle$Holder.invokeVirtual(java.lang.Object, java.lang.Object)'> (0x0000000088073960) thrown at [./src/hotspot/share/interpreter/linkResolver.cpp, line 773]
Event: 23.990 Thread 0x0000026dcc0f8000 Exception <a 'sun/nio/fs/WindowsException'{0x0000000086e5b708}> (0x0000000086e5b708) thrown at [./src/hotspot/share/prims/jni.cpp, line 616]
Event: 24.048 Thread 0x0000026dcc0f8000 Exception <a 'java/lang/NoSuchMethodError'{0x0000000086c078d0}: 'java.lang.Object java.lang.invoke.DirectMethodHandle$Holder.newInvokeSpecial(java.lang.Object, int)'> (0x0000000086c078d0) thrown at [./src/hotspot/share/interpreter/linkResolver.cpp, line 773]
Event: 24.294 Thread 0x0000026dcc0f8000 Exception <a 'java/lang/NoSuchMethodError'{0x000000008a4602e8}: 'java.lang.Object java.lang.invoke.DirectMethodHandle$Holder.invokeStaticInit(java.lang.Object, java.lang.Object, java.lang.Object, java.lang.Object, java.lang.Object, java.lang.Object, java.lang.Object, java.lang.Object, java.lang.Object, java.lang.Object, java.lang.Object, java.lang.Object, java.lang.Object, java.lang.Object, java.lang.Object, java.lang.Object, java.lang.Object, java.lang.Object, int, java.lang.Object, java.lang.Object)'> (0
Event: 24.946 Thread 0x0000026dcc0f8000 Implicit null exception at 0x0000026db7392d9c to 0x0000026db73937c8
Event: 25.071 Thread 0x0000026dcc100800 Exception <a 'java/lang/IncompatibleClassChangeError'{0x000000008c290448}: Found class java.lang.Object, but interface was expected> (0x000000008c290448) thrown at [./src/hotspot/share/interpreter/linkResolver.cpp, line 839]
Event: 25.216 Thread 0x0000026dcc100800 Exception <a 'java/lang/IncompatibleClassChangeError'{0x000000008be152f8}: Found class java.lang.Object, but interface was expected> (0x000000008be152f8) thrown at [./src/hotspot/share/interpreter/linkResolver.cpp, line 839]
Event: 25.217 Thread 0x0000026dcc100800 Exception <a 'java/lang/IncompatibleClassChangeError'{0x000000008be1af20}: Found class java.lang.Object, but interface was expected> (0x000000008be1af20) thrown at [./src/hotspot/share/interpreter/linkResolver.cpp, line 839]

Events (20 events):
Event: 27.018 loading class com/android/tools/r8/internal/OV done
Event: 27.018 loading class com/android/tools/r8/internal/GI
Event: 27.018 loading class com/android/tools/r8/internal/GI done
Event: 27.019 loading class com/android/tools/r8/internal/yj
Event: 27.019 loading class com/android/tools/r8/internal/yj done
Event: 27.019 loading class com/android/tools/r8/internal/SV
Event: 27.019 loading class com/android/tools/r8/internal/SV done
Event: 27.020 loading class com/android/tools/r8/internal/gv
Event: 27.020 loading class com/android/tools/r8/internal/gv done
Event: 27.020 loading class com/android/tools/r8/internal/pv
Event: 27.020 loading class com/android/tools/r8/internal/pv done
Event: 27.021 loading class com/android/tools/r8/internal/J1
Event: 27.021 loading class com/android/tools/r8/internal/J1 done
Event: 27.022 loading class com/android/tools/r8/internal/HI
Event: 27.022 loading class com/android/tools/r8/internal/HI done
Event: 27.022 loading class com/android/tools/r8/internal/PI
Event: 27.022 loading class com/android/tools/r8/internal/PI done
Event: 27.023 loading class com/android/tools/r8/internal/zj
Event: 27.023 loading class com/android/tools/r8/internal/zj done
Event: 27.023 Executing VM operation: G1CollectForAllocation


Dynamic libraries:
0x00007ff64dbc0000 - 0x00007ff64dbca000 	C:\Program Files\Android\Android Studio\jre\bin\java.exe
0x00007ffaea0d0000 - 0x00007ffaea2c8000 	C:\WINDOWS\SYSTEM32\ntdll.dll
0x00007ffaae820000 - 0x00007ffaae837000 	C:\Program Files\AVAST Software\Avast\aswhook.dll
0x00007ffae9430000 - 0x00007ffae94ef000 	C:\WINDOWS\System32\KERNEL32.DLL
0x00007ffae7dc0000 - 0x00007ffae8092000 	C:\WINDOWS\System32\KERNELBASE.dll
0x00007ffae7a70000 - 0x00007ffae7b70000 	C:\WINDOWS\System32\ucrtbase.dll
0x00007ffae5640000 - 0x00007ffae5657000 	C:\Program Files\Android\Android Studio\jre\bin\VCRUNTIME140.dll
0x00007ffae5090000 - 0x00007ffae50a9000 	C:\Program Files\Android\Android Studio\jre\bin\jli.dll
0x00007ffae9090000 - 0x00007ffae9231000 	C:\WINDOWS\System32\USER32.dll
0x00007ffae7a10000 - 0x00007ffae7a32000 	C:\WINDOWS\System32\win32u.dll
0x00007ffad6db0000 - 0x00007ffad704a000 	C:\WINDOWS\WinSxS\amd64_microsoft.windows.common-controls_6595b64144ccf1df_6.0.19041.1110_none_60b5254171f9507e\COMCTL32.dll
0x00007ffae9300000 - 0x00007ffae932b000 	C:\WINDOWS\System32\GDI32.dll
0x00007ffae86e0000 - 0x00007ffae877e000 	C:\WINDOWS\System32\msvcrt.dll
0x00007ffae7cb0000 - 0x00007ffae7dbf000 	C:\WINDOWS\System32\gdi32full.dll
0x00007ffae77c0000 - 0x00007ffae785d000 	C:\WINDOWS\System32\msvcp_win.dll
0x00007ffae9680000 - 0x00007ffae96b2000 	C:\WINDOWS\System32\IMM32.DLL
0x00007ffae2f90000 - 0x00007ffae302d000 	C:\Program Files\Android\Android Studio\jre\bin\msvcp140.dll
0x00007ffa866a0000 - 0x00007ffa871a2000 	C:\Program Files\Android\Android Studio\jre\bin\server\jvm.dll
0x00007ffae95d0000 - 0x00007ffae967e000 	C:\WINDOWS\System32\ADVAPI32.dll
0x00007ffae9330000 - 0x00007ffae93cc000 	C:\WINDOWS\System32\sechost.dll
0x00007ffae8590000 - 0x00007ffae86b5000 	C:\WINDOWS\System32\RPCRT4.dll
0x00007ffae86d0000 - 0x00007ffae86d8000 	C:\WINDOWS\System32\PSAPI.DLL
0x00007ffad5620000 - 0x00007ffad5629000 	C:\WINDOWS\SYSTEM32\WSOCK32.dll
0x00007ffad9430000 - 0x00007ffad9457000 	C:\WINDOWS\SYSTEM32\WINMM.dll
0x00007ffae89c0000 - 0x00007ffae8a2b000 	C:\WINDOWS\System32\WS2_32.dll
0x00007ffae5610000 - 0x00007ffae561a000 	C:\WINDOWS\SYSTEM32\VERSION.dll
0x00007ffae5860000 - 0x00007ffae5872000 	C:\WINDOWS\SYSTEM32\kernel.appcore.dll
0x00007ffadf690000 - 0x00007ffadf6a1000 	C:\Program Files\Android\Android Studio\jre\bin\verify.dll
0x00007ffadc1b0000 - 0x00007ffadc394000 	C:\WINDOWS\SYSTEM32\DBGHELP.DLL
0x00007ffadc170000 - 0x00007ffadc1a5000 	C:\WINDOWS\SYSTEM32\dbgcore.DLL
0x00007ffae7b70000 - 0x00007ffae7bf2000 	C:\WINDOWS\System32\bcryptPrimitives.dll
0x00007ffac1e70000 - 0x00007ffac1e99000 	C:\Program Files\Android\Android Studio\jre\bin\java.dll
0x00007ffadd000000 - 0x00007ffadd00b000 	C:\Program Files\Android\Android Studio\jre\bin\jimage.dll
0x00007ffadcfc0000 - 0x00007ffadcfd8000 	C:\Program Files\Android\Android Studio\jre\bin\zip.dll
0x00007ffae96c0000 - 0x00007ffae9e04000 	C:\WINDOWS\System32\SHELL32.dll
0x00007ffae5880000 - 0x00007ffae6012000 	C:\WINDOWS\SYSTEM32\windows.storage.dll
0x00007ffae8230000 - 0x00007ffae8585000 	C:\WINDOWS\System32\combase.dll
0x00007ffae7140000 - 0x00007ffae7170000 	C:\WINDOWS\SYSTEM32\Wldp.dll
0x00007ffae9f40000 - 0x00007ffae9fed000 	C:\WINDOWS\System32\SHCORE.dll
0x00007ffae8110000 - 0x00007ffae8165000 	C:\WINDOWS\System32\shlwapi.dll
0x00007ffae7700000 - 0x00007ffae771f000 	C:\WINDOWS\SYSTEM32\profapi.dll
0x00007ffac1e50000 - 0x00007ffac1e6a000 	C:\Program Files\Android\Android Studio\jre\bin\net.dll
0x00007ffad9b80000 - 0x00007ffad9c8c000 	C:\WINDOWS\SYSTEM32\WINHTTP.dll
0x00007ffae6ea0000 - 0x00007ffae6f0a000 	C:\WINDOWS\system32\mswsock.dll
0x00007ffac1e30000 - 0x00007ffac1e44000 	C:\Program Files\Android\Android Studio\jre\bin\nio.dll
0x00007ffad1660000 - 0x00007ffad1687000 	C:\Users\Kleivy Gomes\.gradle\native\e1d6ef7f7dcc3fd88c89a11ec53ec762bb8ba0a96d01ffa2cd45eb1d1d8dd5c5\windows-amd64\native-platform.dll
0x00007ffac1a80000 - 0x00007ffac1bc4000 	C:\Users\Kleivy Gomes\.gradle\native\0d407fdbe67a94daf76414ababcb853783967236a71b16ec16e742cd7a986fd3\windows-amd64\native-platform-file-events.dll
0x00007ffadcff0000 - 0x00007ffadcffa000 	C:\Program Files\Android\Android Studio\jre\bin\management.dll
0x00007ffadbd20000 - 0x00007ffadbd2d000 	C:\Program Files\Android\Android Studio\jre\bin\management_ext.dll
0x00007ffae7090000 - 0x00007ffae70a8000 	C:\WINDOWS\SYSTEM32\CRYPTSP.dll
0x00007ffae67c0000 - 0x00007ffae67f4000 	C:\WINDOWS\system32\rsaenh.dll
0x00007ffae7a40000 - 0x00007ffae7a67000 	C:\WINDOWS\System32\bcrypt.dll
0x00007ffae76c0000 - 0x00007ffae76ee000 	C:\WINDOWS\SYSTEM32\USERENV.dll
0x00007ffae70b0000 - 0x00007ffae70bc000 	C:\WINDOWS\SYSTEM32\CRYPTBASE.dll
0x00007ffae6b90000 - 0x00007ffae6bcb000 	C:\WINDOWS\SYSTEM32\IPHLPAPI.DLL
0x00007ffae86c0000 - 0x00007ffae86c8000 	C:\WINDOWS\System32\NSI.dll
0x00007ffada700000 - 0x00007ffada717000 	C:\WINDOWS\SYSTEM32\dhcpcsvc6.DLL
0x00007ffadc490000 - 0x00007ffadc4ad000 	C:\WINDOWS\SYSTEM32\dhcpcsvc.DLL
0x00007ffae6bd0000 - 0x00007ffae6c9a000 	C:\WINDOWS\SYSTEM32\DNSAPI.dll

dbghelp: loaded successfully - version: 4.0.5 - missing functions: none
symbol engine: initialized successfully - sym options: 0x614 - pdb path: .;C:\Program Files\Android\Android Studio\jre\bin;C:\WINDOWS\SYSTEM32;C:\Program Files\AVAST Software\Avast;C:\WINDOWS\WinSxS\amd64_microsoft.windows.common-controls_6595b64144ccf1df_6.0.19041.1110_none_60b5254171f9507e;C:\Program Files\Android\Android Studio\jre\bin\server;C:\Users\Kleivy Gomes\.gradle\native\e1d6ef7f7dcc3fd88c89a11ec53ec762bb8ba0a96d01ffa2cd45eb1d1d8dd5c5\windows-amd64;C:\Users\Kleivy Gomes\.gradle\native\0d407fdbe67a94daf76414ababcb853783967236a71b16ec16e742cd7a986fd3\windows-amd64

VM Arguments:
jvm_args: --add-opens=java.base/java.util=ALL-UNNAMED --add-opens=java.base/java.lang=ALL-UNNAMED --add-opens=java.base/java.lang.invoke=ALL-UNNAMED --add-opens=java.base/java.util=ALL-UNNAMED --add-opens=java.prefs/java.util.prefs=ALL-UNNAMED --add-opens=java.prefs/java.util.prefs=ALL-UNNAMED --add-opens=java.base/java.nio.charset=ALL-UNNAMED --add-opens=java.base/java.net=ALL-UNNAMED --add-opens=java.base/java.util.concurrent.atomic=ALL-UNNAMED -Xmx2048m -Dfile.encoding=UTF-8 -Duser.country=PT -Duser.language=pt -Duser.variant 
java_command: org.gradle.launcher.daemon.bootstrap.GradleDaemon 7.4
java_class_path (initial): C:\Users\Kleivy Gomes\.gradle\wrapper\dists\gradle-7.4-bin\c0gwcg53nkjbqw7r0h0umtfvt\gradle-7.4\lib\gradle-launcher-7.4.jar
Launcher Type: SUN_STANDARD

[Global flags]
     intx CICompilerCount                          = 3                                         {product} {ergonomic}
     uint ConcGCThreads                            = 1                                         {product} {ergonomic}
     uint G1ConcRefinementThreads                  = 4                                         {product} {ergonomic}
   size_t G1HeapRegionSize                         = 1048576                                   {product} {ergonomic}
    uintx GCDrainStackTargetSize                   = 64                                        {product} {ergonomic}
   size_t InitialHeapSize                          = 100663296                                 {product} {ergonomic}
   size_t MarkStackSize                            = 4194304                                   {product} {ergonomic}
   size_t MaxHeapSize                              = 2147483648                                {product} {command line}
   size_t MaxNewSize                               = 1287651328                                {product} {ergonomic}
   size_t MinHeapDeltaBytes                        = 1048576                                   {product} {ergonomic}
    uintx NonNMethodCodeHeapSize                   = 5830732                                {pd product} {ergonomic}
    uintx NonProfiledCodeHeapSize                  = 122913754                              {pd product} {ergonomic}
    uintx ProfiledCodeHeapSize                     = 122913754                              {pd product} {ergonomic}
    uintx ReservedCodeCacheSize                    = 251658240                              {pd product} {ergonomic}
     bool SegmentedCodeCache                       = true                                      {product} {ergonomic}
     bool UseCompressedClassPointers               = true                                 {lp64_product} {ergonomic}
     bool UseCompressedOops                        = true                                 {lp64_product} {ergonomic}
     bool UseG1GC                                  = true                                      {product} {ergonomic}
     bool UseLargePagesIndividualAllocation        = false                                  {pd product} {ergonomic}

Logging:
Log output configuration:
 #0: stdout all=warning uptime,level,tags
 #1: stderr all=off uptime,level,tags

Environment Variables:
JAVA_HOME=C:\Program Files\Java\jdk1.8.0_202
PATH=C:\app\Gomez\virtual\product\12.2.0\dbhome_1\bin;C:\Program Files\Java\jre1.8.0_202\;C:\Program Files\Java\jdk1.8.0_202\bin;C:\MinGW\bin;C:\DevSuiteHome_1\jdk\jre\bin;C:\DevSuiteHome_1\jdk\jre\bin\client;C:\DevSuiteHome_1\jlib;C:\DevSuiteHome_1\bin;C:\DevSuiteHome_1\jre\1.4.2\bin\client;C:\DevSuiteHome_1\jre\1.4.2\bin;C:\Program Files (x86)\Common Files\Oracle\Java\javapath;C:\WINDOWS\system32;C:\WINDOWS;C:\WINDOWS\System32\Wbem;C:\WINDOWS\System32\WindowsPowerShell\v1.0\;C:\Program Files\dotnet\;C:\WINDOWS\System32\OpenSSH\;C:\apache-maven-3.6.1-bin\apache-maven-3.6.1\bin;C:\ProgramData\chocolatey\bin;C:\Program Files\Git\cmd;C:\Program Files\nodejs\;C:\Program Files\PostgreSQL\14\bin;C:\Program Files\PostgreSQL\14\lib;C:\Users\Kleivy Gomes\Documents\EISC\4º ano\VR\Opengl\bin;C:\Program Files\CMake\bin;C:\Users\Kleivy Gomes\AppData\Local\Programs\Python\Python311\Scripts\;C:\Users\Kleivy Gomes\AppData\Local\Programs\Python\Python311\;C:\Users\Kleivy Gomes\AppData\Roaming\local\bin;C:\Users\Kleivy Gomes\AppData\Local\Microsoft\WindowsApps;C:\ProgramData\chocolatey\lib\ghc\tools\ghc-8.10.2\bin;C:\tools\msys64;C:\Users\Kleivy Gomes\AppData\Local\Programs\Microsoft VS Code\bin;C:\Program Files\heroku\bin;C:\Users\Kleivy Gomes\AppData\Roaming\npm;C:\Program Files\MySQL\MySQL Server 8.0\bin;C:\Program Files\MongoDB\Server\5.0\bin;C:\Program Files\JetBrains\PyCharm 2022.3\bin;
USERNAME=Kleivy Gomes
OS=Windows_NT
PROCESSOR_IDENTIFIER=Intel64 Family 6 Model 58 Stepping 9, GenuineIntel



---------------  S Y S T E M  ---------------

OS: Windows 10 , 64 bit Build 19041 (10.0.19041.2364)
OS uptime: 0 days 2:34 hours

CPU:total 4 (initial active 4) (2 cores per cpu, 2 threads per core) family 6 model 58 stepping 9 microcode 0x21, cmov, cx8, fxsr, mmx, sse, sse2, sse3, ssse3, sse4.1, sse4.2, popcnt, avx, clmul, erms, ht, tsc, tscinvbit, tscinv

Memory: 4k page, system-wide physical 6019M (430M free)
TotalPageFile size 10115M (AvailPageFile size 18M)
current process WorkingSet (physical memory assigned to process): 486M, peak: 489M
current process commit charge ("private bytes"): 517M, peak: 641M

vm_info: OpenJDK 64-Bit Server VM (11.0.13+0-b1751.21-8125866) for windows-amd64 JRE (11.0.13+0-b1751.21-8125866), built on Feb  2 2022 03:00:22 by "builder" with MS VC++ 14.0 (VS2015)

END.
