#
# There is insufficient memory for the Java Runtime Environment to continue.
# Native memory allocation (mmap) failed to map 38797312 bytes for Failed to commit area from 0x000000008b600000 to 0x000000008db00000 of length 38797312.
# Possible reasons:
#   The system is out of physical RAM or swap space
#   The process is running with CompressedOops enabled, and the Java Heap may be blocking the growth of the native heap
# Possible solutions:
#   Reduce memory load on the system
#   Increase physical memory or swap space
#   Check if swap backing store is full
#   Decrease Java heap size (-Xmx/-Xms)
#   Decrease number of Java threads
#   Decrease Java thread stack sizes (-Xss)
#   Set larger code cache with -XX:ReservedCodeCacheSize=
#   JVM is running with Unscaled Compressed Oops mode in which the Java heap is
#     placed in the first 4GB address space. The Java Heap base address is the
#     maximum limit for the native heap growth. Please use -XX:HeapBaseMinAddress
#     to set the Java Heap base and to place the Java Heap above 4GB virtual address.
# This output file may be truncated or incomplete.
#
#  Out of Memory Error (./src/hotspot/os/windows/os_windows.cpp:3619), pid=236, tid=6576
#
# JRE version: OpenJDK Runtime Environment (11.0.13) (build 11.0.13+0-b1751.21-8125866)
# Java VM: OpenJDK 64-Bit Server VM (11.0.13+0-b1751.21-8125866, mixed mode, tiered, compressed oops, g1 gc, windows-amd64)
# No core dump will be written. Minidumps are not enabled by default on client versions of Windows
#

---------------  S U M M A R Y ------------

Command Line: --add-opens=java.base/java.util=ALL-UNNAMED --add-opens=java.base/java.lang=ALL-UNNAMED --add-opens=java.base/java.lang.invoke=ALL-UNNAMED --add-opens=java.base/java.util=ALL-UNNAMED --add-opens=java.prefs/java.util.prefs=ALL-UNNAMED --add-opens=java.prefs/java.util.prefs=ALL-UNNAMED --add-opens=java.base/java.nio.charset=ALL-UNNAMED --add-opens=java.base/java.net=ALL-UNNAMED --add-opens=java.base/java.util.concurrent.atomic=ALL-UNNAMED -Xmx2048m -Dfile.encoding=UTF-8 -Duser.country=PT -Duser.language=pt -Duser.variant org.gradle.launcher.daemon.bootstrap.GradleDaemon 7.4

Host: Intel(R) Core(TM) i3-3110M CPU @ 2.40GHz, 4 cores, 5G,  Windows 10 , 64 bit Build 19041 (10.0.19041.2364)
Time: Fri Jan  6 02:51:20 2023 Hora Padrão de Cabo Verde elapsed time: 30.047566 seconds (0d 0h 0m 30s)

---------------  T H R E A D  ---------------

Current thread (0x0000016d4a7dc800):  VMThread "VM Thread" [stack: 0x0000002e55400000,0x0000002e55500000] [id=6576]

Stack: [0x0000002e55400000,0x0000002e55500000]
[error occurred during error reporting (printing stack bounds), id 0xc0000005, EXCEPTION_ACCESS_VIOLATION (0xc0000005) at pc=0x0000016d3471112d]

Native frames: (J=compiled Java code, j=interpreted, Vv=VM code, C=native code)
V  [jvm.dll+0x6100fa]
V  [jvm.dll+0x747090]
V  [jvm.dll+0x7486ad]
V  [jvm.dll+0x748ce5]
V  [jvm.dll+0x748c9b]
V  [jvm.dll+0x60f224]
V  [jvm.dll+0x60f9b8]
C  [ntdll.dll+0xa241f]
C  [ntdll.dll+0x514a4]
C  [ntdll.dll+0xa0f4e]
C  0x0000016d3471112d

VM_Operation (0x0000002e5aefccf0): G1CollectForAllocation, mode: safepoint, requested by thread 0x0000016d50c0b800


---------------  P R O C E S S  ---------------

Threads class SMR info:
_java_thread_list=0x0000016d505f5930, length=88, elements={
0x0000016d30bf5000, 0x0000016d4a7e9800, 0x0000016d4a7f3000, 0x0000016d4b1a3000,
0x0000016d4a804000, 0x0000016d4a806000, 0x0000016d4a818800, 0x0000016d4a819800,
0x0000016d4a81b000, 0x0000016d4b2e8000, 0x0000016d4d45c800, 0x0000016d4d63b800,
0x0000016d4c07c000, 0x0000016d4e6e8800, 0x0000016d4d43b800, 0x0000016d4c69c000,
0x0000016d4cc8e800, 0x0000016d4d246000, 0x0000016d4d25f000, 0x0000016d4d55e800,
0x0000016d4e590800, 0x0000016d4e591000, 0x0000016d4e58f800, 0x0000016d4e592000,
0x0000016d4e58c800, 0x0000016d4e593000, 0x0000016d4e58d000, 0x0000016d4e58e800,
0x0000016d4e58e000, 0x0000016d4ed63800, 0x0000016d4ed62000, 0x0000016d4ed66000,
0x0000016d4ed65000, 0x0000016d4ed62800, 0x0000016d4ed60800, 0x0000016d4ed67000,
0x0000016d4ed61000, 0x0000016d4ed68800, 0x0000016d4ed6a000, 0x0000016d4ed69000,
0x0000016d4ed6b000, 0x0000016d4ed6b800, 0x0000016d4ed6c800, 0x0000016d4ed6d800,
0x0000016d4ed67800, 0x0000016d4ed6e000, 0x0000016d4ed6f000, 0x0000016d4b514800,
0x0000016d4b515800, 0x0000016d4b518000, 0x0000016d4b517000, 0x0000016d4b518800,
0x0000016d4b513000, 0x0000016d4b516000, 0x0000016d4b519800, 0x0000016d4b513800,
0x0000016d4b51f000, 0x0000016d4b51a800, 0x0000016d4b520000, 0x0000016d4b51c800,
0x0000016d4b51d800, 0x0000016d4b521000, 0x0000016d4b51b000, 0x0000016d4b51e800,
0x0000016d4b521800, 0x0000016d4b51c000, 0x0000016d4e2aa000, 0x0000016d4e2b0000,
0x0000016d4e2ad800, 0x0000016d4e2af000, 0x0000016d4e2ae000, 0x0000016d4e2ab000,
0x0000016d4e2b1800, 0x0000016d4e2b0800, 0x0000016d4e2ac800, 0x0000016d4e2ac000,
0x0000016d4e2b6800, 0x0000016d4e2b7000, 0x0000016d4b681000, 0x0000016d4e2b8000,
0x0000016d4e2b2800, 0x0000016d4e2b9000, 0x0000016d4e2b3000, 0x0000016d4e2b4000,
0x0000016d4e2b5000, 0x0000016d4e2b5800, 0x0000016d50c0b800, 0x0000016d50c0c800
}

Java Threads: ( => current thread )
  0x0000016d30bf5000 JavaThread "main" [_thread_blocked, id=8952, stack(0x0000002e54e00000,0x0000002e54f00000)]
  0x0000016d4a7e9800 JavaThread "Reference Handler" daemon [_thread_blocked, id=14164, stack(0x0000002e55500000,0x0000002e55600000)]
  0x0000016d4a7f3000 JavaThread "Finalizer" daemon [_thread_blocked, id=1860, stack(0x0000002e55600000,0x0000002e55700000)]
  0x0000016d4b1a3000 JavaThread "Signal Dispatcher" daemon [_thread_blocked, id=13676, stack(0x0000002e55700000,0x0000002e55800000)]
  0x0000016d4a804000 JavaThread "Attach Listener" daemon [_thread_blocked, id=3904, stack(0x0000002e55800000,0x0000002e55900000)]
  0x0000016d4a806000 JavaThread "Service Thread" daemon [_thread_blocked, id=2356, stack(0x0000002e55900000,0x0000002e55a00000)]
  0x0000016d4a818800 JavaThread "C2 CompilerThread0" daemon [_thread_blocked, id=1296, stack(0x0000002e55a00000,0x0000002e55b00000)]
  0x0000016d4a819800 JavaThread "C1 CompilerThread0" daemon [_thread_blocked, id=2676, stack(0x0000002e55b00000,0x0000002e55c00000)]
  0x0000016d4a81b000 JavaThread "Sweeper thread" daemon [_thread_blocked, id=13480, stack(0x0000002e55c00000,0x0000002e55d00000)]
  0x0000016d4b2e8000 JavaThread "Common-Cleaner" daemon [_thread_blocked, id=9320, stack(0x0000002e55d00000,0x0000002e55e00000)]
  0x0000016d4d45c800 JavaThread "Daemon health stats" [_thread_blocked, id=13936, stack(0x0000002e56100000,0x0000002e56200000)]
  0x0000016d4d63b800 JavaThread "Incoming local TCP Connector on port 62160" [_thread_in_native, id=5740, stack(0x0000002e55f00000,0x0000002e56000000)]
  0x0000016d4c07c000 JavaThread "Daemon periodic checks" [_thread_blocked, id=13524, stack(0x0000002e56200000,0x0000002e56300000)]
  0x0000016d4e6e8800 JavaThread "Daemon" [_thread_blocked, id=11076, stack(0x0000002e56300000,0x0000002e56400000)]
  0x0000016d4d43b800 JavaThread "Handler for socket connection from /127.0.0.1:62160 to /127.0.0.1:62161" [_thread_in_native, id=12756, stack(0x0000002e56400000,0x0000002e56500000)]
  0x0000016d4c69c000 JavaThread "Cancel handler" [_thread_blocked, id=13420, stack(0x0000002e56700000,0x0000002e56800000)]
  0x0000016d4cc8e800 JavaThread "Daemon worker" [_thread_blocked, id=6916, stack(0x0000002e56800000,0x0000002e56900000)]
  0x0000016d4d246000 JavaThread "Asynchronous log dispatcher for DefaultDaemonConnection: socket connection from /127.0.0.1:62160 to /127.0.0.1:62161" [_thread_blocked, id=784, stack(0x0000002e56900000,0x0000002e56a00000)]
  0x0000016d4d25f000 JavaThread "Stdin handler" [_thread_blocked, id=12840, stack(0x0000002e56a00000,0x0000002e56b00000)]
  0x0000016d4d55e800 JavaThread "Daemon client event forwarder" [_thread_blocked, id=12348, stack(0x0000002e56b00000,0x0000002e56c00000)]
  0x0000016d4e590800 JavaThread "Cache worker for journal cache (C:\Users\Kleivy Gomes\.gradle\caches\journal-1)" [_thread_blocked, id=688, stack(0x0000002e56d00000,0x0000002e56e00000)]
  0x0000016d4e591000 JavaThread "File lock request listener" [_thread_in_native, id=14284, stack(0x0000002e56e00000,0x0000002e56f00000)]
  0x0000016d4e58f800 JavaThread "Cache worker for file hash cache (C:\Users\Kleivy Gomes\.gradle\caches\7.4\fileHashes)" [_thread_blocked, id=4528, stack(0x0000002e56f00000,0x0000002e57000000)]
  0x0000016d4e592000 JavaThread "File watcher server" daemon [_thread_blocked, id=3560, stack(0x0000002e57000000,0x0000002e57100000)]
  0x0000016d4e58c800 JavaThread "File watcher consumer" daemon [_thread_blocked, id=14080, stack(0x0000002e57100000,0x0000002e57200000)]
  0x0000016d4e593000 JavaThread "Cache worker for checksums cache (C:\Users\Kleivy Gomes\AndroidStudioProjects\Contact\.gradle\7.4\checksums)" [_thread_blocked, id=14240, stack(0x0000002e57200000,0x0000002e57300000)]
  0x0000016d4e58d000 JavaThread "Cache worker for cache directory md-rule (C:\Users\Kleivy Gomes\.gradle\caches\7.4\md-rule)" [_thread_blocked, id=2924, stack(0x0000002e57300000,0x0000002e57400000)]
  0x0000016d4e58e800 JavaThread "Cache worker for file hash cache (C:\Users\Kleivy Gomes\AndroidStudioProjects\Contact\.gradle\7.4\fileHashes)" [_thread_blocked, id=11348, stack(0x0000002e57400000,0x0000002e57500000)]
  0x0000016d4e58e000 JavaThread "Cache worker for cache directory md-supplier (C:\Users\Kleivy Gomes\.gradle\caches\7.4\md-supplier)" [_thread_blocked, id=8728, stack(0x0000002e57500000,0x0000002e57600000)]
  0x0000016d4ed63800 JavaThread "Cache worker for execution history cache (C:\Users\Kleivy Gomes\.gradle\caches\7.4\executionHistory)" [_thread_blocked, id=3824, stack(0x0000002e57600000,0x0000002e57700000)]
  0x0000016d4ed62000 JavaThread "jar transforms" [_thread_blocked, id=11360, stack(0x0000002e57700000,0x0000002e57800000)]
  0x0000016d4ed66000 JavaThread "Cache worker for file content cache (C:\Users\Kleivy Gomes\.gradle\caches\7.4\fileContent)" [_thread_blocked, id=10216, stack(0x0000002e57800000,0x0000002e57900000)]
  0x0000016d4ed65000 JavaThread "jar transforms Thread 2" [_thread_blocked, id=7496, stack(0x0000002e57900000,0x0000002e57a00000)]
  0x0000016d4ed62800 JavaThread "Cache worker for dependencies-accessors (C:\Users\Kleivy Gomes\AndroidStudioProjects\Contact\.gradle\7.4\dependencies-accessors)" [_thread_blocked, id=8604, stack(0x0000002e57a00000,0x0000002e57b00000)]
  0x0000016d4ed60800 JavaThread "jar transforms Thread 3" [_thread_blocked, id=9452, stack(0x0000002e57b00000,0x0000002e57c00000)]
  0x0000016d4ed67000 JavaThread "Cache worker for Build Output Cleanup Cache (C:\Users\Kleivy Gomes\AndroidStudioProjects\Contact\.gradle\buildOutputCleanup)" [_thread_blocked, id=11108, stack(0x0000002e57c00000,0x0000002e57d00000)]
  0x0000016d4ed61000 JavaThread "Unconstrained build operations" [_thread_blocked, id=13732, stack(0x0000002e57d00000,0x0000002e57e00000)]
  0x0000016d4ed68800 JavaThread "Unconstrained build operations Thread 2" [_thread_blocked, id=7024, stack(0x0000002e57e00000,0x0000002e57f00000)]
  0x0000016d4ed6a000 JavaThread "Unconstrained build operations Thread 3" [_thread_blocked, id=13772, stack(0x0000002e57f00000,0x0000002e58000000)]
  0x0000016d4ed69000 JavaThread "Unconstrained build operations Thread 4" [_thread_blocked, id=5516, stack(0x0000002e58000000,0x0000002e58100000)]
  0x0000016d4ed6b000 JavaThread "Unconstrained build operations Thread 5" [_thread_blocked, id=10204, stack(0x0000002e58100000,0x0000002e58200000)]
  0x0000016d4ed6b800 JavaThread "Unconstrained build operations Thread 6" [_thread_blocked, id=124, stack(0x0000002e58200000,0x0000002e58300000)]
  0x0000016d4ed6c800 JavaThread "Unconstrained build operations Thread 7" [_thread_blocked, id=6032, stack(0x0000002e58300000,0x0000002e58400000)]
  0x0000016d4ed6d800 JavaThread "Unconstrained build operations Thread 8" [_thread_blocked, id=1352, stack(0x0000002e58400000,0x0000002e58500000)]
  0x0000016d4ed67800 JavaThread "Unconstrained build operations Thread 9" [_thread_blocked, id=6660, stack(0x0000002e58500000,0x0000002e58600000)]
  0x0000016d4ed6e000 JavaThread "Unconstrained build operations Thread 10" [_thread_blocked, id=13340, stack(0x0000002e58600000,0x0000002e58700000)]
  0x0000016d4ed6f000 JavaThread "Unconstrained build operations Thread 11" [_thread_blocked, id=9056, stack(0x0000002e58700000,0x0000002e58800000)]
  0x0000016d4b514800 JavaThread "Unconstrained build operations Thread 12" [_thread_blocked, id=12884, stack(0x0000002e58800000,0x0000002e58900000)]
  0x0000016d4b515800 JavaThread "Unconstrained build operations Thread 13" [_thread_blocked, id=2236, stack(0x0000002e58900000,0x0000002e58a00000)]
  0x0000016d4b518000 JavaThread "Unconstrained build operations Thread 14" [_thread_blocked, id=3372, stack(0x0000002e58a00000,0x0000002e58b00000)]
  0x0000016d4b517000 JavaThread "Unconstrained build operations Thread 15" [_thread_blocked, id=8616, stack(0x0000002e58b00000,0x0000002e58c00000)]
  0x0000016d4b518800 JavaThread "Unconstrained build operations Thread 16" [_thread_blocked, id=2228, stack(0x0000002e58c00000,0x0000002e58d00000)]
  0x0000016d4b513000 JavaThread "Unconstrained build operations Thread 17" [_thread_blocked, id=248, stack(0x0000002e58d00000,0x0000002e58e00000)]
  0x0000016d4b516000 JavaThread "Unconstrained build operations Thread 18" [_thread_blocked, id=14168, stack(0x0000002e58e00000,0x0000002e58f00000)]
  0x0000016d4b519800 JavaThread "Unconstrained build operations Thread 19" [_thread_blocked, id=5580, stack(0x0000002e58f00000,0x0000002e59000000)]
  0x0000016d4b513800 JavaThread "Unconstrained build operations Thread 20" [_thread_blocked, id=6908, stack(0x0000002e59000000,0x0000002e59100000)]
  0x0000016d4b51f000 JavaThread "Unconstrained build operations Thread 21" [_thread_blocked, id=2796, stack(0x0000002e59100000,0x0000002e59200000)]
  0x0000016d4b51a800 JavaThread "Unconstrained build operations Thread 22" [_thread_blocked, id=3276, stack(0x0000002e59200000,0x0000002e59300000)]
  0x0000016d4b520000 JavaThread "Unconstrained build operations Thread 23" [_thread_blocked, id=1076, stack(0x0000002e59300000,0x0000002e59400000)]
  0x0000016d4b51c800 JavaThread "Unconstrained build operations Thread 24" [_thread_blocked, id=12524, stack(0x0000002e59400000,0x0000002e59500000)]
  0x0000016d4b51d800 JavaThread "Unconstrained build operations Thread 25" [_thread_blocked, id=6308, stack(0x0000002e59500000,0x0000002e59600000)]
  0x0000016d4b521000 JavaThread "Unconstrained build operations Thread 26" [_thread_blocked, id=8860, stack(0x0000002e59600000,0x0000002e59700000)]
  0x0000016d4b51b000 JavaThread "Unconstrained build operations Thread 27" [_thread_blocked, id=12148, stack(0x0000002e59700000,0x0000002e59800000)]
  0x0000016d4b51e800 JavaThread "Unconstrained build operations Thread 28" [_thread_blocked, id=8284, stack(0x0000002e59800000,0x0000002e59900000)]
  0x0000016d4b521800 JavaThread "Unconstrained build operations Thread 29" [_thread_blocked, id=13472, stack(0x0000002e59900000,0x0000002e59a00000)]
  0x0000016d4b51c000 JavaThread "Unconstrained build operations Thread 30" [_thread_blocked, id=10992, stack(0x0000002e59a00000,0x0000002e59b00000)]
  0x0000016d4e2aa000 JavaThread "Unconstrained build operations Thread 31" [_thread_blocked, id=9784, stack(0x0000002e59b00000,0x0000002e59c00000)]
  0x0000016d4e2b0000 JavaThread "Unconstrained build operations Thread 32" [_thread_blocked, id=11584, stack(0x0000002e59c00000,0x0000002e59d00000)]
  0x0000016d4e2ad800 JavaThread "Unconstrained build operations Thread 33" [_thread_blocked, id=13556, stack(0x0000002e59d00000,0x0000002e59e00000)]
  0x0000016d4e2af000 JavaThread "Unconstrained build operations Thread 34" [_thread_blocked, id=8564, stack(0x0000002e59e00000,0x0000002e59f00000)]
  0x0000016d4e2ae000 JavaThread "Unconstrained build operations Thread 35" [_thread_blocked, id=12444, stack(0x0000002e59f00000,0x0000002e5a000000)]
  0x0000016d4e2ab000 JavaThread "Unconstrained build operations Thread 36" [_thread_blocked, id=14016, stack(0x0000002e5a000000,0x0000002e5a100000)]
  0x0000016d4e2b1800 JavaThread "Unconstrained build operations Thread 37" [_thread_blocked, id=12108, stack(0x0000002e5a100000,0x0000002e5a200000)]
  0x0000016d4e2b0800 JavaThread "Unconstrained build operations Thread 38" [_thread_blocked, id=7632, stack(0x0000002e5a200000,0x0000002e5a300000)]
  0x0000016d4e2ac800 JavaThread "Unconstrained build operations Thread 39" [_thread_blocked, id=9768, stack(0x0000002e5a300000,0x0000002e5a400000)]
  0x0000016d4e2ac000 JavaThread "Unconstrained build operations Thread 40" [_thread_blocked, id=10684, stack(0x0000002e5a400000,0x0000002e5a500000)]
  0x0000016d4e2b6800 JavaThread "jar transforms Thread 4" [_thread_blocked, id=3464, stack(0x0000002e5a500000,0x0000002e5a600000)]
  0x0000016d4e2b7000 JavaThread "Memory manager" [_thread_blocked, id=1100, stack(0x0000002e5a600000,0x0000002e5a700000)]
  0x0000016d4b681000 JavaThread "C2 CompilerThread1" daemon [_thread_blocked, id=14064, stack(0x0000002e56c00000,0x0000002e56d00000)]
  0x0000016d4e2b8000 JavaThread "build event listener" [_thread_blocked, id=10988, stack(0x0000002e5a700000,0x0000002e5a800000)]
  0x0000016d4e2b2800 JavaThread "included builds" [_thread_blocked, id=9936, stack(0x0000002e5a800000,0x0000002e5a900000)]
  0x0000016d4e2b9000 JavaThread "Execution worker for ':'" [_thread_blocked, id=6132, stack(0x0000002e5a900000,0x0000002e5aa00000)]
  0x0000016d4e2b3000 JavaThread "Execution worker for ':' Thread 2" [_thread_blocked, id=1828, stack(0x0000002e5aa00000,0x0000002e5ab00000)]
  0x0000016d4e2b4000 JavaThread "Execution worker for ':' Thread 3" [_thread_blocked, id=4000, stack(0x0000002e5ab00000,0x0000002e5ac00000)]
  0x0000016d4e2b5000 JavaThread "Cache worker for execution history cache (C:\Users\Kleivy Gomes\AndroidStudioProjects\Contact\.gradle\7.4\executionHistory)" [_thread_blocked, id=14268, stack(0x0000002e5ac00000,0x0000002e5ad00000)]
  0x0000016d4e2b5800 JavaThread "WorkerExecutor Queue" [_thread_blocked, id=6800, stack(0x0000002e5ad00000,0x0000002e5ae00000)]
  0x0000016d50c0b800 JavaThread "WorkerExecutor Queue Thread 2" [_thread_blocked, id=7924, stack(0x0000002e5ae00000,0x0000002e5af00000)]
  0x0000016d50c0c800 JavaThread "WorkerExecutor Queue Thread 3" [_thread_blocked, id=3796, stack(0x0000002e5af00000,0x0000002e5b000000)]

Other Threads:
=>0x0000016d4a7dc800 VMThread "VM Thread" [stack: 0x0000002e55400000,0x0000002e55500000] [id=6576]
  0x0000016d4b2fb800 WatcherThread [stack: 0x0000002e55e00000,0x0000002e55f00000] [id=6412]
  0x0000016d30c0f800 GCTaskThread "GC Thread#0" [stack: 0x0000002e54f00000,0x0000002e55000000] [id=3208]
  0x0000016d4b535800 GCTaskThread "GC Thread#1" [stack: 0x0000002e56000000,0x0000002e56100000] [id=11580]
  0x0000016d4d447800 GCTaskThread "GC Thread#2" [stack: 0x0000002e56500000,0x0000002e56600000] [id=10980]
  0x0000016d4c9a6800 GCTaskThread "GC Thread#3" [stack: 0x0000002e56600000,0x0000002e56700000] [id=13148]
  0x0000016d30c3f000 ConcurrentGCThread "G1 Main Marker" [stack: 0x0000002e55000000,0x0000002e55100000] [id=1164]
  0x0000016d30c40800 ConcurrentGCThread "G1 Conc#0" [stack: 0x0000002e55100000,0x0000002e55200000] [id=4428]
  0x0000016d30cb6000 ConcurrentGCThread "G1 Refine#0" [stack: 0x0000002e55200000,0x0000002e55300000] [id=13552]
  0x0000016d30cb7000 ConcurrentGCThread "G1 Young RemSet Sampling" [stack: 0x0000002e55300000,0x0000002e55400000] [id=9896]

Threads with active compile tasks:
C2 CompilerThread0  30076 10550       4       com.android.tools.r8.graph.P0::<init> (62 bytes)
C2 CompilerThread1  30076 10554   !   4       com.android.tools.r8.graph.a1::s0 (91 bytes)

VM state:at safepoint (normal execution)

VM Mutex/Monitor currently owned by a thread:  ([mutex/lock_event])
[0x0000016d30bf0f60] Threads_lock - owner thread: 0x0000016d4a7dc800
[0x0000016d30bf0d20] Heap_lock - owner thread: 0x0000016d50c0b800

Heap address: 0x0000000080000000, size: 2048 MB, Compressed Oops mode: 32-bit
Narrow klass base: 0x0000000000000000, Narrow klass shift: 3
Compressed class space size: 1073741824 Address: 0x0000000100000000

Heap:
 garbage-first heap   total 224256K, used 113664K [0x0000000080000000, 0x0000000100000000)
  region size 1024K, 8 young (8192K), 8 survivors (8192K)
 Metaspace       used 87502K, capacity 89645K, committed 89892K, reserved 1126400K
  class space    used 11310K, capacity 12140K, committed 12236K, reserved 1048576K
Heap Regions: E=young(eden), S=young(survivor), O=old, HS=humongous(starts), HC=humongous(continues), CS=collection set, F=free, A=archive, TAMS=top-at-mark-start (previous, next)
|   0|0x0000000080000000, 0x0000000080100000, 0x0000000080100000|100%|HS|  |TAMS 0x0000000080100000, 0x0000000080100000| Complete 
|   1|0x0000000080100000, 0x0000000080200000, 0x0000000080200000|100%|HC|  |TAMS 0x0000000080200000, 0x0000000080200000| Complete 
|   2|0x0000000080200000, 0x0000000080300000, 0x0000000080300000|100%|HC|  |TAMS 0x0000000080300000, 0x0000000080300000| Complete 
|   3|0x0000000080300000, 0x0000000080400000, 0x0000000080400000|100%| O|  |TAMS 0x0000000080400000, 0x0000000080400000| Untracked 
|   4|0x0000000080400000, 0x0000000080500000, 0x0000000080500000|100%| O|  |TAMS 0x0000000080500000, 0x0000000080500000| Untracked 
|   5|0x0000000080500000, 0x0000000080600000, 0x0000000080600000|100%| O|  |TAMS 0x0000000080600000, 0x0000000080600000| Untracked 
|   6|0x0000000080600000, 0x0000000080700000, 0x0000000080700000|100%| O|  |TAMS 0x0000000080700000, 0x0000000080700000| Untracked 
|   7|0x0000000080700000, 0x0000000080800000, 0x0000000080800000|100%| O|  |TAMS 0x0000000080800000, 0x0000000080800000| Untracked 
|   8|0x0000000080800000, 0x0000000080900000, 0x0000000080900000|100%| O|  |TAMS 0x0000000080900000, 0x0000000080900000| Untracked 
|   9|0x0000000080900000, 0x0000000080a00000, 0x0000000080a00000|100%| O|  |TAMS 0x0000000080a00000, 0x0000000080a00000| Untracked 
|  10|0x0000000080a00000, 0x0000000080b00000, 0x0000000080b00000|100%| O|  |TAMS 0x0000000080b00000, 0x0000000080b00000| Untracked 
|  11|0x0000000080b00000, 0x0000000080c00000, 0x0000000080c00000|100%| O|  |TAMS 0x0000000080c00000, 0x0000000080c00000| Untracked 
|  12|0x0000000080c00000, 0x0000000080d00000, 0x0000000080d00000|100%| O|  |TAMS 0x0000000080d00000, 0x0000000080d00000| Untracked 
|  13|0x0000000080d00000, 0x0000000080e00000, 0x0000000080e00000|100%| O|  |TAMS 0x0000000080e00000, 0x0000000080e00000| Untracked 
|  14|0x0000000080e00000, 0x0000000080f00000, 0x0000000080f00000|100%| O|  |TAMS 0x0000000080f00000, 0x0000000080f00000| Untracked 
|  15|0x0000000080f00000, 0x0000000081000000, 0x0000000081000000|100%| O|  |TAMS 0x0000000081000000, 0x0000000081000000| Untracked 
|  16|0x0000000081000000, 0x0000000081100000, 0x0000000081100000|100%| O|  |TAMS 0x0000000081100000, 0x0000000081100000| Untracked 
|  17|0x0000000081100000, 0x0000000081200000, 0x0000000081200000|100%| O|  |TAMS 0x0000000081200000, 0x0000000081200000| Untracked 
|  18|0x0000000081200000, 0x0000000081300000, 0x0000000081300000|100%|HS|  |TAMS 0x0000000081300000, 0x0000000081300000| Complete 
|  19|0x0000000081300000, 0x0000000081400000, 0x0000000081400000|100%| O|  |TAMS 0x0000000081400000, 0x0000000081400000| Untracked 
|  20|0x0000000081400000, 0x0000000081500000, 0x0000000081500000|100%| O|  |TAMS 0x0000000081500000, 0x0000000081500000| Untracked 
|  21|0x0000000081500000, 0x0000000081600000, 0x0000000081600000|100%| O|  |TAMS 0x0000000081600000, 0x0000000081600000| Untracked 
|  22|0x0000000081600000, 0x0000000081700000, 0x0000000081700000|100%| O|  |TAMS 0x0000000081700000, 0x0000000081700000| Untracked 
|  23|0x0000000081700000, 0x0000000081800000, 0x0000000081800000|100%| O|  |TAMS 0x0000000081800000, 0x0000000081800000| Untracked 
|  24|0x0000000081800000, 0x0000000081900000, 0x0000000081900000|100%| O|  |TAMS 0x0000000081900000, 0x0000000081900000| Untracked 
|  25|0x0000000081900000, 0x0000000081a00000, 0x0000000081a00000|100%| O|  |TAMS 0x0000000081a00000, 0x0000000081a00000| Untracked 
|  26|0x0000000081a00000, 0x0000000081b00000, 0x0000000081b00000|100%|HS|  |TAMS 0x0000000081b00000, 0x0000000081b00000| Complete 
|  27|0x0000000081b00000, 0x0000000081c00000, 0x0000000081c00000|100%| O|  |TAMS 0x0000000081c00000, 0x0000000081c00000| Untracked 
|  28|0x0000000081c00000, 0x0000000081d00000, 0x0000000081d00000|100%|HS|  |TAMS 0x0000000081d00000, 0x0000000081d00000| Complete 
|  29|0x0000000081d00000, 0x0000000081e00000, 0x0000000081e00000|100%|HC|  |TAMS 0x0000000081e00000, 0x0000000081e00000| Complete 
|  30|0x0000000081e00000, 0x0000000081f00000, 0x0000000081f00000|100%| O|  |TAMS 0x0000000081f00000, 0x0000000081f00000| Untracked 
|  31|0x0000000081f00000, 0x0000000082000000, 0x0000000082000000|100%| O|  |TAMS 0x0000000082000000, 0x0000000082000000| Untracked 
|  32|0x0000000082000000, 0x0000000082100000, 0x0000000082100000|100%| O|  |TAMS 0x0000000082100000, 0x0000000082100000| Untracked 
|  33|0x0000000082100000, 0x0000000082200000, 0x0000000082200000|100%| O|  |TAMS 0x0000000082200000, 0x0000000082200000| Untracked 
|  34|0x0000000082200000, 0x0000000082300000, 0x0000000082300000|100%| O|  |TAMS 0x0000000082300000, 0x0000000082300000| Untracked 
|  35|0x0000000082300000, 0x0000000082400000, 0x0000000082400000|100%| O|  |TAMS 0x0000000082400000, 0x0000000082400000| Untracked 
|  36|0x0000000082400000, 0x0000000082500000, 0x0000000082500000|100%| O|  |TAMS 0x0000000082500000, 0x0000000082500000| Untracked 
|  37|0x0000000082500000, 0x0000000082600000, 0x0000000082600000|100%| O|  |TAMS 0x0000000082600000, 0x0000000082600000| Untracked 
|  38|0x0000000082600000, 0x0000000082700000, 0x0000000082700000|100%| O|  |TAMS 0x0000000082700000, 0x0000000082700000| Untracked 
|  39|0x0000000082700000, 0x0000000082800000, 0x0000000082800000|100%| O|  |TAMS 0x0000000082800000, 0x0000000082800000| Untracked 
|  40|0x0000000082800000, 0x0000000082900000, 0x0000000082900000|100%| O|  |TAMS 0x0000000082900000, 0x0000000082900000| Untracked 
|  41|0x0000000082900000, 0x0000000082a00000, 0x0000000082a00000|100%| O|  |TAMS 0x0000000082a00000, 0x0000000082a00000| Untracked 
|  42|0x0000000082a00000, 0x0000000082b00000, 0x0000000082b00000|100%| O|  |TAMS 0x0000000082b00000, 0x0000000082b00000| Untracked 
|  43|0x0000000082b00000, 0x0000000082c00000, 0x0000000082c00000|100%| O|  |TAMS 0x0000000082c00000, 0x0000000082c00000| Untracked 
|  44|0x0000000082c00000, 0x0000000082d00000, 0x0000000082d00000|100%| O|  |TAMS 0x0000000082d00000, 0x0000000082d00000| Untracked 
|  45|0x0000000082d00000, 0x0000000082e00000, 0x0000000082e00000|100%| O|  |TAMS 0x0000000082e00000, 0x0000000082e00000| Untracked 
|  46|0x0000000082e00000, 0x0000000082f00000, 0x0000000082f00000|100%| O|  |TAMS 0x0000000082f00000, 0x0000000082f00000| Untracked 
|  47|0x0000000082f00000, 0x0000000083000000, 0x0000000083000000|100%| O|  |TAMS 0x0000000083000000, 0x0000000083000000| Untracked 
|  48|0x0000000083000000, 0x0000000083100000, 0x0000000083100000|100%| O|  |TAMS 0x0000000083100000, 0x0000000083100000| Untracked 
|  49|0x0000000083100000, 0x0000000083200000, 0x0000000083200000|100%| O|  |TAMS 0x0000000083200000, 0x0000000083200000| Untracked 
|  50|0x0000000083200000, 0x0000000083300000, 0x0000000083300000|100%| O|  |TAMS 0x0000000083300000, 0x0000000083300000| Untracked 
|  51|0x0000000083300000, 0x0000000083400000, 0x0000000083400000|100%| O|  |TAMS 0x0000000083400000, 0x0000000083400000| Untracked 
|  52|0x0000000083400000, 0x0000000083500000, 0x0000000083500000|100%| O|  |TAMS 0x0000000083500000, 0x0000000083500000| Untracked 
|  53|0x0000000083500000, 0x0000000083600000, 0x0000000083600000|100%| O|  |TAMS 0x0000000083600000, 0x0000000083600000| Untracked 
|  54|0x0000000083600000, 0x0000000083700000, 0x0000000083700000|100%| O|  |TAMS 0x0000000083700000, 0x0000000083700000| Untracked 
|  55|0x0000000083700000, 0x0000000083800000, 0x0000000083800000|100%| O|  |TAMS 0x0000000083800000, 0x0000000083800000| Untracked 
|  56|0x0000000083800000, 0x0000000083900000, 0x0000000083900000|100%| O|  |TAMS 0x0000000083900000, 0x0000000083900000| Untracked 
|  57|0x0000000083900000, 0x0000000083a00000, 0x0000000083a00000|100%| O|  |TAMS 0x0000000083a00000, 0x0000000083a00000| Untracked 
|  58|0x0000000083a00000, 0x0000000083b00000, 0x0000000083b00000|100%| O|  |TAMS 0x0000000083b00000, 0x0000000083b00000| Untracked 
|  59|0x0000000083b00000, 0x0000000083c00000, 0x0000000083c00000|100%| O|  |TAMS 0x0000000083c00000, 0x0000000083c00000| Untracked 
|  60|0x0000000083c00000, 0x0000000083d00000, 0x0000000083d00000|100%| O|  |TAMS 0x0000000083d00000, 0x0000000083d00000| Untracked 
|  61|0x0000000083d00000, 0x0000000083e00000, 0x0000000083e00000|100%| O|  |TAMS 0x0000000083e00000, 0x0000000083e00000| Untracked 
|  62|0x0000000083e00000, 0x0000000083f00000, 0x0000000083f00000|100%| O|  |TAMS 0x0000000083f00000, 0x0000000083f00000| Untracked 
|  63|0x0000000083f00000, 0x0000000084000000, 0x0000000084000000|100%|HS|  |TAMS 0x0000000084000000, 0x0000000084000000| Complete 
|  64|0x0000000084000000, 0x0000000084100000, 0x0000000084100000|100%|HC|  |TAMS 0x0000000084100000, 0x0000000084100000| Complete 
|  65|0x0000000084100000, 0x0000000084200000, 0x0000000084200000|100%|HC|  |TAMS 0x0000000084200000, 0x0000000084200000| Complete 
|  66|0x0000000084200000, 0x0000000084300000, 0x0000000084300000|100%|HC|  |TAMS 0x0000000084300000, 0x0000000084300000| Complete 
|  67|0x0000000084300000, 0x0000000084400000, 0x0000000084400000|100%|HC|  |TAMS 0x0000000084400000, 0x0000000084400000| Complete 
|  68|0x0000000084400000, 0x0000000084500000, 0x0000000084500000|100%|HC|  |TAMS 0x0000000084500000, 0x0000000084500000| Complete 
|  69|0x0000000084500000, 0x0000000084600000, 0x0000000084600000|100%|HC|  |TAMS 0x0000000084600000, 0x0000000084600000| Complete 
|  70|0x0000000084600000, 0x0000000084700000, 0x0000000084700000|100%|HC|  |TAMS 0x0000000084700000, 0x0000000084700000| Complete 
|  71|0x0000000084700000, 0x0000000084800000, 0x0000000084800000|100%|HC|  |TAMS 0x0000000084800000, 0x0000000084800000| Complete 
|  72|0x0000000084800000, 0x0000000084800000, 0x0000000084900000|  0%| F|  |TAMS 0x0000000084800000, 0x0000000084800000| Untracked 
|  73|0x0000000084900000, 0x0000000084900000, 0x0000000084a00000|  0%| F|  |TAMS 0x0000000084900000, 0x0000000084900000| Untracked 
|  74|0x0000000084a00000, 0x0000000084a00000, 0x0000000084b00000|  0%| F|  |TAMS 0x0000000084a00000, 0x0000000084a00000| Untracked 
|  75|0x0000000084b00000, 0x0000000084c00000, 0x0000000084c00000|100%| O|  |TAMS 0x0000000084c00000, 0x0000000084c00000| Untracked 
|  76|0x0000000084c00000, 0x0000000084d00000, 0x0000000084d00000|100%| O|  |TAMS 0x0000000084d00000, 0x0000000084d00000| Untracked 
|  77|0x0000000084d00000, 0x0000000084e00000, 0x0000000084e00000|100%| O|  |TAMS 0x0000000084e00000, 0x0000000084e00000| Untracked 
|  78|0x0000000084e00000, 0x0000000084f00000, 0x0000000084f00000|100%| O|  |TAMS 0x0000000084f00000, 0x0000000084f00000| Untracked 
|  79|0x0000000084f00000, 0x0000000085000000, 0x0000000085000000|100%| O|  |TAMS 0x0000000084f9d800, 0x0000000085000000| Untracked 
|  80|0x0000000085000000, 0x0000000085000000, 0x0000000085100000|  0%| F|  |TAMS 0x0000000085000000, 0x0000000085000000| Untracked 
|  81|0x0000000085100000, 0x0000000085100000, 0x0000000085200000|  0%| F|  |TAMS 0x0000000085100000, 0x0000000085100000| Untracked 
|  82|0x0000000085200000, 0x0000000085200000, 0x0000000085300000|  0%| F|  |TAMS 0x0000000085200000, 0x0000000085200000| Untracked 
|  83|0x0000000085300000, 0x0000000085300000, 0x0000000085400000|  0%| F|  |TAMS 0x0000000085300000, 0x0000000085300000| Untracked 
|  84|0x0000000085400000, 0x0000000085400000, 0x0000000085500000|  0%| F|  |TAMS 0x0000000085400000, 0x0000000085400000| Untracked 
|  85|0x0000000085500000, 0x0000000085500000, 0x0000000085600000|  0%| F|  |TAMS 0x0000000085500000, 0x0000000085500000| Untracked 
|  86|0x0000000085600000, 0x0000000085600000, 0x0000000085700000|  0%| F|  |TAMS 0x0000000085600000, 0x0000000085600000| Untracked 
|  87|0x0000000085700000, 0x0000000085700000, 0x0000000085800000|  0%| F|  |TAMS 0x0000000085700000, 0x0000000085700000| Untracked 
|  88|0x0000000085800000, 0x0000000085900000, 0x0000000085900000|100%|HS|  |TAMS 0x0000000085800000, 0x0000000085900000| Complete 
|  89|0x0000000085900000, 0x0000000085900000, 0x0000000085a00000|  0%| F|  |TAMS 0x0000000085900000, 0x0000000085900000| Untracked 
|  90|0x0000000085a00000, 0x0000000085a00000, 0x0000000085b00000|  0%| F|  |TAMS 0x0000000085a00000, 0x0000000085a00000| Untracked 
|  91|0x0000000085b00000, 0x0000000085c00000, 0x0000000085c00000|100%| O|  |TAMS 0x0000000085b00000, 0x0000000085c00000| Untracked 
|  92|0x0000000085c00000, 0x0000000085d00000, 0x0000000085d00000|100%| O|  |TAMS 0x0000000085c00000, 0x0000000085d00000| Untracked 
|  93|0x0000000085d00000, 0x0000000085e00000, 0x0000000085e00000|100%| S|CS|TAMS 0x0000000085d00000, 0x0000000085d00000| Complete 
|  94|0x0000000085e00000, 0x0000000085e00000, 0x0000000085f00000|  0%| F|  |TAMS 0x0000000085e00000, 0x0000000085e00000| Untracked 
|  95|0x0000000085f00000, 0x0000000085f00000, 0x0000000086000000|  0%| F|  |TAMS 0x0000000085f00000, 0x0000000085f00000| Untracked 
|  96|0x0000000086000000, 0x0000000086000000, 0x0000000086100000|  0%| F|  |TAMS 0x0000000086000000, 0x0000000086000000| Untracked 
|  97|0x0000000086100000, 0x0000000086100000, 0x0000000086200000|  0%| F|  |TAMS 0x0000000086100000, 0x0000000086100000| Untracked 
|  98|0x0000000086200000, 0x0000000086200000, 0x0000000086300000|  0%| F|  |TAMS 0x0000000086200000, 0x0000000086200000| Untracked 
|  99|0x0000000086300000, 0x0000000086300000, 0x0000000086400000|  0%| F|  |TAMS 0x0000000086300000, 0x0000000086300000| Untracked 
| 100|0x0000000086400000, 0x0000000086400000, 0x0000000086500000|  0%| F|  |TAMS 0x0000000086400000, 0x0000000086400000| Untracked 
| 101|0x0000000086500000, 0x0000000086600000, 0x0000000086600000|100%| S|CS|TAMS 0x0000000086500000, 0x0000000086500000| Complete 
| 102|0x0000000086600000, 0x0000000086700000, 0x0000000086700000|100%| S|CS|TAMS 0x0000000086600000, 0x0000000086600000| Complete 
| 103|0x0000000086700000, 0x0000000086700000, 0x0000000086800000|  0%| F|  |TAMS 0x0000000086700000, 0x0000000086700000| Untracked 
| 104|0x0000000086800000, 0x0000000086800000, 0x0000000086900000|  0%| F|  |TAMS 0x0000000086800000, 0x0000000086800000| Untracked 
| 105|0x0000000086900000, 0x0000000086900000, 0x0000000086a00000|  0%| F|  |TAMS 0x0000000086900000, 0x0000000086900000| Untracked 
| 106|0x0000000086a00000, 0x0000000086a00000, 0x0000000086b00000|  0%| F|  |TAMS 0x0000000086a00000, 0x0000000086a00000| Untracked 
| 107|0x0000000086b00000, 0x0000000086b00000, 0x0000000086c00000|  0%| F|  |TAMS 0x0000000086b00000, 0x0000000086b00000| Untracked 
| 108|0x0000000086c00000, 0x0000000086c00000, 0x0000000086d00000|  0%| F|  |TAMS 0x0000000086c00000, 0x0000000086c00000| Untracked 
| 109|0x0000000086d00000, 0x0000000086d00000, 0x0000000086e00000|  0%| F|  |TAMS 0x0000000086d00000, 0x0000000086d00000| Untracked 
| 110|0x0000000086e00000, 0x0000000086e00000, 0x0000000086f00000|  0%| F|  |TAMS 0x0000000086e00000, 0x0000000086e00000| Untracked 
| 111|0x0000000086f00000, 0x0000000086f00000, 0x0000000087000000|  0%| F|  |TAMS 0x0000000086f00000, 0x0000000086f00000| Untracked 
| 112|0x0000000087000000, 0x0000000087000000, 0x0000000087100000|  0%| F|  |TAMS 0x0000000087000000, 0x0000000087000000| Untracked 
| 113|0x0000000087100000, 0x0000000087100000, 0x0000000087200000|  0%| F|  |TAMS 0x0000000087100000, 0x0000000087100000| Untracked 
| 114|0x0000000087200000, 0x0000000087200000, 0x0000000087300000|  0%| F|  |TAMS 0x0000000087200000, 0x0000000087200000| Untracked 
| 115|0x0000000087300000, 0x0000000087400000, 0x0000000087400000|100%|HS|  |TAMS 0x0000000087300000, 0x0000000087400000| Complete 
| 116|0x0000000087400000, 0x0000000087500000, 0x0000000087500000|100%|HC|  |TAMS 0x0000000087400000, 0x0000000087500000| Complete 
| 117|0x0000000087500000, 0x0000000087600000, 0x0000000087600000|100%|HC|  |TAMS 0x0000000087500000, 0x0000000087600000| Complete 
| 118|0x0000000087600000, 0x0000000087700000, 0x0000000087700000|100%|HC|  |TAMS 0x0000000087600000, 0x0000000087700000| Complete 
| 119|0x0000000087700000, 0x0000000087800000, 0x0000000087800000|100%|HC|  |TAMS 0x0000000087700000, 0x0000000087800000| Complete 
| 120|0x0000000087800000, 0x0000000087900000, 0x0000000087900000|100%|HC|  |TAMS 0x0000000087800000, 0x0000000087900000| Complete 
| 121|0x0000000087900000, 0x0000000087a00000, 0x0000000087a00000|100%|HC|  |TAMS 0x0000000087900000, 0x0000000087a00000| Complete 
| 122|0x0000000087a00000, 0x0000000087b00000, 0x0000000087b00000|100%|HC|  |TAMS 0x0000000087a00000, 0x0000000087b00000| Complete 
| 123|0x0000000087b00000, 0x0000000087c00000, 0x0000000087c00000|100%|HC|  |TAMS 0x0000000087b00000, 0x0000000087c00000| Complete 
| 124|0x0000000087c00000, 0x0000000087d00000, 0x0000000087d00000|100%| S|CS|TAMS 0x0000000087c00000, 0x0000000087c00000| Complete 
| 125|0x0000000087d00000, 0x0000000087e00000, 0x0000000087e00000|100%| S|CS|TAMS 0x0000000087d00000, 0x0000000087d00000| Complete 
| 126|0x0000000087e00000, 0x0000000087f00000, 0x0000000087f00000|100%| S|CS|TAMS 0x0000000087e00000, 0x0000000087e00000| Complete 
| 127|0x0000000087f00000, 0x0000000088000000, 0x0000000088000000|100%| S|CS|TAMS 0x0000000087f00000, 0x0000000087f00000| Complete 
| 128|0x0000000088000000, 0x0000000088100000, 0x0000000088100000|100%| S|CS|TAMS 0x0000000088000000, 0x0000000088000000| Complete 
| 129|0x0000000088100000, 0x0000000088100000, 0x0000000088200000|  0%| F|  |TAMS 0x0000000088100000, 0x0000000088100000| Untracked 
| 130|0x0000000088200000, 0x0000000088200000, 0x0000000088300000|  0%| F|  |TAMS 0x0000000088200000, 0x0000000088200000| Untracked 
| 131|0x0000000088300000, 0x0000000088300000, 0x0000000088400000|  0%| F|  |TAMS 0x0000000088300000, 0x0000000088300000| Untracked 
| 132|0x0000000088400000, 0x0000000088400000, 0x0000000088500000|  0%| F|  |TAMS 0x0000000088400000, 0x0000000088400000| Untracked 
| 133|0x0000000088500000, 0x0000000088500000, 0x0000000088600000|  0%| F|  |TAMS 0x0000000088500000, 0x0000000088500000| Untracked 
| 134|0x0000000088600000, 0x0000000088600000, 0x0000000088700000|  0%| F|  |TAMS 0x0000000088600000, 0x0000000088600000| Untracked 
| 135|0x0000000088700000, 0x0000000088700000, 0x0000000088800000|  0%| F|  |TAMS 0x0000000088700000, 0x0000000088700000| Untracked 
| 136|0x0000000088800000, 0x0000000088800000, 0x0000000088900000|  0%| F|  |TAMS 0x0000000088800000, 0x0000000088800000| Untracked 
| 137|0x0000000088900000, 0x0000000088900000, 0x0000000088a00000|  0%| F|  |TAMS 0x0000000088900000, 0x0000000088900000| Untracked 
| 138|0x0000000088a00000, 0x0000000088a00000, 0x0000000088b00000|  0%| F|  |TAMS 0x0000000088a00000, 0x0000000088a00000| Untracked 
| 139|0x0000000088b00000, 0x0000000088b00000, 0x0000000088c00000|  0%| F|  |TAMS 0x0000000088b00000, 0x0000000088b00000| Untracked 
| 140|0x0000000088c00000, 0x0000000088c00000, 0x0000000088d00000|  0%| F|  |TAMS 0x0000000088c00000, 0x0000000088c00000| Untracked 
| 141|0x0000000088d00000, 0x0000000088d00000, 0x0000000088e00000|  0%| F|  |TAMS 0x0000000088d00000, 0x0000000088d00000| Untracked 
| 142|0x0000000088e00000, 0x0000000088e00000, 0x0000000088f00000|  0%| F|  |TAMS 0x0000000088e00000, 0x0000000088e00000| Untracked 
| 143|0x0000000088f00000, 0x0000000088f00000, 0x0000000089000000|  0%| F|  |TAMS 0x0000000088f00000, 0x0000000088f00000| Untracked 
| 144|0x0000000089000000, 0x0000000089000000, 0x0000000089100000|  0%| F|  |TAMS 0x0000000089000000, 0x0000000089000000| Untracked 
| 145|0x0000000089100000, 0x0000000089100000, 0x0000000089200000|  0%| F|  |TAMS 0x0000000089100000, 0x0000000089100000| Untracked 
| 146|0x0000000089200000, 0x0000000089200000, 0x0000000089300000|  0%| F|  |TAMS 0x0000000089200000, 0x0000000089200000| Untracked 
| 147|0x0000000089300000, 0x0000000089300000, 0x0000000089400000|  0%| F|  |TAMS 0x0000000089300000, 0x0000000089300000| Untracked 
| 148|0x0000000089400000, 0x0000000089400000, 0x0000000089500000|  0%| F|  |TAMS 0x0000000089400000, 0x0000000089400000| Untracked 
| 149|0x0000000089500000, 0x0000000089500000, 0x0000000089600000|  0%| F|  |TAMS 0x0000000089500000, 0x0000000089500000| Untracked 
| 150|0x0000000089600000, 0x0000000089600000, 0x0000000089700000|  0%| F|  |TAMS 0x0000000089600000, 0x0000000089600000| Untracked 
| 151|0x0000000089700000, 0x0000000089700000, 0x0000000089800000|  0%| F|  |TAMS 0x0000000089700000, 0x0000000089700000| Untracked 
| 152|0x0000000089800000, 0x0000000089800000, 0x0000000089900000|  0%| F|  |TAMS 0x0000000089800000, 0x0000000089800000| Untracked 
| 153|0x0000000089900000, 0x0000000089900000, 0x0000000089a00000|  0%| F|  |TAMS 0x0000000089900000, 0x0000000089900000| Untracked 
| 154|0x0000000089a00000, 0x0000000089a00000, 0x0000000089b00000|  0%| F|  |TAMS 0x0000000089a00000, 0x0000000089a00000| Untracked 
| 155|0x0000000089b00000, 0x0000000089b00000, 0x0000000089c00000|  0%| F|  |TAMS 0x0000000089b00000, 0x0000000089b00000| Untracked 
| 156|0x0000000089c00000, 0x0000000089c00000, 0x0000000089d00000|  0%| F|  |TAMS 0x0000000089c00000, 0x0000000089c00000| Untracked 
| 157|0x0000000089d00000, 0x0000000089d00000, 0x0000000089e00000|  0%| F|  |TAMS 0x0000000089d00000, 0x0000000089d00000| Untracked 
| 158|0x0000000089e00000, 0x0000000089e00000, 0x0000000089f00000|  0%| F|  |TAMS 0x0000000089e00000, 0x0000000089e00000| Untracked 
| 159|0x0000000089f00000, 0x0000000089f00000, 0x000000008a000000|  0%| F|  |TAMS 0x0000000089f00000, 0x0000000089f00000| Untracked 
| 160|0x000000008a000000, 0x000000008a000000, 0x000000008a100000|  0%| F|  |TAMS 0x000000008a000000, 0x000000008a000000| Untracked 
| 161|0x000000008a100000, 0x000000008a100000, 0x000000008a200000|  0%| F|  |TAMS 0x000000008a100000, 0x000000008a100000| Untracked 
| 162|0x000000008a200000, 0x000000008a200000, 0x000000008a300000|  0%| F|  |TAMS 0x000000008a200000, 0x000000008a200000| Untracked 
| 163|0x000000008a300000, 0x000000008a300000, 0x000000008a400000|  0%| F|  |TAMS 0x000000008a300000, 0x000000008a300000| Untracked 
| 164|0x000000008a400000, 0x000000008a400000, 0x000000008a500000|  0%| F|  |TAMS 0x000000008a400000, 0x000000008a400000| Untracked 
| 165|0x000000008a500000, 0x000000008a500000, 0x000000008a600000|  0%| F|  |TAMS 0x000000008a500000, 0x000000008a500000| Untracked 
| 166|0x000000008a600000, 0x000000008a600000, 0x000000008a700000|  0%| F|  |TAMS 0x000000008a600000, 0x000000008a600000| Untracked 
| 167|0x000000008a700000, 0x000000008a700000, 0x000000008a800000|  0%| F|  |TAMS 0x000000008a700000, 0x000000008a700000| Untracked 
| 168|0x000000008a800000, 0x000000008a900000, 0x000000008a900000|100%| O|  |TAMS 0x000000008a800000, 0x000000008a900000| Untracked 
| 169|0x000000008a900000, 0x000000008aa00000, 0x000000008aa00000|100%| O|  |TAMS 0x000000008a900000, 0x000000008aa00000| Untracked 
| 170|0x000000008aa00000, 0x000000008ab00000, 0x000000008ab00000|100%| O|  |TAMS 0x000000008aa00000, 0x000000008ab00000| Untracked 
| 171|0x000000008ab00000, 0x000000008ac00000, 0x000000008ac00000|100%| O|  |TAMS 0x000000008ab00000, 0x000000008ac00000| Untracked 
| 172|0x000000008ac00000, 0x000000008ad00000, 0x000000008ad00000|100%| O|  |TAMS 0x000000008ac00000, 0x000000008ad00000| Untracked 
| 173|0x000000008ad00000, 0x000000008ae00000, 0x000000008ae00000|100%| O|  |TAMS 0x000000008ad00000, 0x000000008ae00000| Untracked 
| 174|0x000000008ae00000, 0x000000008af00000, 0x000000008af00000|100%| O|  |TAMS 0x000000008ae00000, 0x000000008af00000| Untracked 
| 175|0x000000008af00000, 0x000000008b000000, 0x000000008b000000|100%| O|  |TAMS 0x000000008af00000, 0x000000008b000000| Untracked 
| 176|0x000000008b000000, 0x000000008b100000, 0x000000008b100000|100%| O|  |TAMS 0x000000008b000000, 0x000000008b100000| Untracked 
| 177|0x000000008b100000, 0x000000008b200000, 0x000000008b200000|100%| O|  |TAMS 0x000000008b100000, 0x000000008b200000| Untracked 
| 178|0x000000008b200000, 0x000000008b300000, 0x000000008b300000|100%| O|  |TAMS 0x000000008b200000, 0x000000008b300000| Untracked 
| 179|0x000000008b300000, 0x000000008b400000, 0x000000008b400000|100%| O|  |TAMS 0x000000008b300000, 0x000000008b400000| Untracked 
| 180|0x000000008b400000, 0x000000008b500000, 0x000000008b500000|100%| O|  |TAMS 0x000000008b400000, 0x000000008b500000| Untracked 
| 181|0x000000008b500000, 0x000000008b600000, 0x000000008b600000|100%| O|  |TAMS 0x000000008b500000, 0x000000008b600000| Untracked 

Card table byte_map: [0x0000016d43b10000,0x0000016d43f10000] _byte_map_base: 0x0000016d43710000

Marking Bits (Prev, Next): (CMBitMap*) 0x0000016d30c36330, (CMBitMap*) 0x0000016d30c362f8
 Prev Bits: [0x0000016d46310000, 0x0000016d48310000)
 Next Bits: [0x0000016d44310000, 0x0000016d46310000)

Polling page: 0x0000016d2eb70000

Metaspace:

Usage:
  Non-class:     75.69 MB capacity,    74.41 MB ( 98%) used,     1.03 MB (  1%) free+waste,   254.44 KB ( <1%) overhead. 
      Class:     11.86 MB capacity,    11.04 MB ( 93%) used,   716.14 KB (  6%) free+waste,   113.81 KB ( <1%) overhead. 
       Both:     87.54 MB capacity,    85.45 MB ( 98%) used,     1.73 MB (  2%) free+waste,   368.25 KB ( <1%) overhead. 

Virtual space:
  Non-class space:       76.00 MB reserved,      75.84 MB (>99%) committed 
      Class space:        1.00 GB reserved,      11.95 MB (  1%) committed 
             Both:        1.07 GB reserved,      87.79 MB (  8%) committed 

Chunk freelists:
   Non-Class:  23.00 KB
       Class:  20.00 KB
        Both:  43.00 KB

MaxMetaspaceSize: 17179869184.00 GB
CompressedClassSpaceSize: 1.00 GB
Initial GC threshold: 20.80 MB
Current GC threshold: 146.31 MB
CDS: off

CodeHeap 'non-profiled nmethods': size=120064Kb used=6610Kb max_used=6610Kb free=113453Kb
 bounds [0x0000016d3c1d0000, 0x0000016d3c850000, 0x0000016d43710000]
CodeHeap 'profiled nmethods': size=120000Kb used=23278Kb max_used=23278Kb free=96721Kb
 bounds [0x0000016d34ca0000, 0x0000016d36360000, 0x0000016d3c1d0000]
CodeHeap 'non-nmethods': size=5696Kb used=2377Kb max_used=2419Kb free=3318Kb
 bounds [0x0000016d34710000, 0x0000016d34980000, 0x0000016d34ca0000]
 total_blobs=11393 nmethods=10499 adapters=804
 compilation: enabled
              stopped_count=0, restarted_count=0
 full_count=0

Compilation events (20 events):
Event: 29.878 Thread 0x0000016d4a819800 10543       3       com.android.tools.r8.dex.i$$Lambda$1073/0x0000000100bc5840::get (8 bytes)
Event: 29.878 Thread 0x0000016d4a819800 nmethod 10543 0x0000016d36357690 code [0x0000016d36357840, 0x0000016d36357968]
Event: 29.884 Thread 0x0000016d4a819800 10546       3       com.android.tools.r8.graph.X0::h (62 bytes)
Event: 29.885 Thread 0x0000016d4a819800 nmethod 10546 0x0000016d36357a90 code [0x0000016d36357ce0, 0x0000016d36358688]
Event: 29.888 Thread 0x0000016d4a819800 10547       3       com.android.tools.r8.graph.P0::m0 (37 bytes)
Event: 29.889 Thread 0x0000016d4a819800 nmethod 10547 0x0000016d36358910 code [0x0000016d36358ae0, 0x0000016d36358cc8]
Event: 29.889 Thread 0x0000016d4a819800 10548       3       com.android.tools.r8.graph.P0::<init> (62 bytes)
Event: 29.890 Thread 0x0000016d4a819800 nmethod 10548 0x0000016d36358e10 code [0x0000016d363590e0, 0x0000016d36359cf8]
Event: 29.894 Thread 0x0000016d4b681000 nmethod 10529 0x0000016d3c83e410 code [0x0000016d3c83e600, 0x0000016d3c83f1a8]
Event: 29.894 Thread 0x0000016d4b681000 10549   !   4       com.android.tools.r8.graph.a1::s0 (91 bytes)
Event: 29.906 Thread 0x0000016d4a818800 nmethod 10532 0x0000016d3c83f990 code [0x0000016d3c83fb80, 0x0000016d3c8409c8]
Event: 29.907 Thread 0x0000016d4a818800 10534       4       com.android.tools.r8.graph.o0::m0 (34 bytes)
Event: 29.929 Thread 0x0000016d4a818800 nmethod 10534 0x0000016d3c841290 code [0x0000016d3c841440, 0x0000016d3c841a78]
Event: 29.929 Thread 0x0000016d4a818800 10550       4       com.android.tools.r8.graph.P0::<init> (62 bytes)
Event: 29.940 Thread 0x0000016d4b681000 nmethod 10549 0x0000016d3c841f10 code [0x0000016d3c842120, 0x0000016d3c8430f8]
Event: 29.940 Thread 0x0000016d4b681000 10551       4       com.android.tools.r8.graph.P0::m0 (37 bytes)
Event: 29.941 Thread 0x0000016d4a819800 10552   !   3       com.android.tools.r8.graph.a1::s0 (91 bytes)
Event: 29.943 Thread 0x0000016d4a819800 nmethod 10552 0x0000016d3635a290 code [0x0000016d3635a580, 0x0000016d3635b4a8]
Event: 29.970 Thread 0x0000016d4b681000 nmethod 10551 0x0000016d3c843910 code [0x0000016d3c843ae0, 0x0000016d3c844418]
Event: 29.970 Thread 0x0000016d4b681000 10554   !   4       com.android.tools.r8.graph.a1::s0 (91 bytes)

GC Heap History (20 events):
Event: 12.395 GC heap after
{Heap after GC invocations=14 (full 0):
 garbage-first heap   total 143360K, used 42318K [0x0000000080000000, 0x0000000100000000)
  region size 1024K, 8 young (8192K), 8 survivors (8192K)
 Metaspace       used 49091K, capacity 50415K, committed 50596K, reserved 1093632K
  class space    used 6205K, capacity 6684K, committed 6732K, reserved 1048576K
}
Event: 14.318 GC heap before
{Heap before GC invocations=14 (full 0):
 garbage-first heap   total 143360K, used 102734K [0x0000000080000000, 0x0000000100000000)
  region size 1024K, 67 young (68608K), 8 survivors (8192K)
 Metaspace       used 57199K, capacity 58582K, committed 58788K, reserved 1099776K
  class space    used 7199K, capacity 7739K, committed 7756K, reserved 1048576K
}
Event: 14.335 GC heap after
{Heap after GC invocations=15 (full 0):
 garbage-first heap   total 143360K, used 45039K [0x0000000080000000, 0x0000000100000000)
  region size 1024K, 3 young (3072K), 3 survivors (3072K)
 Metaspace       used 57199K, capacity 58582K, committed 58788K, reserved 1099776K
  class space    used 7199K, capacity 7739K, committed 7756K, reserved 1048576K
}
Event: 16.279 GC heap before
{Heap before GC invocations=15 (full 0):
 garbage-first heap   total 143360K, used 112623K [0x0000000080000000, 0x0000000100000000)
  region size 1024K, 63 young (64512K), 3 survivors (3072K)
 Metaspace       used 63235K, capacity 64725K, committed 64932K, reserved 1105920K
  class space    used 7937K, capacity 8478K, committed 8524K, reserved 1048576K
}
Event: 16.294 GC heap after
{Heap after GC invocations=16 (full 0):
 garbage-first heap   total 143360K, used 49912K [0x0000000080000000, 0x0000000100000000)
  region size 1024K, 8 young (8192K), 8 survivors (8192K)
 Metaspace       used 63235K, capacity 64725K, committed 64932K, reserved 1105920K
  class space    used 7937K, capacity 8478K, committed 8524K, reserved 1048576K
}
Event: 17.621 GC heap before
{Heap before GC invocations=16 (full 0):
 garbage-first heap   total 143360K, used 108280K [0x0000000080000000, 0x0000000100000000)
  region size 1024K, 65 young (66560K), 8 survivors (8192K)
 Metaspace       used 65473K, capacity 67027K, committed 67108K, reserved 1107968K
  class space    used 8249K, capacity 8850K, committed 8908K, reserved 1048576K
}
Event: 17.643 GC heap after
{Heap after GC invocations=17 (full 0):
 garbage-first heap   total 143360K, used 54110K [0x0000000080000000, 0x0000000100000000)
  region size 1024K, 5 young (5120K), 5 survivors (5120K)
 Metaspace       used 65473K, capacity 67027K, committed 67108K, reserved 1107968K
  class space    used 8249K, capacity 8850K, committed 8908K, reserved 1048576K
}
Event: 18.974 GC heap before
{Heap before GC invocations=17 (full 0):
 garbage-first heap   total 143360K, used 98142K [0x0000000080000000, 0x0000000100000000)
  region size 1024K, 49 young (50176K), 5 survivors (5120K)
 Metaspace       used 69912K, capacity 71374K, committed 71460K, reserved 1112064K
  class space    used 8979K, capacity 9593K, committed 9676K, reserved 1048576K
}
Event: 18.988 GC heap after
{Heap after GC invocations=18 (full 0):
 garbage-first heap   total 143360K, used 56882K [0x0000000080000000, 0x0000000100000000)
  region size 1024K, 7 young (7168K), 7 survivors (7168K)
 Metaspace       used 69912K, capacity 71374K, committed 71460K, reserved 1112064K
  class space    used 8979K, capacity 9593K, committed 9676K, reserved 1048576K
}
Event: 20.997 GC heap before
{Heap before GC invocations=19 (full 0):
 garbage-first heap   total 143360K, used 114226K [0x0000000080000000, 0x0000000100000000)
  region size 1024K, 63 young (64512K), 7 survivors (7168K)
 Metaspace       used 74710K, capacity 76408K, committed 76580K, reserved 1116160K
  class space    used 9656K, capacity 10328K, committed 10444K, reserved 1048576K
}
Event: 21.020 GC heap after
{Heap after GC invocations=20 (full 0):
 garbage-first heap   total 143360K, used 60652K [0x0000000080000000, 0x0000000100000000)
  region size 1024K, 7 young (7168K), 7 survivors (7168K)
 Metaspace       used 74710K, capacity 76408K, committed 76580K, reserved 1116160K
  class space    used 9656K, capacity 10328K, committed 10444K, reserved 1048576K
}
Event: 22.650 GC heap before
{Heap before GC invocations=20 (full 0):
 garbage-first heap   total 143360K, used 115948K [0x0000000080000000, 0x0000000100000000)
  region size 1024K, 61 young (62464K), 7 survivors (7168K)
 Metaspace       used 80593K, capacity 82505K, committed 82852K, reserved 1120256K
  class space    used 10525K, capacity 11234K, committed 11340K, reserved 1048576K
}
Event: 22.674 GC heap after
{Heap after GC invocations=21 (full 0):
 garbage-first heap   total 172032K, used 63895K [0x0000000080000000, 0x0000000100000000)
  region size 1024K, 7 young (7168K), 7 survivors (7168K)
 Metaspace       used 80593K, capacity 82505K, committed 82852K, reserved 1120256K
  class space    used 10525K, capacity 11234K, committed 11340K, reserved 1048576K
}
Event: 25.219 GC heap before
{Heap before GC invocations=21 (full 0):
 garbage-first heap   total 172032K, used 131479K [0x0000000080000000, 0x0000000100000000)
  region size 1024K, 74 young (75776K), 7 survivors (7168K)
 Metaspace       used 82306K, capacity 84329K, committed 84644K, reserved 1122304K
  class space    used 10726K, capacity 11515K, committed 11596K, reserved 1048576K
}
Event: 25.244 GC heap after
{Heap after GC invocations=22 (full 0):
 garbage-first heap   total 172032K, used 69561K [0x0000000080000000, 0x0000000100000000)
  region size 1024K, 9 young (9216K), 9 survivors (9216K)
 Metaspace       used 82306K, capacity 84329K, committed 84644K, reserved 1122304K
  class space    used 10726K, capacity 11515K, committed 11596K, reserved 1048576K
}
Event: 27.304 GC heap before
{Heap before GC invocations=22 (full 0):
 garbage-first heap   total 172032K, used 135097K [0x0000000080000000, 0x0000000100000000)
  region size 1024K, 74 young (75776K), 9 survivors (9216K)
 Metaspace       used 82991K, capacity 85087K, committed 85156K, reserved 1122304K
  class space    used 10758K, capacity 11566K, committed 11596K, reserved 1048576K
}
Event: 27.330 GC heap after
{Heap after GC invocations=23 (full 0):
 garbage-first heap   total 172032K, used 74413K [0x0000000080000000, 0x0000000100000000)
  region size 1024K, 10 young (10240K), 10 survivors (10240K)
 Metaspace       used 82991K, capacity 85087K, committed 85156K, reserved 1122304K
  class space    used 10758K, capacity 11566K, committed 11596K, reserved 1048576K
}
Event: 29.340 GC heap before
{Heap before GC invocations=23 (full 0):
 garbage-first heap   total 172032K, used 148141K [0x0000000080000000, 0x0000000100000000)
  region size 1024K, 72 young (73728K), 10 survivors (10240K)
 Metaspace       used 87221K, capacity 89416K, committed 89636K, reserved 1126400K
  class space    used 11267K, capacity 12107K, committed 12236K, reserved 1048576K
}
Event: 29.369 GC heap after
{Heap after GC invocations=24 (full 0):
 garbage-first heap   total 172032K, used 91710K [0x0000000080000000, 0x0000000100000000)
  region size 1024K, 10 young (10240K), 10 survivors (10240K)
 Metaspace       used 87221K, capacity 89416K, committed 89636K, reserved 1126400K
  class space    used 11267K, capacity 12107K, committed 12236K, reserved 1048576K
}
Event: 29.974 GC heap before
{Heap before GC invocations=25 (full 0):
 garbage-first heap   total 172032K, used 159294K [0x0000000080000000, 0x0000000100000000)
  region size 1024K, 49 young (50176K), 10 survivors (10240K)
 Metaspace       used 87502K, capacity 89645K, committed 89892K, reserved 1126400K
  class space    used 11310K, capacity 12140K, committed 12236K, reserved 1048576K
}

Deoptimization events (20 events):
Event: 29.848 Thread 0x0000016d50c0b800 DEOPT PACKING pc=0x0000016d362ef27e sp=0x0000002e5aefd140
Event: 29.848 Thread 0x0000016d50c0b800 DEOPT UNPACKING pc=0x0000016d3475a95e sp=0x0000002e5aefc5b8 mode 0
Event: 29.849 Thread 0x0000016d50c0b800 DEOPT PACKING pc=0x0000016d362ef27e sp=0x0000002e5aefd140
Event: 29.849 Thread 0x0000016d50c0b800 DEOPT UNPACKING pc=0x0000016d3475a95e sp=0x0000002e5aefc5b8 mode 0
Event: 29.851 Thread 0x0000016d50c0b800 DEOPT PACKING pc=0x0000016d362ef27e sp=0x0000002e5aefd140
Event: 29.851 Thread 0x0000016d50c0b800 DEOPT UNPACKING pc=0x0000016d3475a95e sp=0x0000002e5aefc5b8 mode 0
Event: 29.852 Thread 0x0000016d50c0b800 DEOPT PACKING pc=0x0000016d362ef27e sp=0x0000002e5aefd140
Event: 29.852 Thread 0x0000016d50c0b800 DEOPT UNPACKING pc=0x0000016d3475a95e sp=0x0000002e5aefc5b8 mode 0
Event: 29.854 Thread 0x0000016d50c0b800 DEOPT PACKING pc=0x0000016d362ef27e sp=0x0000002e5aefd140
Event: 29.854 Thread 0x0000016d50c0b800 DEOPT UNPACKING pc=0x0000016d3475a95e sp=0x0000002e5aefc5b8 mode 0
Event: 29.855 Thread 0x0000016d50c0b800 DEOPT PACKING pc=0x0000016d362ef27e sp=0x0000002e5aefd140
Event: 29.855 Thread 0x0000016d50c0b800 DEOPT UNPACKING pc=0x0000016d3475a95e sp=0x0000002e5aefc5b8 mode 0
Event: 29.855 Thread 0x0000016d50c0b800 DEOPT PACKING pc=0x0000016d362ef27e sp=0x0000002e5aefd140
Event: 29.855 Thread 0x0000016d50c0b800 DEOPT UNPACKING pc=0x0000016d3475a95e sp=0x0000002e5aefc5b8 mode 0
Event: 29.856 Thread 0x0000016d50c0b800 DEOPT PACKING pc=0x0000016d362ef27e sp=0x0000002e5aefd140
Event: 29.856 Thread 0x0000016d50c0b800 DEOPT UNPACKING pc=0x0000016d3475a95e sp=0x0000002e5aefc5b8 mode 0
Event: 29.940 Thread 0x0000016d50c0b800 Uncommon trap: trap_request=0xffffff4d fr.pc=0x0000016d3c842d4c relative=0x0000000000000c2c
Event: 29.940 Thread 0x0000016d50c0b800 Uncommon trap: reason=unstable_if action=reinterpret pc=0x0000016d3c842d4c method=com.android.tools.r8.internal.so.d(I)Z @ 45 c2
Event: 29.940 Thread 0x0000016d50c0b800 DEOPT PACKING pc=0x0000016d3c842d4c sp=0x0000002e5aefd200
Event: 29.940 Thread 0x0000016d50c0b800 DEOPT UNPACKING pc=0x0000016d3475a1af sp=0x0000002e5aefd110 mode 2

Classes redefined (0 events):
No events

Internal exceptions (20 events):
Event: 22.729 Thread 0x0000016d4e2b8000 Exception <a 'java/lang/NoSuchMethodError'{0x000000008a525dc0}: 'void java.lang.invoke.DirectMethodHandle$Holder.invokeSpecial(java.lang.Object, java.lang.Object, java.lang.Object, int)'> (0x000000008a525dc0) thrown at [./src/hotspot/share/interpreter/linkResolver.cpp, line 773]
Event: 22.743 Thread 0x0000016d4d55e800 Exception <a 'java/lang/NoSuchMethodError'{0x000000008a5e0888}: <clinit>> (0x000000008a5e0888) thrown at [./src/hotspot/share/prims/jni.cpp, line 1366]
Event: 22.769 Thread 0x0000016d4e2b2800 Exception <a 'java/lang/NoSuchMethodError'{0x000000008a46ee80}: 'int java.lang.invoke.DirectMethodHandle$Holder.invokeSpecial(java.lang.Object, java.lang.Object, java.lang.Object, java.lang.Object, java.lang.Object)'> (0x000000008a46ee80) thrown at [./src/hotspot/share/interpreter/linkResolver.cpp, line 773]
Event: 23.199 Thread 0x0000016d4e2b9000 Exception <a 'java/lang/NoSuchMethodError'{0x0000000089d52880}: 'void java.lang.invoke.DirectMethodHandle$Holder.invokeStatic(java.lang.Object, java.lang.Object, java.lang.Object, java.lang.Object, int, java.lang.Object, java.lang.Object)'> (0x0000000089d52880) thrown at [./src/hotspot/share/interpreter/linkResolver.cpp, line 773]
Event: 23.238 Thread 0x0000016d4b517000 Exception <a 'java/lang/NoSuchMethodError'{0x00000000898a2d60}: 'java.lang.Object java.lang.invoke.DirectMethodHandle$Holder.invokeSpecialIFC(java.lang.Object, java.lang.Object, java.lang.Object)'> (0x00000000898a2d60) thrown at [./src/hotspot/share/interpreter/linkResolver.cpp, line 773]
Event: 23.238 Thread 0x0000016d4ed69000 Exception <a 'java/lang/NoSuchMethodError'{0x000000008988e278}: 'java.lang.Object java.lang.invoke.DirectMethodHandle$Holder.invokeSpecialIFC(java.lang.Object, java.lang.Object, java.lang.Object)'> (0x000000008988e278) thrown at [./src/hotspot/share/interpreter/linkResolver.cpp, line 773]
Event: 23.238 Thread 0x0000016d4ed61000 Exception <a 'java/lang/NoSuchMethodError'{0x0000000089876070}: 'java.lang.Object java.lang.invoke.DirectMethodHandle$Holder.invokeSpecialIFC(java.lang.Object, java.lang.Object, java.lang.Object)'> (0x0000000089876070) thrown at [./src/hotspot/share/interpreter/linkResolver.cpp, line 773]
Event: 23.239 Thread 0x0000016d4e2b9000 Exception <a 'java/lang/NoSuchMethodError'{0x00000000898b5f60}: 'java.lang.Object java.lang.invoke.DirectMethodHandle$Holder.invokeSpecialIFC(java.lang.Object, java.lang.Object, java.lang.Object)'> (0x00000000898b5f60) thrown at [./src/hotspot/share/interpreter/linkResolver.cpp, line 773]
Event: 23.615 Thread 0x0000016d4e2b9000 Exception <a 'java/lang/NoSuchMethodError'{0x0000000088ca9258}: 'void java.lang.invoke.DirectMethodHandle$Holder.invokeVirtual(java.lang.Object, java.lang.Object)'> (0x0000000088ca9258) thrown at [./src/hotspot/share/interpreter/linkResolver.cpp, line 773]
Event: 24.593 Thread 0x0000016d4ed61000 Implicit null exception at 0x0000016d3c7141db to 0x0000016d3c71426c
Event: 24.905 Thread 0x0000016d4e2b4000 Exception <a 'java/lang/NoSuchMethodError'{0x000000008685d930}: 'void java.lang.invoke.DirectMethodHandle$Holder.invokeInterface(java.lang.Object, java.lang.Object, java.lang.Object, java.lang.Object)'> (0x000000008685d930) thrown at [./src/hotspot/share/interpreter/linkResolver.cpp, line 773]
Event: 25.023 Thread 0x0000016d4e2b4000 Implicit null exception at 0x0000016d3c71ca59 to 0x0000016d3c71d264
Event: 25.742 Thread 0x0000016d4e2b9000 Exception <a 'java/lang/NoSuchMethodError'{0x0000000089a760c8}: <clinit>> (0x0000000089a760c8) thrown at [./src/hotspot/share/prims/jni.cpp, line 1366]
Event: 25.742 Thread 0x0000016d4e2b9000 Exception <a 'java/lang/NoSuchMethodError'{0x0000000089a776d0}: <clinit>> (0x0000000089a776d0) thrown at [./src/hotspot/share/prims/jni.cpp, line 1366]
Event: 25.742 Thread 0x0000016d4e2b9000 Exception <a 'java/lang/NoSuchMethodError'{0x0000000089a7a2d0}: <clinit>> (0x0000000089a7a2d0) thrown at [./src/hotspot/share/prims/jni.cpp, line 1366]
Event: 25.745 Thread 0x0000016d4e2b9000 Exception <a 'java/lang/NoSuchMethodError'{0x0000000089a92188}: <clinit>> (0x0000000089a92188) thrown at [./src/hotspot/share/prims/jni.cpp, line 1366]
Event: 25.745 Thread 0x0000016d4e2b9000 Exception <a 'java/lang/NoSuchMethodError'{0x0000000089a933c0}: <clinit>> (0x0000000089a933c0) thrown at [./src/hotspot/share/prims/jni.cpp, line 1366]
Event: 29.064 Thread 0x0000016d50c0b800 Exception <a 'sun/nio/fs/WindowsException'{0x00000000873f2680}> (0x00000000873f2680) thrown at [./src/hotspot/share/prims/jni.cpp, line 616]
Event: 29.122 Thread 0x0000016d50c0b800 Exception <a 'java/lang/NoSuchMethodError'{0x00000000871a1060}: 'java.lang.Object java.lang.invoke.DirectMethodHandle$Holder.newInvokeSpecial(java.lang.Object, int)'> (0x00000000871a1060) thrown at [./src/hotspot/share/interpreter/linkResolver.cpp, line 773]
Event: 29.330 Thread 0x0000016d50c0b800 Exception <a 'java/lang/NoSuchMethodError'{0x0000000086bfefb8}: 'java.lang.Object java.lang.invoke.DirectMethodHandle$Holder.invokeStaticInit(java.lang.Object, java.lang.Object, java.lang.Object, java.lang.Object, java.lang.Object, java.lang.Object, java.lang.Object, java.lang.Object, java.lang.Object, java.lang.Object, java.lang.Object, java.lang.Object, java.lang.Object, java.lang.Object, java.lang.Object, java.lang.Object, java.lang.Object, java.lang.Object, int, java.lang.Object, java.lang.Object)'> (0

Events (20 events):
Event: 29.422 loading class com/android/tools/r8/internal/MC done
Event: 29.423 loading class com/android/tools/r8/internal/pb
Event: 29.423 loading class com/android/tools/r8/internal/pb done
Event: 29.424 loading class com/android/tools/r8/internal/LC
Event: 29.424 loading class com/android/tools/r8/internal/LC done
Event: 29.424 loading class com/android/tools/r8/internal/PC
Event: 29.424 loading class com/android/tools/r8/internal/PC done
Event: 29.425 loading class com/android/tools/r8/graph/c1
Event: 29.425 loading class com/android/tools/r8/graph/c1 done
Event: 29.425 loading class com/android/tools/r8/graph/c1
Event: 29.425 loading class com/android/tools/r8/graph/c1 done
Event: 29.425 loading class com/android/tools/r8/dex/i
Event: 29.425 loading class com/android/tools/r8/dex/i done
Event: 29.426 loading class com/android/tools/r8/graph/H
Event: 29.426 loading class com/android/tools/r8/graph/H done
Event: 29.632 Executing VM operation: CGC_Operation
Event: 29.654 Executing VM operation: CGC_Operation done
Event: 29.769 Executing VM operation: CGC_Operation
Event: 29.769 Executing VM operation: CGC_Operation done
Event: 29.974 Executing VM operation: G1CollectForAllocation


Dynamic libraries:
0x00007ff64dbc0000 - 0x00007ff64dbca000 	C:\Program Files\Android\Android Studio\jre\bin\java.exe
0x00007ffaea0d0000 - 0x00007ffaea2c8000 	C:\WINDOWS\SYSTEM32\ntdll.dll
0x00007ffaae820000 - 0x00007ffaae837000 	C:\Program Files\AVAST Software\Avast\aswhook.dll
0x00007ffae9430000 - 0x00007ffae94ef000 	C:\WINDOWS\System32\KERNEL32.DLL
0x00007ffae7dc0000 - 0x00007ffae8092000 	C:\WINDOWS\System32\KERNELBASE.dll
0x00007ffae7a70000 - 0x00007ffae7b70000 	C:\WINDOWS\System32\ucrtbase.dll
0x00007ffae5640000 - 0x00007ffae5659000 	C:\Program Files\Android\Android Studio\jre\bin\jli.dll
0x00007ffae5090000 - 0x00007ffae50a7000 	C:\Program Files\Android\Android Studio\jre\bin\VCRUNTIME140.dll
0x00007ffae9090000 - 0x00007ffae9231000 	C:\WINDOWS\System32\USER32.dll
0x00007ffae7a10000 - 0x00007ffae7a32000 	C:\WINDOWS\System32\win32u.dll
0x00007ffad6db0000 - 0x00007ffad704a000 	C:\WINDOWS\WinSxS\amd64_microsoft.windows.common-controls_6595b64144ccf1df_6.0.19041.1110_none_60b5254171f9507e\COMCTL32.dll
0x00007ffae9300000 - 0x00007ffae932b000 	C:\WINDOWS\System32\GDI32.dll
0x00007ffae86e0000 - 0x00007ffae877e000 	C:\WINDOWS\System32\msvcrt.dll
0x00007ffae7cb0000 - 0x00007ffae7dbf000 	C:\WINDOWS\System32\gdi32full.dll
0x00007ffae77c0000 - 0x00007ffae785d000 	C:\WINDOWS\System32\msvcp_win.dll
0x00007ffae9680000 - 0x00007ffae96b2000 	C:\WINDOWS\System32\IMM32.DLL
0x00007ffac1b30000 - 0x00007ffac1bcd000 	C:\Program Files\Android\Android Studio\jre\bin\msvcp140.dll
0x00007ffa866a0000 - 0x00007ffa871a2000 	C:\Program Files\Android\Android Studio\jre\bin\server\jvm.dll
0x00007ffae95d0000 - 0x00007ffae967e000 	C:\WINDOWS\System32\ADVAPI32.dll
0x00007ffae9330000 - 0x00007ffae93cc000 	C:\WINDOWS\System32\sechost.dll
0x00007ffae8590000 - 0x00007ffae86b5000 	C:\WINDOWS\System32\RPCRT4.dll
0x00007ffae86d0000 - 0x00007ffae86d8000 	C:\WINDOWS\System32\PSAPI.DLL
0x00007ffad5620000 - 0x00007ffad5629000 	C:\WINDOWS\SYSTEM32\WSOCK32.dll
0x00007ffad9430000 - 0x00007ffad9457000 	C:\WINDOWS\SYSTEM32\WINMM.dll
0x00007ffae89c0000 - 0x00007ffae8a2b000 	C:\WINDOWS\System32\WS2_32.dll
0x00007ffae5610000 - 0x00007ffae561a000 	C:\WINDOWS\SYSTEM32\VERSION.dll
0x00007ffae5860000 - 0x00007ffae5872000 	C:\WINDOWS\SYSTEM32\kernel.appcore.dll
0x00007ffadf690000 - 0x00007ffadf6a1000 	C:\Program Files\Android\Android Studio\jre\bin\verify.dll
0x00007ffadc1b0000 - 0x00007ffadc394000 	C:\WINDOWS\SYSTEM32\DBGHELP.DLL
0x00007ffadc170000 - 0x00007ffadc1a5000 	C:\WINDOWS\SYSTEM32\dbgcore.DLL
0x00007ffae7b70000 - 0x00007ffae7bf2000 	C:\WINDOWS\System32\bcryptPrimitives.dll
0x00007ffac1e70000 - 0x00007ffac1e99000 	C:\Program Files\Android\Android Studio\jre\bin\java.dll
0x00007ffadd000000 - 0x00007ffadd00b000 	C:\Program Files\Android\Android Studio\jre\bin\jimage.dll
0x00007ffadcfc0000 - 0x00007ffadcfd8000 	C:\Program Files\Android\Android Studio\jre\bin\zip.dll
0x00007ffae96c0000 - 0x00007ffae9e04000 	C:\WINDOWS\System32\SHELL32.dll
0x00007ffae5880000 - 0x00007ffae6012000 	C:\WINDOWS\SYSTEM32\windows.storage.dll
0x00007ffae8230000 - 0x00007ffae8585000 	C:\WINDOWS\System32\combase.dll
0x00007ffae7140000 - 0x00007ffae7170000 	C:\WINDOWS\SYSTEM32\Wldp.dll
0x00007ffae9f40000 - 0x00007ffae9fed000 	C:\WINDOWS\System32\SHCORE.dll
0x00007ffae8110000 - 0x00007ffae8165000 	C:\WINDOWS\System32\shlwapi.dll
0x00007ffae7700000 - 0x00007ffae771f000 	C:\WINDOWS\SYSTEM32\profapi.dll
0x00007ffac1e50000 - 0x00007ffac1e6a000 	C:\Program Files\Android\Android Studio\jre\bin\net.dll
0x00007ffad9b80000 - 0x00007ffad9c8c000 	C:\WINDOWS\SYSTEM32\WINHTTP.dll
0x00007ffae6ea0000 - 0x00007ffae6f0a000 	C:\WINDOWS\system32\mswsock.dll
0x00007ffac1e30000 - 0x00007ffac1e44000 	C:\Program Files\Android\Android Studio\jre\bin\nio.dll
0x00007ffad1660000 - 0x00007ffad1687000 	C:\Users\Kleivy Gomes\.gradle\native\e1d6ef7f7dcc3fd88c89a11ec53ec762bb8ba0a96d01ffa2cd45eb1d1d8dd5c5\windows-amd64\native-platform.dll
0x00007ffa80560000 - 0x00007ffa806a4000 	C:\Users\Kleivy Gomes\.gradle\native\0d407fdbe67a94daf76414ababcb853783967236a71b16ec16e742cd7a986fd3\windows-amd64\native-platform-file-events.dll
0x00007ffadcff0000 - 0x00007ffadcffa000 	C:\Program Files\Android\Android Studio\jre\bin\management.dll
0x00007ffadbd20000 - 0x00007ffadbd2d000 	C:\Program Files\Android\Android Studio\jre\bin\management_ext.dll
0x00007ffae7090000 - 0x00007ffae70a8000 	C:\WINDOWS\SYSTEM32\CRYPTSP.dll
0x00007ffae67c0000 - 0x00007ffae67f4000 	C:\WINDOWS\system32\rsaenh.dll
0x00007ffae7a40000 - 0x00007ffae7a67000 	C:\WINDOWS\System32\bcrypt.dll
0x00007ffae76c0000 - 0x00007ffae76ee000 	C:\WINDOWS\SYSTEM32\USERENV.dll
0x00007ffae70b0000 - 0x00007ffae70bc000 	C:\WINDOWS\SYSTEM32\CRYPTBASE.dll
0x00007ffae6b90000 - 0x00007ffae6bcb000 	C:\WINDOWS\SYSTEM32\IPHLPAPI.DLL
0x00007ffae86c0000 - 0x00007ffae86c8000 	C:\WINDOWS\System32\NSI.dll
0x00007ffada700000 - 0x00007ffada717000 	C:\WINDOWS\SYSTEM32\dhcpcsvc6.DLL
0x00007ffadc490000 - 0x00007ffadc4ad000 	C:\WINDOWS\SYSTEM32\dhcpcsvc.DLL
0x00007ffae6bd0000 - 0x00007ffae6c9a000 	C:\WINDOWS\SYSTEM32\DNSAPI.dll

dbghelp: loaded successfully - version: 4.0.5 - missing functions: none
symbol engine: initialized successfully - sym options: 0x614 - pdb path: .;C:\Program Files\Android\Android Studio\jre\bin;C:\WINDOWS\SYSTEM32;C:\Program Files\AVAST Software\Avast;C:\WINDOWS\WinSxS\amd64_microsoft.windows.common-controls_6595b64144ccf1df_6.0.19041.1110_none_60b5254171f9507e;C:\Program Files\Android\Android Studio\jre\bin\server;C:\Users\Kleivy Gomes\.gradle\native\e1d6ef7f7dcc3fd88c89a11ec53ec762bb8ba0a96d01ffa2cd45eb1d1d8dd5c5\windows-amd64;C:\Users\Kleivy Gomes\.gradle\native\0d407fdbe67a94daf76414ababcb853783967236a71b16ec16e742cd7a986fd3\windows-amd64

VM Arguments:
jvm_args: --add-opens=java.base/java.util=ALL-UNNAMED --add-opens=java.base/java.lang=ALL-UNNAMED --add-opens=java.base/java.lang.invoke=ALL-UNNAMED --add-opens=java.base/java.util=ALL-UNNAMED --add-opens=java.prefs/java.util.prefs=ALL-UNNAMED --add-opens=java.prefs/java.util.prefs=ALL-UNNAMED --add-opens=java.base/java.nio.charset=ALL-UNNAMED --add-opens=java.base/java.net=ALL-UNNAMED --add-opens=java.base/java.util.concurrent.atomic=ALL-UNNAMED -Xmx2048m -Dfile.encoding=UTF-8 -Duser.country=PT -Duser.language=pt -Duser.variant 
java_command: org.gradle.launcher.daemon.bootstrap.GradleDaemon 7.4
java_class_path (initial): C:\Users\Kleivy Gomes\.gradle\wrapper\dists\gradle-7.4-bin\c0gwcg53nkjbqw7r0h0umtfvt\gradle-7.4\lib\gradle-launcher-7.4.jar
Launcher Type: SUN_STANDARD

[Global flags]
     intx CICompilerCount                          = 3                                         {product} {ergonomic}
     uint ConcGCThreads                            = 1                                         {product} {ergonomic}
     uint G1ConcRefinementThreads                  = 4                                         {product} {ergonomic}
   size_t G1HeapRegionSize                         = 1048576                                   {product} {ergonomic}
    uintx GCDrainStackTargetSize                   = 64                                        {product} {ergonomic}
   size_t InitialHeapSize                          = 100663296                                 {product} {ergonomic}
   size_t MarkStackSize                            = 4194304                                   {product} {ergonomic}
   size_t MaxHeapSize                              = 2147483648                                {product} {command line}
   size_t MaxNewSize                               = 1287651328                                {product} {ergonomic}
   size_t MinHeapDeltaBytes                        = 1048576                                   {product} {ergonomic}
    uintx NonNMethodCodeHeapSize                   = 5830732                                {pd product} {ergonomic}
    uintx NonProfiledCodeHeapSize                  = 122913754                              {pd product} {ergonomic}
    uintx ProfiledCodeHeapSize                     = 122913754                              {pd product} {ergonomic}
    uintx ReservedCodeCacheSize                    = 251658240                              {pd product} {ergonomic}
     bool SegmentedCodeCache                       = true                                      {product} {ergonomic}
     bool UseCompressedClassPointers               = true                                 {lp64_product} {ergonomic}
     bool UseCompressedOops                        = true                                 {lp64_product} {ergonomic}
     bool UseG1GC                                  = true                                      {product} {ergonomic}
     bool UseLargePagesIndividualAllocation        = false                                  {pd product} {ergonomic}

Logging:
Log output configuration:
 #0: stdout all=warning uptime,level,tags
 #1: stderr all=off uptime,level,tags

Environment Variables:
JAVA_HOME=C:\Program Files\Java\jdk1.8.0_202
PATH=C:\app\Gomez\virtual\product\12.2.0\dbhome_1\bin;C:\Program Files\Java\jre1.8.0_202\;C:\Program Files\Java\jdk1.8.0_202\bin;C:\MinGW\bin;C:\DevSuiteHome_1\jdk\jre\bin;C:\DevSuiteHome_1\jdk\jre\bin\client;C:\DevSuiteHome_1\jlib;C:\DevSuiteHome_1\bin;C:\DevSuiteHome_1\jre\1.4.2\bin\client;C:\DevSuiteHome_1\jre\1.4.2\bin;C:\Program Files (x86)\Common Files\Oracle\Java\javapath;C:\WINDOWS\system32;C:\WINDOWS;C:\WINDOWS\System32\Wbem;C:\WINDOWS\System32\WindowsPowerShell\v1.0\;C:\Program Files\dotnet\;C:\WINDOWS\System32\OpenSSH\;C:\apache-maven-3.6.1-bin\apache-maven-3.6.1\bin;C:\ProgramData\chocolatey\bin;C:\Program Files\Git\cmd;C:\Program Files\nodejs\;C:\Program Files\PostgreSQL\14\bin;C:\Program Files\PostgreSQL\14\lib;C:\Users\Kleivy Gomes\Documents\EISC\4º ano\VR\Opengl\bin;C:\Program Files\CMake\bin;C:\Users\Kleivy Gomes\AppData\Local\Programs\Python\Python311\Scripts\;C:\Users\Kleivy Gomes\AppData\Local\Programs\Python\Python311\;C:\Users\Kleivy Gomes\AppData\Roaming\local\bin;C:\Users\Kleivy Gomes\AppData\Local\Microsoft\WindowsApps;C:\ProgramData\chocolatey\lib\ghc\tools\ghc-8.10.2\bin;C:\tools\msys64;C:\Users\Kleivy Gomes\AppData\Local\Programs\Microsoft VS Code\bin;C:\Program Files\heroku\bin;C:\Users\Kleivy Gomes\AppData\Roaming\npm;C:\Program Files\MySQL\MySQL Server 8.0\bin;C:\Program Files\MongoDB\Server\5.0\bin;C:\Program Files\JetBrains\PyCharm 2022.3\bin;
USERNAME=Kleivy Gomes
OS=Windows_NT
PROCESSOR_IDENTIFIER=Intel64 Family 6 Model 58 Stepping 9, GenuineIntel



---------------  S Y S T E M  ---------------

OS: Windows 10 , 64 bit Build 19041 (10.0.19041.2364)
OS uptime: 0 days 2:37 hours

CPU:total 4 (initial active 4) (2 cores per cpu, 2 threads per core) family 6 model 58 stepping 9 microcode 0x21, cmov, cx8, fxsr, mmx, sse, sse2, sse3, ssse3, sse4.1, sse4.2, popcnt, avx, clmul, erms, ht, tsc, tscinvbit, tscinv

Memory: 4k page, system-wide physical 6019M (545M free)
TotalPageFile size 10115M (AvailPageFile size 19M)
current process WorkingSet (physical memory assigned to process): 431M, peak: 431M
current process commit charge ("private bytes"): 462M, peak: 499M

vm_info: OpenJDK 64-Bit Server VM (11.0.13+0-b1751.21-8125866) for windows-amd64 JRE (11.0.13+0-b1751.21-8125866), built on Feb  2 2022 03:00:22 by "builder" with MS VC++ 14.0 (VS2015)

END.
