#
# There is insufficient memory for the Java Runtime Environment to continue.
# Native memory allocation (malloc) failed to allocate 2444336 bytes for Chunk::new
# Possible reasons:
#   The system is out of physical RAM or swap space
#   The process is running with CompressedOops enabled, and the Java Heap may be blocking the growth of the native heap
# Possible solutions:
#   Reduce memory load on the system
#   Increase physical memory or swap space
#   Check if swap backing store is full
#   Decrease Java heap size (-Xmx/-Xms)
#   Decrease number of Java threads
#   Decrease Java thread stack sizes (-Xss)
#   Set larger code cache with -XX:ReservedCodeCacheSize=
#   JVM is running with Unscaled Compressed Oops mode in which the Java heap is
#     placed in the first 4GB address space. The Java Heap base address is the
#     maximum limit for the native heap growth. Please use -XX:HeapBaseMinAddress
#     to set the Java Heap base and to place the Java Heap above 4GB virtual address.
# This output file may be truncated or incomplete.
#
#  Out of Memory Error (./src/hotspot/share/memory/arena.cpp:197), pid=11812, tid=4976
#
# JRE version: OpenJDK Runtime Environment (11.0.13) (build 11.0.13+0-b1751.21-8125866)
# Java VM: OpenJDK 64-Bit Server VM (11.0.13+0-b1751.21-8125866, mixed mode, tiered, compressed oops, g1 gc, windows-amd64)
# No core dump will be written. Minidumps are not enabled by default on client versions of Windows
#

---------------  S U M M A R Y ------------

Command Line: --add-opens=java.base/java.util=ALL-UNNAMED --add-opens=java.base/java.lang=ALL-UNNAMED --add-opens=java.base/java.lang.invoke=ALL-UNNAMED --add-opens=java.base/java.util=ALL-UNNAMED --add-opens=java.prefs/java.util.prefs=ALL-UNNAMED --add-opens=java.prefs/java.util.prefs=ALL-UNNAMED --add-opens=java.base/java.nio.charset=ALL-UNNAMED --add-opens=java.base/java.net=ALL-UNNAMED --add-opens=java.base/java.util.concurrent.atomic=ALL-UNNAMED -Xmx2048m -Dfile.encoding=UTF-8 -Duser.country=PT -Duser.language=pt -Duser.variant org.gradle.launcher.daemon.bootstrap.GradleDaemon 7.4

Host: Intel(R) Core(TM) i3-3110M CPU @ 2.40GHz, 4 cores, 5G,  Windows 10 , 64 bit Build 19041 (10.0.19041.2364)
Time: Fri Jan  6 02:46:46 2023 Hora Padrão de Cabo Verde elapsed time: 147.431505 seconds (0d 0h 2m 27s)

---------------  T H R E A D  ---------------

Current thread (0x0000022f6868a000):  JavaThread "C2 CompilerThread0" daemon [_thread_in_native, id=4976, stack(0x0000009371e00000,0x0000009371f00000)]


Current CompileTask:
C2: 147431 14889 %     4       com.android.tools.r8.code.y1::a @ 20 (4129 bytes)

Stack: [0x0000009371e00000,0x0000009371f00000]
Native frames: (J=compiled Java code, j=interpreted, Vv=VM code, C=native code)
V  [jvm.dll+0x6100fa]
V  [jvm.dll+0x747090]
V  [jvm.dll+0x7486ad]
V  [jvm.dll+0x748d83]
V  [jvm.dll+0x24ab48]
V  [jvm.dll+0xc04dc]
V  [jvm.dll+0xc0a0c]
V  [jvm.dll+0x35eb5b]
V  [jvm.dll+0x32b833]
V  [jvm.dll+0x32ad2a]
V  [jvm.dll+0x2032b2]
V  [jvm.dll+0x202437]
V  [jvm.dll+0x188e01]
V  [jvm.dll+0x21106b]
V  [jvm.dll+0x20f8c1]
V  [jvm.dll+0x70de0f]
V  [jvm.dll+0x706a75]
V  [jvm.dll+0x60ed66]
C  [ucrtbase.dll+0x21bb2]
C  [KERNEL32.DLL+0x17614]
C  [ntdll.dll+0x526a1]


---------------  P R O C E S S  ---------------

Threads class SMR info:
_java_thread_list=0x0000022f6b391630, length=99, elements={
0x0000022f4ea69800, 0x0000022f68661000, 0x0000022f6866c800, 0x0000022f69022800,
0x0000022f68680800, 0x0000022f68683800, 0x0000022f6868a000, 0x0000022f6868b000,
0x0000022f6868e800, 0x0000022f69153800, 0x0000022f6b4fe000, 0x0000022f6a682800,
0x0000022f6b058000, 0x0000022f6b2f7800, 0x0000022f6b2f4000, 0x0000022f6b2f9000,
0x0000022f6b2fa000, 0x0000022f6b2f5000, 0x0000022f6c98d000, 0x0000022f6c98c800,
0x0000022f6c98e000, 0x0000022f6c98a800, 0x0000022f6c994800, 0x0000022f6c758000,
0x0000022f6c757800, 0x0000022f6e8a5000, 0x0000022f6e8a2800, 0x0000022f6e8a6000,
0x0000022f6e8a0800, 0x0000022f6e8a1000, 0x0000022f6e8a7800, 0x0000022f6e8a2000,
0x0000022f6e8a9000, 0x0000022f6e8a3800, 0x0000022f6e8a8800, 0x0000022f6e8a7000,
0x0000022f6e8aa000, 0x0000022f6e8a4800, 0x0000022f6e8ac800, 0x0000022f6e8ad800,
0x0000022f6e8ab800, 0x0000022f6e8af000, 0x0000022f6e8ae000, 0x0000022f6e8ab000,
0x0000022f6c751800, 0x0000022f6c752800, 0x0000022f6c750000, 0x0000022f6c74e800,
0x0000022f6c74f000, 0x0000022f6c74c800, 0x0000022f6c751000, 0x0000022f6c753000,
0x0000022f6c74d800, 0x0000022f6c756800, 0x0000022f6c755000, 0x0000022f6c759800,
0x0000022f6c759000, 0x0000022f6c754000, 0x0000022f6c75b800, 0x0000022f6c98a000,
0x0000022f6c992000, 0x0000022f6c991000, 0x0000022f6c995800, 0x0000022f6c996000,
0x0000022f6c993000, 0x0000022f6c990800, 0x0000022f6c997000, 0x0000022f6c998000,
0x0000022f6c998800, 0x0000022f6c993800, 0x0000022f6b2f6000, 0x0000022f6b2fb000,
0x0000022f6b2f6800, 0x0000022f6b2f8800, 0x0000022f6bc60800, 0x0000022f6bc5c000,
0x0000022f6bc5a800, 0x0000022f6bc61000, 0x0000022f6bc5b800, 0x0000022f6bc63000,
0x0000022f6bc5d000, 0x0000022f6bc63800, 0x0000022f6bc5f800, 0x0000022f6bc5e000,
0x0000022f6bc64800, 0x0000022f6bc5e800, 0x0000022f6bc67000, 0x0000022f6bc67800,
0x0000022f6bc68800, 0x0000022f6bc69800, 0x0000022f7061e800, 0x0000022f6bc66000,
0x0000022f6ec10000, 0x0000022f6ec12800, 0x0000022f6ec10800, 0x0000022f6ec0d800,
0x0000022f6ec11800, 0x0000022f6ec13000, 0x0000022f6ec14000
}

Java Threads: ( => current thread )
  0x0000022f4ea69800 JavaThread "main" [_thread_blocked, id=3036, stack(0x0000009371200000,0x0000009371300000)]
  0x0000022f68661000 JavaThread "Reference Handler" daemon [_thread_blocked, id=11972, stack(0x0000009371900000,0x0000009371a00000)]
  0x0000022f6866c800 JavaThread "Finalizer" daemon [_thread_blocked, id=10972, stack(0x0000009371a00000,0x0000009371b00000)]
  0x0000022f69022800 JavaThread "Signal Dispatcher" daemon [_thread_blocked, id=1308, stack(0x0000009371b00000,0x0000009371c00000)]
  0x0000022f68680800 JavaThread "Attach Listener" daemon [_thread_blocked, id=9016, stack(0x0000009371c00000,0x0000009371d00000)]
  0x0000022f68683800 JavaThread "Service Thread" daemon [_thread_blocked, id=2536, stack(0x0000009371d00000,0x0000009371e00000)]
=>0x0000022f6868a000 JavaThread "C2 CompilerThread0" daemon [_thread_in_native, id=4976, stack(0x0000009371e00000,0x0000009371f00000)]
  0x0000022f6868b000 JavaThread "C1 CompilerThread0" daemon [_thread_blocked, id=12640, stack(0x0000009371f00000,0x0000009372000000)]
  0x0000022f6868e800 JavaThread "Sweeper thread" daemon [_thread_blocked, id=8312, stack(0x0000009372000000,0x0000009372100000)]
  0x0000022f69153800 JavaThread "Common-Cleaner" daemon [_thread_blocked, id=14128, stack(0x0000009372100000,0x0000009372200000)]
  0x0000022f6b4fe000 JavaThread "Daemon health stats" [_thread_blocked, id=7104, stack(0x0000009372500000,0x0000009372600000)]
  0x0000022f6a682800 JavaThread "Incoming local TCP Connector on port 62105" [_thread_in_native, id=4400, stack(0x0000009372300000,0x0000009372400000)]
  0x0000022f6b058000 JavaThread "Daemon periodic checks" [_thread_blocked, id=8340, stack(0x0000009372800000,0x0000009372900000)]
  0x0000022f6b2f7800 JavaThread "Cache worker for journal cache (C:\Users\Kleivy Gomes\.gradle\caches\journal-1)" [_thread_blocked, id=10500, stack(0x0000009373000000,0x0000009373100000)]
  0x0000022f6b2f4000 JavaThread "File lock request listener" [_thread_in_native, id=1092, stack(0x0000009373100000,0x0000009373200000)]
  0x0000022f6b2f9000 JavaThread "Cache worker for file hash cache (C:\Users\Kleivy Gomes\.gradle\caches\7.4\fileHashes)" [_thread_blocked, id=724, stack(0x0000009373200000,0x0000009373300000)]
  0x0000022f6b2fa000 JavaThread "File watcher server" daemon [_thread_in_native, id=1120, stack(0x0000009373400000,0x0000009373500000)]
  0x0000022f6b2f5000 JavaThread "File watcher consumer" daemon [_thread_blocked, id=11884, stack(0x0000009373500000,0x0000009373600000)]
  0x0000022f6c98d000 JavaThread "Cache worker for execution history cache (C:\Users\Kleivy Gomes\.gradle\caches\7.4\executionHistory)" [_thread_blocked, id=12328, stack(0x0000009373a00000,0x0000009373b00000)]
  0x0000022f6c98c800 JavaThread "jar transforms" [_thread_blocked, id=10964, stack(0x0000009373b00000,0x0000009373c00000)]
  0x0000022f6c98e000 JavaThread "Cache worker for file content cache (C:\Users\Kleivy Gomes\.gradle\caches\7.4\fileContent)" [_thread_blocked, id=12880, stack(0x0000009373c00000,0x0000009373d00000)]
  0x0000022f6c98a800 JavaThread "jar transforms Thread 2" [_thread_blocked, id=10136, stack(0x0000009373d00000,0x0000009373e00000)]
  0x0000022f6c994800 JavaThread "jar transforms Thread 3" [_thread_blocked, id=7796, stack(0x0000009373f00000,0x0000009374000000)]
  0x0000022f6c758000 JavaThread "jar transforms Thread 4" [_thread_blocked, id=4504, stack(0x0000009376900000,0x0000009376a00000)]
  0x0000022f6c757800 JavaThread "Memory manager" [_thread_blocked, id=13100, stack(0x0000009376a00000,0x0000009376b00000)]
  0x0000022f6e8a5000 JavaThread "ForkJoinPool.commonPool-worker-3" daemon [_thread_blocked, id=11276, stack(0x0000009377200000,0x0000009377300000)]
  0x0000022f6e8a2800 JavaThread "Daemon Thread 2" [_thread_blocked, id=1880, stack(0x0000009370f00000,0x0000009371000000)]
  0x0000022f6e8a6000 JavaThread "Handler for socket connection from /127.0.0.1:62105 to /127.0.0.1:62137" [_thread_in_native, id=1756, stack(0x0000009371000000,0x0000009371100000)]
  0x0000022f6e8a0800 JavaThread "Cancel handler" [_thread_blocked, id=9516, stack(0x0000009371100000,0x0000009371200000)]
  0x0000022f6e8a1000 JavaThread "Daemon worker Thread 2" [_thread_blocked, id=5208, stack(0x0000009372900000,0x0000009372a00000)]
  0x0000022f6e8a7800 JavaThread "Asynchronous log dispatcher for DefaultDaemonConnection: socket connection from /127.0.0.1:62105 to /127.0.0.1:62137" [_thread_blocked, id=11988, stack(0x0000009372c00000,0x0000009372d00000)]
  0x0000022f6e8a2000 JavaThread "Stdin handler" [_thread_blocked, id=12096, stack(0x0000009372d00000,0x0000009372e00000)]
  0x0000022f6e8a9000 JavaThread "Daemon client event forwarder" [_thread_blocked, id=11788, stack(0x0000009372e00000,0x0000009372f00000)]
  0x0000022f6e8a3800 JavaThread "Cache worker for checksums cache (C:\Users\Kleivy Gomes\AndroidStudioProjects\Contact\.gradle\7.4\checksums)" [_thread_blocked, id=13696, stack(0x0000009373300000,0x0000009373400000)]
  0x0000022f6e8a8800 JavaThread "Cache worker for cache directory md-rule (C:\Users\Kleivy Gomes\.gradle\caches\7.4\md-rule)" [_thread_blocked, id=2976, stack(0x0000009373600000,0x0000009373700000)]
  0x0000022f6e8a7000 JavaThread "Cache worker for file hash cache (C:\Users\Kleivy Gomes\AndroidStudioProjects\Contact\.gradle\7.4\fileHashes)" [_thread_blocked, id=2336, stack(0x0000009373700000,0x0000009373800000)]
  0x0000022f6e8aa000 JavaThread "Cache worker for cache directory md-supplier (C:\Users\Kleivy Gomes\.gradle\caches\7.4\md-supplier)" [_thread_blocked, id=12116, stack(0x0000009373800000,0x0000009373900000)]
  0x0000022f6e8a4800 JavaThread "Cache worker for dependencies-accessors (C:\Users\Kleivy Gomes\AndroidStudioProjects\Contact\.gradle\7.4\dependencies-accessors)" [_thread_blocked, id=12008, stack(0x0000009373900000,0x0000009373a00000)]
  0x0000022f6e8ac800 JavaThread "Cache worker for Build Output Cleanup Cache (C:\Users\Kleivy Gomes\AndroidStudioProjects\Contact\.gradle\buildOutputCleanup)" [_thread_blocked, id=9572, stack(0x0000009373e00000,0x0000009373f00000)]
  0x0000022f6e8ad800 JavaThread "Unconstrained build operations" [_thread_blocked, id=9024, stack(0x0000009374000000,0x0000009374100000)]
  0x0000022f6e8ab800 JavaThread "Unconstrained build operations Thread 2" [_thread_blocked, id=8772, stack(0x0000009374100000,0x0000009374200000)]
  0x0000022f6e8af000 JavaThread "Unconstrained build operations Thread 3" [_thread_blocked, id=4404, stack(0x0000009374200000,0x0000009374300000)]
  0x0000022f6e8ae000 JavaThread "Unconstrained build operations Thread 4" [_thread_blocked, id=6856, stack(0x0000009374300000,0x0000009374400000)]
  0x0000022f6e8ab000 JavaThread "Unconstrained build operations Thread 5" [_thread_blocked, id=12592, stack(0x0000009374400000,0x0000009374500000)]
  0x0000022f6c751800 JavaThread "Unconstrained build operations Thread 6" [_thread_blocked, id=12676, stack(0x0000009374500000,0x0000009374600000)]
  0x0000022f6c752800 JavaThread "Unconstrained build operations Thread 7" [_thread_blocked, id=1768, stack(0x0000009374600000,0x0000009374700000)]
  0x0000022f6c750000 JavaThread "Unconstrained build operations Thread 8" [_thread_blocked, id=11636, stack(0x0000009374700000,0x0000009374800000)]
  0x0000022f6c74e800 JavaThread "Unconstrained build operations Thread 9" [_thread_blocked, id=11320, stack(0x0000009374800000,0x0000009374900000)]
  0x0000022f6c74f000 JavaThread "Unconstrained build operations Thread 10" [_thread_blocked, id=3008, stack(0x0000009374900000,0x0000009374a00000)]
  0x0000022f6c74c800 JavaThread "Unconstrained build operations Thread 11" [_thread_blocked, id=2460, stack(0x0000009374a00000,0x0000009374b00000)]
  0x0000022f6c751000 JavaThread "Unconstrained build operations Thread 12" [_thread_blocked, id=11724, stack(0x0000009374b00000,0x0000009374c00000)]
  0x0000022f6c753000 JavaThread "Unconstrained build operations Thread 13" [_thread_blocked, id=12004, stack(0x0000009374c00000,0x0000009374d00000)]
  0x0000022f6c74d800 JavaThread "Unconstrained build operations Thread 14" [_thread_blocked, id=7664, stack(0x0000009374d00000,0x0000009374e00000)]
  0x0000022f6c756800 JavaThread "Unconstrained build operations Thread 15" [_thread_blocked, id=1624, stack(0x0000009374e00000,0x0000009374f00000)]
  0x0000022f6c755000 JavaThread "Unconstrained build operations Thread 16" [_thread_blocked, id=9012, stack(0x0000009374f00000,0x0000009375000000)]
  0x0000022f6c759800 JavaThread "Unconstrained build operations Thread 17" [_thread_blocked, id=8940, stack(0x0000009375000000,0x0000009375100000)]
  0x0000022f6c759000 JavaThread "Unconstrained build operations Thread 18" [_thread_blocked, id=11968, stack(0x0000009375100000,0x0000009375200000)]
  0x0000022f6c754000 JavaThread "Unconstrained build operations Thread 19" [_thread_blocked, id=8744, stack(0x0000009375200000,0x0000009375300000)]
  0x0000022f6c75b800 JavaThread "Unconstrained build operations Thread 20" [_thread_blocked, id=6928, stack(0x0000009375300000,0x0000009375400000)]
  0x0000022f6c98a000 JavaThread "Unconstrained build operations Thread 21" [_thread_blocked, id=6720, stack(0x0000009375400000,0x0000009375500000)]
  0x0000022f6c992000 JavaThread "Unconstrained build operations Thread 22" [_thread_blocked, id=6320, stack(0x0000009375500000,0x0000009375600000)]
  0x0000022f6c991000 JavaThread "Unconstrained build operations Thread 23" [_thread_blocked, id=2296, stack(0x0000009375600000,0x0000009375700000)]
  0x0000022f6c995800 JavaThread "Unconstrained build operations Thread 24" [_thread_blocked, id=12728, stack(0x0000009375700000,0x0000009375800000)]
  0x0000022f6c996000 JavaThread "Unconstrained build operations Thread 25" [_thread_blocked, id=10336, stack(0x0000009375800000,0x0000009375900000)]
  0x0000022f6c993000 JavaThread "Unconstrained build operations Thread 26" [_thread_blocked, id=13244, stack(0x0000009375900000,0x0000009375a00000)]
  0x0000022f6c990800 JavaThread "Unconstrained build operations Thread 27" [_thread_blocked, id=13636, stack(0x0000009375a00000,0x0000009375b00000)]
  0x0000022f6c997000 JavaThread "Unconstrained build operations Thread 28" [_thread_blocked, id=11644, stack(0x0000009375b00000,0x0000009375c00000)]
  0x0000022f6c998000 JavaThread "Unconstrained build operations Thread 29" [_thread_blocked, id=12692, stack(0x0000009375c00000,0x0000009375d00000)]
  0x0000022f6c998800 JavaThread "Unconstrained build operations Thread 30" [_thread_blocked, id=5032, stack(0x0000009375d00000,0x0000009375e00000)]
  0x0000022f6c993800 JavaThread "Unconstrained build operations Thread 31" [_thread_blocked, id=8084, stack(0x0000009375e00000,0x0000009375f00000)]
  0x0000022f6b2f6000 JavaThread "Unconstrained build operations Thread 32" [_thread_blocked, id=12528, stack(0x0000009375f00000,0x0000009376000000)]
  0x0000022f6b2fb000 JavaThread "Unconstrained build operations Thread 33" [_thread_blocked, id=13932, stack(0x0000009376000000,0x0000009376100000)]
  0x0000022f6b2f6800 JavaThread "Unconstrained build operations Thread 34" [_thread_blocked, id=14216, stack(0x0000009376100000,0x0000009376200000)]
  0x0000022f6b2f8800 JavaThread "Unconstrained build operations Thread 35" [_thread_blocked, id=3676, stack(0x0000009376200000,0x0000009376300000)]
  0x0000022f6bc60800 JavaThread "Unconstrained build operations Thread 36" [_thread_blocked, id=13972, stack(0x0000009376300000,0x0000009376400000)]
  0x0000022f6bc5c000 JavaThread "Unconstrained build operations Thread 37" [_thread_blocked, id=3640, stack(0x0000009376400000,0x0000009376500000)]
  0x0000022f6bc5a800 JavaThread "Unconstrained build operations Thread 38" [_thread_blocked, id=12268, stack(0x0000009376500000,0x0000009376600000)]
  0x0000022f6bc61000 JavaThread "Unconstrained build operations Thread 39" [_thread_blocked, id=7524, stack(0x0000009376600000,0x0000009376700000)]
  0x0000022f6bc5b800 JavaThread "Unconstrained build operations Thread 40" [_thread_blocked, id=13380, stack(0x0000009376700000,0x0000009376800000)]
  0x0000022f6bc63000 JavaThread "build event listener" [_thread_blocked, id=3376, stack(0x0000009376800000,0x0000009376900000)]
  0x0000022f6bc5d000 JavaThread "included builds" [_thread_blocked, id=11976, stack(0x0000009376b00000,0x0000009376c00000)]
  0x0000022f6bc63800 JavaThread "Execution worker for ':'" [_thread_blocked, id=9556, stack(0x0000009376c00000,0x0000009376d00000)]
  0x0000022f6bc5f800 JavaThread "Execution worker for ':' Thread 2" [_thread_blocked, id=7720, stack(0x0000009376d00000,0x0000009376e00000)]
  0x0000022f6bc5e000 JavaThread "Execution worker for ':' Thread 3" [_thread_blocked, id=5816, stack(0x0000009376e00000,0x0000009376f00000)]
  0x0000022f6bc64800 JavaThread "Cache worker for execution history cache (C:\Users\Kleivy Gomes\AndroidStudioProjects\Contact\.gradle\7.4\executionHistory)" [_thread_blocked, id=12808, stack(0x0000009376f00000,0x0000009377000000)]
  0x0000022f6bc5e800 JavaThread "Cache worker for Java compile cache (C:\Users\Kleivy Gomes\.gradle\caches\7.4\javaCompile)" [_thread_blocked, id=5112, stack(0x0000009377000000,0x0000009377100000)]
  0x0000022f6bc67000 JavaThread "Build operations" [_thread_blocked, id=14316, stack(0x0000009377100000,0x0000009377200000)]
  0x0000022f6bc67800 JavaThread "Build operations Thread 2" [_thread_blocked, id=2276, stack(0x0000009377300000,0x0000009377400000)]
  0x0000022f6bc68800 JavaThread "Build operations Thread 3" [_thread_blocked, id=364, stack(0x0000009377400000,0x0000009377500000)]
  0x0000022f6bc69800 JavaThread "Build operations Thread 4" [_thread_blocked, id=11016, stack(0x0000009377500000,0x0000009377600000)]
  0x0000022f7061e800 JavaThread "C2 CompilerThread1" daemon [_thread_in_native, id=13496, stack(0x0000009372f00000,0x0000009373000000)]
  0x0000022f6bc66000 JavaThread "WorkerExecutor Queue" [_thread_blocked, id=14012, stack(0x0000009377600000,0x0000009377700000)]
  0x0000022f6ec10000 JavaThread "WorkerExecutor Queue Thread 2" [_thread_blocked, id=12812, stack(0x0000009377700000,0x0000009377800000)]
  0x0000022f6ec12800 JavaThread "WorkerExecutor Queue Thread 4" [_thread_blocked, id=10920, stack(0x0000009377900000,0x0000009377a00000)]
  0x0000022f6ec10800 JavaThread "WorkerExecutor Queue Thread 5" [_thread_blocked, id=3792, stack(0x0000009377a00000,0x0000009377b00000)]
  0x0000022f6ec0d800 JavaThread "ForkJoinPool-1-worker-3" daemon [_thread_blocked, id=12412, stack(0x0000009377800000,0x0000009377900000)]
  0x0000022f6ec11800 JavaThread "ForkJoinPool-1-worker-5" daemon [_thread_blocked, id=11208, stack(0x0000009377b00000,0x0000009377c00000)]
  0x0000022f6ec13000 JavaThread "ForkJoinPool-1-worker-7" daemon [_thread_blocked, id=4324, stack(0x0000009377c00000,0x0000009377d00000)]
  0x0000022f6ec14000 JavaThread "ForkJoinPool-1-worker-1" daemon [_thread_in_Java, id=13692, stack(0x0000009377d00000,0x0000009377e00000)]

Other Threads:
  0x0000022f6865d000 VMThread "VM Thread" [stack: 0x0000009371800000,0x0000009371900000] [id=7120]
  0x0000022f69196800 WatcherThread [stack: 0x0000009372200000,0x0000009372300000] [id=6180]
  0x0000022f4ea7f000 GCTaskThread "GC Thread#0" [stack: 0x0000009371300000,0x0000009371400000] [id=7028]
  0x0000022f694b1000 GCTaskThread "GC Thread#1" [stack: 0x0000009372400000,0x0000009372500000] [id=13916]
  0x0000022f6b17d800 GCTaskThread "GC Thread#2" [stack: 0x0000009372600000,0x0000009372700000] [id=13156]
  0x0000022f6b437800 GCTaskThread "GC Thread#3" [stack: 0x0000009372700000,0x0000009372800000] [id=824]
  0x0000022f4eab1000 ConcurrentGCThread "G1 Main Marker" [stack: 0x0000009371400000,0x0000009371500000] [id=12384]
  0x0000022f4eab2000 ConcurrentGCThread "G1 Conc#0" [stack: 0x0000009371500000,0x0000009371600000] [id=10504]
  0x0000022f4eb26800 ConcurrentGCThread "G1 Refine#0" [stack: 0x0000009371600000,0x0000009371700000] [id=2164]
  0x0000022f4eb27800 ConcurrentGCThread "G1 Young RemSet Sampling" [stack: 0x0000009371700000,0x0000009371800000] [id=13288]

Threads with active compile tasks:
C2 CompilerThread0 147504 14889 %     4       com.android.tools.r8.code.y1::a @ 20 (4129 bytes)
C2 CompilerThread1 147504 14735       4       com.android.tools.r8.dex.i::a (829 bytes)

VM state:not at safepoint (normal execution)

VM Mutex/Monitor currently owned by a thread: None

Heap address: 0x0000000080000000, size: 2048 MB, Compressed Oops mode: 32-bit
Narrow klass base: 0x0000000000000000, Narrow klass shift: 3
Compressed class space size: 1073741824 Address: 0x0000000100000000

Heap:
 garbage-first heap   total 206848K, used 170847K [0x0000000080000000, 0x0000000100000000)
  region size 1024K, 15 young (15360K), 3 survivors (3072K)
 Metaspace       used 113622K, capacity 117003K, committed 117244K, reserved 1150976K
  class space    used 14863K, capacity 16239K, committed 16288K, reserved 1048576K
Heap Regions: E=young(eden), S=young(survivor), O=old, HS=humongous(starts), HC=humongous(continues), CS=collection set, F=free, A=archive, TAMS=top-at-mark-start (previous, next)
|   0|0x0000000080000000, 0x0000000080100000, 0x0000000080100000|100%|HS|  |TAMS 0x0000000080100000, 0x0000000080100000| Complete 
|   1|0x0000000080100000, 0x0000000080200000, 0x0000000080200000|100%|HC|  |TAMS 0x0000000080200000, 0x0000000080200000| Complete 
|   2|0x0000000080200000, 0x0000000080300000, 0x0000000080300000|100%|HC|  |TAMS 0x0000000080300000, 0x0000000080300000| Complete 
|   3|0x0000000080300000, 0x0000000080400000, 0x0000000080400000|100%| O|  |TAMS 0x0000000080400000, 0x0000000080400000| Untracked 
|   4|0x0000000080400000, 0x0000000080500000, 0x0000000080500000|100%| O|  |TAMS 0x0000000080500000, 0x0000000080500000| Untracked 
|   5|0x0000000080500000, 0x0000000080600000, 0x0000000080600000|100%| O|  |TAMS 0x0000000080600000, 0x0000000080600000| Untracked 
|   6|0x0000000080600000, 0x0000000080700000, 0x0000000080700000|100%| O|  |TAMS 0x0000000080700000, 0x0000000080700000| Untracked 
|   7|0x0000000080700000, 0x0000000080800000, 0x0000000080800000|100%| O|  |TAMS 0x0000000080800000, 0x0000000080800000| Untracked 
|   8|0x0000000080800000, 0x0000000080900000, 0x0000000080900000|100%| O|  |TAMS 0x0000000080900000, 0x0000000080900000| Untracked 
|   9|0x0000000080900000, 0x0000000080a00000, 0x0000000080a00000|100%| O|  |TAMS 0x0000000080a00000, 0x0000000080a00000| Untracked 
|  10|0x0000000080a00000, 0x0000000080b00000, 0x0000000080b00000|100%| O|  |TAMS 0x0000000080b00000, 0x0000000080b00000| Untracked 
|  11|0x0000000080b00000, 0x0000000080c00000, 0x0000000080c00000|100%| O|  |TAMS 0x0000000080c00000, 0x0000000080c00000| Untracked 
|  12|0x0000000080c00000, 0x0000000080d00000, 0x0000000080d00000|100%| O|  |TAMS 0x0000000080d00000, 0x0000000080d00000| Untracked 
|  13|0x0000000080d00000, 0x0000000080e00000, 0x0000000080e00000|100%| O|  |TAMS 0x0000000080e00000, 0x0000000080e00000| Untracked 
|  14|0x0000000080e00000, 0x0000000080f00000, 0x0000000080f00000|100%| O|  |TAMS 0x0000000080f00000, 0x0000000080f00000| Untracked 
|  15|0x0000000080f00000, 0x0000000081000000, 0x0000000081000000|100%| O|  |TAMS 0x0000000081000000, 0x0000000081000000| Untracked 
|  16|0x0000000081000000, 0x0000000081100000, 0x0000000081100000|100%| O|  |TAMS 0x0000000081100000, 0x0000000081100000| Untracked 
|  17|0x0000000081100000, 0x0000000081200000, 0x0000000081200000|100%| O|  |TAMS 0x0000000081200000, 0x0000000081200000| Untracked 
|  18|0x0000000081200000, 0x0000000081300000, 0x0000000081300000|100%| O|  |TAMS 0x0000000081300000, 0x0000000081300000| Untracked 
|  19|0x0000000081300000, 0x0000000081400000, 0x0000000081400000|100%| O|  |TAMS 0x0000000081400000, 0x0000000081400000| Untracked 
|  20|0x0000000081400000, 0x0000000081500000, 0x0000000081500000|100%| O|  |TAMS 0x0000000081500000, 0x0000000081500000| Untracked 
|  21|0x0000000081500000, 0x0000000081600000, 0x0000000081600000|100%| O|  |TAMS 0x0000000081600000, 0x0000000081600000| Untracked 
|  22|0x0000000081600000, 0x0000000081700000, 0x0000000081700000|100%| O|  |TAMS 0x0000000081700000, 0x0000000081700000| Untracked 
|  23|0x0000000081700000, 0x0000000081800000, 0x0000000081800000|100%| O|  |TAMS 0x0000000081800000, 0x0000000081800000| Untracked 
|  24|0x0000000081800000, 0x0000000081900000, 0x0000000081900000|100%| O|  |TAMS 0x0000000081900000, 0x0000000081900000| Untracked 
|  25|0x0000000081900000, 0x0000000081a00000, 0x0000000081a00000|100%| O|  |TAMS 0x0000000081a00000, 0x0000000081a00000| Untracked 
|  26|0x0000000081a00000, 0x0000000081b00000, 0x0000000081b00000|100%|HS|  |TAMS 0x0000000081b00000, 0x0000000081b00000| Complete 
|  27|0x0000000081b00000, 0x0000000081c00000, 0x0000000081c00000|100%|HS|  |TAMS 0x0000000081c00000, 0x0000000081c00000| Complete 
|  28|0x0000000081c00000, 0x0000000081d00000, 0x0000000081d00000|100%| O|  |TAMS 0x0000000081d00000, 0x0000000081d00000| Untracked 
|  29|0x0000000081d00000, 0x0000000081e00000, 0x0000000081e00000|100%|HS|  |TAMS 0x0000000081e00000, 0x0000000081e00000| Complete 
|  30|0x0000000081e00000, 0x0000000081f00000, 0x0000000081f00000|100%|HC|  |TAMS 0x0000000081f00000, 0x0000000081f00000| Complete 
|  31|0x0000000081f00000, 0x0000000082000000, 0x0000000082000000|100%| O|  |TAMS 0x0000000082000000, 0x0000000082000000| Untracked 
|  32|0x0000000082000000, 0x0000000082100000, 0x0000000082100000|100%| O|  |TAMS 0x0000000082100000, 0x0000000082100000| Untracked 
|  33|0x0000000082100000, 0x0000000082200000, 0x0000000082200000|100%| O|  |TAMS 0x0000000082200000, 0x0000000082200000| Untracked 
|  34|0x0000000082200000, 0x0000000082300000, 0x0000000082300000|100%| O|  |TAMS 0x0000000082300000, 0x0000000082300000| Untracked 
|  35|0x0000000082300000, 0x0000000082400000, 0x0000000082400000|100%| O|  |TAMS 0x0000000082400000, 0x0000000082400000| Untracked 
|  36|0x0000000082400000, 0x0000000082500000, 0x0000000082500000|100%| O|  |TAMS 0x0000000082500000, 0x0000000082500000| Untracked 
|  37|0x0000000082500000, 0x0000000082600000, 0x0000000082600000|100%| O|  |TAMS 0x0000000082600000, 0x0000000082600000| Untracked 
|  38|0x0000000082600000, 0x0000000082700000, 0x0000000082700000|100%| O|  |TAMS 0x0000000082700000, 0x0000000082700000| Untracked 
|  39|0x0000000082700000, 0x0000000082800000, 0x0000000082800000|100%| O|  |TAMS 0x0000000082800000, 0x0000000082800000| Untracked 
|  40|0x0000000082800000, 0x0000000082900000, 0x0000000082900000|100%| O|  |TAMS 0x0000000082900000, 0x0000000082900000| Untracked 
|  41|0x0000000082900000, 0x0000000082a00000, 0x0000000082a00000|100%| O|  |TAMS 0x0000000082a00000, 0x0000000082a00000| Untracked 
|  42|0x0000000082a00000, 0x0000000082b00000, 0x0000000082b00000|100%| O|  |TAMS 0x0000000082b00000, 0x0000000082b00000| Untracked 
|  43|0x0000000082b00000, 0x0000000082c00000, 0x0000000082c00000|100%| O|  |TAMS 0x0000000082c00000, 0x0000000082c00000| Untracked 
|  44|0x0000000082c00000, 0x0000000082d00000, 0x0000000082d00000|100%| O|  |TAMS 0x0000000082d00000, 0x0000000082d00000| Untracked 
|  45|0x0000000082d00000, 0x0000000082e00000, 0x0000000082e00000|100%| O|  |TAMS 0x0000000082e00000, 0x0000000082e00000| Untracked 
|  46|0x0000000082e00000, 0x0000000082f00000, 0x0000000082f00000|100%| O|  |TAMS 0x0000000082f00000, 0x0000000082f00000| Untracked 
|  47|0x0000000082f00000, 0x0000000083000000, 0x0000000083000000|100%| O|  |TAMS 0x0000000083000000, 0x0000000083000000| Untracked 
|  48|0x0000000083000000, 0x0000000083100000, 0x0000000083100000|100%| O|  |TAMS 0x0000000083100000, 0x0000000083100000| Untracked 
|  49|0x0000000083100000, 0x0000000083200000, 0x0000000083200000|100%| O|  |TAMS 0x0000000083200000, 0x0000000083200000| Untracked 
|  50|0x0000000083200000, 0x0000000083300000, 0x0000000083300000|100%| O|  |TAMS 0x0000000083300000, 0x0000000083300000| Untracked 
|  51|0x0000000083300000, 0x0000000083400000, 0x0000000083400000|100%| O|  |TAMS 0x0000000083400000, 0x0000000083400000| Untracked 
|  52|0x0000000083400000, 0x0000000083500000, 0x0000000083500000|100%| O|  |TAMS 0x0000000083500000, 0x0000000083500000| Untracked 
|  53|0x0000000083500000, 0x0000000083600000, 0x0000000083600000|100%| O|  |TAMS 0x0000000083600000, 0x0000000083600000| Untracked 
|  54|0x0000000083600000, 0x0000000083700000, 0x0000000083700000|100%| O|  |TAMS 0x0000000083700000, 0x0000000083700000| Untracked 
|  55|0x0000000083700000, 0x0000000083800000, 0x0000000083800000|100%| O|  |TAMS 0x0000000083800000, 0x0000000083800000| Untracked 
|  56|0x0000000083800000, 0x0000000083900000, 0x0000000083900000|100%| O|  |TAMS 0x0000000083900000, 0x0000000083900000| Untracked 
|  57|0x0000000083900000, 0x0000000083a00000, 0x0000000083a00000|100%| O|  |TAMS 0x0000000083a00000, 0x0000000083a00000| Untracked 
|  58|0x0000000083a00000, 0x0000000083b00000, 0x0000000083b00000|100%| O|  |TAMS 0x0000000083b00000, 0x0000000083b00000| Untracked 
|  59|0x0000000083b00000, 0x0000000083c00000, 0x0000000083c00000|100%| O|  |TAMS 0x0000000083c00000, 0x0000000083c00000| Untracked 
|  60|0x0000000083c00000, 0x0000000083d00000, 0x0000000083d00000|100%| O|  |TAMS 0x0000000083d00000, 0x0000000083d00000| Untracked 
|  61|0x0000000083d00000, 0x0000000083e00000, 0x0000000083e00000|100%| O|  |TAMS 0x0000000083e00000, 0x0000000083e00000| Untracked 
|  62|0x0000000083e00000, 0x0000000083f00000, 0x0000000083f00000|100%| O|  |TAMS 0x0000000083f00000, 0x0000000083f00000| Untracked 
|  63|0x0000000083f00000, 0x0000000084000000, 0x0000000084000000|100%| O|  |TAMS 0x0000000084000000, 0x0000000084000000| Untracked 
|  64|0x0000000084000000, 0x0000000084100000, 0x0000000084100000|100%| O|  |TAMS 0x0000000084100000, 0x0000000084100000| Untracked 
|  65|0x0000000084100000, 0x0000000084200000, 0x0000000084200000|100%| O|  |TAMS 0x0000000084200000, 0x0000000084200000| Untracked 
|  66|0x0000000084200000, 0x0000000084300000, 0x0000000084300000|100%| O|  |TAMS 0x0000000084300000, 0x0000000084300000| Untracked 
|  67|0x0000000084300000, 0x0000000084400000, 0x0000000084400000|100%| O|  |TAMS 0x0000000084400000, 0x0000000084400000| Untracked 
|  68|0x0000000084400000, 0x0000000084500000, 0x0000000084500000|100%| O|  |TAMS 0x0000000084500000, 0x0000000084500000| Untracked 
|  69|0x0000000084500000, 0x0000000084600000, 0x0000000084600000|100%| O|  |TAMS 0x0000000084600000, 0x0000000084600000| Untracked 
|  70|0x0000000084600000, 0x0000000084700000, 0x0000000084700000|100%| O|  |TAMS 0x0000000084600000, 0x0000000084700000| Untracked 
|  71|0x0000000084700000, 0x0000000084800000, 0x0000000084800000|100%| O|  |TAMS 0x0000000084700000, 0x0000000084800000| Untracked 
|  72|0x0000000084800000, 0x0000000084900000, 0x0000000084900000|100%| O|  |TAMS 0x0000000084900000, 0x0000000084900000| Untracked 
|  73|0x0000000084900000, 0x0000000084a00000, 0x0000000084a00000|100%| O|  |TAMS 0x0000000084a00000, 0x0000000084a00000| Untracked 
|  74|0x0000000084a00000, 0x0000000084b00000, 0x0000000084b00000|100%| O|  |TAMS 0x0000000084b00000, 0x0000000084b00000| Untracked 
|  75|0x0000000084b00000, 0x0000000084c00000, 0x0000000084c00000|100%| O|  |TAMS 0x0000000084c00000, 0x0000000084c00000| Untracked 
|  76|0x0000000084c00000, 0x0000000084d00000, 0x0000000084d00000|100%| O|  |TAMS 0x0000000084d00000, 0x0000000084d00000| Untracked 
|  77|0x0000000084d00000, 0x0000000084e00000, 0x0000000084e00000|100%| O|  |TAMS 0x0000000084e00000, 0x0000000084e00000| Untracked 
|  78|0x0000000084e00000, 0x0000000084f00000, 0x0000000084f00000|100%| O|  |TAMS 0x0000000084f00000, 0x0000000084f00000| Untracked 
|  79|0x0000000084f00000, 0x0000000085000000, 0x0000000085000000|100%| O|  |TAMS 0x0000000085000000, 0x0000000085000000| Untracked 
|  80|0x0000000085000000, 0x0000000085100000, 0x0000000085100000|100%| O|  |TAMS 0x0000000085100000, 0x0000000085100000| Untracked 
|  81|0x0000000085100000, 0x0000000085200000, 0x0000000085200000|100%|HS|  |TAMS 0x0000000085100000, 0x0000000085200000| Complete 
|  82|0x0000000085200000, 0x0000000085300000, 0x0000000085300000|100%|HS|  |TAMS 0x0000000085300000, 0x0000000085300000| Complete 
|  83|0x0000000085300000, 0x0000000085400000, 0x0000000085400000|100%| O|  |TAMS 0x0000000085400000, 0x0000000085400000| Untracked 
|  84|0x0000000085400000, 0x0000000085500000, 0x0000000085500000|100%| O|  |TAMS 0x0000000085500000, 0x0000000085500000| Untracked 
|  85|0x0000000085500000, 0x0000000085600000, 0x0000000085600000|100%| O|  |TAMS 0x0000000085600000, 0x0000000085600000| Untracked 
|  86|0x0000000085600000, 0x0000000085700000, 0x0000000085700000|100%| O|  |TAMS 0x0000000085700000, 0x0000000085700000| Untracked 
|  87|0x0000000085700000, 0x0000000085800000, 0x0000000085800000|100%| O|  |TAMS 0x0000000085800000, 0x0000000085800000| Untracked 
|  88|0x0000000085800000, 0x0000000085900000, 0x0000000085900000|100%| O|  |TAMS 0x0000000085800000, 0x0000000085900000| Untracked 
|  89|0x0000000085900000, 0x0000000085a00000, 0x0000000085a00000|100%| O|  |TAMS 0x0000000085900000, 0x0000000085a00000| Untracked 
|  90|0x0000000085a00000, 0x0000000085b00000, 0x0000000085b00000|100%| O|  |TAMS 0x0000000085b00000, 0x0000000085b00000| Untracked 
|  91|0x0000000085b00000, 0x0000000085c00000, 0x0000000085c00000|100%| O|  |TAMS 0x0000000085c00000, 0x0000000085c00000| Untracked 
|  92|0x0000000085c00000, 0x0000000085d00000, 0x0000000085d00000|100%| O|  |TAMS 0x0000000085c00000, 0x0000000085d00000| Untracked 
|  93|0x0000000085d00000, 0x0000000085e00000, 0x0000000085e00000|100%| O|  |TAMS 0x0000000085e00000, 0x0000000085e00000| Untracked 
|  94|0x0000000085e00000, 0x0000000085f00000, 0x0000000085f00000|100%|HS|  |TAMS 0x0000000085f00000, 0x0000000085f00000| Complete 
|  95|0x0000000085f00000, 0x0000000086000000, 0x0000000086000000|100%|HC|  |TAMS 0x0000000086000000, 0x0000000086000000| Complete 
|  96|0x0000000086000000, 0x0000000086100000, 0x0000000086100000|100%|HC|  |TAMS 0x0000000086100000, 0x0000000086100000| Complete 
|  97|0x0000000086100000, 0x0000000086200000, 0x0000000086200000|100%|HC|  |TAMS 0x0000000086200000, 0x0000000086200000| Complete 
|  98|0x0000000086200000, 0x0000000086300000, 0x0000000086300000|100%|HC|  |TAMS 0x0000000086300000, 0x0000000086300000| Complete 
|  99|0x0000000086300000, 0x0000000086400000, 0x0000000086400000|100%|HC|  |TAMS 0x0000000086400000, 0x0000000086400000| Complete 
| 100|0x0000000086400000, 0x0000000086500000, 0x0000000086500000|100%|HC|  |TAMS 0x0000000086500000, 0x0000000086500000| Complete 
| 101|0x0000000086500000, 0x0000000086600000, 0x0000000086600000|100%|HC|  |TAMS 0x0000000086600000, 0x0000000086600000| Complete 
| 102|0x0000000086600000, 0x0000000086700000, 0x0000000086700000|100%|HC|  |TAMS 0x0000000086700000, 0x0000000086700000| Complete 
| 103|0x0000000086700000, 0x0000000086800000, 0x0000000086800000|100%| O|  |TAMS 0x0000000086700000, 0x0000000086800000| Untracked 
| 104|0x0000000086800000, 0x0000000086900000, 0x0000000086900000|100%| O|  |TAMS 0x0000000086800000, 0x0000000086900000| Untracked 
| 105|0x0000000086900000, 0x0000000086a00000, 0x0000000086a00000|100%| O|  |TAMS 0x0000000086900000, 0x0000000086a00000| Untracked 
| 106|0x0000000086a00000, 0x0000000086b00000, 0x0000000086b00000|100%| O|  |TAMS 0x0000000086a00000, 0x0000000086b00000| Untracked 
| 107|0x0000000086b00000, 0x0000000086c00000, 0x0000000086c00000|100%| O|  |TAMS 0x0000000086b00000, 0x0000000086c00000| Untracked 
| 108|0x0000000086c00000, 0x0000000086d00000, 0x0000000086d00000|100%| O|  |TAMS 0x0000000086c00000, 0x0000000086d00000| Untracked 
| 109|0x0000000086d00000, 0x0000000086e00000, 0x0000000086e00000|100%| O|  |TAMS 0x0000000086d00000, 0x0000000086e00000| Untracked 
| 110|0x0000000086e00000, 0x0000000086f00000, 0x0000000086f00000|100%| O|  |TAMS 0x0000000086e00000, 0x0000000086f00000| Untracked 
| 111|0x0000000086f00000, 0x0000000087000000, 0x0000000087000000|100%| O|  |TAMS 0x0000000086f00000, 0x0000000087000000| Untracked 
| 112|0x0000000087000000, 0x0000000087100000, 0x0000000087100000|100%| O|  |TAMS 0x0000000087000000, 0x0000000087100000| Untracked 
| 113|0x0000000087100000, 0x0000000087200000, 0x0000000087200000|100%| O|  |TAMS 0x0000000087100000, 0x0000000087200000| Untracked 
| 114|0x0000000087200000, 0x0000000087300000, 0x0000000087300000|100%| O|  |TAMS 0x0000000087200000, 0x0000000087300000| Untracked 
| 115|0x0000000087300000, 0x0000000087400000, 0x0000000087400000|100%| O|  |TAMS 0x0000000087300000, 0x0000000087400000| Untracked 
| 116|0x0000000087400000, 0x0000000087500000, 0x0000000087500000|100%| O|  |TAMS 0x0000000087400000, 0x0000000087500000| Untracked 
| 117|0x0000000087500000, 0x0000000087600000, 0x0000000087600000|100%| O|  |TAMS 0x0000000087500000, 0x0000000087600000| Untracked 
| 118|0x0000000087600000, 0x0000000087700000, 0x0000000087700000|100%| O|  |TAMS 0x0000000087600000, 0x0000000087700000| Untracked 
| 119|0x0000000087700000, 0x0000000087800000, 0x0000000087800000|100%| O|  |TAMS 0x0000000087700000, 0x0000000087800000| Untracked 
| 120|0x0000000087800000, 0x0000000087900000, 0x0000000087900000|100%|HS|  |TAMS 0x0000000087900000, 0x0000000087900000| Complete 
| 121|0x0000000087900000, 0x0000000087a00000, 0x0000000087a00000|100%|HC|  |TAMS 0x0000000087a00000, 0x0000000087a00000| Complete 
| 122|0x0000000087a00000, 0x0000000087b00000, 0x0000000087b00000|100%|HC|  |TAMS 0x0000000087b00000, 0x0000000087b00000| Complete 
| 123|0x0000000087b00000, 0x0000000087c00000, 0x0000000087c00000|100%|HC|  |TAMS 0x0000000087c00000, 0x0000000087c00000| Complete 
| 124|0x0000000087c00000, 0x0000000087d00000, 0x0000000087d00000|100%|HC|  |TAMS 0x0000000087d00000, 0x0000000087d00000| Complete 
| 125|0x0000000087d00000, 0x0000000087e00000, 0x0000000087e00000|100%|HC|  |TAMS 0x0000000087e00000, 0x0000000087e00000| Complete 
| 126|0x0000000087e00000, 0x0000000087f00000, 0x0000000087f00000|100%|HC|  |TAMS 0x0000000087f00000, 0x0000000087f00000| Complete 
| 127|0x0000000087f00000, 0x0000000088000000, 0x0000000088000000|100%|HC|  |TAMS 0x0000000088000000, 0x0000000088000000| Complete 
| 128|0x0000000088000000, 0x0000000088100000, 0x0000000088100000|100%|HC|  |TAMS 0x0000000088100000, 0x0000000088100000| Complete 
| 129|0x0000000088100000, 0x0000000088200000, 0x0000000088200000|100%| O|  |TAMS 0x0000000088100000, 0x0000000088200000| Untracked 
| 130|0x0000000088200000, 0x0000000088300000, 0x0000000088300000|100%| O|  |TAMS 0x0000000088200000, 0x0000000088300000| Untracked 
| 131|0x0000000088300000, 0x0000000088400000, 0x0000000088400000|100%| O|  |TAMS 0x0000000088400000, 0x0000000088400000| Untracked 
| 132|0x0000000088400000, 0x0000000088500000, 0x0000000088500000|100%| O|  |TAMS 0x0000000088500000, 0x0000000088500000| Untracked 
| 133|0x0000000088500000, 0x0000000088600000, 0x0000000088600000|100%| O|  |TAMS 0x0000000088600000, 0x0000000088600000| Untracked 
| 134|0x0000000088600000, 0x0000000088700000, 0x0000000088700000|100%| O|  |TAMS 0x0000000088700000, 0x0000000088700000| Untracked 
| 135|0x0000000088700000, 0x0000000088800000, 0x0000000088800000|100%| O|  |TAMS 0x0000000088800000, 0x0000000088800000| Untracked 
| 136|0x0000000088800000, 0x0000000088900000, 0x0000000088900000|100%| O|  |TAMS 0x0000000088900000, 0x0000000088900000| Untracked 
| 137|0x0000000088900000, 0x0000000088a00000, 0x0000000088a00000|100%| O|  |TAMS 0x0000000088a00000, 0x0000000088a00000| Untracked 
| 138|0x0000000088a00000, 0x0000000088b00000, 0x0000000088b00000|100%| O|  |TAMS 0x0000000088b00000, 0x0000000088b00000| Untracked 
| 139|0x0000000088b00000, 0x0000000088c00000, 0x0000000088c00000|100%| O|  |TAMS 0x0000000088c00000, 0x0000000088c00000| Untracked 
| 140|0x0000000088c00000, 0x0000000088d00000, 0x0000000088d00000|100%| O|  |TAMS 0x0000000088d00000, 0x0000000088d00000| Untracked 
| 141|0x0000000088d00000, 0x0000000088e00000, 0x0000000088e00000|100%| O|  |TAMS 0x0000000088d91200, 0x0000000088e00000| Untracked 
| 142|0x0000000088e00000, 0x0000000088f00000, 0x0000000088f00000|100%| O|  |TAMS 0x0000000088e00000, 0x0000000088f00000| Untracked 
| 143|0x0000000088f00000, 0x0000000089000000, 0x0000000089000000|100%| O|  |TAMS 0x0000000088f00000, 0x0000000089000000| Untracked 
| 144|0x0000000089000000, 0x0000000089100000, 0x0000000089100000|100%| O|  |TAMS 0x0000000089000000, 0x0000000089100000| Untracked 
| 145|0x0000000089100000, 0x0000000089200000, 0x0000000089200000|100%| O|  |TAMS 0x0000000089100000, 0x0000000089200000| Untracked 
| 146|0x0000000089200000, 0x0000000089300000, 0x0000000089300000|100%| O|  |TAMS 0x0000000089200000, 0x0000000089300000| Untracked 
| 147|0x0000000089300000, 0x0000000089400000, 0x0000000089400000|100%| O|  |TAMS 0x0000000089300000, 0x0000000089400000| Untracked 
| 148|0x0000000089400000, 0x0000000089500000, 0x0000000089500000|100%| O|  |TAMS 0x0000000089400000, 0x0000000089500000| Untracked 
| 149|0x0000000089500000, 0x0000000089600000, 0x0000000089600000|100%| O|  |TAMS 0x0000000089500000, 0x0000000089600000| Untracked 
| 150|0x0000000089600000, 0x0000000089700000, 0x0000000089700000|100%| O|  |TAMS 0x0000000089600000, 0x0000000089700000| Untracked 
| 151|0x0000000089700000, 0x0000000089800000, 0x0000000089800000|100%| O|  |TAMS 0x0000000089700000, 0x0000000089800000| Untracked 
| 152|0x0000000089800000, 0x00000000898d7c00, 0x0000000089900000| 84%| O|  |TAMS 0x0000000089800000, 0x00000000898d7c00| Untracked 
| 153|0x0000000089900000, 0x0000000089900000, 0x0000000089a00000|  0%| F|  |TAMS 0x0000000089900000, 0x0000000089900000| Untracked 
| 154|0x0000000089a00000, 0x0000000089a00000, 0x0000000089b00000|  0%| F|  |TAMS 0x0000000089a00000, 0x0000000089a00000| Untracked 
| 155|0x0000000089b00000, 0x0000000089b00000, 0x0000000089c00000|  0%| F|  |TAMS 0x0000000089b00000, 0x0000000089b00000| Untracked 
| 156|0x0000000089c00000, 0x0000000089c00000, 0x0000000089d00000|  0%| F|  |TAMS 0x0000000089c00000, 0x0000000089c00000| Untracked 
| 157|0x0000000089d00000, 0x0000000089d00000, 0x0000000089e00000|  0%| F|  |TAMS 0x0000000089d00000, 0x0000000089d00000| Untracked 
| 158|0x0000000089e00000, 0x0000000089e00000, 0x0000000089f00000|  0%| F|  |TAMS 0x0000000089e00000, 0x0000000089e00000| Untracked 
| 159|0x0000000089f00000, 0x0000000089f00000, 0x000000008a000000|  0%| F|  |TAMS 0x0000000089f00000, 0x0000000089f00000| Untracked 
| 160|0x000000008a000000, 0x000000008a000000, 0x000000008a100000|  0%| F|  |TAMS 0x000000008a000000, 0x000000008a000000| Untracked 
| 161|0x000000008a100000, 0x000000008a100000, 0x000000008a200000|  0%| F|  |TAMS 0x000000008a100000, 0x000000008a100000| Untracked 
| 162|0x000000008a200000, 0x000000008a200000, 0x000000008a300000|  0%| F|  |TAMS 0x000000008a200000, 0x000000008a200000| Untracked 
| 163|0x000000008a300000, 0x000000008a300000, 0x000000008a400000|  0%| F|  |TAMS 0x000000008a300000, 0x000000008a300000| Untracked 
| 164|0x000000008a400000, 0x000000008a400000, 0x000000008a500000|  0%| F|  |TAMS 0x000000008a400000, 0x000000008a400000| Untracked 
| 165|0x000000008a500000, 0x000000008a500000, 0x000000008a600000|  0%| F|  |TAMS 0x000000008a500000, 0x000000008a500000| Untracked 
| 166|0x000000008a600000, 0x000000008a600000, 0x000000008a700000|  0%| F|  |TAMS 0x000000008a600000, 0x000000008a600000| Untracked 
| 167|0x000000008a700000, 0x000000008a700000, 0x000000008a800000|  0%| F|  |TAMS 0x000000008a700000, 0x000000008a700000| Untracked 
| 168|0x000000008a800000, 0x000000008a800000, 0x000000008a900000|  0%| F|  |TAMS 0x000000008a800000, 0x000000008a800000| Untracked 
| 169|0x000000008a900000, 0x000000008a900000, 0x000000008aa00000|  0%| F|  |TAMS 0x000000008a900000, 0x000000008a900000| Untracked 
| 170|0x000000008aa00000, 0x000000008aa00000, 0x000000008ab00000|  0%| F|  |TAMS 0x000000008aa00000, 0x000000008aa00000| Untracked 
| 171|0x000000008ab00000, 0x000000008ab00000, 0x000000008ac00000|  0%| F|  |TAMS 0x000000008ab00000, 0x000000008ab00000| Untracked 
| 172|0x000000008ac00000, 0x000000008ac00000, 0x000000008ad00000|  0%| F|  |TAMS 0x000000008ac00000, 0x000000008ac00000| Untracked 
| 173|0x000000008ad00000, 0x000000008ad00000, 0x000000008ae00000|  0%| F|  |TAMS 0x000000008ad00000, 0x000000008ad00000| Untracked 
| 174|0x000000008ae00000, 0x000000008ae00000, 0x000000008af00000|  0%| F|  |TAMS 0x000000008ae00000, 0x000000008ae00000| Untracked 
| 175|0x000000008af00000, 0x000000008af00000, 0x000000008b000000|  0%| F|  |TAMS 0x000000008af00000, 0x000000008af00000| Untracked 
| 176|0x000000008b000000, 0x000000008b000000, 0x000000008b100000|  0%| F|  |TAMS 0x000000008b000000, 0x000000008b000000| Untracked 
| 177|0x000000008b100000, 0x000000008b100000, 0x000000008b200000|  0%| F|  |TAMS 0x000000008b100000, 0x000000008b100000| Untracked 
| 178|0x000000008b200000, 0x000000008b300000, 0x000000008b300000|100%| S|CS|TAMS 0x000000008b200000, 0x000000008b200000| Complete 
| 179|0x000000008b300000, 0x000000008b400000, 0x000000008b400000|100%| S|CS|TAMS 0x000000008b300000, 0x000000008b300000| Complete 
| 180|0x000000008b400000, 0x000000008b500000, 0x000000008b500000|100%| S|CS|TAMS 0x000000008b400000, 0x000000008b400000| Complete 
| 181|0x000000008b500000, 0x000000008b500000, 0x000000008b600000|  0%| F|  |TAMS 0x000000008b500000, 0x000000008b500000| Untracked 
| 182|0x000000008b600000, 0x000000008b600000, 0x000000008b700000|  0%| F|  |TAMS 0x000000008b600000, 0x000000008b600000| Untracked 
| 183|0x000000008b700000, 0x000000008b700000, 0x000000008b800000|  0%| F|  |TAMS 0x000000008b700000, 0x000000008b700000| Untracked 
| 184|0x000000008b800000, 0x000000008b800000, 0x000000008b900000|  0%| F|  |TAMS 0x000000008b800000, 0x000000008b800000| Untracked 
| 185|0x000000008b900000, 0x000000008b900000, 0x000000008ba00000|  0%| F|  |TAMS 0x000000008b900000, 0x000000008b900000| Untracked 
| 186|0x000000008ba00000, 0x000000008ba00000, 0x000000008bb00000|  0%| F|  |TAMS 0x000000008ba00000, 0x000000008ba00000| Untracked 
| 187|0x000000008bb00000, 0x000000008bb00000, 0x000000008bc00000|  0%| F|  |TAMS 0x000000008bb00000, 0x000000008bb00000| Untracked 
| 188|0x000000008bc00000, 0x000000008bc00000, 0x000000008bd00000|  0%| F|  |TAMS 0x000000008bc00000, 0x000000008bc00000| Untracked 
| 189|0x000000008bd00000, 0x000000008be00000, 0x000000008be00000|100%| S|  |TAMS 0x000000008bd00000, 0x000000008bd00000| Complete 
| 190|0x000000008be00000, 0x000000008be00000, 0x000000008bf00000|  0%| F|  |TAMS 0x000000008be00000, 0x000000008be00000| Untracked 
| 191|0x000000008bf00000, 0x000000008bf00000, 0x000000008c000000|  0%| F|  |TAMS 0x000000008bf00000, 0x000000008bf00000| Untracked 
| 192|0x000000008c000000, 0x000000008c000000, 0x000000008c100000|  0%| F|  |TAMS 0x000000008c000000, 0x000000008c000000| Untracked 
| 193|0x000000008c100000, 0x000000008c100000, 0x000000008c200000|  0%| F|  |TAMS 0x000000008c100000, 0x000000008c100000| Untracked 
| 194|0x000000008c200000, 0x000000008c200000, 0x000000008c300000|  0%| F|  |TAMS 0x000000008c200000, 0x000000008c200000| Untracked 
| 195|0x000000008c300000, 0x000000008c300000, 0x000000008c400000|  0%| F|  |TAMS 0x000000008c300000, 0x000000008c300000| Untracked 
| 196|0x000000008c400000, 0x000000008c400000, 0x000000008c500000|  0%| F|  |TAMS 0x000000008c400000, 0x000000008c400000| Untracked 
| 197|0x000000008c500000, 0x000000008c500000, 0x000000008c600000|  0%| F|  |TAMS 0x000000008c500000, 0x000000008c500000| Untracked 
| 198|0x000000008c600000, 0x000000008c600000, 0x000000008c700000|  0%| F|  |TAMS 0x000000008c600000, 0x000000008c600000| Untracked 
| 199|0x000000008c700000, 0x000000008c700000, 0x000000008c800000|  0%| F|  |TAMS 0x000000008c700000, 0x000000008c700000| Untracked 
| 200|0x000000008c800000, 0x000000008c800000, 0x000000008c900000|  0%| F|  |TAMS 0x000000008c800000, 0x000000008c800000| Untracked 
| 201|0x000000008c900000, 0x000000008c921dc0, 0x000000008ca00000| 13%| E|  |TAMS 0x000000008c900000, 0x000000008c900000| Complete 

Card table byte_map: [0x0000022f61980000,0x0000022f61d80000] _byte_map_base: 0x0000022f61580000

Marking Bits (Prev, Next): (CMBitMap*) 0x0000022f4eaa83f8, (CMBitMap*) 0x0000022f4eaa8430
 Prev Bits: [0x0000022f62180000, 0x0000022f64180000)
 Next Bits: [0x0000022f64180000, 0x0000022f66180000)

Polling page: 0x0000022f4c940000

Metaspace:

Usage:
  Non-class:     98.40 MB capacity,    96.44 MB ( 98%) used,     1.56 MB (  2%) free+waste,   411.94 KB ( <1%) overhead. 
      Class:     15.86 MB capacity,    14.52 MB ( 92%) used,     1.15 MB (  7%) free+waste,   195.38 KB (  1%) overhead. 
       Both:    114.26 MB capacity,   110.96 MB ( 97%) used,     2.71 MB (  2%) free+waste,   607.31 KB ( <1%) overhead. 

Virtual space:
  Non-class space:      100.00 MB reserved,      98.59 MB ( 99%) committed 
      Class space:        1.00 GB reserved,      15.91 MB (  2%) committed 
             Both:        1.10 GB reserved,     114.50 MB ( 10%) committed 

Chunk freelists:
   Non-Class:  64.00 KB
       Class:  17.00 KB
        Both:  81.00 KB

MaxMetaspaceSize: 17179869184.00 GB
CompressedClassSpaceSize: 1.00 GB
Initial GC threshold: 20.80 MB
Current GC threshold: 190.41 MB
CDS: off

CodeHeap 'non-profiled nmethods': size=120064Kb used=8702Kb max_used=8702Kb free=111361Kb
 bounds [0x0000022f5a040000, 0x0000022f5a8c0000, 0x0000022f61580000]
CodeHeap 'profiled nmethods': size=120000Kb used=32152Kb max_used=32152Kb free=87847Kb
 bounds [0x0000022f52b10000, 0x0000022f54a80000, 0x0000022f5a040000]
CodeHeap 'non-nmethods': size=5696Kb used=2427Kb max_used=2485Kb free=3268Kb
 bounds [0x0000022f52580000, 0x0000022f52800000, 0x0000022f52b10000]
 total_blobs=15679 nmethods=14720 adapters=871
 compilation: enabled
              stopped_count=0, restarted_count=0
 full_count=0

Compilation events (20 events):
Event: 147.177 Thread 0x0000022f6868b000 14922       2       com.android.tools.r8.graph.N2::b (157 bytes)
Event: 147.179 Thread 0x0000022f6868b000 nmethod 14922 0x0000022f54a72390 code [0x0000022f54a725c0, 0x0000022f54a72d58]
Event: 147.179 Thread 0x0000022f6868b000 14923       2       com.android.tools.r8.code.e::<init> (7 bytes)
Event: 147.180 Thread 0x0000022f6868b000 nmethod 14923 0x0000022f54a73190 code [0x0000022f54a73340, 0x0000022f54a73498]
Event: 147.180 Thread 0x0000022f6868b000 14924       2       com.android.tools.r8.internal.V0::entrySet (32 bytes)
Event: 147.181 Thread 0x0000022f6868b000 nmethod 14924 0x0000022f54a73590 code [0x0000022f54a73740, 0x0000022f54a73998]
Event: 147.181 Thread 0x0000022f6868b000 14925       2       com.android.tools.r8.internal.rK::<init> (6 bytes)
Event: 147.181 Thread 0x0000022f6868b000 nmethod 14925 0x0000022f54a73a90 code [0x0000022f54a73c40, 0x0000022f54a73d98]
Event: 147.195 Thread 0x0000022f6868b000 14926       2       com.android.tools.r8.internal.er::<init> (19 bytes)
Event: 147.195 Thread 0x0000022f6868b000 nmethod 14926 0x0000022f54a73e10 code [0x0000022f54a73fc0, 0x0000022f54a74198]
Event: 147.195 Thread 0x0000022f6868b000 14927       2       com.android.tools.r8.internal.z::<init> (5 bytes)
Event: 147.196 Thread 0x0000022f6868b000 nmethod 14927 0x0000022f54a74210 code [0x0000022f54a743c0, 0x0000022f54a744b8]
Event: 147.209 Thread 0x0000022f6868b000 14928       2       com.android.tools.r8.code.U2::<init> (58 bytes)
Event: 147.210 Thread 0x0000022f6868b000 nmethod 14928 0x0000022f54a74590 code [0x0000022f54a747a0, 0x0000022f54a74d28]
Event: 147.221 Thread 0x0000022f6868b000 14929       2       com.android.tools.r8.code.U2::hashCode (30 bytes)
Event: 147.222 Thread 0x0000022f6868b000 nmethod 14929 0x0000022f54a75190 code [0x0000022f54a75340, 0x0000022f54a75488]
Event: 147.362 Thread 0x0000022f6868b000 14930       2       com.android.tools.r8.graph.j1::z0 (2 bytes)
Event: 147.362 Thread 0x0000022f6868b000 nmethod 14930 0x0000022f54a75510 code [0x0000022f54a756c0, 0x0000022f54a757b8]
Event: 147.398 Thread 0x0000022f6868b000 14931       2       com.android.tools.r8.code.f::<init> (7 bytes)
Event: 147.398 Thread 0x0000022f6868b000 nmethod 14931 0x0000022f54a75890 code [0x0000022f54a75a60, 0x0000022f54a75c98]

GC Heap History (20 events):
Event: 24.072 GC heap before
{Heap before GC invocations=24 (full 0):
 garbage-first heap   total 172032K, used 128889K [0x0000000080000000, 0x0000000100000000)
  region size 1024K, 66 young (67584K), 9 survivors (9216K)
 Metaspace       used 83112K, capacity 85161K, committed 85500K, reserved 1124352K
  class space    used 10768K, capacity 11564K, committed 11680K, reserved 1048576K
}
Event: 24.098 GC heap after
{Heap after GC invocations=25 (full 0):
 garbage-first heap   total 206848K, used 74752K [0x0000000080000000, 0x0000000100000000)
  region size 1024K, 8 young (8192K), 8 survivors (8192K)
 Metaspace       used 83112K, capacity 85161K, committed 85500K, reserved 1124352K
  class space    used 10768K, capacity 11564K, committed 11680K, reserved 1048576K
}
Event: 25.542 GC heap before
{Heap before GC invocations=25 (full 0):
 garbage-first heap   total 206848K, used 150528K [0x0000000080000000, 0x0000000100000000)
  region size 1024K, 83 young (84992K), 8 survivors (8192K)
 Metaspace       used 88435K, capacity 90613K, committed 90748K, reserved 1128448K
  class space    used 11385K, capacity 12216K, committed 12320K, reserved 1048576K
}
Event: 25.568 GC heap after
{Heap after GC invocations=26 (full 0):
 garbage-first heap   total 206848K, used 79401K [0x0000000080000000, 0x0000000100000000)
  region size 1024K, 8 young (8192K), 8 survivors (8192K)
 Metaspace       used 88435K, capacity 90613K, committed 90748K, reserved 1128448K
  class space    used 11385K, capacity 12216K, committed 12320K, reserved 1048576K
}
Event: 139.856 GC heap before
{Heap before GC invocations=26 (full 0):
 garbage-first heap   total 206848K, used 175657K [0x0000000080000000, 0x0000000100000000)
  region size 1024K, 83 young (84992K), 8 survivors (8192K)
 Metaspace       used 91572K, capacity 93948K, committed 94204K, reserved 1130496K
  class space    used 11711K, capacity 12613K, committed 12704K, reserved 1048576K
}
Event: 139.900 GC heap after
{Heap after GC invocations=27 (full 0):
 garbage-first heap   total 206848K, used 84917K [0x0000000080000000, 0x0000000100000000)
  region size 1024K, 10 young (10240K), 10 survivors (10240K)
 Metaspace       used 91572K, capacity 93948K, committed 94204K, reserved 1130496K
  class space    used 11711K, capacity 12613K, committed 12704K, reserved 1048576K
}
Event: 141.971 GC heap before
{Heap before GC invocations=27 (full 0):
 garbage-first heap   total 206848K, used 161717K [0x0000000080000000, 0x0000000100000000)
  region size 1024K, 84 young (86016K), 10 survivors (10240K)
 Metaspace       used 98722K, capacity 101305K, committed 101500K, reserved 1136640K
  class space    used 12600K, capacity 13547K, committed 13600K, reserved 1048576K
}
Event: 142.012 GC heap after
{Heap after GC invocations=28 (full 0):
 garbage-first heap   total 206848K, used 98152K [0x0000000080000000, 0x0000000100000000)
  region size 1024K, 11 young (11264K), 11 survivors (11264K)
 Metaspace       used 98722K, capacity 101305K, committed 101500K, reserved 1136640K
  class space    used 12600K, capacity 13547K, committed 13600K, reserved 1048576K
}
Event: 143.661 GC heap before
{Heap before GC invocations=28 (full 0):
 garbage-first heap   total 206848K, used 162664K [0x0000000080000000, 0x0000000100000000)
  region size 1024K, 73 young (74752K), 11 survivors (11264K)
 Metaspace       used 105119K, capacity 107912K, committed 108156K, reserved 1142784K
  class space    used 13461K, capacity 14507K, committed 14624K, reserved 1048576K
}
Event: 143.682 GC heap after
{Heap after GC invocations=29 (full 0):
 garbage-first heap   total 206848K, used 98659K [0x0000000080000000, 0x0000000100000000)
  region size 1024K, 5 young (5120K), 5 survivors (5120K)
 Metaspace       used 105119K, capacity 107912K, committed 108156K, reserved 1142784K
  class space    used 13461K, capacity 14507K, committed 14624K, reserved 1048576K
}
Event: 145.131 GC heap before
{Heap before GC invocations=29 (full 0):
 garbage-first heap   total 206848K, used 146787K [0x0000000080000000, 0x0000000100000000)
  region size 1024K, 54 young (55296K), 5 survivors (5120K)
 Metaspace       used 112205K, capacity 115633K, committed 115708K, reserved 1148928K
  class space    used 14608K, capacity 15961K, committed 16032K, reserved 1048576K
}
Event: 145.146 GC heap after
{Heap after GC invocations=30 (full 0):
 garbage-first heap   total 206848K, used 97829K [0x0000000080000000, 0x0000000100000000)
  region size 1024K, 6 young (6144K), 6 survivors (6144K)
 Metaspace       used 112205K, capacity 115633K, committed 115708K, reserved 1148928K
  class space    used 14608K, capacity 15961K, committed 16032K, reserved 1048576K
}
Event: 145.800 GC heap before
{Heap before GC invocations=31 (full 0):
 garbage-first heap   total 206848K, used 179749K [0x0000000080000000, 0x0000000100000000)
  region size 1024K, 47 young (48128K), 6 survivors (6144K)
 Metaspace       used 112565K, capacity 115900K, committed 116220K, reserved 1148928K
  class space    used 14645K, capacity 15983K, committed 16032K, reserved 1048576K
}
Event: 145.896 GC heap after
{Heap after GC invocations=32 (full 0):
 garbage-first heap   total 206848K, used 131652K [0x0000000080000000, 0x0000000100000000)
  region size 1024K, 9 young (9216K), 9 survivors (9216K)
 Metaspace       used 112565K, capacity 115900K, committed 116220K, reserved 1148928K
  class space    used 14645K, capacity 15983K, committed 16032K, reserved 1048576K
}
Event: 146.702 GC heap before
{Heap before GC invocations=33 (full 0):
 garbage-first heap   total 206848K, used 162372K [0x0000000080000000, 0x0000000100000000)
  region size 1024K, 41 young (41984K), 9 survivors (9216K)
 Metaspace       used 113548K, capacity 116933K, committed 117244K, reserved 1150976K
  class space    used 14862K, capacity 16238K, committed 16288K, reserved 1048576K
}
Event: 146.790 GC heap after
{Heap after GC invocations=34 (full 0):
 garbage-first heap   total 206848K, used 145739K [0x0000000080000000, 0x0000000100000000)
  region size 1024K, 6 young (6144K), 6 survivors (6144K)
 Metaspace       used 113548K, capacity 116933K, committed 117244K, reserved 1150976K
  class space    used 14862K, capacity 16238K, committed 16288K, reserved 1048576K
}
Event: 146.854 GC heap before
{Heap before GC invocations=34 (full 0):
 garbage-first heap   total 206848K, used 149835K [0x0000000080000000, 0x0000000100000000)
  region size 1024K, 10 young (10240K), 6 survivors (6144K)
 Metaspace       used 113555K, capacity 116936K, committed 117244K, reserved 1150976K
  class space    used 14863K, capacity 16239K, committed 16288K, reserved 1048576K
}
Event: 146.885 GC heap after
{Heap after GC invocations=35 (full 0):
 garbage-first heap   total 206848K, used 148480K [0x0000000080000000, 0x0000000100000000)
  region size 1024K, 2 young (2048K), 2 survivors (2048K)
 Metaspace       used 113555K, capacity 116936K, committed 117244K, reserved 1150976K
  class space    used 14863K, capacity 16239K, committed 16288K, reserved 1048576K
}
Event: 147.224 GC heap before
{Heap before GC invocations=35 (full 0):
 garbage-first heap   total 206848K, used 167936K [0x0000000080000000, 0x0000000100000000)
  region size 1024K, 21 young (21504K), 2 survivors (2048K)
 Metaspace       used 113621K, capacity 117003K, committed 117244K, reserved 1150976K
  class space    used 14863K, capacity 16239K, committed 16288K, reserved 1048576K
}
Event: 147.252 GC heap after
{Heap after GC invocations=36 (full 0):
 garbage-first heap   total 206848K, used 159583K [0x0000000080000000, 0x0000000100000000)
  region size 1024K, 3 young (3072K), 3 survivors (3072K)
 Metaspace       used 113621K, capacity 117003K, committed 117244K, reserved 1150976K
  class space    used 14863K, capacity 16239K, committed 16288K, reserved 1048576K
}

Deoptimization events (20 events):
Event: 147.118 Thread 0x0000022f6ec14000 Uncommon trap: trap_request=0xffffffde fr.pc=0x0000022f5a8b8190 relative=0x00000000000067d0
Event: 147.118 Thread 0x0000022f6ec14000 Uncommon trap: reason=class_check action=maybe_recompile pc=0x0000022f5a8b8190 method=com.android.tools.r8.dex.i.a(I[Lcom/android/tools/r8/code/w1;)Lcom/android/tools/r8/graph/a0; @ 11 c2
Event: 147.118 Thread 0x0000022f6ec14000 DEOPT PACKING pc=0x0000022f5a8b8190 sp=0x0000009377dfeef0
Event: 147.118 Thread 0x0000022f6ec14000 DEOPT UNPACKING pc=0x0000022f525ca1af sp=0x0000009377dfee68 mode 2
Event: 147.121 Thread 0x0000022f6ec14000 DEOPT PACKING pc=0x0000022f54a5f2bc sp=0x0000009377dfe6f0
Event: 147.121 Thread 0x0000022f6ec14000 DEOPT UNPACKING pc=0x0000022f525ca95e sp=0x0000009377dfe348 mode 0
Event: 147.156 Thread 0x0000022f6ec14000 DEOPT PACKING pc=0x0000022f54a5f2bc sp=0x0000009377dfe700
Event: 147.156 Thread 0x0000022f6ec14000 DEOPT UNPACKING pc=0x0000022f525ca95e sp=0x0000009377dfe358 mode 0
Event: 147.193 Thread 0x0000022f6ec14000 DEOPT PACKING pc=0x0000022f54a5f2bc sp=0x0000009377dfe700
Event: 147.193 Thread 0x0000022f6ec14000 DEOPT UNPACKING pc=0x0000022f525ca95e sp=0x0000009377dfe358 mode 0
Event: 147.218 Thread 0x0000022f6ec14000 DEOPT PACKING pc=0x0000022f54a5f2bc sp=0x0000009377dfe700
Event: 147.218 Thread 0x0000022f6ec14000 DEOPT UNPACKING pc=0x0000022f525ca95e sp=0x0000009377dfe358 mode 0
Event: 147.298 Thread 0x0000022f6ec14000 DEOPT PACKING pc=0x0000022f54a5f2bc sp=0x0000009377dfe6f0
Event: 147.298 Thread 0x0000022f6ec14000 DEOPT UNPACKING pc=0x0000022f525ca95e sp=0x0000009377dfe348 mode 0
Event: 147.347 Thread 0x0000022f6ec14000 DEOPT PACKING pc=0x0000022f54a5f2bc sp=0x0000009377dfe700
Event: 147.347 Thread 0x0000022f6ec14000 DEOPT UNPACKING pc=0x0000022f525ca95e sp=0x0000009377dfe358 mode 0
Event: 147.380 Thread 0x0000022f6ec14000 DEOPT PACKING pc=0x0000022f54a5f2bc sp=0x0000009377dfe700
Event: 147.380 Thread 0x0000022f6ec14000 DEOPT UNPACKING pc=0x0000022f525ca95e sp=0x0000009377dfe358 mode 0
Event: 147.427 Thread 0x0000022f6ec14000 DEOPT PACKING pc=0x0000022f54a5f2bc sp=0x0000009377dfe6f0
Event: 147.427 Thread 0x0000022f6ec14000 DEOPT UNPACKING pc=0x0000022f525ca95e sp=0x0000009377dfe348 mode 0

Classes redefined (0 events):
No events

Internal exceptions (20 events):
Event: 143.792 Thread 0x0000022f6ec10000 Exception <a 'java/lang/NoSuchMethodError'{0x000000008c6b5860}: 'java.lang.Object java.lang.invoke.DirectMethodHandle$Holder.invokeStatic(java.lang.Object, int, java.lang.Object, java.lang.Object)'> (0x000000008c6b5860) thrown at [./src/hotspot/share/interpreter/linkResolver.cpp, line 773]
Event: 143.792 Thread 0x0000022f6bc66000 Exception <a 'java/lang/NoSuchMethodError'{0x000000008c6cecf0}: 'java.lang.Object java.lang.invoke.DirectMethodHandle$Holder.invokeStatic(java.lang.Object, int, java.lang.Object, java.lang.Object)'> (0x000000008c6cecf0) thrown at [./src/hotspot/share/interpreter/linkResolver.cpp, line 773]
Event: 144.021 Thread 0x0000022f6bc66000 Exception <a 'java/lang/IncompatibleClassChangeError'{0x000000008c0025d0}: Found class java.lang.Object, but interface was expected> (0x000000008c0025d0) thrown at [./src/hotspot/share/interpreter/linkResolver.cpp, line 839]
Event: 144.021 Thread 0x0000022f6ec10000 Exception <a 'java/lang/IncompatibleClassChangeError'{0x000000008c1f03e8}: Found class java.lang.Object, but interface was expected> (0x000000008c1f03e8) thrown at [./src/hotspot/share/interpreter/linkResolver.cpp, line 839]
Event: 144.021 Thread 0x0000022f6ec10000 Exception <a 'java/lang/IncompatibleClassChangeError'{0x000000008c016170}: Found class java.lang.Object, but interface was expected> (0x000000008c016170) thrown at [./src/hotspot/share/interpreter/linkResolver.cpp, line 839]
Event: 144.021 Thread 0x0000022f6bc66000 Exception <a 'java/lang/IncompatibleClassChangeError'{0x000000008c00a010}: Found class java.lang.Object, but interface was expected> (0x000000008c00a010) thrown at [./src/hotspot/share/interpreter/linkResolver.cpp, line 839]
Event: 144.102 Thread 0x0000022f6bc66000 Exception <a 'java/lang/NoSuchMethodError'{0x000000008bec94a8}: 'void java.lang.invoke.DirectMethodHandle$Holder.invokeSpecial(java.lang.Object, java.lang.Object, int, java.lang.Object)'> (0x000000008bec94a8) thrown at [./src/hotspot/share/interpreter/linkResolver.cpp, line 773]
Event: 144.102 Thread 0x0000022f6ec10000 Exception <a 'java/lang/NoSuchMethodError'{0x000000008beeff50}: 'void java.lang.invoke.DirectMethodHandle$Holder.invokeSpecial(java.lang.Object, java.lang.Object, int, java.lang.Object)'> (0x000000008beeff50) thrown at [./src/hotspot/share/interpreter/linkResolver.cpp, line 773]
Event: 144.235 Thread 0x0000022f6bc66000 Exception <a 'java/lang/NoSuchMethodError'{0x000000008b99bf68}: 'long java.lang.invoke.DirectMethodHandle$Holder.invokeStatic(java.lang.Object, java.lang.Object)'> (0x000000008b99bf68) thrown at [./src/hotspot/share/interpreter/linkResolver.cpp, line 773]
Event: 144.599 Thread 0x0000022f6bc66000 Exception <a 'java/lang/NoSuchMethodError'{0x000000008ac968f0}: 'java.lang.Object java.lang.invoke.Invokers$Holder.linkToTargetMethod(java.lang.Object, int, java.lang.Object, java.lang.Object, java.lang.Object, java.lang.Object)'> (0x000000008ac968f0) thrown at [./src/hotspot/share/interpreter/linkResolver.cpp, line 773]
Event: 144.599 Thread 0x0000022f6ec10000 Exception <a 'java/lang/NoSuchMethodError'{0x000000008aca2008}: 'java.lang.Object java.lang.invoke.Invokers$Holder.linkToTargetMethod(java.lang.Object, int, java.lang.Object, java.lang.Object, java.lang.Object, java.lang.Object)'> (0x000000008aca2008) thrown at [./src/hotspot/share/interpreter/linkResolver.cpp, line 773]
Event: 144.604 Thread 0x0000022f6bc66000 Exception <a 'java/lang/NoSuchMethodError'{0x000000008acc5f70}: 'void java.lang.invoke.DirectMethodHandle$Holder.invokeStatic(java.lang.Object, java.lang.Object, java.lang.Object, java.lang.Object, java.lang.Object, java.lang.Object, java.lang.Object, java.lang.Object)'> (0x000000008acc5f70) thrown at [./src/hotspot/share/interpreter/linkResolver.cpp, line 773]
Event: 144.604 Thread 0x0000022f6ec10000 Exception <a 'java/lang/NoSuchMethodError'{0x000000008accf358}: 'void java.lang.invoke.DirectMethodHandle$Holder.invokeStatic(java.lang.Object, java.lang.Object, java.lang.Object, java.lang.Object, java.lang.Object, java.lang.Object, java.lang.Object, java.lang.Object)'> (0x000000008accf358) thrown at [./src/hotspot/share/interpreter/linkResolver.cpp, line 773]
Event: 144.682 Thread 0x0000022f6bc66000 Exception <a 'java/lang/IncompatibleClassChangeError'{0x000000008a947d08}: Found class java.lang.Object, but interface was expected> (0x000000008a947d08) thrown at [./src/hotspot/share/interpreter/linkResolver.cpp, line 839]
Event: 144.735 Thread 0x0000022f6bc66000 Exception <a 'java/lang/NoSuchMethodError'{0x000000008a721480}: 'void java.lang.invoke.DirectMethodHandle$Holder.invokeSpecial(java.lang.Object, java.lang.Object, int)'> (0x000000008a721480) thrown at [./src/hotspot/share/interpreter/linkResolver.cpp, line 773]
Event: 144.735 Thread 0x0000022f6ec10000 Exception <a 'java/lang/NoSuchMethodError'{0x000000008a7302b0}: 'void java.lang.invoke.DirectMethodHandle$Holder.invokeSpecial(java.lang.Object, java.lang.Object, int)'> (0x000000008a7302b0) thrown at [./src/hotspot/share/interpreter/linkResolver.cpp, line 773]
Event: 144.761 Thread 0x0000022f6ec10000 Exception <a 'sun/nio/fs/WindowsException'{0x000000008a7d7b08}> (0x000000008a7d7b08) thrown at [./src/hotspot/share/prims/jni.cpp, line 616]
Event: 144.761 Thread 0x0000022f6bc66000 Exception <a 'sun/nio/fs/WindowsException'{0x000000008a7eb178}> (0x000000008a7eb178) thrown at [./src/hotspot/share/prims/jni.cpp, line 616]
Event: 145.013 Thread 0x0000022f6bc5d000 Exception <a 'java/lang/NoSuchMethodError'{0x0000000089c47bb8}: <clinit>> (0x0000000089c47bb8) thrown at [./src/hotspot/share/prims/jni.cpp, line 1366]
Event: 145.185 Thread 0x0000022f6ec10800 Exception <a 'sun/nio/fs/WindowsException'{0x000000008c874bc8}> (0x000000008c874bc8) thrown at [./src/hotspot/share/prims/jni.cpp, line 616]

Events (20 events):
Event: 146.126 loading class com/android/tools/r8/graph/U
Event: 146.126 loading class com/android/tools/r8/graph/U done
Event: 146.127 loading class com/android/tools/r8/graph/U
Event: 146.127 loading class com/android/tools/r8/graph/U done
Event: 146.299 Executing VM operation: CGC_Operation
Event: 146.317 Executing VM operation: CGC_Operation done
Event: 146.506 Executing VM operation: CGC_Operation
Event: 146.506 Executing VM operation: CGC_Operation done
Event: 146.702 Executing VM operation: G1CollectForAllocation
Event: 146.791 Executing VM operation: G1CollectForAllocation done
Event: 146.792 loading class com/android/tools/r8/graph/a0$a
Event: 146.792 loading class com/android/tools/r8/graph/a0$a done
Event: 146.792 loading class com/android/tools/r8/graph/a0$a
Event: 146.792 loading class com/android/tools/r8/graph/a0$a done
Event: 146.792 loading class com/android/tools/r8/dex/i
Event: 146.792 loading class com/android/tools/r8/dex/i done
Event: 146.854 Executing VM operation: G1CollectForAllocation
Event: 146.885 Executing VM operation: G1CollectForAllocation done
Event: 147.224 Executing VM operation: G1CollectForAllocation
Event: 147.252 Executing VM operation: G1CollectForAllocation done


Dynamic libraries:
0x00007ff64dbc0000 - 0x00007ff64dbca000 	C:\Program Files\Android\Android Studio\jre\bin\java.exe
0x00007ffaea0d0000 - 0x00007ffaea2c8000 	C:\WINDOWS\SYSTEM32\ntdll.dll
0x00007ffaae820000 - 0x00007ffaae837000 	C:\Program Files\AVAST Software\Avast\aswhook.dll
0x00007ffae9430000 - 0x00007ffae94ef000 	C:\WINDOWS\System32\KERNEL32.DLL
0x00007ffae7dc0000 - 0x00007ffae8092000 	C:\WINDOWS\System32\KERNELBASE.dll
0x00007ffae7a70000 - 0x00007ffae7b70000 	C:\WINDOWS\System32\ucrtbase.dll
0x00007ffae5640000 - 0x00007ffae5657000 	C:\Program Files\Android\Android Studio\jre\bin\VCRUNTIME140.dll
0x00007ffae5090000 - 0x00007ffae50a9000 	C:\Program Files\Android\Android Studio\jre\bin\jli.dll
0x00007ffae9090000 - 0x00007ffae9231000 	C:\WINDOWS\System32\USER32.dll
0x00007ffae7a10000 - 0x00007ffae7a32000 	C:\WINDOWS\System32\win32u.dll
0x00007ffad6db0000 - 0x00007ffad704a000 	C:\WINDOWS\WinSxS\amd64_microsoft.windows.common-controls_6595b64144ccf1df_6.0.19041.1110_none_60b5254171f9507e\COMCTL32.dll
0x00007ffae9300000 - 0x00007ffae932b000 	C:\WINDOWS\System32\GDI32.dll
0x00007ffae86e0000 - 0x00007ffae877e000 	C:\WINDOWS\System32\msvcrt.dll
0x00007ffae7cb0000 - 0x00007ffae7dbf000 	C:\WINDOWS\System32\gdi32full.dll
0x00007ffae77c0000 - 0x00007ffae785d000 	C:\WINDOWS\System32\msvcp_win.dll
0x00007ffae9680000 - 0x00007ffae96b2000 	C:\WINDOWS\System32\IMM32.DLL
0x00007ffae2f90000 - 0x00007ffae302d000 	C:\Program Files\Android\Android Studio\jre\bin\msvcp140.dll
0x00007ffa866a0000 - 0x00007ffa871a2000 	C:\Program Files\Android\Android Studio\jre\bin\server\jvm.dll
0x00007ffae95d0000 - 0x00007ffae967e000 	C:\WINDOWS\System32\ADVAPI32.dll
0x00007ffae9330000 - 0x00007ffae93cc000 	C:\WINDOWS\System32\sechost.dll
0x00007ffae8590000 - 0x00007ffae86b5000 	C:\WINDOWS\System32\RPCRT4.dll
0x00007ffae86d0000 - 0x00007ffae86d8000 	C:\WINDOWS\System32\PSAPI.DLL
0x00007ffad5620000 - 0x00007ffad5629000 	C:\WINDOWS\SYSTEM32\WSOCK32.dll
0x00007ffad9430000 - 0x00007ffad9457000 	C:\WINDOWS\SYSTEM32\WINMM.dll
0x00007ffae89c0000 - 0x00007ffae8a2b000 	C:\WINDOWS\System32\WS2_32.dll
0x00007ffae5610000 - 0x00007ffae561a000 	C:\WINDOWS\SYSTEM32\VERSION.dll
0x00007ffae5860000 - 0x00007ffae5872000 	C:\WINDOWS\SYSTEM32\kernel.appcore.dll
0x00007ffadf690000 - 0x00007ffadf6a1000 	C:\Program Files\Android\Android Studio\jre\bin\verify.dll
0x00007ffadc1b0000 - 0x00007ffadc394000 	C:\WINDOWS\SYSTEM32\DBGHELP.DLL
0x00007ffadc170000 - 0x00007ffadc1a5000 	C:\WINDOWS\SYSTEM32\dbgcore.DLL
0x00007ffae7b70000 - 0x00007ffae7bf2000 	C:\WINDOWS\System32\bcryptPrimitives.dll
0x00007ffac1e70000 - 0x00007ffac1e99000 	C:\Program Files\Android\Android Studio\jre\bin\java.dll
0x00007ffadd000000 - 0x00007ffadd00b000 	C:\Program Files\Android\Android Studio\jre\bin\jimage.dll
0x00007ffadcfc0000 - 0x00007ffadcfd8000 	C:\Program Files\Android\Android Studio\jre\bin\zip.dll
0x00007ffae96c0000 - 0x00007ffae9e04000 	C:\WINDOWS\System32\SHELL32.dll
0x00007ffae5880000 - 0x00007ffae6012000 	C:\WINDOWS\SYSTEM32\windows.storage.dll
0x00007ffae8230000 - 0x00007ffae8585000 	C:\WINDOWS\System32\combase.dll
0x00007ffae7140000 - 0x00007ffae7170000 	C:\WINDOWS\SYSTEM32\Wldp.dll
0x00007ffae9f40000 - 0x00007ffae9fed000 	C:\WINDOWS\System32\SHCORE.dll
0x00007ffae8110000 - 0x00007ffae8165000 	C:\WINDOWS\System32\shlwapi.dll
0x00007ffae7700000 - 0x00007ffae771f000 	C:\WINDOWS\SYSTEM32\profapi.dll
0x00007ffac1e50000 - 0x00007ffac1e6a000 	C:\Program Files\Android\Android Studio\jre\bin\net.dll
0x00007ffad9b80000 - 0x00007ffad9c8c000 	C:\WINDOWS\SYSTEM32\WINHTTP.dll
0x00007ffae6ea0000 - 0x00007ffae6f0a000 	C:\WINDOWS\system32\mswsock.dll
0x00007ffac1e30000 - 0x00007ffac1e44000 	C:\Program Files\Android\Android Studio\jre\bin\nio.dll
0x00007ffad1660000 - 0x00007ffad1687000 	C:\Users\Kleivy Gomes\.gradle\native\e1d6ef7f7dcc3fd88c89a11ec53ec762bb8ba0a96d01ffa2cd45eb1d1d8dd5c5\windows-amd64\native-platform.dll
0x00007ffac1a80000 - 0x00007ffac1bc4000 	C:\Users\Kleivy Gomes\.gradle\native\0d407fdbe67a94daf76414ababcb853783967236a71b16ec16e742cd7a986fd3\windows-amd64\native-platform-file-events.dll
0x00007ffadcff0000 - 0x00007ffadcffa000 	C:\Program Files\Android\Android Studio\jre\bin\management.dll
0x00007ffadbd20000 - 0x00007ffadbd2d000 	C:\Program Files\Android\Android Studio\jre\bin\management_ext.dll
0x00007ffae7090000 - 0x00007ffae70a8000 	C:\WINDOWS\SYSTEM32\CRYPTSP.dll
0x00007ffae67c0000 - 0x00007ffae67f4000 	C:\WINDOWS\system32\rsaenh.dll
0x00007ffae7a40000 - 0x00007ffae7a67000 	C:\WINDOWS\System32\bcrypt.dll
0x00007ffae76c0000 - 0x00007ffae76ee000 	C:\WINDOWS\SYSTEM32\USERENV.dll
0x00007ffae70b0000 - 0x00007ffae70bc000 	C:\WINDOWS\SYSTEM32\CRYPTBASE.dll
0x00007ffae6b90000 - 0x00007ffae6bcb000 	C:\WINDOWS\SYSTEM32\IPHLPAPI.DLL
0x00007ffae86c0000 - 0x00007ffae86c8000 	C:\WINDOWS\System32\NSI.dll
0x00007ffada700000 - 0x00007ffada717000 	C:\WINDOWS\SYSTEM32\dhcpcsvc6.DLL
0x00007ffadc490000 - 0x00007ffadc4ad000 	C:\WINDOWS\SYSTEM32\dhcpcsvc.DLL
0x00007ffae6bd0000 - 0x00007ffae6c9a000 	C:\WINDOWS\SYSTEM32\DNSAPI.dll
0x00007ffaadf20000 - 0x00007ffaadf47000 	C:\Program Files\Android\Android Studio\jre\bin\sunec.dll

dbghelp: loaded successfully - version: 4.0.5 - missing functions: none
symbol engine: initialized successfully - sym options: 0x614 - pdb path: .;C:\Program Files\Android\Android Studio\jre\bin;C:\WINDOWS\SYSTEM32;C:\Program Files\AVAST Software\Avast;C:\WINDOWS\WinSxS\amd64_microsoft.windows.common-controls_6595b64144ccf1df_6.0.19041.1110_none_60b5254171f9507e;C:\Program Files\Android\Android Studio\jre\bin\server;C:\Users\Kleivy Gomes\.gradle\native\e1d6ef7f7dcc3fd88c89a11ec53ec762bb8ba0a96d01ffa2cd45eb1d1d8dd5c5\windows-amd64;C:\Users\Kleivy Gomes\.gradle\native\0d407fdbe67a94daf76414ababcb853783967236a71b16ec16e742cd7a986fd3\windows-amd64

VM Arguments:
jvm_args: --add-opens=java.base/java.util=ALL-UNNAMED --add-opens=java.base/java.lang=ALL-UNNAMED --add-opens=java.base/java.lang.invoke=ALL-UNNAMED --add-opens=java.base/java.util=ALL-UNNAMED --add-opens=java.prefs/java.util.prefs=ALL-UNNAMED --add-opens=java.prefs/java.util.prefs=ALL-UNNAMED --add-opens=java.base/java.nio.charset=ALL-UNNAMED --add-opens=java.base/java.net=ALL-UNNAMED --add-opens=java.base/java.util.concurrent.atomic=ALL-UNNAMED -Xmx2048m -Dfile.encoding=UTF-8 -Duser.country=PT -Duser.language=pt -Duser.variant 
java_command: org.gradle.launcher.daemon.bootstrap.GradleDaemon 7.4
java_class_path (initial): C:\Users\Kleivy Gomes\.gradle\wrapper\dists\gradle-7.4-bin\c0gwcg53nkjbqw7r0h0umtfvt\gradle-7.4\lib\gradle-launcher-7.4.jar
Launcher Type: SUN_STANDARD

[Global flags]
     intx CICompilerCount                          = 3                                         {product} {ergonomic}
     uint ConcGCThreads                            = 1                                         {product} {ergonomic}
     uint G1ConcRefinementThreads                  = 4                                         {product} {ergonomic}
   size_t G1HeapRegionSize                         = 1048576                                   {product} {ergonomic}
    uintx GCDrainStackTargetSize                   = 64                                        {product} {ergonomic}
   size_t InitialHeapSize                          = 100663296                                 {product} {ergonomic}
   size_t MarkStackSize                            = 4194304                                   {product} {ergonomic}
   size_t MaxHeapSize                              = 2147483648                                {product} {command line}
   size_t MaxNewSize                               = 1287651328                                {product} {ergonomic}
   size_t MinHeapDeltaBytes                        = 1048576                                   {product} {ergonomic}
    uintx NonNMethodCodeHeapSize                   = 5830732                                {pd product} {ergonomic}
    uintx NonProfiledCodeHeapSize                  = 122913754                              {pd product} {ergonomic}
    uintx ProfiledCodeHeapSize                     = 122913754                              {pd product} {ergonomic}
    uintx ReservedCodeCacheSize                    = 251658240                              {pd product} {ergonomic}
     bool SegmentedCodeCache                       = true                                      {product} {ergonomic}
     bool UseCompressedClassPointers               = true                                 {lp64_product} {ergonomic}
     bool UseCompressedOops                        = true                                 {lp64_product} {ergonomic}
     bool UseG1GC                                  = true                                      {product} {ergonomic}
     bool UseLargePagesIndividualAllocation        = false                                  {pd product} {ergonomic}

Logging:
Log output configuration:
 #0: stdout all=warning uptime,level,tags
 #1: stderr all=off uptime,level,tags

Environment Variables:
JAVA_HOME=C:\Program Files\Java\jdk1.8.0_202
PATH=C:\app\Gomez\virtual\product\12.2.0\dbhome_1\bin;C:\Program Files\Java\jre1.8.0_202\;C:\Program Files\Java\jdk1.8.0_202\bin;C:\MinGW\bin;C:\DevSuiteHome_1\jdk\jre\bin;C:\DevSuiteHome_1\jdk\jre\bin\client;C:\DevSuiteHome_1\jlib;C:\DevSuiteHome_1\bin;C:\DevSuiteHome_1\jre\1.4.2\bin\client;C:\DevSuiteHome_1\jre\1.4.2\bin;C:\Program Files (x86)\Common Files\Oracle\Java\javapath;C:\WINDOWS\system32;C:\WINDOWS;C:\WINDOWS\System32\Wbem;C:\WINDOWS\System32\WindowsPowerShell\v1.0\;C:\Program Files\dotnet\;C:\WINDOWS\System32\OpenSSH\;C:\apache-maven-3.6.1-bin\apache-maven-3.6.1\bin;C:\ProgramData\chocolatey\bin;C:\Program Files\Git\cmd;C:\Program Files\nodejs\;C:\Program Files\PostgreSQL\14\bin;C:\Program Files\PostgreSQL\14\lib;C:\Users\Kleivy Gomes\Documents\EISC\4º ano\VR\Opengl\bin;C:\Program Files\CMake\bin;C:\Users\Kleivy Gomes\AppData\Local\Programs\Python\Python311\Scripts\;C:\Users\Kleivy Gomes\AppData\Local\Programs\Python\Python311\;C:\Users\Kleivy Gomes\AppData\Roaming\local\bin;C:\Users\Kleivy Gomes\AppData\Local\Microsoft\WindowsApps;C:\ProgramData\chocolatey\lib\ghc\tools\ghc-8.10.2\bin;C:\tools\msys64;C:\Users\Kleivy Gomes\AppData\Local\Programs\Microsoft VS Code\bin;C:\Program Files\heroku\bin;C:\Users\Kleivy Gomes\AppData\Roaming\npm;C:\Program Files\MySQL\MySQL Server 8.0\bin;C:\Program Files\MongoDB\Server\5.0\bin;C:\Program Files\JetBrains\PyCharm 2022.3\bin;
USERNAME=Kleivy Gomes
OS=Windows_NT
PROCESSOR_IDENTIFIER=Intel64 Family 6 Model 58 Stepping 9, GenuineIntel



---------------  S Y S T E M  ---------------

OS: Windows 10 , 64 bit Build 19041 (10.0.19041.2364)
OS uptime: 0 days 2:33 hours

CPU:total 4 (initial active 4) (2 cores per cpu, 2 threads per core) family 6 model 58 stepping 9 microcode 0x21, cmov, cx8, fxsr, mmx, sse, sse2, sse3, ssse3, sse4.1, sse4.2, popcnt, avx, clmul, erms, ht, tsc, tscinvbit, tscinv

Memory: 4k page, system-wide physical 6019M (382M free)
TotalPageFile size 10115M (AvailPageFile size 6M)
current process WorkingSet (physical memory assigned to process): 531M, peak: 531M
current process commit charge ("private bytes"): 557M, peak: 559M

vm_info: OpenJDK 64-Bit Server VM (11.0.13+0-b1751.21-8125866) for windows-amd64 JRE (11.0.13+0-b1751.21-8125866), built on Feb  2 2022 03:00:22 by "builder" with MS VC++ 14.0 (VS2015)

END.
