#
# There is insufficient memory for the Java Runtime Environment to continue.
# Native memory allocation (mmap) failed to map 66060288 bytes for Failed to commit area from 0x0000000093700000 to 0x0000000097600000 of length 66060288.
# Possible reasons:
#   The system is out of physical RAM or swap space
#   The process is running with CompressedOops enabled, and the Java Heap may be blocking the growth of the native heap
# Possible solutions:
#   Reduce memory load on the system
#   Increase physical memory or swap space
#   Check if swap backing store is full
#   Decrease Java heap size (-Xmx/-Xms)
#   Decrease number of Java threads
#   Decrease Java thread stack sizes (-Xss)
#   Set larger code cache with -XX:ReservedCodeCacheSize=
#   JVM is running with Unscaled Compressed Oops mode in which the Java heap is
#     placed in the first 4GB address space. The Java Heap base address is the
#     maximum limit for the native heap growth. Please use -XX:HeapBaseMinAddress
#     to set the Java Heap base and to place the Java Heap above 4GB virtual address.
# This output file may be truncated or incomplete.
#
#  Out of Memory Error (./src/hotspot/os/windows/os_windows.cpp:3619), pid=6700, tid=13216
#
# JRE version: OpenJDK Runtime Environment (11.0.13) (build 11.0.13+0-b1751.21-8125866)
# Java VM: OpenJDK 64-Bit Server VM (11.0.13+0-b1751.21-8125866, mixed mode, tiered, compressed oops, g1 gc, windows-amd64)
# No core dump will be written. Minidumps are not enabled by default on client versions of Windows
#

---------------  S U M M A R Y ------------

Command Line: --add-opens=java.base/java.util=ALL-UNNAMED --add-opens=java.base/java.lang=ALL-UNNAMED --add-opens=java.base/java.lang.invoke=ALL-UNNAMED --add-opens=java.base/java.util=ALL-UNNAMED --add-opens=java.prefs/java.util.prefs=ALL-UNNAMED --add-opens=java.prefs/java.util.prefs=ALL-UNNAMED --add-opens=java.base/java.nio.charset=ALL-UNNAMED --add-opens=java.base/java.net=ALL-UNNAMED --add-opens=java.base/java.util.concurrent.atomic=ALL-UNNAMED -Xmx2048m -Dfile.encoding=UTF-8 -Duser.country=PT -Duser.language=pt -Duser.variant org.gradle.launcher.daemon.bootstrap.GradleDaemon 7.4

Host: Intel(R) Core(TM) i3-3110M CPU @ 2.40GHz, 4 cores, 5G,  Windows 10 , 64 bit Build 19041 (10.0.19041.2364)
Time: Fri Jan  6 02:44:14 2023 Hora Padrão de Cabo Verde elapsed time: 47.016825 seconds (0d 0h 0m 47s)

---------------  T H R E A D  ---------------

Current thread (0x000002b9699f7800):  VMThread "VM Thread" [stack: 0x000000c641900000,0x000000c641a00000] [id=13216]

Stack: [0x000000c641900000,0x000000c641a00000]
[error occurred during error reporting (printing stack bounds), id 0xc0000005, EXCEPTION_ACCESS_VIOLATION (0xc0000005) at pc=0x000002b95393112d]

Native frames: (J=compiled Java code, j=interpreted, Vv=VM code, C=native code)
V  [jvm.dll+0x6100fa]
V  [jvm.dll+0x747090]
V  [jvm.dll+0x7486ad]
V  [jvm.dll+0x748ce5]
V  [jvm.dll+0x748c9b]
V  [jvm.dll+0x60f224]
V  [jvm.dll+0x60f9b8]
C  [ntdll.dll+0xa241f]
C  [ntdll.dll+0x514a4]
C  [ntdll.dll+0xa0f4e]
C  0x000002b95393112d

VM_Operation (0x000000c646ff65e0): G1CollectForAllocation, mode: safepoint, requested by thread 0x000002b96fc65000


---------------  P R O C E S S  ---------------

Threads class SMR info:
_java_thread_list=0x000002b96fd4d080, length=94, elements={
0x000002b94fe1a800, 0x000002b9699fd800, 0x000002b9699ff000, 0x000002b96a3c2800,
0x000002b969a19800, 0x000002b969a1b800, 0x000002b969a27000, 0x000002b969a28000,
0x000002b969a2a000, 0x000002b96a507000, 0x000002b96b94e000, 0x000002b96ba89000,
0x000002b96c54d800, 0x000002b96d40c000, 0x000002b96cd43000, 0x000002b96b7d7800,
0x000002b96d9ae800, 0x000002b96c51d800, 0x000002b96de08000, 0x000002b96baf6000,
0x000002b96d616800, 0x000002b96d618000, 0x000002b96d61a000, 0x000002b96ded7800,
0x000002b96d619000, 0x000002b96d615000, 0x000002b96d614000, 0x000002b96d617800,
0x000002b96d61a800, 0x000002b96d615800, 0x000002b96cfb4800, 0x000002b96cfb3800,
0x000002b96cfbb000, 0x000002b96cfb7000, 0x000002b96cfbd800, 0x000002b96cfb7800,
0x000002b96cfbe000, 0x000002b96cfb8800, 0x000002b96cfbf000, 0x000002b96cfb9000,
0x000002b96cfbf800, 0x000002b96cfba000, 0x000002b96cfc2000, 0x000002b96cfc0800,
0x000002b96cfc1800, 0x000002b97001a800, 0x000002b970019800, 0x000002b970018800,
0x000002b970016000, 0x000002b97001b000, 0x000002b97001c000, 0x000002b97001c800,
0x000002b970017000, 0x000002b97001d800, 0x000002b970018000, 0x000002b970022800,
0x000002b970023800, 0x000002b970024000, 0x000002b970021000, 0x000002b97001e800,
0x000002b970021800, 0x000002b970025000, 0x000002b97001f000, 0x000002b970020000,
0x000002b96f6c3000, 0x000002b96f6c8800, 0x000002b96f6c5800, 0x000002b96f6c9800,
0x000002b96f6c4800, 0x000002b96f6c3800, 0x000002b96f6ca000, 0x000002b96f6c6000,
0x000002b96f6c8000, 0x000002b96f6cb000, 0x000002b96f6cc800, 0x000002b96f6cc000,
0x000002b96f6c7000, 0x000002b96f6cd800, 0x000002b96f6cf000, 0x000002b96f6d1000,
0x000002b96f6d0000, 0x000002b96f6d1800, 0x000002b96fc65000, 0x000002b96fc64000,
0x000002b96fc68000, 0x000002b96fc65800, 0x000002b96fc63000, 0x000002b96fc66800,
0x000002b96fc67800, 0x000002b96fc69000, 0x000002b97193f000, 0x000002b97193b800,
0x000002b97193e000, 0x000002b971939800
}

Java Threads: ( => current thread )
  0x000002b94fe1a800 JavaThread "main" [_thread_blocked, id=13028, stack(0x000000c641300000,0x000000c641400000)]
  0x000002b9699fd800 JavaThread "Reference Handler" daemon [_thread_blocked, id=6660, stack(0x000000c641a00000,0x000000c641b00000)]
  0x000002b9699ff000 JavaThread "Finalizer" daemon [_thread_blocked, id=1652, stack(0x000000c641b00000,0x000000c641c00000)]
  0x000002b96a3c2800 JavaThread "Signal Dispatcher" daemon [_thread_blocked, id=5668, stack(0x000000c641c00000,0x000000c641d00000)]
  0x000002b969a19800 JavaThread "Attach Listener" daemon [_thread_blocked, id=10756, stack(0x000000c641d00000,0x000000c641e00000)]
  0x000002b969a1b800 JavaThread "Service Thread" daemon [_thread_blocked, id=9232, stack(0x000000c641e00000,0x000000c641f00000)]
  0x000002b969a27000 JavaThread "C2 CompilerThread0" daemon [_thread_blocked, id=2248, stack(0x000000c641f00000,0x000000c642000000)]
  0x000002b969a28000 JavaThread "C1 CompilerThread0" daemon [_thread_blocked, id=8952, stack(0x000000c642000000,0x000000c642100000)]
  0x000002b969a2a000 JavaThread "Sweeper thread" daemon [_thread_blocked, id=3208, stack(0x000000c642100000,0x000000c642200000)]
  0x000002b96a507000 JavaThread "Common-Cleaner" daemon [_thread_blocked, id=1164, stack(0x000000c642200000,0x000000c642300000)]
  0x000002b96b94e000 JavaThread "Daemon health stats" [_thread_blocked, id=11204, stack(0x000000c642600000,0x000000c642700000)]
  0x000002b96ba89000 JavaThread "Incoming local TCP Connector on port 62098" [_thread_in_native, id=13284, stack(0x000000c642500000,0x000000c642600000)]
  0x000002b96c54d800 JavaThread "Daemon periodic checks" [_thread_blocked, id=3808, stack(0x000000c642700000,0x000000c642800000)]
  0x000002b96d40c000 JavaThread "Daemon" [_thread_blocked, id=6576, stack(0x000000c642800000,0x000000c642900000)]
  0x000002b96cd43000 JavaThread "Handler for socket connection from /127.0.0.1:62098 to /127.0.0.1:62099" [_thread_in_native, id=12036, stack(0x000000c642900000,0x000000c642a00000)]
  0x000002b96b7d7800 JavaThread "Cancel handler" [_thread_blocked, id=1860, stack(0x000000c642c00000,0x000000c642d00000)]
  0x000002b96d9ae800 JavaThread "Daemon worker" [_thread_blocked, id=13676, stack(0x000000c642d00000,0x000000c642e00000)]
  0x000002b96c51d800 JavaThread "Asynchronous log dispatcher for DefaultDaemonConnection: socket connection from /127.0.0.1:62098 to /127.0.0.1:62099" [_thread_blocked, id=2356, stack(0x000000c642e00000,0x000000c642f00000)]
  0x000002b96de08000 JavaThread "Stdin handler" [_thread_blocked, id=3904, stack(0x000000c642f00000,0x000000c643000000)]
  0x000002b96baf6000 JavaThread "Daemon client event forwarder" [_thread_blocked, id=4528, stack(0x000000c643000000,0x000000c643100000)]
  0x000002b96d616800 JavaThread "Cache worker for journal cache (C:\Users\Kleivy Gomes\.gradle\caches\journal-1)" [_thread_blocked, id=3420, stack(0x000000c643100000,0x000000c643200000)]
  0x000002b96d618000 JavaThread "File lock request listener" [_thread_in_native, id=1296, stack(0x000000c643200000,0x000000c643300000)]
  0x000002b96d61a000 JavaThread "Cache worker for file hash cache (C:\Users\Kleivy Gomes\.gradle\caches\7.4\fileHashes)" [_thread_blocked, id=2676, stack(0x000000c643300000,0x000000c643400000)]
  0x000002b96ded7800 JavaThread "C2 CompilerThread1" daemon [_thread_blocked, id=9320, stack(0x000000c643400000,0x000000c643500000)]
  0x000002b96d619000 JavaThread "File watcher server" daemon [_thread_blocked, id=11108, stack(0x000000c643500000,0x000000c643600000)]
  0x000002b96d615000 JavaThread "File watcher consumer" daemon [_thread_blocked, id=13412, stack(0x000000c643600000,0x000000c643700000)]
  0x000002b96d614000 JavaThread "Cache worker for checksums cache (C:\Users\Kleivy Gomes\AndroidStudioProjects\Contact\.gradle\7.4\checksums)" [_thread_blocked, id=9896, stack(0x000000c643700000,0x000000c643800000)]
  0x000002b96d617800 JavaThread "Cache worker for cache directory md-rule (C:\Users\Kleivy Gomes\.gradle\caches\7.4\md-rule)" [_thread_blocked, id=13456, stack(0x000000c643800000,0x000000c643900000)]
  0x000002b96d61a800 JavaThread "Cache worker for file hash cache (C:\Users\Kleivy Gomes\AndroidStudioProjects\Contact\.gradle\7.4\fileHashes)" [_thread_blocked, id=1556, stack(0x000000c643900000,0x000000c643a00000)]
  0x000002b96d615800 JavaThread "Cache worker for cache directory md-supplier (C:\Users\Kleivy Gomes\.gradle\caches\7.4\md-supplier)" [_thread_blocked, id=1824, stack(0x000000c643a00000,0x000000c643b00000)]
  0x000002b96cfb4800 JavaThread "Cache worker for execution history cache (C:\Users\Kleivy Gomes\.gradle\caches\7.4\executionHistory)" [_thread_blocked, id=5148, stack(0x000000c643b00000,0x000000c643c00000)]
  0x000002b96cfb3800 JavaThread "jar transforms" [_thread_blocked, id=11580, stack(0x000000c643c00000,0x000000c643d00000)]
  0x000002b96cfbb000 JavaThread "Cache worker for file content cache (C:\Users\Kleivy Gomes\.gradle\caches\7.4\fileContent)" [_thread_blocked, id=12756, stack(0x000000c643d00000,0x000000c643e00000)]
  0x000002b96cfb7000 JavaThread "jar transforms Thread 2" [_thread_blocked, id=10980, stack(0x000000c643e00000,0x000000c643f00000)]
  0x000002b96cfbd800 JavaThread "Cache worker for dependencies-accessors (C:\Users\Kleivy Gomes\AndroidStudioProjects\Contact\.gradle\7.4\dependencies-accessors)" [_thread_blocked, id=3936, stack(0x000000c643f00000,0x000000c644000000)]
  0x000002b96cfb7800 JavaThread "jar transforms Thread 3" [_thread_blocked, id=1220, stack(0x000000c644000000,0x000000c644100000)]
  0x000002b96cfbe000 JavaThread "Cache worker for Build Output Cleanup Cache (C:\Users\Kleivy Gomes\AndroidStudioProjects\Contact\.gradle\buildOutputCleanup)" [_thread_blocked, id=6908, stack(0x000000c644100000,0x000000c644200000)]
  0x000002b96cfb8800 JavaThread "Unconstrained build operations" [_thread_blocked, id=10216, stack(0x000000c644200000,0x000000c644300000)]
  0x000002b96cfbf000 JavaThread "Unconstrained build operations Thread 2" [_thread_blocked, id=688, stack(0x000000c644300000,0x000000c644400000)]
  0x000002b96cfb9000 JavaThread "Unconstrained build operations Thread 3" [_thread_blocked, id=14284, stack(0x000000c644400000,0x000000c644500000)]
  0x000002b96cfbf800 JavaThread "Unconstrained build operations Thread 4" [_thread_blocked, id=2796, stack(0x000000c644500000,0x000000c644600000)]
  0x000002b96cfba000 JavaThread "Unconstrained build operations Thread 5" [_thread_blocked, id=11076, stack(0x000000c644600000,0x000000c644700000)]
  0x000002b96cfc2000 JavaThread "Unconstrained build operations Thread 6" [_thread_blocked, id=5740, stack(0x000000c644700000,0x000000c644800000)]
  0x000002b96cfc0800 JavaThread "Unconstrained build operations Thread 7" [_thread_blocked, id=2196, stack(0x000000c644800000,0x000000c644900000)]
  0x000002b96cfc1800 JavaThread "Unconstrained build operations Thread 8" [_thread_blocked, id=13524, stack(0x000000c644900000,0x000000c644a00000)]
  0x000002b97001a800 JavaThread "Unconstrained build operations Thread 9" [_thread_blocked, id=4624, stack(0x000000c644a00000,0x000000c644b00000)]
  0x000002b970019800 JavaThread "Unconstrained build operations Thread 10" [_thread_blocked, id=12348, stack(0x000000c644b00000,0x000000c644c00000)]
  0x000002b970018800 JavaThread "Unconstrained build operations Thread 11" [_thread_blocked, id=784, stack(0x000000c644c00000,0x000000c644d00000)]
  0x000002b970016000 JavaThread "Unconstrained build operations Thread 12" [_thread_blocked, id=12840, stack(0x000000c644d00000,0x000000c644e00000)]
  0x000002b97001b000 JavaThread "Unconstrained build operations Thread 13" [_thread_blocked, id=12524, stack(0x000000c644e00000,0x000000c644f00000)]
  0x000002b97001c000 JavaThread "Unconstrained build operations Thread 14" [_thread_blocked, id=1076, stack(0x000000c644f00000,0x000000c645000000)]
  0x000002b97001c800 JavaThread "Unconstrained build operations Thread 15" [_thread_blocked, id=3276, stack(0x000000c645000000,0x000000c645100000)]
  0x000002b970017000 JavaThread "Unconstrained build operations Thread 16" [_thread_blocked, id=1252, stack(0x000000c645100000,0x000000c645200000)]
  0x000002b97001d800 JavaThread "Unconstrained build operations Thread 17" [_thread_blocked, id=6308, stack(0x000000c645200000,0x000000c645300000)]
  0x000002b970018000 JavaThread "Unconstrained build operations Thread 18" [_thread_blocked, id=8860, stack(0x000000c645300000,0x000000c645400000)]
  0x000002b970022800 JavaThread "Unconstrained build operations Thread 19" [_thread_blocked, id=12148, stack(0x000000c645400000,0x000000c645500000)]
  0x000002b970023800 JavaThread "Unconstrained build operations Thread 20" [_thread_blocked, id=8284, stack(0x000000c645500000,0x000000c645600000)]
  0x000002b970024000 JavaThread "Unconstrained build operations Thread 21" [_thread_blocked, id=13472, stack(0x000000c645600000,0x000000c645700000)]
  0x000002b970021000 JavaThread "Unconstrained build operations Thread 22" [_thread_blocked, id=10412, stack(0x000000c645700000,0x000000c645800000)]
  0x000002b97001e800 JavaThread "Unconstrained build operations Thread 23" [_thread_blocked, id=10992, stack(0x000000c645800000,0x000000c645900000)]
  0x000002b970021800 JavaThread "Unconstrained build operations Thread 24" [_thread_blocked, id=9784, stack(0x000000c645900000,0x000000c645a00000)]
  0x000002b970025000 JavaThread "Unconstrained build operations Thread 25" [_thread_blocked, id=11584, stack(0x000000c645a00000,0x000000c645b00000)]
  0x000002b97001f000 JavaThread "Unconstrained build operations Thread 26" [_thread_blocked, id=13556, stack(0x000000c645b00000,0x000000c645c00000)]
  0x000002b970020000 JavaThread "Unconstrained build operations Thread 27" [_thread_blocked, id=8564, stack(0x000000c645c00000,0x000000c645d00000)]
  0x000002b96f6c3000 JavaThread "Unconstrained build operations Thread 28" [_thread_blocked, id=12444, stack(0x000000c645d00000,0x000000c645e00000)]
  0x000002b96f6c8800 JavaThread "Unconstrained build operations Thread 29" [_thread_blocked, id=14016, stack(0x000000c645e00000,0x000000c645f00000)]
  0x000002b96f6c5800 JavaThread "Unconstrained build operations Thread 30" [_thread_blocked, id=12108, stack(0x000000c645f00000,0x000000c646000000)]
  0x000002b96f6c9800 JavaThread "Unconstrained build operations Thread 31" [_thread_blocked, id=7632, stack(0x000000c646000000,0x000000c646100000)]
  0x000002b96f6c4800 JavaThread "Unconstrained build operations Thread 32" [_thread_blocked, id=9768, stack(0x000000c646100000,0x000000c646200000)]
  0x000002b96f6c3800 JavaThread "Unconstrained build operations Thread 33" [_thread_blocked, id=12472, stack(0x000000c646200000,0x000000c646300000)]
  0x000002b96f6ca000 JavaThread "Unconstrained build operations Thread 34" [_thread_blocked, id=6304, stack(0x000000c646300000,0x000000c646400000)]
  0x000002b96f6c6000 JavaThread "Unconstrained build operations Thread 35" [_thread_blocked, id=10684, stack(0x000000c646400000,0x000000c646500000)]
  0x000002b96f6c8000 JavaThread "Unconstrained build operations Thread 36" [_thread_blocked, id=12732, stack(0x000000c646500000,0x000000c646600000)]
  0x000002b96f6cb000 JavaThread "Unconstrained build operations Thread 37" [_thread_blocked, id=6916, stack(0x000000c646600000,0x000000c646700000)]
  0x000002b96f6cc800 JavaThread "Unconstrained build operations Thread 38" [_thread_blocked, id=5580, stack(0x000000c646700000,0x000000c646800000)]
  0x000002b96f6cc000 JavaThread "Unconstrained build operations Thread 39" [_thread_blocked, id=12504, stack(0x000000c646800000,0x000000c646900000)]
  0x000002b96f6c7000 JavaThread "Unconstrained build operations Thread 40" [_thread_blocked, id=3464, stack(0x000000c646900000,0x000000c646a00000)]
  0x000002b96f6cd800 JavaThread "jar transforms Thread 4" [_thread_blocked, id=3980, stack(0x000000c646a00000,0x000000c646b00000)]
  0x000002b96f6cf000 JavaThread "Memory manager" [_thread_blocked, id=8120, stack(0x000000c646b00000,0x000000c646c00000)]
  0x000002b96f6d1000 JavaThread "build event listener" [_thread_blocked, id=1100, stack(0x000000c646c00000,0x000000c646d00000)]
  0x000002b96f6d0000 JavaThread "included builds" [_thread_blocked, id=13776, stack(0x000000c646d00000,0x000000c646e00000)]
  0x000002b96f6d1800 JavaThread "Execution worker for ':'" [_thread_blocked, id=11372, stack(0x000000c646e00000,0x000000c646f00000)]
  0x000002b96fc65000 JavaThread "Execution worker for ':' Thread 2" [_thread_blocked, id=5952, stack(0x000000c646f00000,0x000000c647000000)]
  0x000002b96fc64000 JavaThread "Execution worker for ':' Thread 3" [_thread_blocked, id=11296, stack(0x000000c647000000,0x000000c647100000)]
  0x000002b96fc68000 JavaThread "Cache worker for execution history cache (C:\Users\Kleivy Gomes\AndroidStudioProjects\Contact\.gradle\7.4\executionHistory)" [_thread_blocked, id=6380, stack(0x000000c647100000,0x000000c647200000)]
  0x000002b96fc65800 JavaThread "Cache worker for Java compile cache (C:\Users\Kleivy Gomes\.gradle\caches\7.4\javaCompile)" [_thread_blocked, id=10496, stack(0x000000c647200000,0x000000c647300000)]
  0x000002b96fc63000 JavaThread "Build operations" [_thread_blocked, id=11748, stack(0x000000c647300000,0x000000c647400000)]
  0x000002b96fc66800 JavaThread "Build operations Thread 2" [_thread_blocked, id=12056, stack(0x000000c647400000,0x000000c647500000)]
  0x000002b96fc67800 JavaThread "Build operations Thread 3" [_thread_blocked, id=13880, stack(0x000000c647500000,0x000000c647600000)]
  0x000002b96fc69000 JavaThread "Build operations Thread 4" [_thread_blocked, id=8200, stack(0x000000c647600000,0x000000c647700000)]
  0x000002b97193f000 JavaThread "WorkerExecutor Queue Thread 3" [_thread_blocked, id=13024, stack(0x000000c647900000,0x000000c647a00000)]
  0x000002b97193b800 JavaThread "WorkerExecutor Queue Thread 4" [_thread_blocked, id=2496, stack(0x000000c647a00000,0x000000c647b00000)]
  0x000002b97193e000 JavaThread "WorkerExecutor Queue Thread 5" [_thread_blocked, id=3912, stack(0x000000c647b00000,0x000000c647c00000)]
  0x000002b971939800 JavaThread "WorkerExecutor Queue Thread 6" [_thread_blocked, id=11604, stack(0x000000c647d00000,0x000000c647e00000)]

Other Threads:
=>0x000002b9699f7800 VMThread "VM Thread" [stack: 0x000000c641900000,0x000000c641a00000] [id=13216]
  0x000002b96a527000 WatcherThread [stack: 0x000000c642300000,0x000000c642400000] [id=4428]
  0x000002b94fe2f800 GCTaskThread "GC Thread#0" [stack: 0x000000c641400000,0x000000c641500000] [id=10808]
  0x000002b96aeda800 GCTaskThread "GC Thread#1" [stack: 0x000000c642400000,0x000000c642500000] [id=13552]
  0x000002b96baf8800 GCTaskThread "GC Thread#2" [stack: 0x000000c642a00000,0x000000c642b00000] [id=14164]
  0x000002b96bf11800 GCTaskThread "GC Thread#3" [stack: 0x000000c642b00000,0x000000c642c00000] [id=9976]
  0x000002b94fe60800 ConcurrentGCThread "G1 Main Marker" [stack: 0x000000c641500000,0x000000c641600000] [id=10904]
  0x000002b94fe62000 ConcurrentGCThread "G1 Conc#0" [stack: 0x000000c641600000,0x000000c641700000] [id=13752]
  0x000002b94fed4800 ConcurrentGCThread "G1 Refine#0" [stack: 0x000000c641700000,0x000000c641800000] [id=10816]
  0x000002b97852d000 ConcurrentGCThread "G1 Refine#1" [stack: 0x000000c647700000,0x000000c647800000] [id=14080]
  0x000002b94fed5800 ConcurrentGCThread "G1 Young RemSet Sampling" [stack: 0x000000c641800000,0x000000c641900000] [id=6768]

Threads with active compile tasks:

VM state:at safepoint (normal execution)

VM Mutex/Monitor currently owned by a thread:  ([mutex/lock_event])
[0x000002b94fe17720] Threads_lock - owner thread: 0x000002b9699f7800
[0x000002b94fe17570] Heap_lock - owner thread: 0x000002b96fc65000

Heap address: 0x0000000080000000, size: 2048 MB, Compressed Oops mode: 32-bit
Narrow klass base: 0x0000000000000000, Narrow klass shift: 3
Compressed class space size: 1073741824 Address: 0x0000000100000000

Heap:
 garbage-first heap   total 382976K, used 208469K [0x0000000080000000, 0x0000000100000000)
  region size 1024K, 1 young (1024K), 1 survivors (1024K)
 Metaspace       used 109237K, capacity 112119K, committed 112508K, reserved 1146880K
  class space    used 14007K, capacity 15121K, committed 15340K, reserved 1048576K
Heap Regions: E=young(eden), S=young(survivor), O=old, HS=humongous(starts), HC=humongous(continues), CS=collection set, F=free, A=archive, TAMS=top-at-mark-start (previous, next)
|   0|0x0000000080000000, 0x0000000080100000, 0x0000000080100000|100%|HS|  |TAMS 0x0000000080100000, 0x0000000080000000| Complete 
|   1|0x0000000080100000, 0x0000000080200000, 0x0000000080200000|100%|HC|  |TAMS 0x0000000080200000, 0x0000000080100000| Complete 
|   2|0x0000000080200000, 0x0000000080300000, 0x0000000080300000|100%|HC|  |TAMS 0x0000000080300000, 0x0000000080200000| Complete 
|   3|0x0000000080300000, 0x0000000080400000, 0x0000000080400000|100%| O|  |TAMS 0x0000000080400000, 0x0000000080300000| Untracked 
|   4|0x0000000080400000, 0x0000000080500000, 0x0000000080500000|100%| O|  |TAMS 0x0000000080500000, 0x0000000080400000| Untracked 
|   5|0x0000000080500000, 0x0000000080600000, 0x0000000080600000|100%| O|  |TAMS 0x0000000080600000, 0x0000000080500000| Complete 
|   6|0x0000000080600000, 0x0000000080700000, 0x0000000080700000|100%| O|  |TAMS 0x0000000080700000, 0x0000000080600000| Untracked 
|   7|0x0000000080700000, 0x0000000080800000, 0x0000000080800000|100%| O|  |TAMS 0x0000000080800000, 0x0000000080700000| Complete 
|   8|0x0000000080800000, 0x0000000080900000, 0x0000000080900000|100%| O|  |TAMS 0x0000000080900000, 0x0000000080800000| Untracked 
|   9|0x0000000080900000, 0x0000000080a00000, 0x0000000080a00000|100%| O|  |TAMS 0x0000000080a00000, 0x0000000080900000| Untracked 
|  10|0x0000000080a00000, 0x0000000080b00000, 0x0000000080b00000|100%| O|  |TAMS 0x0000000080b00000, 0x0000000080a00000| Untracked 
|  11|0x0000000080b00000, 0x0000000080c00000, 0x0000000080c00000|100%| O|  |TAMS 0x0000000080c00000, 0x0000000080b00000| Untracked 
|  12|0x0000000080c00000, 0x0000000080d00000, 0x0000000080d00000|100%| O|  |TAMS 0x0000000080d00000, 0x0000000080c00000| Complete 
|  13|0x0000000080d00000, 0x0000000080e00000, 0x0000000080e00000|100%| O|  |TAMS 0x0000000080e00000, 0x0000000080d00000| Untracked 
|  14|0x0000000080e00000, 0x0000000080f00000, 0x0000000080f00000|100%| O|  |TAMS 0x0000000080f00000, 0x0000000080e00000| Untracked 
|  15|0x0000000080f00000, 0x0000000081000000, 0x0000000081000000|100%| O|  |TAMS 0x0000000081000000, 0x0000000080f00000| Untracked 
|  16|0x0000000081000000, 0x0000000081100000, 0x0000000081100000|100%| O|  |TAMS 0x0000000081100000, 0x0000000081000000| Untracked 
|  17|0x0000000081100000, 0x0000000081200000, 0x0000000081200000|100%| O|  |TAMS 0x0000000081200000, 0x0000000081100000| Complete 
|  18|0x0000000081200000, 0x0000000081300000, 0x0000000081300000|100%| O|  |TAMS 0x0000000081300000, 0x0000000081200000| Untracked 
|  19|0x0000000081300000, 0x0000000081400000, 0x0000000081400000|100%| O|  |TAMS 0x0000000081400000, 0x0000000081300000| Untracked 
|  20|0x0000000081400000, 0x0000000081500000, 0x0000000081500000|100%| O|  |TAMS 0x0000000081500000, 0x0000000081400000| Untracked 
|  21|0x0000000081500000, 0x0000000081600000, 0x0000000081600000|100%| O|  |TAMS 0x0000000081600000, 0x0000000081500000| Untracked 
|  22|0x0000000081600000, 0x0000000081700000, 0x0000000081700000|100%| O|  |TAMS 0x0000000081700000, 0x0000000081600000| Untracked 
|  23|0x0000000081700000, 0x0000000081800000, 0x0000000081800000|100%| O|  |TAMS 0x0000000081800000, 0x0000000081700000| Untracked 
|  24|0x0000000081800000, 0x0000000081900000, 0x0000000081900000|100%| O|  |TAMS 0x0000000081900000, 0x0000000081800000| Untracked 
|  25|0x0000000081900000, 0x0000000081a00000, 0x0000000081a00000|100%| O|  |TAMS 0x0000000081a00000, 0x0000000081900000| Untracked 
|  26|0x0000000081a00000, 0x0000000081b00000, 0x0000000081b00000|100%| O|  |TAMS 0x0000000081b00000, 0x0000000081a00000| Complete 
|  27|0x0000000081b00000, 0x0000000081c00000, 0x0000000081c00000|100%| O|  |TAMS 0x0000000081c00000, 0x0000000081b00000| Complete 
|  28|0x0000000081c00000, 0x0000000081d00000, 0x0000000081d00000|100%|HS|  |TAMS 0x0000000081d00000, 0x0000000081c00000| Complete 
|  29|0x0000000081d00000, 0x0000000081e00000, 0x0000000081e00000|100%|HS|  |TAMS 0x0000000081e00000, 0x0000000081d00000| Complete 
|  30|0x0000000081e00000, 0x0000000081f00000, 0x0000000081f00000|100%| O|  |TAMS 0x0000000081f00000, 0x0000000081e00000| Untracked 
|  31|0x0000000081f00000, 0x0000000082000000, 0x0000000082000000|100%|HS|  |TAMS 0x0000000082000000, 0x0000000081f00000| Complete 
|  32|0x0000000082000000, 0x0000000082100000, 0x0000000082100000|100%|HC|  |TAMS 0x0000000082100000, 0x0000000082000000| Complete 
|  33|0x0000000082100000, 0x0000000082200000, 0x0000000082200000|100%| O|  |TAMS 0x0000000082200000, 0x0000000082100000| Untracked 
|  34|0x0000000082200000, 0x0000000082300000, 0x0000000082300000|100%| O|  |TAMS 0x0000000082300000, 0x0000000082200000| Untracked 
|  35|0x0000000082300000, 0x0000000082400000, 0x0000000082400000|100%| O|  |TAMS 0x0000000082400000, 0x0000000082300000| Untracked 
|  36|0x0000000082400000, 0x0000000082500000, 0x0000000082500000|100%| O|  |TAMS 0x0000000082500000, 0x0000000082400000| Untracked 
|  37|0x0000000082500000, 0x0000000082600000, 0x0000000082600000|100%| O|  |TAMS 0x0000000082600000, 0x0000000082500000| Untracked 
|  38|0x0000000082600000, 0x0000000082700000, 0x0000000082700000|100%| O|  |TAMS 0x0000000082700000, 0x0000000082600000| Untracked 
|  39|0x0000000082700000, 0x0000000082800000, 0x0000000082800000|100%| O|  |TAMS 0x0000000082800000, 0x0000000082700000| Untracked 
|  40|0x0000000082800000, 0x0000000082900000, 0x0000000082900000|100%| O|  |TAMS 0x0000000082900000, 0x0000000082800000| Untracked 
|  41|0x0000000082900000, 0x0000000082a00000, 0x0000000082a00000|100%| O|  |TAMS 0x0000000082a00000, 0x0000000082900000| Complete 
|  42|0x0000000082a00000, 0x0000000082b00000, 0x0000000082b00000|100%| O|  |TAMS 0x0000000082b00000, 0x0000000082a00000| Untracked 
|  43|0x0000000082b00000, 0x0000000082c00000, 0x0000000082c00000|100%| O|  |TAMS 0x0000000082c00000, 0x0000000082b00000| Untracked 
|  44|0x0000000082c00000, 0x0000000082d00000, 0x0000000082d00000|100%| O|  |TAMS 0x0000000082d00000, 0x0000000082c00000| Untracked 
|  45|0x0000000082d00000, 0x0000000082e00000, 0x0000000082e00000|100%| O|  |TAMS 0x0000000082e00000, 0x0000000082d00000| Untracked 
|  46|0x0000000082e00000, 0x0000000082f00000, 0x0000000082f00000|100%| O|  |TAMS 0x0000000082f00000, 0x0000000082e00000| Untracked 
|  47|0x0000000082f00000, 0x0000000083000000, 0x0000000083000000|100%| O|  |TAMS 0x0000000083000000, 0x0000000082f00000| Untracked 
|  48|0x0000000083000000, 0x0000000083100000, 0x0000000083100000|100%| O|  |TAMS 0x0000000083100000, 0x0000000083000000| Untracked 
|  49|0x0000000083100000, 0x0000000083200000, 0x0000000083200000|100%| O|  |TAMS 0x0000000083200000, 0x0000000083100000| Untracked 
|  50|0x0000000083200000, 0x0000000083300000, 0x0000000083300000|100%| O|  |TAMS 0x0000000083300000, 0x0000000083200000| Untracked 
|  51|0x0000000083300000, 0x0000000083400000, 0x0000000083400000|100%| O|  |TAMS 0x0000000083400000, 0x0000000083300000| Untracked 
|  52|0x0000000083400000, 0x0000000083500000, 0x0000000083500000|100%| O|  |TAMS 0x0000000083500000, 0x0000000083400000| Untracked 
|  53|0x0000000083500000, 0x0000000083600000, 0x0000000083600000|100%| O|  |TAMS 0x0000000083600000, 0x0000000083500000| Complete 
|  54|0x0000000083600000, 0x0000000083700000, 0x0000000083700000|100%| O|  |TAMS 0x0000000083700000, 0x0000000083600000| Untracked 
|  55|0x0000000083700000, 0x0000000083800000, 0x0000000083800000|100%| O|  |TAMS 0x0000000083800000, 0x0000000083700000| Untracked 
|  56|0x0000000083800000, 0x0000000083900000, 0x0000000083900000|100%| O|  |TAMS 0x0000000083900000, 0x0000000083800000| Complete 
|  57|0x0000000083900000, 0x0000000083a00000, 0x0000000083a00000|100%| O|  |TAMS 0x0000000083a00000, 0x0000000083900000| Untracked 
|  58|0x0000000083a00000, 0x0000000083b00000, 0x0000000083b00000|100%| O|  |TAMS 0x0000000083b00000, 0x0000000083a00000| Untracked 
|  59|0x0000000083b00000, 0x0000000083c00000, 0x0000000083c00000|100%| O|  |TAMS 0x0000000083c00000, 0x0000000083b00000| Untracked 
|  60|0x0000000083c00000, 0x0000000083d00000, 0x0000000083d00000|100%| O|  |TAMS 0x0000000083d00000, 0x0000000083c00000| Untracked 
|  61|0x0000000083d00000, 0x0000000083e00000, 0x0000000083e00000|100%| O|  |TAMS 0x0000000083e00000, 0x0000000083d00000| Untracked 
|  62|0x0000000083e00000, 0x0000000083f00000, 0x0000000083f00000|100%| O|  |TAMS 0x0000000083f00000, 0x0000000083e00000| Complete 
|  63|0x0000000083f00000, 0x0000000084000000, 0x0000000084000000|100%| O|  |TAMS 0x0000000084000000, 0x0000000083f00000| Untracked 
|  64|0x0000000084000000, 0x0000000084100000, 0x0000000084100000|100%|HS|  |TAMS 0x0000000084100000, 0x0000000084000000| Complete 
|  65|0x0000000084100000, 0x0000000084200000, 0x0000000084200000|100%| O|  |TAMS 0x0000000084200000, 0x0000000084100000| Untracked 
|  66|0x0000000084200000, 0x0000000084300000, 0x0000000084300000|100%| O|  |TAMS 0x0000000084300000, 0x0000000084200000| Untracked 
|  67|0x0000000084300000, 0x0000000084400000, 0x0000000084400000|100%| O|  |TAMS 0x0000000084400000, 0x0000000084300000| Complete 
|  68|0x0000000084400000, 0x0000000084500000, 0x0000000084500000|100%| O|  |TAMS 0x0000000084500000, 0x0000000084400000| Untracked 
|  69|0x0000000084500000, 0x0000000084600000, 0x0000000084600000|100%| O|  |TAMS 0x0000000084600000, 0x0000000084500000| Complete 
|  70|0x0000000084600000, 0x0000000084700000, 0x0000000084700000|100%| O|  |TAMS 0x0000000084700000, 0x0000000084600000| Untracked 
|  71|0x0000000084700000, 0x0000000084800000, 0x0000000084800000|100%| O|  |TAMS 0x0000000084800000, 0x0000000084700000| Untracked 
|  72|0x0000000084800000, 0x0000000084900000, 0x0000000084900000|100%| O|  |TAMS 0x0000000084900000, 0x0000000084800000| Complete 
|  73|0x0000000084900000, 0x0000000084a00000, 0x0000000084a00000|100%| O|  |TAMS 0x0000000084a00000, 0x0000000084900000| Untracked 
|  74|0x0000000084a00000, 0x0000000084b00000, 0x0000000084b00000|100%| O|  |TAMS 0x0000000084b00000, 0x0000000084a00000| Untracked 
|  75|0x0000000084b00000, 0x0000000084c00000, 0x0000000084c00000|100%| O|  |TAMS 0x0000000084c00000, 0x0000000084b00000| Complete 
|  76|0x0000000084c00000, 0x0000000084d00000, 0x0000000084d00000|100%| O|  |TAMS 0x0000000084d00000, 0x0000000084c00000| Untracked 
|  77|0x0000000084d00000, 0x0000000084e00000, 0x0000000084e00000|100%| O|  |TAMS 0x0000000084e00000, 0x0000000084d00000| Complete 
|  78|0x0000000084e00000, 0x0000000084f00000, 0x0000000084f00000|100%| O|  |TAMS 0x0000000084f00000, 0x0000000084e00000| Untracked 
|  79|0x0000000084f00000, 0x0000000085000000, 0x0000000085000000|100%|HS|  |TAMS 0x0000000085000000, 0x0000000084f00000| Complete 
|  80|0x0000000085000000, 0x0000000085100000, 0x0000000085100000|100%| O|  |TAMS 0x0000000085100000, 0x0000000085000000| Untracked 
|  81|0x0000000085100000, 0x0000000085200000, 0x0000000085200000|100%|HS|  |TAMS 0x0000000085200000, 0x0000000085100000| Complete 
|  82|0x0000000085200000, 0x0000000085300000, 0x0000000085300000|100%| O|  |TAMS 0x0000000085300000, 0x0000000085200000| Untracked 
|  83|0x0000000085300000, 0x0000000085400000, 0x0000000085400000|100%|HS|  |TAMS 0x0000000085400000, 0x0000000085300000| Complete 
|  84|0x0000000085400000, 0x0000000085500000, 0x0000000085500000|100%| O|  |TAMS 0x0000000085500000, 0x0000000085400000| Complete 
|  85|0x0000000085500000, 0x0000000085600000, 0x0000000085600000|100%| O|  |TAMS 0x0000000085600000, 0x0000000085500000| Complete 
|  86|0x0000000085600000, 0x0000000085700000, 0x0000000085700000|100%| O|  |TAMS 0x0000000085700000, 0x0000000085600000| Untracked 
|  87|0x0000000085700000, 0x0000000085800000, 0x0000000085800000|100%| O|  |TAMS 0x0000000085800000, 0x0000000085700000| Untracked 
|  88|0x0000000085800000, 0x0000000085900000, 0x0000000085900000|100%| O|  |TAMS 0x0000000085900000, 0x0000000085800000| Untracked 
|  89|0x0000000085900000, 0x0000000085a00000, 0x0000000085a00000|100%|HS|  |TAMS 0x0000000085a00000, 0x0000000085900000| Complete 
|  90|0x0000000085a00000, 0x0000000085b00000, 0x0000000085b00000|100%|HC|  |TAMS 0x0000000085b00000, 0x0000000085a00000| Complete 
|  91|0x0000000085b00000, 0x0000000085c00000, 0x0000000085c00000|100%|HS|  |TAMS 0x0000000085c00000, 0x0000000085b00000| Complete 
|  92|0x0000000085c00000, 0x0000000085d00000, 0x0000000085d00000|100%| O|  |TAMS 0x0000000085d00000, 0x0000000085c00000| Untracked 
|  93|0x0000000085d00000, 0x0000000085e00000, 0x0000000085e00000|100%| O|  |TAMS 0x0000000085e00000, 0x0000000085d00000| Complete 
|  94|0x0000000085e00000, 0x0000000085f00000, 0x0000000085f00000|100%| O|  |TAMS 0x0000000085f00000, 0x0000000085e00000| Complete 
|  95|0x0000000085f00000, 0x0000000086000000, 0x0000000086000000|100%| O|  |TAMS 0x0000000086000000, 0x0000000085f00000| Complete 
|  96|0x0000000086000000, 0x0000000086100000, 0x0000000086100000|100%| O|  |TAMS 0x0000000086100000, 0x0000000086000000| Untracked 
|  97|0x0000000086100000, 0x0000000086200000, 0x0000000086200000|100%|HS|  |TAMS 0x0000000086200000, 0x0000000086100000| Complete 
|  98|0x0000000086200000, 0x0000000086300000, 0x0000000086300000|100%| O|  |TAMS 0x0000000086300000, 0x0000000086200000| Untracked 
|  99|0x0000000086300000, 0x0000000086400000, 0x0000000086400000|100%| O|  |TAMS 0x0000000086400000, 0x0000000086300000| Untracked 
| 100|0x0000000086400000, 0x0000000086500000, 0x0000000086500000|100%|HS|  |TAMS 0x0000000086500000, 0x0000000086400000| Complete 
| 101|0x0000000086500000, 0x0000000086600000, 0x0000000086600000|100%|HC|  |TAMS 0x0000000086600000, 0x0000000086500000| Complete 
| 102|0x0000000086600000, 0x0000000086700000, 0x0000000086700000|100%|HC|  |TAMS 0x0000000086700000, 0x0000000086600000| Complete 
| 103|0x0000000086700000, 0x0000000086800000, 0x0000000086800000|100%|HC|  |TAMS 0x0000000086800000, 0x0000000086700000| Complete 
| 104|0x0000000086800000, 0x0000000086900000, 0x0000000086900000|100%|HC|  |TAMS 0x0000000086900000, 0x0000000086800000| Complete 
| 105|0x0000000086900000, 0x0000000086a00000, 0x0000000086a00000|100%|HC|  |TAMS 0x0000000086a00000, 0x0000000086900000| Complete 
| 106|0x0000000086a00000, 0x0000000086b00000, 0x0000000086b00000|100%|HC|  |TAMS 0x0000000086b00000, 0x0000000086a00000| Complete 
| 107|0x0000000086b00000, 0x0000000086c00000, 0x0000000086c00000|100%|HC|  |TAMS 0x0000000086c00000, 0x0000000086b00000| Complete 
| 108|0x0000000086c00000, 0x0000000086d00000, 0x0000000086d00000|100%|HC|  |TAMS 0x0000000086d00000, 0x0000000086c00000| Complete 
| 109|0x0000000086d00000, 0x0000000086e00000, 0x0000000086e00000|100%| O|  |TAMS 0x0000000086e00000, 0x0000000086d00000| Untracked 
| 110|0x0000000086e00000, 0x0000000086f00000, 0x0000000086f00000|100%| O|  |TAMS 0x0000000086f00000, 0x0000000086e00000| Complete 
| 111|0x0000000086f00000, 0x0000000087000000, 0x0000000087000000|100%| O|  |TAMS 0x0000000087000000, 0x0000000086f00000| Complete 
| 112|0x0000000087000000, 0x0000000087100000, 0x0000000087100000|100%| O|  |TAMS 0x0000000087100000, 0x0000000087000000| Complete 
| 113|0x0000000087100000, 0x0000000087200000, 0x0000000087200000|100%| O|  |TAMS 0x0000000087200000, 0x0000000087100000| Complete 
| 114|0x0000000087200000, 0x0000000087300000, 0x0000000087300000|100%| O|  |TAMS 0x0000000087300000, 0x0000000087200000| Complete 
| 115|0x0000000087300000, 0x0000000087400000, 0x0000000087400000|100%| O|  |TAMS 0x0000000087400000, 0x0000000087300000| Untracked 
| 116|0x0000000087400000, 0x0000000087500000, 0x0000000087500000|100%| O|  |TAMS 0x0000000087500000, 0x0000000087400000| Untracked 
| 117|0x0000000087500000, 0x0000000087600000, 0x0000000087600000|100%| O|  |TAMS 0x0000000087600000, 0x0000000087500000| Untracked 
| 118|0x0000000087600000, 0x0000000087700000, 0x0000000087700000|100%| O|  |TAMS 0x0000000087700000, 0x0000000087600000| Untracked 
| 119|0x0000000087700000, 0x0000000087800000, 0x0000000087800000|100%| O|  |TAMS 0x0000000087800000, 0x0000000087700000| Untracked 
| 120|0x0000000087800000, 0x0000000087900000, 0x0000000087900000|100%| O|  |TAMS 0x0000000087900000, 0x0000000087800000| Untracked 
| 121|0x0000000087900000, 0x0000000087a00000, 0x0000000087a00000|100%| O|  |TAMS 0x0000000087a00000, 0x0000000087900000| Untracked 
| 122|0x0000000087a00000, 0x0000000087b00000, 0x0000000087b00000|100%| O|  |TAMS 0x0000000087b00000, 0x0000000087a00000| Untracked 
| 123|0x0000000087b00000, 0x0000000087c00000, 0x0000000087c00000|100%| O|  |TAMS 0x0000000087c00000, 0x0000000087b00000| Untracked 
| 124|0x0000000087c00000, 0x0000000087d00000, 0x0000000087d00000|100%| O|  |TAMS 0x0000000087d00000, 0x0000000087c00000| Untracked 
| 125|0x0000000087d00000, 0x0000000087e00000, 0x0000000087e00000|100%| O|  |TAMS 0x0000000087e00000, 0x0000000087d00000| Complete 
| 126|0x0000000087e00000, 0x0000000087f00000, 0x0000000087f00000|100%|HS|  |TAMS 0x0000000087f00000, 0x0000000087e00000| Complete 
| 127|0x0000000087f00000, 0x0000000088000000, 0x0000000088000000|100%| O|  |TAMS 0x0000000087f00000, 0x0000000087f00000| Untracked 
| 128|0x0000000088000000, 0x0000000088100000, 0x0000000088100000|100%|HS|  |TAMS 0x0000000088100000, 0x0000000088000000| Complete 
| 129|0x0000000088100000, 0x0000000088200000, 0x0000000088200000|100%|HC|  |TAMS 0x0000000088200000, 0x0000000088100000| Complete 
| 130|0x0000000088200000, 0x0000000088300000, 0x0000000088300000|100%| O|  |TAMS 0x0000000088200000, 0x0000000088200000| Untracked 
| 131|0x0000000088300000, 0x0000000088400000, 0x0000000088400000|100%|HS|  |TAMS 0x0000000088400000, 0x0000000088300000| Complete 
| 132|0x0000000088400000, 0x0000000088500000, 0x0000000088500000|100%|HC|  |TAMS 0x0000000088500000, 0x0000000088400000| Complete 
| 133|0x0000000088500000, 0x0000000088600000, 0x0000000088600000|100%|HS|  |TAMS 0x0000000088600000, 0x0000000088500000| Complete 
| 134|0x0000000088600000, 0x0000000088700000, 0x0000000088700000|100%|HS|  |TAMS 0x0000000088700000, 0x0000000088600000| Complete 
| 135|0x0000000088700000, 0x0000000088800000, 0x0000000088800000|100%| O|  |TAMS 0x0000000088800000, 0x0000000088700000| Complete 
| 136|0x0000000088800000, 0x0000000088900000, 0x0000000088900000|100%| O|  |TAMS 0x0000000088900000, 0x0000000088800000| Untracked 
| 137|0x0000000088900000, 0x0000000088a00000, 0x0000000088a00000|100%|HS|  |TAMS 0x0000000088a00000, 0x0000000088900000| Complete 
| 138|0x0000000088a00000, 0x0000000088b00000, 0x0000000088b00000|100%| O|  |TAMS 0x0000000088b00000, 0x0000000088a00000| Untracked 
| 139|0x0000000088b00000, 0x0000000088c00000, 0x0000000088c00000|100%| O|  |TAMS 0x0000000088c00000, 0x0000000088b00000| Untracked 
| 140|0x0000000088c00000, 0x0000000088d00000, 0x0000000088d00000|100%| O|  |TAMS 0x0000000088d00000, 0x0000000088c00000| Untracked 
| 141|0x0000000088d00000, 0x0000000088e00000, 0x0000000088e00000|100%| O|  |TAMS 0x0000000088e00000, 0x0000000088d00000| Untracked 
| 142|0x0000000088e00000, 0x0000000088f00000, 0x0000000088f00000|100%| O|  |TAMS 0x0000000088f00000, 0x0000000088e00000| Untracked 
| 143|0x0000000088f00000, 0x0000000089000000, 0x0000000089000000|100%| O|  |TAMS 0x0000000089000000, 0x0000000088f00000| Untracked 
| 144|0x0000000089000000, 0x0000000089100000, 0x0000000089100000|100%| O|  |TAMS 0x0000000089100000, 0x0000000089000000| Untracked 
| 145|0x0000000089100000, 0x0000000089200000, 0x0000000089200000|100%| O|  |TAMS 0x0000000089200000, 0x0000000089100000| Untracked 
| 146|0x0000000089200000, 0x0000000089300000, 0x0000000089300000|100%| O|  |TAMS 0x0000000089300000, 0x0000000089200000| Complete 
| 147|0x0000000089300000, 0x0000000089400000, 0x0000000089400000|100%| O|  |TAMS 0x0000000089400000, 0x0000000089300000| Untracked 
| 148|0x0000000089400000, 0x0000000089500000, 0x0000000089500000|100%| O|  |TAMS 0x0000000089500000, 0x0000000089400000| Complete 
| 149|0x0000000089500000, 0x0000000089600000, 0x0000000089600000|100%| O|  |TAMS 0x0000000089600000, 0x0000000089500000| Untracked 
| 150|0x0000000089600000, 0x0000000089700000, 0x0000000089700000|100%| O|  |TAMS 0x0000000089700000, 0x0000000089600000| Untracked 
| 151|0x0000000089700000, 0x0000000089800000, 0x0000000089800000|100%| O|  |TAMS 0x0000000089800000, 0x0000000089700000| Untracked 
| 152|0x0000000089800000, 0x0000000089900000, 0x0000000089900000|100%| O|  |TAMS 0x0000000089900000, 0x0000000089800000| Complete 
| 153|0x0000000089900000, 0x0000000089a00000, 0x0000000089a00000|100%| O|  |TAMS 0x0000000089a00000, 0x0000000089900000| Untracked 
| 154|0x0000000089a00000, 0x0000000089b00000, 0x0000000089b00000|100%| O|  |TAMS 0x0000000089b00000, 0x0000000089a00000| Untracked 
| 155|0x0000000089b00000, 0x0000000089c00000, 0x0000000089c00000|100%| O|  |TAMS 0x0000000089c00000, 0x0000000089b00000| Untracked 
| 156|0x0000000089c00000, 0x0000000089d00000, 0x0000000089d00000|100%| O|  |TAMS 0x0000000089d00000, 0x0000000089c00000| Untracked 
| 157|0x0000000089d00000, 0x0000000089e00000, 0x0000000089e00000|100%| O|  |TAMS 0x0000000089e00000, 0x0000000089d00000| Untracked 
| 158|0x0000000089e00000, 0x0000000089f00000, 0x0000000089f00000|100%| O|  |TAMS 0x0000000089f00000, 0x0000000089e00000| Untracked 
| 159|0x0000000089f00000, 0x000000008a000000, 0x000000008a000000|100%| O|  |TAMS 0x000000008a000000, 0x0000000089f00000| Complete 
| 160|0x000000008a000000, 0x000000008a100000, 0x000000008a100000|100%| O|  |TAMS 0x000000008a100000, 0x000000008a000000| Untracked 
| 161|0x000000008a100000, 0x000000008a200000, 0x000000008a200000|100%| O|  |TAMS 0x000000008a200000, 0x000000008a100000| Untracked 
| 162|0x000000008a200000, 0x000000008a300000, 0x000000008a300000|100%| O|  |TAMS 0x000000008a300000, 0x000000008a200000| Complete 
| 163|0x000000008a300000, 0x000000008a400000, 0x000000008a400000|100%| O|  |TAMS 0x000000008a400000, 0x000000008a300000| Complete 
| 164|0x000000008a400000, 0x000000008a500000, 0x000000008a500000|100%| O|  |TAMS 0x000000008a500000, 0x000000008a400000| Untracked 
| 165|0x000000008a500000, 0x000000008a600000, 0x000000008a600000|100%| O|  |TAMS 0x000000008a600000, 0x000000008a500000| Complete 
| 166|0x000000008a600000, 0x000000008a700000, 0x000000008a700000|100%| O|  |TAMS 0x000000008a700000, 0x000000008a600000| Untracked 
| 167|0x000000008a700000, 0x000000008a800000, 0x000000008a800000|100%| O|  |TAMS 0x000000008a800000, 0x000000008a700000| Untracked 
| 168|0x000000008a800000, 0x000000008a900000, 0x000000008a900000|100%| O|  |TAMS 0x000000008a900000, 0x000000008a800000| Complete 
| 169|0x000000008a900000, 0x000000008aa00000, 0x000000008aa00000|100%| O|  |TAMS 0x000000008aa00000, 0x000000008a900000| Complete 
| 170|0x000000008aa00000, 0x000000008ab00000, 0x000000008ab00000|100%| O|  |TAMS 0x000000008ab00000, 0x000000008aa00000| Complete 
| 171|0x000000008ab00000, 0x000000008ac00000, 0x000000008ac00000|100%| O|  |TAMS 0x000000008ac00000, 0x000000008ab00000| Complete 
| 172|0x000000008ac00000, 0x000000008ad00000, 0x000000008ad00000|100%|HS|  |TAMS 0x000000008ad00000, 0x000000008ac00000| Complete 
| 173|0x000000008ad00000, 0x000000008ae00000, 0x000000008ae00000|100%|HC|  |TAMS 0x000000008ae00000, 0x000000008ad00000| Complete 
| 174|0x000000008ae00000, 0x000000008af00000, 0x000000008af00000|100%| O|  |TAMS 0x000000008af00000, 0x000000008ae00000| Untracked 
| 175|0x000000008af00000, 0x000000008b000000, 0x000000008b000000|100%| O|  |TAMS 0x000000008b000000, 0x000000008af00000| Untracked 
| 176|0x000000008b000000, 0x000000008b100000, 0x000000008b100000|100%| O|  |TAMS 0x000000008b100000, 0x000000008b000000| Untracked 
| 177|0x000000008b100000, 0x000000008b200000, 0x000000008b200000|100%| O|  |TAMS 0x000000008b200000, 0x000000008b100000| Untracked 
| 178|0x000000008b200000, 0x000000008b300000, 0x000000008b300000|100%| O|  |TAMS 0x000000008b220200, 0x000000008b200000| Untracked 
| 179|0x000000008b300000, 0x000000008b400000, 0x000000008b400000|100%|HS|  |TAMS 0x000000008b400000, 0x000000008b300000| Complete 
| 180|0x000000008b400000, 0x000000008b500000, 0x000000008b500000|100%|HS|  |TAMS 0x000000008b500000, 0x000000008b400000| Complete 
| 181|0x000000008b500000, 0x000000008b600000, 0x000000008b600000|100%| O|  |TAMS 0x000000008b500000, 0x000000008b500000| Untracked 
| 182|0x000000008b600000, 0x000000008b700000, 0x000000008b700000|100%|HS|  |TAMS 0x000000008b600000, 0x000000008b600000| Complete 
| 183|0x000000008b700000, 0x000000008b800000, 0x000000008b800000|100%|HS|  |TAMS 0x000000008b700000, 0x000000008b700000| Complete 
| 184|0x000000008b800000, 0x000000008b900000, 0x000000008b900000|100%|HS|  |TAMS 0x000000008b800000, 0x000000008b800000| Complete 
| 185|0x000000008b900000, 0x000000008ba00000, 0x000000008ba00000|100%|HC|  |TAMS 0x000000008b900000, 0x000000008b900000| Complete 
| 186|0x000000008ba00000, 0x000000008bb00000, 0x000000008bb00000|100%|HS|  |TAMS 0x000000008ba00000, 0x000000008ba00000| Complete 
| 187|0x000000008bb00000, 0x000000008bc00000, 0x000000008bc00000|100%| O|  |TAMS 0x000000008bb00000, 0x000000008bb00000| Untracked 
| 188|0x000000008bc00000, 0x000000008bd00000, 0x000000008bd00000|100%| O|  |TAMS 0x000000008bc00000, 0x000000008bc00000| Untracked 
| 189|0x000000008bd00000, 0x000000008be00000, 0x000000008be00000|100%| O|  |TAMS 0x000000008bd00000, 0x000000008bd00000| Untracked 
| 190|0x000000008be00000, 0x000000008bf00000, 0x000000008bf00000|100%| O|  |TAMS 0x000000008be00000, 0x000000008be00000| Untracked 
| 191|0x000000008bf00000, 0x000000008bf00000, 0x000000008c000000|  0%| F|  |TAMS 0x000000008bf00000, 0x000000008bf00000| Untracked 
| 192|0x000000008c000000, 0x000000008c000000, 0x000000008c100000|  0%| F|  |TAMS 0x000000008c000000, 0x000000008c000000| Untracked 
| 193|0x000000008c100000, 0x000000008c100000, 0x000000008c200000|  0%| F|  |TAMS 0x000000008c100000, 0x000000008c100000| Untracked 
| 194|0x000000008c200000, 0x000000008c200000, 0x000000008c300000|  0%| F|  |TAMS 0x000000008c200000, 0x000000008c200000| Untracked 
| 195|0x000000008c300000, 0x000000008c300000, 0x000000008c400000|  0%| F|  |TAMS 0x000000008c300000, 0x000000008c300000| Untracked 
| 196|0x000000008c400000, 0x000000008c400000, 0x000000008c500000|  0%| F|  |TAMS 0x000000008c400000, 0x000000008c400000| Untracked 
| 197|0x000000008c500000, 0x000000008c500000, 0x000000008c600000|  0%| F|  |TAMS 0x000000008c500000, 0x000000008c500000| Untracked 
| 198|0x000000008c600000, 0x000000008c600000, 0x000000008c700000|  0%| F|  |TAMS 0x000000008c600000, 0x000000008c600000| Untracked 
| 199|0x000000008c700000, 0x000000008c700000, 0x000000008c800000|  0%| F|  |TAMS 0x000000008c700000, 0x000000008c700000| Untracked 
| 200|0x000000008c800000, 0x000000008c900000, 0x000000008c900000|100%| O|  |TAMS 0x000000008c800000, 0x000000008c800000| Untracked 
| 201|0x000000008c900000, 0x000000008ca00000, 0x000000008ca00000|100%| O|  |TAMS 0x000000008c900000, 0x000000008c900000| Untracked 
| 202|0x000000008ca00000, 0x000000008cb00000, 0x000000008cb00000|100%| O|  |TAMS 0x000000008cb00000, 0x000000008ca00000| Complete 
| 203|0x000000008cb00000, 0x000000008cc00000, 0x000000008cc00000|100%| O|  |TAMS 0x000000008cc00000, 0x000000008cb00000| Complete 
| 204|0x000000008cc00000, 0x000000008cd00000, 0x000000008cd00000|100%| O|  |TAMS 0x000000008cd00000, 0x000000008cc00000| Complete 
| 205|0x000000008cd00000, 0x000000008ce00000, 0x000000008ce00000|100%| O|  |TAMS 0x000000008ce00000, 0x000000008cd00000| Complete 
| 206|0x000000008ce00000, 0x000000008cf00000, 0x000000008cf00000|100%| O|  |TAMS 0x000000008cf00000, 0x000000008ce00000| Untracked 
| 207|0x000000008cf00000, 0x000000008d000000, 0x000000008d000000|100%| O|  |TAMS 0x000000008cf00000, 0x000000008cf00000| Untracked 
| 208|0x000000008d000000, 0x000000008d100000, 0x000000008d100000|100%| O|  |TAMS 0x000000008d000000, 0x000000008d000000| Untracked 
| 209|0x000000008d100000, 0x000000008d100000, 0x000000008d200000|  0%| F|  |TAMS 0x000000008d100000, 0x000000008d100000| Untracked 
| 210|0x000000008d200000, 0x000000008d200000, 0x000000008d300000|  0%| F|  |TAMS 0x000000008d200000, 0x000000008d200000| Untracked 
| 211|0x000000008d300000, 0x000000008d300000, 0x000000008d400000|  0%| F|  |TAMS 0x000000008d300000, 0x000000008d300000| Untracked 
| 212|0x000000008d400000, 0x000000008d400000, 0x000000008d500000|  0%| F|  |TAMS 0x000000008d400000, 0x000000008d400000| Untracked 
| 213|0x000000008d500000, 0x000000008d500000, 0x000000008d600000|  0%| F|  |TAMS 0x000000008d500000, 0x000000008d500000| Untracked 
| 214|0x000000008d600000, 0x000000008d600000, 0x000000008d700000|  0%| F|  |TAMS 0x000000008d600000, 0x000000008d600000| Untracked 
| 215|0x000000008d700000, 0x000000008d700000, 0x000000008d800000|  0%| F|  |TAMS 0x000000008d700000, 0x000000008d700000| Untracked 
| 216|0x000000008d800000, 0x000000008d800000, 0x000000008d900000|  0%| F|  |TAMS 0x000000008d800000, 0x000000008d800000| Untracked 
| 217|0x000000008d900000, 0x000000008d900000, 0x000000008da00000|  0%| F|  |TAMS 0x000000008d900000, 0x000000008d900000| Untracked 
| 218|0x000000008da00000, 0x000000008da00000, 0x000000008db00000|  0%| F|  |TAMS 0x000000008da00000, 0x000000008da00000| Untracked 
| 219|0x000000008db00000, 0x000000008db00000, 0x000000008dc00000|  0%| F|  |TAMS 0x000000008db00000, 0x000000008db00000| Untracked 
| 220|0x000000008dc00000, 0x000000008dc00000, 0x000000008dd00000|  0%| F|  |TAMS 0x000000008dc00000, 0x000000008dc00000| Untracked 
| 221|0x000000008dd00000, 0x000000008dd00000, 0x000000008de00000|  0%| F|  |TAMS 0x000000008dd00000, 0x000000008dd00000| Untracked 
| 222|0x000000008de00000, 0x000000008de00000, 0x000000008df00000|  0%| F|  |TAMS 0x000000008de00000, 0x000000008de00000| Untracked 
| 223|0x000000008df00000, 0x000000008df00000, 0x000000008e000000|  0%| F|  |TAMS 0x000000008df00000, 0x000000008df00000| Untracked 
| 224|0x000000008e000000, 0x000000008e000000, 0x000000008e100000|  0%| F|  |TAMS 0x000000008e000000, 0x000000008e000000| Untracked 
| 225|0x000000008e100000, 0x000000008e100000, 0x000000008e200000|  0%| F|  |TAMS 0x000000008e100000, 0x000000008e100000| Untracked 
| 226|0x000000008e200000, 0x000000008e200000, 0x000000008e300000|  0%| F|  |TAMS 0x000000008e200000, 0x000000008e200000| Untracked 
| 227|0x000000008e300000, 0x000000008e400000, 0x000000008e400000|100%| O|  |TAMS 0x000000008e300000, 0x000000008e300000| Untracked 
| 228|0x000000008e400000, 0x000000008e500000, 0x000000008e500000|100%| O|  |TAMS 0x000000008e400000, 0x000000008e400000| Untracked 
| 229|0x000000008e500000, 0x000000008e5aa000, 0x000000008e600000| 66%| O|  |TAMS 0x000000008e500000, 0x000000008e500000| Untracked 
| 230|0x000000008e600000, 0x000000008e600000, 0x000000008e700000|  0%| F|  |TAMS 0x000000008e600000, 0x000000008e600000| Untracked 
| 231|0x000000008e700000, 0x000000008e700000, 0x000000008e800000|  0%| F|  |TAMS 0x000000008e700000, 0x000000008e700000| Untracked 
| 232|0x000000008e800000, 0x000000008e800000, 0x000000008e900000|  0%| F|  |TAMS 0x000000008e800000, 0x000000008e800000| Untracked 
| 233|0x000000008e900000, 0x000000008e900000, 0x000000008ea00000|  0%| F|  |TAMS 0x000000008e900000, 0x000000008e900000| Untracked 
| 234|0x000000008ea00000, 0x000000008ea00000, 0x000000008eb00000|  0%| F|  |TAMS 0x000000008ea00000, 0x000000008ea00000| Untracked 
| 235|0x000000008eb00000, 0x000000008eb00000, 0x000000008ec00000|  0%| F|  |TAMS 0x000000008eb00000, 0x000000008eb00000| Untracked 
| 236|0x000000008ec00000, 0x000000008ec00000, 0x000000008ed00000|  0%| F|  |TAMS 0x000000008ec00000, 0x000000008ec00000| Untracked 
| 237|0x000000008ed00000, 0x000000008ed00000, 0x000000008ee00000|  0%| F|  |TAMS 0x000000008ed00000, 0x000000008ed00000| Untracked 
| 238|0x000000008ee00000, 0x000000008ee00000, 0x000000008ef00000|  0%| F|  |TAMS 0x000000008ee00000, 0x000000008ee00000| Untracked 
| 239|0x000000008ef00000, 0x000000008ef00000, 0x000000008f000000|  0%| F|  |TAMS 0x000000008ef00000, 0x000000008ef00000| Untracked 
| 240|0x000000008f000000, 0x000000008f000000, 0x000000008f100000|  0%| F|  |TAMS 0x000000008f000000, 0x000000008f000000| Untracked 
| 241|0x000000008f100000, 0x000000008f100000, 0x000000008f200000|  0%| F|  |TAMS 0x000000008f100000, 0x000000008f100000| Untracked 
| 242|0x000000008f200000, 0x000000008f200000, 0x000000008f300000|  0%| F|  |TAMS 0x000000008f200000, 0x000000008f200000| Untracked 
| 243|0x000000008f300000, 0x000000008f300000, 0x000000008f400000|  0%| F|  |TAMS 0x000000008f300000, 0x000000008f300000| Untracked 
| 244|0x000000008f400000, 0x000000008f400000, 0x000000008f500000|  0%| F|  |TAMS 0x000000008f400000, 0x000000008f400000| Untracked 
| 245|0x000000008f500000, 0x000000008f500000, 0x000000008f600000|  0%| F|  |TAMS 0x000000008f500000, 0x000000008f500000| Untracked 
| 246|0x000000008f600000, 0x000000008f600000, 0x000000008f700000|  0%| F|  |TAMS 0x000000008f600000, 0x000000008f600000| Untracked 
| 247|0x000000008f700000, 0x000000008f700000, 0x000000008f800000|  0%| F|  |TAMS 0x000000008f700000, 0x000000008f700000| Untracked 
| 248|0x000000008f800000, 0x000000008f800000, 0x000000008f900000|  0%| F|  |TAMS 0x000000008f800000, 0x000000008f800000| Untracked 
| 249|0x000000008f900000, 0x000000008f900000, 0x000000008fa00000|  0%| F|  |TAMS 0x000000008f900000, 0x000000008f900000| Untracked 
| 250|0x000000008fa00000, 0x000000008fa00000, 0x000000008fb00000|  0%| F|  |TAMS 0x000000008fa00000, 0x000000008fa00000| Untracked 
| 251|0x000000008fb00000, 0x000000008fb00000, 0x000000008fc00000|  0%| F|  |TAMS 0x000000008fb00000, 0x000000008fb00000| Untracked 
| 252|0x000000008fc00000, 0x000000008fc00000, 0x000000008fd00000|  0%| F|  |TAMS 0x000000008fc00000, 0x000000008fc00000| Untracked 
| 253|0x000000008fd00000, 0x000000008fd00000, 0x000000008fe00000|  0%| F|  |TAMS 0x000000008fd00000, 0x000000008fd00000| Untracked 
| 254|0x000000008fe00000, 0x000000008fe00000, 0x000000008ff00000|  0%| F|  |TAMS 0x000000008fe00000, 0x000000008fe00000| Untracked 
| 255|0x000000008ff00000, 0x000000008ff00000, 0x0000000090000000|  0%| F|  |TAMS 0x000000008ff00000, 0x000000008ff00000| Untracked 
| 256|0x0000000090000000, 0x0000000090000000, 0x0000000090100000|  0%| F|  |TAMS 0x0000000090000000, 0x0000000090000000| Untracked 
| 257|0x0000000090100000, 0x0000000090100000, 0x0000000090200000|  0%| F|  |TAMS 0x0000000090100000, 0x0000000090100000| Untracked 
| 258|0x0000000090200000, 0x0000000090200000, 0x0000000090300000|  0%| F|  |TAMS 0x0000000090200000, 0x0000000090200000| Untracked 
| 259|0x0000000090300000, 0x0000000090300000, 0x0000000090400000|  0%| F|  |TAMS 0x0000000090300000, 0x0000000090300000| Untracked 
| 260|0x0000000090400000, 0x0000000090400000, 0x0000000090500000|  0%| F|  |TAMS 0x0000000090400000, 0x0000000090400000| Untracked 
| 261|0x0000000090500000, 0x0000000090500000, 0x0000000090600000|  0%| F|  |TAMS 0x0000000090500000, 0x0000000090500000| Untracked 
| 262|0x0000000090600000, 0x0000000090600000, 0x0000000090700000|  0%| F|  |TAMS 0x0000000090600000, 0x0000000090600000| Untracked 
| 263|0x0000000090700000, 0x0000000090700000, 0x0000000090800000|  0%| F|  |TAMS 0x0000000090700000, 0x0000000090700000| Untracked 
| 264|0x0000000090800000, 0x0000000090800000, 0x0000000090900000|  0%| F|  |TAMS 0x0000000090800000, 0x0000000090800000| Untracked 
| 265|0x0000000090900000, 0x0000000090900000, 0x0000000090a00000|  0%| F|  |TAMS 0x0000000090900000, 0x0000000090900000| Untracked 
| 266|0x0000000090a00000, 0x0000000090a00000, 0x0000000090b00000|  0%| F|  |TAMS 0x0000000090a00000, 0x0000000090a00000| Untracked 
| 267|0x0000000090b00000, 0x0000000090b00000, 0x0000000090c00000|  0%| F|  |TAMS 0x0000000090b00000, 0x0000000090b00000| Untracked 
| 268|0x0000000090c00000, 0x0000000090c00000, 0x0000000090d00000|  0%| F|  |TAMS 0x0000000090c00000, 0x0000000090c00000| Untracked 
| 269|0x0000000090d00000, 0x0000000090d00000, 0x0000000090e00000|  0%| F|  |TAMS 0x0000000090d00000, 0x0000000090d00000| Untracked 
| 270|0x0000000090e00000, 0x0000000090e00000, 0x0000000090f00000|  0%| F|  |TAMS 0x0000000090e00000, 0x0000000090e00000| Untracked 
| 271|0x0000000090f00000, 0x0000000090f00000, 0x0000000091000000|  0%| F|  |TAMS 0x0000000090f00000, 0x0000000090f00000| Untracked 
| 272|0x0000000091000000, 0x00000000910eb690, 0x0000000091100000| 91%| S|CS|TAMS 0x0000000091000000, 0x0000000091000000| Complete 
| 273|0x0000000091100000, 0x0000000091100000, 0x0000000091200000|  0%| F|  |TAMS 0x0000000091100000, 0x0000000091100000| Untracked 
| 274|0x0000000091200000, 0x0000000091200000, 0x0000000091300000|  0%| F|  |TAMS 0x0000000091200000, 0x0000000091200000| Untracked 
| 275|0x0000000091300000, 0x0000000091300000, 0x0000000091400000|  0%| F|  |TAMS 0x0000000091300000, 0x0000000091300000| Untracked 
| 276|0x0000000091400000, 0x0000000091400000, 0x0000000091500000|  0%| F|  |TAMS 0x0000000091400000, 0x0000000091400000| Untracked 
| 277|0x0000000091500000, 0x0000000091500000, 0x0000000091600000|  0%| F|  |TAMS 0x0000000091500000, 0x0000000091500000| Untracked 
| 278|0x0000000091600000, 0x0000000091600000, 0x0000000091700000|  0%| F|  |TAMS 0x0000000091600000, 0x0000000091600000| Untracked 
| 279|0x0000000091700000, 0x0000000091700000, 0x0000000091800000|  0%| F|  |TAMS 0x0000000091700000, 0x0000000091700000| Untracked 
| 280|0x0000000091800000, 0x0000000091800000, 0x0000000091900000|  0%| F|  |TAMS 0x0000000091800000, 0x0000000091800000| Untracked 
| 281|0x0000000091900000, 0x0000000091900000, 0x0000000091a00000|  0%| F|  |TAMS 0x0000000091900000, 0x0000000091900000| Untracked 
| 282|0x0000000091a00000, 0x0000000091a00000, 0x0000000091b00000|  0%| F|  |TAMS 0x0000000091a00000, 0x0000000091a00000| Untracked 
| 283|0x0000000091b00000, 0x0000000091b00000, 0x0000000091c00000|  0%| F|  |TAMS 0x0000000091b00000, 0x0000000091b00000| Untracked 
| 284|0x0000000091c00000, 0x0000000091c00000, 0x0000000091d00000|  0%| F|  |TAMS 0x0000000091c00000, 0x0000000091c00000| Untracked 
| 285|0x0000000091d00000, 0x0000000091d00000, 0x0000000091e00000|  0%| F|  |TAMS 0x0000000091d00000, 0x0000000091d00000| Untracked 
| 286|0x0000000091e00000, 0x0000000091e00000, 0x0000000091f00000|  0%| F|  |TAMS 0x0000000091e00000, 0x0000000091e00000| Untracked 
| 287|0x0000000091f00000, 0x0000000091f00000, 0x0000000092000000|  0%| F|  |TAMS 0x0000000091f00000, 0x0000000091f00000| Untracked 
| 288|0x0000000092000000, 0x0000000092000000, 0x0000000092100000|  0%| F|  |TAMS 0x0000000092000000, 0x0000000092000000| Untracked 
| 289|0x0000000092100000, 0x0000000092100000, 0x0000000092200000|  0%| F|  |TAMS 0x0000000092100000, 0x0000000092100000| Untracked 
| 290|0x0000000092200000, 0x0000000092200000, 0x0000000092300000|  0%| F|  |TAMS 0x0000000092200000, 0x0000000092200000| Untracked 
| 291|0x0000000092300000, 0x0000000092300000, 0x0000000092400000|  0%| F|  |TAMS 0x0000000092300000, 0x0000000092300000| Untracked 
| 292|0x0000000092400000, 0x0000000092400000, 0x0000000092500000|  0%| F|  |TAMS 0x0000000092400000, 0x0000000092400000| Untracked 
| 293|0x0000000092500000, 0x0000000092500000, 0x0000000092600000|  0%| F|  |TAMS 0x0000000092500000, 0x0000000092500000| Untracked 
| 294|0x0000000092600000, 0x0000000092600000, 0x0000000092700000|  0%| F|  |TAMS 0x0000000092600000, 0x0000000092600000| Untracked 
| 295|0x0000000092700000, 0x0000000092700000, 0x0000000092800000|  0%| F|  |TAMS 0x0000000092700000, 0x0000000092700000| Untracked 
| 296|0x0000000092800000, 0x0000000092800000, 0x0000000092900000|  0%| F|  |TAMS 0x0000000092800000, 0x0000000092800000| Untracked 
| 297|0x0000000092900000, 0x0000000092900000, 0x0000000092a00000|  0%| F|  |TAMS 0x0000000092900000, 0x0000000092900000| Untracked 
| 298|0x0000000092a00000, 0x0000000092a00000, 0x0000000092b00000|  0%| F|  |TAMS 0x0000000092a00000, 0x0000000092a00000| Untracked 
| 299|0x0000000092b00000, 0x0000000092b00000, 0x0000000092c00000|  0%| F|  |TAMS 0x0000000092b00000, 0x0000000092b00000| Untracked 
| 300|0x0000000092c00000, 0x0000000092c00000, 0x0000000092d00000|  0%| F|  |TAMS 0x0000000092c00000, 0x0000000092c00000| Untracked 
| 301|0x0000000092d00000, 0x0000000092d00000, 0x0000000092e00000|  0%| F|  |TAMS 0x0000000092d00000, 0x0000000092d00000| Untracked 
| 302|0x0000000092e00000, 0x0000000092e00000, 0x0000000092f00000|  0%| F|  |TAMS 0x0000000092e00000, 0x0000000092e00000| Untracked 
| 303|0x0000000092f00000, 0x0000000092f00000, 0x0000000093000000|  0%| F|  |TAMS 0x0000000092f00000, 0x0000000092f00000| Untracked 
| 304|0x0000000093000000, 0x0000000093000000, 0x0000000093100000|  0%| F|  |TAMS 0x0000000093000000, 0x0000000093000000| Untracked 
| 305|0x0000000093100000, 0x0000000093100000, 0x0000000093200000|  0%| F|  |TAMS 0x0000000093100000, 0x0000000093100000| Untracked 
| 306|0x0000000093200000, 0x0000000093200000, 0x0000000093300000|  0%| F|  |TAMS 0x0000000093200000, 0x0000000093200000| Untracked 
| 307|0x0000000093300000, 0x0000000093300000, 0x0000000093400000|  0%| F|  |TAMS 0x0000000093300000, 0x0000000093300000| Untracked 
| 308|0x0000000093400000, 0x0000000093400000, 0x0000000093500000|  0%| F|  |TAMS 0x0000000093400000, 0x0000000093400000| Untracked 
| 309|0x0000000093500000, 0x0000000093500000, 0x0000000093600000|  0%| F|  |TAMS 0x0000000093500000, 0x0000000093500000| Untracked 
| 310|0x0000000093600000, 0x0000000093600000, 0x0000000093700000|  0%| F|  |TAMS 0x0000000093600000, 0x0000000093600000| Untracked 

Card table byte_map: [0x000002b962d30000,0x000002b963130000] _byte_map_base: 0x000002b962930000

Marking Bits (Prev, Next): (CMBitMap*) 0x000002b94fe57908, (CMBitMap*) 0x000002b94fe57940
 Prev Bits: [0x000002b963530000, 0x000002b965530000)
 Next Bits: [0x000002b965530000, 0x000002b967530000)

Polling page: 0x000002b94dd60000

Metaspace:

Usage:
  Non-class:     94.72 MB capacity,    93.00 MB ( 98%) used,     1.37 MB (  1%) free+waste,   369.13 KB ( <1%) overhead. 
      Class:     14.77 MB capacity,    13.68 MB ( 93%) used,   949.45 KB (  6%) free+waste,   164.25 KB (  1%) overhead. 
       Both:    109.49 MB capacity,   106.68 MB ( 97%) used,     2.29 MB (  2%) free+waste,   533.38 KB ( <1%) overhead. 

Virtual space:
  Non-class space:       96.00 MB reserved,      94.89 MB ( 99%) committed 
      Class space:        1.00 GB reserved,      14.98 MB (  1%) committed 
             Both:        1.09 GB reserved,     109.87 MB ( 10%) committed 

Chunk freelists:
   Non-Class:  106.00 KB
       Class:  175.00 KB
        Both:  281.00 KB

MaxMetaspaceSize: 17179869184.00 GB
CompressedClassSpaceSize: 1.00 GB
Initial GC threshold: 20.80 MB
Current GC threshold: 182.08 MB
CDS: off

CodeHeap 'non-profiled nmethods': size=120064Kb used=10321Kb max_used=10321Kb free=109742Kb
 bounds [0x000002b95b3f0000, 0x000002b95be10000, 0x000002b962930000]
CodeHeap 'profiled nmethods': size=120000Kb used=35762Kb max_used=35762Kb free=84237Kb
 bounds [0x000002b953ec0000, 0x000002b9561b0000, 0x000002b95b3f0000]
CodeHeap 'non-nmethods': size=5696Kb used=2411Kb max_used=2493Kb free=3284Kb
 bounds [0x000002b953930000, 0x000002b953bb0000, 0x000002b953ec0000]
 total_blobs=16645 nmethods=15707 adapters=849
 compilation: enabled
              stopped_count=0, restarted_count=0
 full_count=0

Compilation events (20 events):
Event: 46.892 Thread 0x000002b969a28000 15927       3       com.google.gson.TypeAdapter::<init> (5 bytes)
Event: 46.892 Thread 0x000002b969a28000 nmethod 15927 0x000002b9561aaa90 code [0x000002b9561aac40, 0x000002b9561aad98]
Event: 46.910 Thread 0x000002b969a27000 nmethod 15784 0x000002b95bdf0310 code [0x000002b95bdf05c0, 0x000002b95bdf12c0]
Event: 46.910 Thread 0x000002b969a27000 15785       4       com.android.tools.r8.internal.Rk::a (45 bytes)
Event: 46.943 Thread 0x000002b969a28000 15928       3       kotlin.reflect.jvm.internal.impl.name.FqNameUnsafe::isRoot (8 bytes)
Event: 46.943 Thread 0x000002b969a28000 nmethod 15928 0x000002b9561aae90 code [0x000002b9561ab040, 0x000002b9561ab218]
Event: 46.945 Thread 0x000002b969a28000 15929       3       kotlin.reflect.jvm.internal.impl.name.FqName::asString (16 bytes)
Event: 46.946 Thread 0x000002b969a28000 nmethod 15929 0x000002b9561ab310 code [0x000002b9561ab4e0, 0x000002b9561ab738]
Event: 46.946 Thread 0x000002b969a28000 15931       3       kotlin.reflect.jvm.internal.impl.name.FqName::toUnsafe (13 bytes)
Event: 46.946 Thread 0x000002b969a28000 nmethod 15931 0x000002b9561ab890 code [0x000002b9561aba40, 0x000002b9561abbc8]
Event: 46.946 Thread 0x000002b969a28000 15930       3       kotlin.reflect.jvm.internal.impl.name.FqNameUnsafe::asString (13 bytes)
Event: 46.947 Thread 0x000002b969a28000 nmethod 15930 0x000002b9561abc90 code [0x000002b9561abe40, 0x000002b9561abfc8]
Event: 46.947 Thread 0x000002b969a28000 15932       3       kotlin.reflect.jvm.internal.impl.name.FqName::<init> (26 bytes)
Event: 46.947 Thread 0x000002b969a28000 nmethod 15932 0x000002b9561ac090 code [0x000002b9561ac280, 0x000002b9561ac718]
Event: 46.951 Thread 0x000002b969a27000 nmethod 15785 0x000002b95bdf2090 code [0x000002b95bdf2340, 0x000002b95bdf3080]
Event: 46.952 Thread 0x000002b969a27000 15926       4       com.google.common.collect.ImmutableMultimap$1::<init> (39 bytes)
Event: 46.984 Thread 0x000002b96ded7800 nmethod 15769 0x000002b95bdf3e90 code [0x000002b95bdf4860, 0x000002b95bdfbc78]
Event: 46.986 Thread 0x000002b96ded7800 15783       4       com.android.tools.r8.internal.hJ::hasNext (14 bytes)
Event: 46.987 Thread 0x000002b96ded7800 nmethod 15783 0x000002b95be03110 code [0x000002b95be032a0, 0x000002b95be03318]
Event: 46.987 Thread 0x000002b969a27000 nmethod 15926 0x000002b95be03410 code [0x000002b95be03620, 0x000002b95be04278]

GC Heap History (20 events):
Event: 39.391 GC heap after
{Heap after GC invocations=41 (full 0):
 garbage-first heap   total 254976K, used 134319K [0x0000000080000000, 0x0000000100000000)
  region size 1024K, 2 young (2048K), 2 survivors (2048K)
 Metaspace       used 106850K, capacity 109732K, committed 110460K, reserved 1144832K
  class space    used 13688K, capacity 14786K, committed 15084K, reserved 1048576K
}
Event: 40.858 GC heap before
{Heap before GC invocations=41 (full 0):
 garbage-first heap   total 254976K, used 184495K [0x0000000080000000, 0x0000000100000000)
  region size 1024K, 52 young (53248K), 2 survivors (2048K)
 Metaspace       used 107890K, capacity 110857K, committed 111356K, reserved 1144832K
  class space    used 13889K, capacity 15007K, committed 15212K, reserved 1048576K
}
Event: 40.932 GC heap after
{Heap after GC invocations=42 (full 0):
 garbage-first heap   total 254976K, used 159524K [0x0000000080000000, 0x0000000100000000)
  region size 1024K, 7 young (7168K), 7 survivors (7168K)
 Metaspace       used 107890K, capacity 110857K, committed 111356K, reserved 1144832K
  class space    used 13889K, capacity 15007K, committed 15212K, reserved 1048576K
}
Event: 42.175 GC heap before
{Heap before GC invocations=43 (full 0):
 garbage-first heap   total 254976K, used 192292K [0x0000000080000000, 0x0000000100000000)
  region size 1024K, 40 young (40960K), 7 survivors (7168K)
 Metaspace       used 107890K, capacity 110857K, committed 111356K, reserved 1144832K
  class space    used 13889K, capacity 15007K, committed 15212K, reserved 1048576K
}
Event: 42.249 GC heap after
{Heap after GC invocations=44 (full 0):
 garbage-first heap   total 254976K, used 177664K [0x0000000080000000, 0x0000000100000000)
  region size 1024K, 5 young (5120K), 5 survivors (5120K)
 Metaspace       used 107890K, capacity 110857K, committed 111356K, reserved 1144832K
  class space    used 13889K, capacity 15007K, committed 15212K, reserved 1048576K
}
Event: 42.444 GC heap before
{Heap before GC invocations=44 (full 0):
 garbage-first heap   total 254976K, used 184832K [0x0000000080000000, 0x0000000100000000)
  region size 1024K, 12 young (12288K), 5 survivors (5120K)
 Metaspace       used 107975K, capacity 110870K, committed 111356K, reserved 1144832K
  class space    used 13893K, capacity 15010K, committed 15212K, reserved 1048576K
}
Event: 42.473 GC heap after
{Heap after GC invocations=45 (full 0):
 garbage-first heap   total 254976K, used 180736K [0x0000000080000000, 0x0000000100000000)
  region size 1024K, 2 young (2048K), 2 survivors (2048K)
 Metaspace       used 107975K, capacity 110870K, committed 111356K, reserved 1144832K
  class space    used 13893K, capacity 15010K, committed 15212K, reserved 1048576K
}
Event: 42.636 GC heap before
{Heap before GC invocations=45 (full 0):
 garbage-first heap   total 254976K, used 193024K [0x0000000080000000, 0x0000000100000000)
  region size 1024K, 15 young (15360K), 2 survivors (2048K)
 Metaspace       used 108025K, capacity 110946K, committed 111356K, reserved 1144832K
  class space    used 13893K, capacity 15010K, committed 15212K, reserved 1048576K
}
Event: 42.649 GC heap after
{Heap after GC invocations=46 (full 0):
 garbage-first heap   total 318464K, used 181713K [0x0000000080000000, 0x0000000100000000)
  region size 1024K, 1 young (1024K), 1 survivors (1024K)
 Metaspace       used 108025K, capacity 110946K, committed 111356K, reserved 1144832K
  class space    used 13893K, capacity 15010K, committed 15212K, reserved 1048576K
}
Event: 43.807 GC heap before
{Heap before GC invocations=47 (full 0):
 garbage-first heap   total 318464K, used 221649K [0x0000000080000000, 0x0000000100000000)
  region size 1024K, 42 young (43008K), 1 survivors (1024K)
 Metaspace       used 108101K, capacity 111007K, committed 111612K, reserved 1146880K
  class space    used 13890K, capacity 15005K, committed 15212K, reserved 1048576K
}
Event: 43.846 GC heap after
{Heap after GC invocations=48 (full 0):
 garbage-first heap   total 318464K, used 183589K [0x0000000080000000, 0x0000000100000000)
  region size 1024K, 5 young (5120K), 5 survivors (5120K)
 Metaspace       used 108101K, capacity 111007K, committed 111612K, reserved 1146880K
  class space    used 13890K, capacity 15005K, committed 15212K, reserved 1048576K
}
Event: 44.161 GC heap before
{Heap before GC invocations=48 (full 0):
 garbage-first heap   total 318464K, used 196901K [0x0000000080000000, 0x0000000100000000)
  region size 1024K, 15 young (15360K), 5 survivors (5120K)
 Metaspace       used 108115K, capacity 111010K, committed 111612K, reserved 1146880K
  class space    used 13890K, capacity 15005K, committed 15212K, reserved 1048576K
}
Event: 44.190 GC heap after
{Heap after GC invocations=49 (full 0):
 garbage-first heap   total 318464K, used 183423K [0x0000000080000000, 0x0000000100000000)
  region size 1024K, 1 young (1024K), 1 survivors (1024K)
 Metaspace       used 108115K, capacity 111010K, committed 111612K, reserved 1146880K
  class space    used 13890K, capacity 15005K, committed 15212K, reserved 1048576K
}
Event: 44.983 GC heap before
{Heap before GC invocations=49 (full 0):
 garbage-first heap   total 318464K, used 235647K [0x0000000080000000, 0x0000000100000000)
  region size 1024K, 46 young (47104K), 1 survivors (1024K)
 Metaspace       used 108250K, capacity 111170K, committed 111612K, reserved 1146880K
  class space    used 13899K, capacity 15014K, committed 15212K, reserved 1048576K
}
Event: 44.995 GC heap after
{Heap after GC invocations=50 (full 0):
 garbage-first heap   total 318464K, used 194020K [0x0000000080000000, 0x0000000100000000)
  region size 1024K, 5 young (5120K), 5 survivors (5120K)
 Metaspace       used 108250K, capacity 111170K, committed 111612K, reserved 1146880K
  class space    used 13899K, capacity 15014K, committed 15212K, reserved 1048576K
}
Event: 45.366 GC heap before
{Heap before GC invocations=50 (full 0):
 garbage-first heap   total 318464K, used 245220K [0x0000000080000000, 0x0000000100000000)
  region size 1024K, 50 young (51200K), 5 survivors (5120K)
 Metaspace       used 108274K, capacity 111244K, committed 111612K, reserved 1146880K
  class space    used 13901K, capacity 15016K, committed 15212K, reserved 1048576K
}
Event: 45.389 GC heap after
{Heap after GC invocations=51 (full 0):
 garbage-first heap   total 318464K, used 206519K [0x0000000080000000, 0x0000000100000000)
  region size 1024K, 7 young (7168K), 7 survivors (7168K)
 Metaspace       used 108274K, capacity 111244K, committed 111612K, reserved 1146880K
  class space    used 13901K, capacity 15016K, committed 15212K, reserved 1048576K
}
Event: 46.008 GC heap before
{Heap before GC invocations=51 (full 0):
 garbage-first heap   total 318464K, used 256695K [0x0000000080000000, 0x0000000100000000)
  region size 1024K, 49 young (50176K), 7 survivors (7168K)
 Metaspace       used 108351K, capacity 111331K, committed 111868K, reserved 1146880K
  class space    used 13900K, capacity 15015K, committed 15212K, reserved 1048576K
}
Event: 46.026 GC heap after
{Heap after GC invocations=52 (full 0):
 garbage-first heap   total 318464K, used 218251K [0x0000000080000000, 0x0000000100000000)
  region size 1024K, 5 young (5120K), 5 survivors (5120K)
 Metaspace       used 108351K, capacity 111331K, committed 111868K, reserved 1146880K
  class space    used 13900K, capacity 15015K, committed 15212K, reserved 1048576K
}
Event: 47.001 GC heap before
{Heap before GC invocations=53 (full 0):
 garbage-first heap   total 318464K, used 274571K [0x0000000080000000, 0x0000000100000000)
  region size 1024K, 43 young (44032K), 5 survivors (5120K)
 Metaspace       used 109237K, capacity 112119K, committed 112508K, reserved 1146880K
  class space    used 14007K, capacity 15121K, committed 15340K, reserved 1048576K
}

Deoptimization events (20 events):
Event: 46.837 Thread 0x000002b96fc65000 Uncommon trap: trap_request=0xffffffc6 fr.pc=0x000002b95b958b3c relative=0x00000000000002dc
Event: 46.837 Thread 0x000002b96fc65000 Uncommon trap: reason=bimorphic_or_optimized_type_check action=maybe_recompile pc=0x000002b95b958b3c method=org.gradle.internal.snapshot.ChildMapFactory.childMapFromSorted(Ljava/util/List;)Lorg/gradle/internal/snapshot/ChildMap; @ 1 c2
Event: 46.837 Thread 0x000002b96fc65000 DEOPT PACKING pc=0x000002b95b958b3c sp=0x000000c646ffe100
Event: 46.837 Thread 0x000002b96fc65000 DEOPT UNPACKING pc=0x000002b95397a1af sp=0x000000c646ffe0c8 mode 2
Event: 46.843 Thread 0x000002b96fc65000 Uncommon trap: trap_request=0xffffffde fr.pc=0x000002b95b8f2168 relative=0x0000000000000e48
Event: 46.843 Thread 0x000002b96fc65000 Uncommon trap: reason=class_check action=maybe_recompile pc=0x000002b95b8f2168 method=org.gradle.internal.snapshot.ChildMap$Entry.handleAncestorDescendantOrExactMatch(Lorg/gradle/internal/snapshot/VfsRelativePath;Lorg/gradle/internal/snapshot/CaseSensitiv
Event: 46.843 Thread 0x000002b96fc65000 DEOPT PACKING pc=0x000002b95b8f2168 sp=0x000000c646ffc280
Event: 46.843 Thread 0x000002b96fc65000 DEOPT UNPACKING pc=0x000002b95397a1af sp=0x000000c646ffc260 mode 2
Event: 46.843 Thread 0x000002b96fc65000 Uncommon trap: trap_request=0xffffffde fr.pc=0x000002b95b8f2168 relative=0x0000000000000e48
Event: 46.843 Thread 0x000002b96fc65000 Uncommon trap: reason=class_check action=maybe_recompile pc=0x000002b95b8f2168 method=org.gradle.internal.snapshot.ChildMap$Entry.handleAncestorDescendantOrExactMatch(Lorg/gradle/internal/snapshot/VfsRelativePath;Lorg/gradle/internal/snapshot/CaseSensitiv
Event: 46.843 Thread 0x000002b96fc65000 DEOPT PACKING pc=0x000002b95b8f2168 sp=0x000000c646ffc120
Event: 46.843 Thread 0x000002b96fc65000 DEOPT UNPACKING pc=0x000002b95397a1af sp=0x000000c646ffc100 mode 2
Event: 46.844 Thread 0x000002b96fc65000 Uncommon trap: trap_request=0xffffff4d fr.pc=0x000002b95ba4f0d0 relative=0x0000000000000550
Event: 46.844 Thread 0x000002b96fc65000 Uncommon trap: reason=unstable_if action=reinterpret pc=0x000002b95ba4f0d0 method=org.gradle.internal.snapshot.VfsRelativePath.lengthOfCommonPrefix(Ljava/lang/String;Lorg/gradle/internal/snapshot/CaseSensitivity;)I @ 117 c2
Event: 46.844 Thread 0x000002b96fc65000 DEOPT PACKING pc=0x000002b95ba4f0d0 sp=0x000000c646ffb060
Event: 46.844 Thread 0x000002b96fc65000 DEOPT UNPACKING pc=0x000002b95397a1af sp=0x000000c646ffb000 mode 2
Event: 46.960 Thread 0x000002b96fc65000 Uncommon trap: trap_request=0xffffff4d fr.pc=0x000002b95b9e6a80 relative=0x00000000000001c0
Event: 46.960 Thread 0x000002b96fc65000 Uncommon trap: reason=unstable_if action=reinterpret pc=0x000002b95b9e6a80 method=java.lang.String.lastIndexOf([BBILjava/lang/String;I)I @ 28 c2
Event: 46.960 Thread 0x000002b96fc65000 DEOPT PACKING pc=0x000002b95b9e6a80 sp=0x000000c646ff88a0
Event: 46.960 Thread 0x000002b96fc65000 DEOPT UNPACKING pc=0x000002b95397a1af sp=0x000000c646ff8838 mode 2

Classes redefined (0 events):
No events

Internal exceptions (20 events):
Event: 33.435 Thread 0x000002b97193b800 Exception <a 'java/lang/NoSuchMethodError'{0x000000008c628090}: 'void java.lang.invoke.DirectMethodHandle$Holder.invokeSpecial(java.lang.Object, java.lang.Object, int, java.lang.Object)'> (0x000000008c628090) thrown at [./src/hotspot/share/interpreter/linkResolver.cpp, line 773]
Event: 33.481 Thread 0x000002b96fc6a000 Exception <a 'java/lang/NoSuchMethodError'{0x000000008c4b7ae8}: 'long java.lang.invoke.DirectMethodHandle$Holder.invokeStatic(java.lang.Object, java.lang.Object)'> (0x000000008c4b7ae8) thrown at [./src/hotspot/share/interpreter/linkResolver.cpp, line 773]
Event: 33.534 Thread 0x000002b97193b800 Exception <a 'java/lang/NoSuchMethodError'{0x000000008c2c7830}: 'int java.lang.invoke.DirectMethodHandle$Holder.invokeSpecial(java.lang.Object, java.lang.Object, java.lang.Object, int, java.lang.Object)'> (0x000000008c2c7830) thrown at [./src/hotspot/share/interpreter/linkResolver.cpp, line 773]
Event: 34.981 Thread 0x000002b97193e000 Exception <a 'java/lang/NoSuchMethodError'{0x0000000089b44250}: 'java.lang.Object java.lang.invoke.Invokers$Holder.linkToTargetMethod(java.lang.Object, int, java.lang.Object, java.lang.Object, java.lang.Object, java.lang.Object)'> (0x0000000089b44250) thrown at [./src/hotspot/share/interpreter/linkResolver.cpp, line 773]
Event: 34.988 Thread 0x000002b96fc6a000 Exception <a 'java/lang/NoSuchMethodError'{0x0000000089b6c900}: 'void java.lang.invoke.DirectMethodHandle$Holder.invokeStatic(java.lang.Object, java.lang.Object, java.lang.Object, java.lang.Object, java.lang.Object, java.lang.Object, java.lang.Object, java.lang.Object)'> (0x0000000089b6c900) thrown at [./src/hotspot/share/interpreter/linkResolver.cpp, line 773]
Event: 35.427 Thread 0x000002b96fc6a000 Exception <a 'java/lang/IncompatibleClassChangeError'{0x000000008962df88}: Found class java.lang.Object, but interface was expected> (0x000000008962df88) thrown at [./src/hotspot/share/interpreter/linkResolver.cpp, line 839]
Event: 35.728 Thread 0x000002b96fc6a000 Exception <a 'java/lang/NoSuchMethodError'{0x0000000089004b98}: 'void java.lang.invoke.DirectMethodHandle$Holder.invokeSpecial(java.lang.Object, java.lang.Object, int)'> (0x0000000089004b98) thrown at [./src/hotspot/share/interpreter/linkResolver.cpp, line 773]
Event: 35.753 Thread 0x000002b96fc6a000 Exception <a 'sun/nio/fs/WindowsException'{0x000000008906bc70}> (0x000000008906bc70) thrown at [./src/hotspot/share/prims/jni.cpp, line 616]
Event: 35.783 Thread 0x000002b97193e000 Exception <a 'sun/nio/fs/WindowsException'{0x00000000890f39c0}> (0x00000000890f39c0) thrown at [./src/hotspot/share/prims/jni.cpp, line 616]
Event: 35.914 Thread 0x000002b96fc6a000 Exception <a 'sun/nio/fs/WindowsException'{0x000000008c92de90}> (0x000000008c92de90) thrown at [./src/hotspot/share/prims/jni.cpp, line 616]
Event: 35.940 Thread 0x000002b97193e000 Exception <a 'sun/nio/fs/WindowsException'{0x000000008c9193a0}> (0x000000008c9193a0) thrown at [./src/hotspot/share/prims/jni.cpp, line 616]
Event: 36.306 Thread 0x000002b96fc6a000 Exception <a 'sun/nio/fs/WindowsException'{0x000000008c9332e8}> (0x000000008c9332e8) thrown at [./src/hotspot/share/prims/jni.cpp, line 616]
Event: 36.363 Thread 0x000002b97193e000 Exception <a 'sun/nio/fs/WindowsException'{0x000000008c91ed68}> (0x000000008c91ed68) thrown at [./src/hotspot/share/prims/jni.cpp, line 616]
Event: 36.739 Thread 0x000002b96fc6a000 Exception <a 'sun/nio/fs/WindowsException'{0x000000008c990cf8}> (0x000000008c990cf8) thrown at [./src/hotspot/share/prims/jni.cpp, line 616]
Event: 36.763 Thread 0x000002b96fc6a000 Exception <a 'sun/nio/fs/WindowsException'{0x000000008c997218}> (0x000000008c997218) thrown at [./src/hotspot/share/prims/jni.cpp, line 616]
Event: 36.776 Thread 0x000002b96fc6a000 Exception <a 'sun/nio/fs/WindowsException'{0x000000008c99dd68}> (0x000000008c99dd68) thrown at [./src/hotspot/share/prims/jni.cpp, line 616]
Event: 37.997 Thread 0x000002b96f6d1800 Exception <a 'java/lang/NoSuchMethodError'{0x000000008ab95260}: <clinit>> (0x000000008ab95260) thrown at [./src/hotspot/share/prims/jni.cpp, line 1366]
Event: 38.638 Thread 0x000002b97193e000 Exception <a 'sun/nio/fs/WindowsException'{0x000000008c38a718}> (0x000000008c38a718) thrown at [./src/hotspot/share/prims/jni.cpp, line 616]
Event: 44.880 Thread 0x000002b971940800 Implicit null exception at 0x000002b95bd63315 to 0x000002b95bd634ea
Event: 46.756 Thread 0x000002b971940800 Exception <a 'sun/nio/fs/WindowsException'{0x0000000091c969a0}> (0x0000000091c969a0) thrown at [./src/hotspot/share/prims/jni.cpp, line 616]

Events (20 events):
Event: 46.997 loading class kotlin/reflect/jvm/internal/impl/metadata/deserialization/BinaryVersion done
Event: 46.998 loading class kotlin/reflect/jvm/internal/impl/metadata/deserialization/BinaryVersion$Companion
Event: 46.998 loading class kotlin/reflect/jvm/internal/impl/metadata/deserialization/BinaryVersion$Companion done
Event: 46.998 loading class kotlin/reflect/jvm/internal/impl/metadata/jvm/deserialization/JvmMetadataVersion$Companion
Event: 46.998 loading class kotlin/reflect/jvm/internal/impl/metadata/jvm/deserialization/JvmMetadataVersion$Companion done
Event: 46.998 loading class kotlin/reflect/jvm/internal/impl/load/java/lazy/SingleModuleClassResolver
Event: 46.998 loading class kotlin/reflect/jvm/internal/impl/load/java/lazy/SingleModuleClassResolver done
Event: 46.999 loading class kotlin/reflect/jvm/internal/impl/load/java/lazy/ModuleClassResolver
Event: 46.999 loading class kotlin/reflect/jvm/internal/impl/load/java/lazy/ModuleClassResolver done
Event: 46.999 loading class kotlin/reflect/jvm/internal/impl/descriptors/NotFoundClasses
Event: 46.999 loading class kotlin/reflect/jvm/internal/impl/descriptors/NotFoundClasses done
Event: 47.000 loading class kotlin/reflect/jvm/internal/impl/descriptors/NotFoundClasses$packageFragments$1
Event: 47.000 loading class kotlin/reflect/jvm/internal/impl/descriptors/NotFoundClasses$packageFragments$1 done
Event: 47.000 loading class kotlin/reflect/jvm/internal/impl/descriptors/NotFoundClasses$classes$1
Event: 47.000 loading class kotlin/reflect/jvm/internal/impl/descriptors/NotFoundClasses$classes$1 done
Event: 47.000 loading class kotlin/reflect/jvm/internal/impl/descriptors/runtime/components/RuntimeModuleDataKt
Event: 47.000 loading class kotlin/reflect/jvm/internal/impl/descriptors/runtime/components/RuntimeModuleDataKt done
Event: 47.001 loading class kotlin/reflect/jvm/internal/impl/load/kotlin/PackagePartProvider$Empty
Event: 47.001 loading class kotlin/reflect/jvm/internal/impl/load/kotlin/PackagePartProvider$Empty done
Event: 47.001 Executing VM operation: G1CollectForAllocation


Dynamic libraries:
0x00007ff64dbc0000 - 0x00007ff64dbca000 	C:\Program Files\Android\Android Studio\jre\bin\java.exe
0x00007ffaea0d0000 - 0x00007ffaea2c8000 	C:\WINDOWS\SYSTEM32\ntdll.dll
0x00007ffaae820000 - 0x00007ffaae837000 	C:\Program Files\AVAST Software\Avast\aswhook.dll
0x00007ffae9430000 - 0x00007ffae94ef000 	C:\WINDOWS\System32\KERNEL32.DLL
0x00007ffae7dc0000 - 0x00007ffae8092000 	C:\WINDOWS\System32\KERNELBASE.dll
0x00007ffae7a70000 - 0x00007ffae7b70000 	C:\WINDOWS\System32\ucrtbase.dll
0x00007ffae5640000 - 0x00007ffae5659000 	C:\Program Files\Android\Android Studio\jre\bin\jli.dll
0x00007ffae5090000 - 0x00007ffae50a7000 	C:\Program Files\Android\Android Studio\jre\bin\VCRUNTIME140.dll
0x00007ffae9090000 - 0x00007ffae9231000 	C:\WINDOWS\System32\USER32.dll
0x00007ffae7a10000 - 0x00007ffae7a32000 	C:\WINDOWS\System32\win32u.dll
0x00007ffad6db0000 - 0x00007ffad704a000 	C:\WINDOWS\WinSxS\amd64_microsoft.windows.common-controls_6595b64144ccf1df_6.0.19041.1110_none_60b5254171f9507e\COMCTL32.dll
0x00007ffae9300000 - 0x00007ffae932b000 	C:\WINDOWS\System32\GDI32.dll
0x00007ffae86e0000 - 0x00007ffae877e000 	C:\WINDOWS\System32\msvcrt.dll
0x00007ffae7cb0000 - 0x00007ffae7dbf000 	C:\WINDOWS\System32\gdi32full.dll
0x00007ffae77c0000 - 0x00007ffae785d000 	C:\WINDOWS\System32\msvcp_win.dll
0x00007ffae9680000 - 0x00007ffae96b2000 	C:\WINDOWS\System32\IMM32.DLL
0x00007ffae2f90000 - 0x00007ffae302d000 	C:\Program Files\Android\Android Studio\jre\bin\msvcp140.dll
0x00007ffa866a0000 - 0x00007ffa871a2000 	C:\Program Files\Android\Android Studio\jre\bin\server\jvm.dll
0x00007ffae95d0000 - 0x00007ffae967e000 	C:\WINDOWS\System32\ADVAPI32.dll
0x00007ffae9330000 - 0x00007ffae93cc000 	C:\WINDOWS\System32\sechost.dll
0x00007ffae8590000 - 0x00007ffae86b5000 	C:\WINDOWS\System32\RPCRT4.dll
0x00007ffae86d0000 - 0x00007ffae86d8000 	C:\WINDOWS\System32\PSAPI.DLL
0x00007ffad5620000 - 0x00007ffad5629000 	C:\WINDOWS\SYSTEM32\WSOCK32.dll
0x00007ffad9430000 - 0x00007ffad9457000 	C:\WINDOWS\SYSTEM32\WINMM.dll
0x00007ffae89c0000 - 0x00007ffae8a2b000 	C:\WINDOWS\System32\WS2_32.dll
0x00007ffae5610000 - 0x00007ffae561a000 	C:\WINDOWS\SYSTEM32\VERSION.dll
0x00007ffae5860000 - 0x00007ffae5872000 	C:\WINDOWS\SYSTEM32\kernel.appcore.dll
0x00007ffadf690000 - 0x00007ffadf6a1000 	C:\Program Files\Android\Android Studio\jre\bin\verify.dll
0x00007ffadc1b0000 - 0x00007ffadc394000 	C:\WINDOWS\SYSTEM32\DBGHELP.DLL
0x00007ffadc170000 - 0x00007ffadc1a5000 	C:\WINDOWS\SYSTEM32\dbgcore.DLL
0x00007ffae7b70000 - 0x00007ffae7bf2000 	C:\WINDOWS\System32\bcryptPrimitives.dll
0x00007ffac1e70000 - 0x00007ffac1e99000 	C:\Program Files\Android\Android Studio\jre\bin\java.dll
0x00007ffadd000000 - 0x00007ffadd00b000 	C:\Program Files\Android\Android Studio\jre\bin\jimage.dll
0x00007ffadcfc0000 - 0x00007ffadcfd8000 	C:\Program Files\Android\Android Studio\jre\bin\zip.dll
0x00007ffae96c0000 - 0x00007ffae9e04000 	C:\WINDOWS\System32\SHELL32.dll
0x00007ffae5880000 - 0x00007ffae6012000 	C:\WINDOWS\SYSTEM32\windows.storage.dll
0x00007ffae8230000 - 0x00007ffae8585000 	C:\WINDOWS\System32\combase.dll
0x00007ffae7140000 - 0x00007ffae7170000 	C:\WINDOWS\SYSTEM32\Wldp.dll
0x00007ffae9f40000 - 0x00007ffae9fed000 	C:\WINDOWS\System32\SHCORE.dll
0x00007ffae8110000 - 0x00007ffae8165000 	C:\WINDOWS\System32\shlwapi.dll
0x00007ffae7700000 - 0x00007ffae771f000 	C:\WINDOWS\SYSTEM32\profapi.dll
0x00007ffac1e50000 - 0x00007ffac1e6a000 	C:\Program Files\Android\Android Studio\jre\bin\net.dll
0x00007ffad9b80000 - 0x00007ffad9c8c000 	C:\WINDOWS\SYSTEM32\WINHTTP.dll
0x00007ffae6ea0000 - 0x00007ffae6f0a000 	C:\WINDOWS\system32\mswsock.dll
0x00007ffac1e30000 - 0x00007ffac1e44000 	C:\Program Files\Android\Android Studio\jre\bin\nio.dll
0x00007ffad1660000 - 0x00007ffad1687000 	C:\Users\Kleivy Gomes\.gradle\native\e1d6ef7f7dcc3fd88c89a11ec53ec762bb8ba0a96d01ffa2cd45eb1d1d8dd5c5\windows-amd64\native-platform.dll
0x00007ffac1a80000 - 0x00007ffac1bc4000 	C:\Users\Kleivy Gomes\.gradle\native\0d407fdbe67a94daf76414ababcb853783967236a71b16ec16e742cd7a986fd3\windows-amd64\native-platform-file-events.dll
0x00007ffadcff0000 - 0x00007ffadcffa000 	C:\Program Files\Android\Android Studio\jre\bin\management.dll
0x00007ffadbd20000 - 0x00007ffadbd2d000 	C:\Program Files\Android\Android Studio\jre\bin\management_ext.dll
0x00007ffae7090000 - 0x00007ffae70a8000 	C:\WINDOWS\SYSTEM32\CRYPTSP.dll
0x00007ffae67c0000 - 0x00007ffae67f4000 	C:\WINDOWS\system32\rsaenh.dll
0x00007ffae7a40000 - 0x00007ffae7a67000 	C:\WINDOWS\System32\bcrypt.dll
0x00007ffae76c0000 - 0x00007ffae76ee000 	C:\WINDOWS\SYSTEM32\USERENV.dll
0x00007ffae70b0000 - 0x00007ffae70bc000 	C:\WINDOWS\SYSTEM32\CRYPTBASE.dll
0x00007ffae6b90000 - 0x00007ffae6bcb000 	C:\WINDOWS\SYSTEM32\IPHLPAPI.DLL
0x00007ffae86c0000 - 0x00007ffae86c8000 	C:\WINDOWS\System32\NSI.dll
0x00007ffada700000 - 0x00007ffada717000 	C:\WINDOWS\SYSTEM32\dhcpcsvc6.DLL
0x00007ffadc490000 - 0x00007ffadc4ad000 	C:\WINDOWS\SYSTEM32\dhcpcsvc.DLL
0x00007ffae6bd0000 - 0x00007ffae6c9a000 	C:\WINDOWS\SYSTEM32\DNSAPI.dll

dbghelp: loaded successfully - version: 4.0.5 - missing functions: none
symbol engine: initialized successfully - sym options: 0x614 - pdb path: .;C:\Program Files\Android\Android Studio\jre\bin;C:\WINDOWS\SYSTEM32;C:\Program Files\AVAST Software\Avast;C:\WINDOWS\WinSxS\amd64_microsoft.windows.common-controls_6595b64144ccf1df_6.0.19041.1110_none_60b5254171f9507e;C:\Program Files\Android\Android Studio\jre\bin\server;C:\Users\Kleivy Gomes\.gradle\native\e1d6ef7f7dcc3fd88c89a11ec53ec762bb8ba0a96d01ffa2cd45eb1d1d8dd5c5\windows-amd64;C:\Users\Kleivy Gomes\.gradle\native\0d407fdbe67a94daf76414ababcb853783967236a71b16ec16e742cd7a986fd3\windows-amd64

VM Arguments:
jvm_args: --add-opens=java.base/java.util=ALL-UNNAMED --add-opens=java.base/java.lang=ALL-UNNAMED --add-opens=java.base/java.lang.invoke=ALL-UNNAMED --add-opens=java.base/java.util=ALL-UNNAMED --add-opens=java.prefs/java.util.prefs=ALL-UNNAMED --add-opens=java.prefs/java.util.prefs=ALL-UNNAMED --add-opens=java.base/java.nio.charset=ALL-UNNAMED --add-opens=java.base/java.net=ALL-UNNAMED --add-opens=java.base/java.util.concurrent.atomic=ALL-UNNAMED -Xmx2048m -Dfile.encoding=UTF-8 -Duser.country=PT -Duser.language=pt -Duser.variant 
java_command: org.gradle.launcher.daemon.bootstrap.GradleDaemon 7.4
java_class_path (initial): C:\Users\Kleivy Gomes\.gradle\wrapper\dists\gradle-7.4-bin\c0gwcg53nkjbqw7r0h0umtfvt\gradle-7.4\lib\gradle-launcher-7.4.jar
Launcher Type: SUN_STANDARD

[Global flags]
     intx CICompilerCount                          = 3                                         {product} {ergonomic}
     uint ConcGCThreads                            = 1                                         {product} {ergonomic}
     uint G1ConcRefinementThreads                  = 4                                         {product} {ergonomic}
   size_t G1HeapRegionSize                         = 1048576                                   {product} {ergonomic}
    uintx GCDrainStackTargetSize                   = 64                                        {product} {ergonomic}
   size_t InitialHeapSize                          = 100663296                                 {product} {ergonomic}
   size_t MarkStackSize                            = 4194304                                   {product} {ergonomic}
   size_t MaxHeapSize                              = 2147483648                                {product} {command line}
   size_t MaxNewSize                               = 1287651328                                {product} {ergonomic}
   size_t MinHeapDeltaBytes                        = 1048576                                   {product} {ergonomic}
    uintx NonNMethodCodeHeapSize                   = 5830732                                {pd product} {ergonomic}
    uintx NonProfiledCodeHeapSize                  = 122913754                              {pd product} {ergonomic}
    uintx ProfiledCodeHeapSize                     = 122913754                              {pd product} {ergonomic}
    uintx ReservedCodeCacheSize                    = 251658240                              {pd product} {ergonomic}
     bool SegmentedCodeCache                       = true                                      {product} {ergonomic}
     bool UseCompressedClassPointers               = true                                 {lp64_product} {ergonomic}
     bool UseCompressedOops                        = true                                 {lp64_product} {ergonomic}
     bool UseG1GC                                  = true                                      {product} {ergonomic}
     bool UseLargePagesIndividualAllocation        = false                                  {pd product} {ergonomic}

Logging:
Log output configuration:
 #0: stdout all=warning uptime,level,tags
 #1: stderr all=off uptime,level,tags

Environment Variables:
JAVA_HOME=C:\Program Files\Java\jdk1.8.0_202
PATH=C:\app\Gomez\virtual\product\12.2.0\dbhome_1\bin;C:\Program Files\Java\jre1.8.0_202\;C:\Program Files\Java\jdk1.8.0_202\bin;C:\MinGW\bin;C:\DevSuiteHome_1\jdk\jre\bin;C:\DevSuiteHome_1\jdk\jre\bin\client;C:\DevSuiteHome_1\jlib;C:\DevSuiteHome_1\bin;C:\DevSuiteHome_1\jre\1.4.2\bin\client;C:\DevSuiteHome_1\jre\1.4.2\bin;C:\Program Files (x86)\Common Files\Oracle\Java\javapath;C:\WINDOWS\system32;C:\WINDOWS;C:\WINDOWS\System32\Wbem;C:\WINDOWS\System32\WindowsPowerShell\v1.0\;C:\Program Files\dotnet\;C:\WINDOWS\System32\OpenSSH\;C:\apache-maven-3.6.1-bin\apache-maven-3.6.1\bin;C:\ProgramData\chocolatey\bin;C:\Program Files\Git\cmd;C:\Program Files\nodejs\;C:\Program Files\PostgreSQL\14\bin;C:\Program Files\PostgreSQL\14\lib;C:\Users\Kleivy Gomes\Documents\EISC\4º ano\VR\Opengl\bin;C:\Program Files\CMake\bin;C:\Users\Kleivy Gomes\AppData\Local\Programs\Python\Python311\Scripts\;C:\Users\Kleivy Gomes\AppData\Local\Programs\Python\Python311\;C:\Users\Kleivy Gomes\AppData\Roaming\local\bin;C:\Users\Kleivy Gomes\AppData\Local\Microsoft\WindowsApps;C:\ProgramData\chocolatey\lib\ghc\tools\ghc-8.10.2\bin;C:\tools\msys64;C:\Users\Kleivy Gomes\AppData\Local\Programs\Microsoft VS Code\bin;C:\Program Files\heroku\bin;C:\Users\Kleivy Gomes\AppData\Roaming\npm;C:\Program Files\MySQL\MySQL Server 8.0\bin;C:\Program Files\MongoDB\Server\5.0\bin;C:\Program Files\JetBrains\PyCharm 2022.3\bin;
USERNAME=Kleivy Gomes
OS=Windows_NT
PROCESSOR_IDENTIFIER=Intel64 Family 6 Model 58 Stepping 9, GenuineIntel



---------------  S Y S T E M  ---------------

OS: Windows 10 , 64 bit Build 19041 (10.0.19041.2364)
OS uptime: 0 days 2:30 hours

CPU:total 4 (initial active 4) (2 cores per cpu, 2 threads per core) family 6 model 58 stepping 9 microcode 0x21, cmov, cx8, fxsr, mmx, sse, sse2, sse3, ssse3, sse4.1, sse4.2, popcnt, avx, clmul, erms, ht, tsc, tscinvbit, tscinv

Memory: 4k page, system-wide physical 6019M (429M free)
TotalPageFile size 10115M (AvailPageFile size 38M)
current process WorkingSet (physical memory assigned to process): 624M, peak: 639M
current process commit charge ("private bytes"): 658M, peak: 721M

vm_info: OpenJDK 64-Bit Server VM (11.0.13+0-b1751.21-8125866) for windows-amd64 JRE (11.0.13+0-b1751.21-8125866), built on Feb  2 2022 03:00:22 by "builder" with MS VC++ 14.0 (VS2015)

END.
