#
# There is insufficient memory for the Java Runtime Environment to continue.
# Native memory allocation (mmap) failed to map 29360128 bytes for Failed to commit area from 0x0000000088c00000 to 0x000000008a800000 of length 29360128.
# Possible reasons:
#   The system is out of physical RAM or swap space
#   The process is running with CompressedOops enabled, and the Java Heap may be blocking the growth of the native heap
# Possible solutions:
#   Reduce memory load on the system
#   Increase physical memory or swap space
#   Check if swap backing store is full
#   Decrease Java heap size (-Xmx/-Xms)
#   Decrease number of Java threads
#   Decrease Java thread stack sizes (-Xss)
#   Set larger code cache with -XX:ReservedCodeCacheSize=
#   JVM is running with Unscaled Compressed Oops mode in which the Java heap is
#     placed in the first 4GB address space. The Java Heap base address is the
#     maximum limit for the native heap growth. Please use -XX:HeapBaseMinAddress
#     to set the Java Heap base and to place the Java Heap above 4GB virtual address.
# This output file may be truncated or incomplete.
#
#  Out of Memory Error (./src/hotspot/os/windows/os_windows.cpp:3619), pid=2168, tid=11748
#
# JRE version: OpenJDK Runtime Environment (11.0.13) (build 11.0.13+0-b1751.21-8125866)
# Java VM: OpenJDK 64-Bit Server VM (11.0.13+0-b1751.21-8125866, mixed mode, tiered, compressed oops, g1 gc, windows-amd64)
# No core dump will be written. Minidumps are not enabled by default on client versions of Windows
#

---------------  S U M M A R Y ------------

Command Line: --add-opens=java.base/java.util=ALL-UNNAMED --add-opens=java.base/java.lang=ALL-UNNAMED --add-opens=java.base/java.lang.invoke=ALL-UNNAMED --add-opens=java.base/java.util=ALL-UNNAMED --add-opens=java.prefs/java.util.prefs=ALL-UNNAMED --add-opens=java.prefs/java.util.prefs=ALL-UNNAMED --add-opens=java.base/java.nio.charset=ALL-UNNAMED --add-opens=java.base/java.net=ALL-UNNAMED --add-opens=java.base/java.util.concurrent.atomic=ALL-UNNAMED -Xmx2048m -Dfile.encoding=UTF-8 -Duser.country=PT -Duser.language=pt -Duser.variant org.gradle.launcher.daemon.bootstrap.GradleDaemon 7.4

Host: Intel(R) Core(TM) i3-3110M CPU @ 2.40GHz, 4 cores, 5G,  Windows 10 , 64 bit Build 19041 (10.0.19041.2364)
Time: Fri Jan  6 02:53:19 2023 Hora Padrão de Cabo Verde elapsed time: 17.284577 seconds (0d 0h 0m 17s)

---------------  T H R E A D  ---------------

Current thread (0x000001f072a56000):  VMThread "VM Thread" [stack: 0x000000b7db700000,0x000000b7db800000] [id=11748]

Stack: [0x000000b7db700000,0x000000b7db800000]
[error occurred during error reporting (printing stack bounds), id 0xc0000005, EXCEPTION_ACCESS_VIOLATION (0xc0000005) at pc=0x000001f05c99112d]

Native frames: (J=compiled Java code, j=interpreted, Vv=VM code, C=native code)
V  [jvm.dll+0x6100fa]
V  [jvm.dll+0x747090]
V  [jvm.dll+0x7486ad]
V  [jvm.dll+0x748ce5]
V  [jvm.dll+0x748c9b]
V  [jvm.dll+0x60f224]
V  [jvm.dll+0x60f9b8]
C  [ntdll.dll+0xa241f]
C  [ntdll.dll+0x514a4]
C  [ntdll.dll+0xa0f4e]
C  0x000001f05c99112d

VM_Operation (0x000000b7dcbf8280): G1CollectForAllocation, mode: safepoint, requested by thread 0x000001f075be9800


---------------  P R O C E S S  ---------------

Threads class SMR info:
_java_thread_list=0x000001f075b90790, length=79, elements={
0x000001f058e7b800, 0x000001f072a5a800, 0x000001f072a5e800, 0x000001f072a7b800,
0x000001f072a7c800, 0x000001f072a7f000, 0x000001f072a86000, 0x000001f072a87800,
0x000001f072a8b800, 0x000001f07354d800, 0x000001f075757800, 0x000001f074b97800,
0x000001f076380800, 0x000001f074411800, 0x000001f07419b000, 0x000001f0762d7800,
0x000001f075be9800, 0x000001f07686f800, 0x000001f075ad6800, 0x000001f075af1800,
0x000001f075eb5800, 0x000001f075ee2000, 0x000001f075ee3800, 0x000001f075ee7800,
0x000001f075ee8800, 0x000001f075ee2800, 0x000001f075ee4800, 0x000001f075ee7000,
0x000001f075ee5000, 0x000001f075ee6000, 0x000001f0769cb800, 0x000001f0769ce800,
0x000001f0769cf800, 0x000001f0769ce000, 0x000001f0769cc000, 0x000001f0769cd000,
0x000001f07a24f800, 0x000001f07a254800, 0x000001f07a253800, 0x000001f07a250000,
0x000001f07a252000, 0x000001f07a252800, 0x000001f07a256000, 0x000001f07a257000,
0x000001f07a251000, 0x000001f07a257800, 0x000001f07a259000, 0x000001f07a258800,
0x000001f07a25a000, 0x000001f07a25b000, 0x000001f07a255000, 0x000001f07a25e000,
0x000001f07a25d800, 0x000001f07a25c800, 0x000001f07a25b800, 0x000001f07a0b6800,
0x000001f07a0b2800, 0x000001f07a0b7800, 0x000001f07a0b4000, 0x000001f07a0b3000,
0x000001f07a0b5000, 0x000001f07a0b1800, 0x000001f07a0b8000, 0x000001f07a0b5800,
0x000001f074657800, 0x000001f074658800, 0x000001f07465a000, 0x000001f074656000,
0x000001f074655800, 0x000001f074657000, 0x000001f074654800, 0x000001f07465c000,
0x000001f07465c800, 0x000001f07465f000, 0x000001f07465d800, 0x000001f07465b000,
0x000001f07465e800, 0x000001f074659800, 0x000001f074661800
}

Java Threads: ( => current thread )
  0x000001f058e7b800 JavaThread "main" [_thread_blocked, id=5952, stack(0x000000b7db100000,0x000000b7db200000)]
  0x000001f072a5a800 JavaThread "Reference Handler" daemon [_thread_blocked, id=11604, stack(0x000000b7db800000,0x000000b7db900000)]
  0x000001f072a5e800 JavaThread "Finalizer" daemon [_thread_blocked, id=12472, stack(0x000000b7db900000,0x000000b7dba00000)]
  0x000001f072a7b800 JavaThread "Signal Dispatcher" daemon [_thread_blocked, id=13500, stack(0x000000b7dba00000,0x000000b7dbb00000)]
  0x000001f072a7c800 JavaThread "Attach Listener" daemon [_thread_blocked, id=13024, stack(0x000000b7dbb00000,0x000000b7dbc00000)]
  0x000001f072a7f000 JavaThread "Service Thread" daemon [_thread_blocked, id=7608, stack(0x000000b7dbc00000,0x000000b7dbd00000)]
  0x000001f072a86000 JavaThread "C2 CompilerThread0" daemon [_thread_blocked, id=12024, stack(0x000000b7dbd00000,0x000000b7dbe00000)]
  0x000001f072a87800 JavaThread "C1 CompilerThread0" daemon [_thread_blocked, id=7208, stack(0x000000b7dbe00000,0x000000b7dbf00000)]
  0x000001f072a8b800 JavaThread "Sweeper thread" daemon [_thread_blocked, id=5556, stack(0x000000b7dbf00000,0x000000b7dc000000)]
  0x000001f07354d800 JavaThread "Common-Cleaner" daemon [_thread_blocked, id=10244, stack(0x000000b7dc000000,0x000000b7dc100000)]
  0x000001f075757800 JavaThread "Daemon health stats" [_thread_blocked, id=2248, stack(0x000000b7dc400000,0x000000b7dc500000)]
  0x000001f074b97800 JavaThread "Incoming local TCP Connector on port 62196" [_thread_in_native, id=1164, stack(0x000000b7dc600000,0x000000b7dc700000)]
  0x000001f076380800 JavaThread "Daemon periodic checks" [_thread_blocked, id=4428, stack(0x000000b7dc700000,0x000000b7dc800000)]
  0x000001f074411800 JavaThread "Daemon" [_thread_blocked, id=13552, stack(0x000000b7dc800000,0x000000b7dc900000)]
  0x000001f07419b000 JavaThread "Handler for socket connection from /127.0.0.1:62196 to /127.0.0.1:62197" [_thread_in_native, id=9896, stack(0x000000b7dc900000,0x000000b7dca00000)]
  0x000001f0762d7800 JavaThread "Cancel handler" [_thread_blocked, id=14164, stack(0x000000b7dca00000,0x000000b7dcb00000)]
  0x000001f075be9800 JavaThread "Daemon worker" [_thread_blocked, id=1860, stack(0x000000b7dcb00000,0x000000b7dcc00000)]
  0x000001f07686f800 JavaThread "Asynchronous log dispatcher for DefaultDaemonConnection: socket connection from /127.0.0.1:62196 to /127.0.0.1:62197" [_thread_blocked, id=2356, stack(0x000000b7dcc00000,0x000000b7dcd00000)]
  0x000001f075ad6800 JavaThread "Stdin handler" [_thread_blocked, id=1296, stack(0x000000b7dcd00000,0x000000b7dce00000)]
  0x000001f075af1800 JavaThread "Daemon client event forwarder" [_thread_blocked, id=2676, stack(0x000000b7dce00000,0x000000b7dcf00000)]
  0x000001f075eb5800 JavaThread "C2 CompilerThread1" daemon [_thread_in_native, id=13480, stack(0x000000b7dcf00000,0x000000b7dd000000)]
  0x000001f075ee2000 JavaThread "Cache worker for journal cache (C:\Users\Kleivy Gomes\.gradle\caches\journal-1)" [_thread_blocked, id=9320, stack(0x000000b7dd000000,0x000000b7dd100000)]
  0x000001f075ee3800 JavaThread "File lock request listener" [_thread_in_native, id=11580, stack(0x000000b7dd100000,0x000000b7dd200000)]
  0x000001f075ee7800 JavaThread "Cache worker for file hash cache (C:\Users\Kleivy Gomes\.gradle\caches\7.4\fileHashes)" [_thread_blocked, id=13936, stack(0x000000b7dd200000,0x000000b7dd300000)]
  0x000001f075ee8800 JavaThread "File watcher server" daemon [_thread_in_native, id=8952, stack(0x000000b7dd300000,0x000000b7dd400000)]
  0x000001f075ee2800 JavaThread "File watcher consumer" daemon [_thread_blocked, id=13524, stack(0x000000b7dd400000,0x000000b7dd500000)]
  0x000001f075ee4800 JavaThread "Cache worker for checksums cache (C:\Users\Kleivy Gomes\AndroidStudioProjects\Contact\.gradle\7.4\checksums)" [_thread_blocked, id=11076, stack(0x000000b7dd500000,0x000000b7dd600000)]
  0x000001f075ee7000 JavaThread "Cache worker for cache directory md-rule (C:\Users\Kleivy Gomes\.gradle\caches\7.4\md-rule)" [_thread_blocked, id=12756, stack(0x000000b7dd600000,0x000000b7dd700000)]
  0x000001f075ee5000 JavaThread "Cache worker for file hash cache (C:\Users\Kleivy Gomes\AndroidStudioProjects\Contact\.gradle\7.4\fileHashes)" [_thread_blocked, id=10980, stack(0x000000b7dd700000,0x000000b7dd800000)]
  0x000001f075ee6000 JavaThread "Cache worker for cache directory md-supplier (C:\Users\Kleivy Gomes\.gradle\caches\7.4\md-supplier)" [_thread_blocked, id=13148, stack(0x000000b7dd800000,0x000000b7dd900000)]
  0x000001f0769cb800 JavaThread "Cache worker for execution history cache (C:\Users\Kleivy Gomes\.gradle\caches\7.4\executionHistory)" [_thread_blocked, id=13420, stack(0x000000b7dd900000,0x000000b7dda00000)]
  0x000001f0769ce800 JavaThread "jar transforms" [_thread_blocked, id=12840, stack(0x000000b7dda00000,0x000000b7ddb00000)]
  0x000001f0769cf800 JavaThread "Cache worker for file content cache (C:\Users\Kleivy Gomes\.gradle\caches\7.4\fileContent)" [_thread_blocked, id=784, stack(0x000000b7ddb00000,0x000000b7ddc00000)]
  0x000001f0769ce000 JavaThread "jar transforms Thread 2" [_thread_blocked, id=4528, stack(0x000000b7ddc00000,0x000000b7ddd00000)]
  0x000001f0769cc000 JavaThread "Cache worker for dependencies-accessors (C:\Users\Kleivy Gomes\AndroidStudioProjects\Contact\.gradle\7.4\dependencies-accessors)" [_thread_blocked, id=6304, stack(0x000000b7ddd00000,0x000000b7dde00000)]
  0x000001f0769cd000 JavaThread "jar transforms Thread 3" [_thread_blocked, id=14240, stack(0x000000b7dde00000,0x000000b7ddf00000)]
  0x000001f07a24f800 JavaThread "Cache worker for Build Output Cleanup Cache (C:\Users\Kleivy Gomes\AndroidStudioProjects\Contact\.gradle\buildOutputCleanup)" [_thread_blocked, id=11348, stack(0x000000b7ddf00000,0x000000b7de000000)]
  0x000001f07a254800 JavaThread "Unconstrained build operations" [_thread_blocked, id=3824, stack(0x000000b7de000000,0x000000b7de100000)]
  0x000001f07a253800 JavaThread "Unconstrained build operations Thread 2" [_thread_blocked, id=11360, stack(0x000000b7de100000,0x000000b7de200000)]
  0x000001f07a250000 JavaThread "Unconstrained build operations Thread 3" [_thread_blocked, id=7496, stack(0x000000b7de200000,0x000000b7de300000)]
  0x000001f07a252000 JavaThread "Unconstrained build operations Thread 4" [_thread_blocked, id=10216, stack(0x000000b7de300000,0x000000b7de400000)]
  0x000001f07a252800 JavaThread "Unconstrained build operations Thread 5" [_thread_blocked, id=8604, stack(0x000000b7de400000,0x000000b7de500000)]
  0x000001f07a256000 JavaThread "Unconstrained build operations Thread 6" [_thread_blocked, id=12348, stack(0x000000b7de500000,0x000000b7de600000)]
  0x000001f07a257000 JavaThread "Unconstrained build operations Thread 7" [_thread_blocked, id=4624, stack(0x000000b7de600000,0x000000b7de700000)]
  0x000001f07a251000 JavaThread "Unconstrained build operations Thread 8" [_thread_blocked, id=9452, stack(0x000000b7de700000,0x000000b7de800000)]
  0x000001f07a257800 JavaThread "Unconstrained build operations Thread 9" [_thread_blocked, id=11108, stack(0x000000b7de800000,0x000000b7de900000)]
  0x000001f07a259000 JavaThread "Unconstrained build operations Thread 10" [_thread_blocked, id=5516, stack(0x000000b7de900000,0x000000b7dea00000)]
  0x000001f07a258800 JavaThread "Unconstrained build operations Thread 11" [_thread_blocked, id=13732, stack(0x000000b7dea00000,0x000000b7deb00000)]
  0x000001f07a25a000 JavaThread "Unconstrained build operations Thread 12" [_thread_blocked, id=7024, stack(0x000000b7deb00000,0x000000b7dec00000)]
  0x000001f07a25b000 JavaThread "Unconstrained build operations Thread 13" [_thread_blocked, id=13772, stack(0x000000b7dec00000,0x000000b7ded00000)]
  0x000001f07a255000 JavaThread "Unconstrained build operations Thread 14" [_thread_blocked, id=10204, stack(0x000000b7ded00000,0x000000b7dee00000)]
  0x000001f07a25e000 JavaThread "Unconstrained build operations Thread 15" [_thread_blocked, id=124, stack(0x000000b7dee00000,0x000000b7def00000)]
  0x000001f07a25d800 JavaThread "Unconstrained build operations Thread 16" [_thread_blocked, id=6032, stack(0x000000b7def00000,0x000000b7df000000)]
  0x000001f07a25c800 JavaThread "Unconstrained build operations Thread 17" [_thread_blocked, id=1352, stack(0x000000b7df000000,0x000000b7df100000)]
  0x000001f07a25b800 JavaThread "Unconstrained build operations Thread 18" [_thread_blocked, id=6660, stack(0x000000b7df100000,0x000000b7df200000)]
  0x000001f07a0b6800 JavaThread "Unconstrained build operations Thread 19" [_thread_blocked, id=13340, stack(0x000000b7df200000,0x000000b7df300000)]
  0x000001f07a0b2800 JavaThread "Unconstrained build operations Thread 20" [_thread_blocked, id=9056, stack(0x000000b7df300000,0x000000b7df400000)]
  0x000001f07a0b7800 JavaThread "Unconstrained build operations Thread 21" [_thread_blocked, id=12884, stack(0x000000b7df400000,0x000000b7df500000)]
  0x000001f07a0b4000 JavaThread "Unconstrained build operations Thread 22" [_thread_blocked, id=2236, stack(0x000000b7df500000,0x000000b7df600000)]
  0x000001f07a0b3000 JavaThread "Unconstrained build operations Thread 23" [_thread_blocked, id=3372, stack(0x000000b7df600000,0x000000b7df700000)]
  0x000001f07a0b5000 JavaThread "Unconstrained build operations Thread 24" [_thread_blocked, id=8616, stack(0x000000b7df700000,0x000000b7df800000)]
  0x000001f07a0b1800 JavaThread "Unconstrained build operations Thread 25" [_thread_blocked, id=2228, stack(0x000000b7df800000,0x000000b7df900000)]
  0x000001f07a0b8000 JavaThread "Unconstrained build operations Thread 26" [_thread_blocked, id=248, stack(0x000000b7df900000,0x000000b7dfa00000)]
  0x000001f07a0b5800 JavaThread "Unconstrained build operations Thread 27" [_thread_blocked, id=14168, stack(0x000000b7dfa00000,0x000000b7dfb00000)]
  0x000001f074657800 JavaThread "Unconstrained build operations Thread 28" [_thread_blocked, id=5580, stack(0x000000b7dfb00000,0x000000b7dfc00000)]
  0x000001f074658800 JavaThread "Unconstrained build operations Thread 29" [_thread_blocked, id=6908, stack(0x000000b7dfc00000,0x000000b7dfd00000)]
  0x000001f07465a000 JavaThread "Unconstrained build operations Thread 30" [_thread_blocked, id=2796, stack(0x000000b7dfd00000,0x000000b7dfe00000)]
  0x000001f074656000 JavaThread "Unconstrained build operations Thread 31" [_thread_blocked, id=3276, stack(0x000000b7dfe00000,0x000000b7dff00000)]
  0x000001f074655800 JavaThread "Unconstrained build operations Thread 32" [_thread_blocked, id=1076, stack(0x000000b7dff00000,0x000000b7e0000000)]
  0x000001f074657000 JavaThread "Unconstrained build operations Thread 33" [_thread_blocked, id=12524, stack(0x000000b7e0000000,0x000000b7e0100000)]
  0x000001f074654800 JavaThread "Unconstrained build operations Thread 34" [_thread_blocked, id=6308, stack(0x000000b7e0100000,0x000000b7e0200000)]
  0x000001f07465c000 JavaThread "Unconstrained build operations Thread 35" [_thread_blocked, id=8860, stack(0x000000b7e0200000,0x000000b7e0300000)]
  0x000001f07465c800 JavaThread "Unconstrained build operations Thread 36" [_thread_blocked, id=12148, stack(0x000000b7e0300000,0x000000b7e0400000)]
  0x000001f07465f000 JavaThread "Unconstrained build operations Thread 37" [_thread_blocked, id=8284, stack(0x000000b7e0400000,0x000000b7e0500000)]
  0x000001f07465d800 JavaThread "Unconstrained build operations Thread 38" [_thread_blocked, id=13472, stack(0x000000b7e0500000,0x000000b7e0600000)]
  0x000001f07465b000 JavaThread "Unconstrained build operations Thread 39" [_thread_blocked, id=10992, stack(0x000000b7e0600000,0x000000b7e0700000)]
  0x000001f07465e800 JavaThread "Unconstrained build operations Thread 40" [_thread_blocked, id=9784, stack(0x000000b7e0700000,0x000000b7e0800000)]
  0x000001f074659800 JavaThread "jar transforms Thread 4" [_thread_blocked, id=11584, stack(0x000000b7e0800000,0x000000b7e0900000)]
  0x000001f074661800 JavaThread "Memory manager" [_thread_blocked, id=12444, stack(0x000000b7e0900000,0x000000b7e0a00000)]

Other Threads:
=>0x000001f072a56000 VMThread "VM Thread" [stack: 0x000000b7db700000,0x000000b7db800000] [id=11748]
  0x000001f07356a800 WatcherThread [stack: 0x000000b7dc100000,0x000000b7dc200000] [id=9196]
  0x000001f058e8f800 GCTaskThread "GC Thread#0" [stack: 0x000000b7db200000,0x000000b7db300000] [id=11296]
  0x000001f07370e800 GCTaskThread "GC Thread#1" [stack: 0x000000b7dc300000,0x000000b7dc400000] [id=7132]
  0x000001f0759e1800 GCTaskThread "GC Thread#2" [stack: 0x000000b7dc200000,0x000000b7dc300000] [id=10904]
  0x000001f074bfd000 GCTaskThread "GC Thread#3" [stack: 0x000000b7dc500000,0x000000b7dc600000] [id=9156]
  0x000001f058ec0800 ConcurrentGCThread "G1 Main Marker" [stack: 0x000000b7db300000,0x000000b7db400000] [id=6380]
  0x000001f058ec2000 ConcurrentGCThread "G1 Conc#0" [stack: 0x000000b7db400000,0x000000b7db500000] [id=11740]
  0x000001f058f33800 ConcurrentGCThread "G1 Refine#0" [stack: 0x000000b7db500000,0x000000b7db600000] [id=8744]
  0x000001f058f34800 ConcurrentGCThread "G1 Young RemSet Sampling" [stack: 0x000000b7db600000,0x000000b7db700000] [id=12056]

Threads with active compile tasks:
C2 CompilerThread0  17319 6841 %     4       org.gradle.internal.instantiation.generator.AbstractClassGenerator::inspectType @ 250 (560 bytes)
C2 CompilerThread1  17319 6835       4       java.util.jar.JarFile::maybeInstantiateVerifier (112 bytes)

VM state:at safepoint (normal execution)

VM Mutex/Monitor currently owned by a thread:  ([mutex/lock_event])
[0x000001f058e78e70] Threads_lock - owner thread: 0x000001f072a56000
[0x000001f058e776d0] Heap_lock - owner thread: 0x000001f075be9800

Heap address: 0x0000000080000000, size: 2048 MB, Compressed Oops mode: 32-bit
Narrow klass base: 0x0000000000000000, Narrow klass shift: 3
Compressed class space size: 1073741824 Address: 0x0000000100000000

Heap:
 garbage-first heap   total 172032K, used 58169K [0x0000000080000000, 0x0000000100000000)
  region size 1024K, 8 young (8192K), 8 survivors (8192K)
 Metaspace       used 70478K, capacity 72042K, committed 72060K, reserved 1112064K
  class space    used 9068K, capacity 9665K, committed 9676K, reserved 1048576K
Heap Regions: E=young(eden), S=young(survivor), O=old, HS=humongous(starts), HC=humongous(continues), CS=collection set, F=free, A=archive, TAMS=top-at-mark-start (previous, next)
|   0|0x0000000080000000, 0x0000000080100000, 0x0000000080100000|100%|HS|  |TAMS 0x0000000080100000, 0x0000000080000000| Complete 
|   1|0x0000000080100000, 0x0000000080200000, 0x0000000080200000|100%|HC|  |TAMS 0x0000000080200000, 0x0000000080100000| Complete 
|   2|0x0000000080200000, 0x0000000080300000, 0x0000000080300000|100%|HC|  |TAMS 0x0000000080300000, 0x0000000080200000| Complete 
|   3|0x0000000080300000, 0x0000000080400000, 0x0000000080400000|100%| O|  |TAMS 0x0000000080400000, 0x0000000080300000| Untracked 
|   4|0x0000000080400000, 0x0000000080500000, 0x0000000080500000|100%| O|  |TAMS 0x0000000080500000, 0x0000000080400000| Untracked 
|   5|0x0000000080500000, 0x0000000080600000, 0x0000000080600000|100%| O|  |TAMS 0x0000000080600000, 0x0000000080500000| Untracked 
|   6|0x0000000080600000, 0x0000000080700000, 0x0000000080700000|100%| O|  |TAMS 0x0000000080700000, 0x0000000080600000| Untracked 
|   7|0x0000000080700000, 0x0000000080800000, 0x0000000080800000|100%| O|  |TAMS 0x0000000080800000, 0x0000000080700000| Untracked 
|   8|0x0000000080800000, 0x0000000080900000, 0x0000000080900000|100%| O|  |TAMS 0x0000000080900000, 0x0000000080800000| Untracked 
|   9|0x0000000080900000, 0x0000000080a00000, 0x0000000080a00000|100%| O|  |TAMS 0x0000000080a00000, 0x0000000080900000| Untracked 
|  10|0x0000000080a00000, 0x0000000080b00000, 0x0000000080b00000|100%| O|  |TAMS 0x0000000080b00000, 0x0000000080a00000| Untracked 
|  11|0x0000000080b00000, 0x0000000080c00000, 0x0000000080c00000|100%| O|  |TAMS 0x0000000080c00000, 0x0000000080b00000| Untracked 
|  12|0x0000000080c00000, 0x0000000080d00000, 0x0000000080d00000|100%| O|  |TAMS 0x0000000080d00000, 0x0000000080c00000| Untracked 
|  13|0x0000000080d00000, 0x0000000080e00000, 0x0000000080e00000|100%| O|  |TAMS 0x0000000080e00000, 0x0000000080d00000| Untracked 
|  14|0x0000000080e00000, 0x0000000080f00000, 0x0000000080f00000|100%| O|  |TAMS 0x0000000080f00000, 0x0000000080e00000| Untracked 
|  15|0x0000000080f00000, 0x0000000081000000, 0x0000000081000000|100%| O|  |TAMS 0x0000000081000000, 0x0000000080f00000| Untracked 
|  16|0x0000000081000000, 0x0000000081100000, 0x0000000081100000|100%| O|  |TAMS 0x0000000081100000, 0x0000000081000000| Untracked 
|  17|0x0000000081100000, 0x0000000081200000, 0x0000000081200000|100%| O|  |TAMS 0x0000000081200000, 0x0000000081100000| Untracked 
|  18|0x0000000081200000, 0x0000000081300000, 0x0000000081300000|100%| O|  |TAMS 0x0000000081300000, 0x0000000081200000| Untracked 
|  19|0x0000000081300000, 0x0000000081400000, 0x0000000081400000|100%| O|  |TAMS 0x0000000081400000, 0x0000000081300000| Untracked 
|  20|0x0000000081400000, 0x0000000081500000, 0x0000000081500000|100%| O|  |TAMS 0x0000000081500000, 0x0000000081400000| Untracked 
|  21|0x0000000081500000, 0x0000000081600000, 0x0000000081600000|100%| O|  |TAMS 0x0000000081600000, 0x0000000081500000| Untracked 
|  22|0x0000000081600000, 0x0000000081700000, 0x0000000081700000|100%| O|  |TAMS 0x0000000081700000, 0x0000000081600000| Untracked 
|  23|0x0000000081700000, 0x0000000081800000, 0x0000000081800000|100%|HS|  |TAMS 0x0000000081700000, 0x0000000081700000| Complete 
|  24|0x0000000081800000, 0x0000000081900000, 0x0000000081900000|100%| O|  |TAMS 0x0000000081900000, 0x0000000081800000| Untracked 
|  25|0x0000000081900000, 0x0000000081a00000, 0x0000000081a00000|100%| O|  |TAMS 0x0000000081a00000, 0x0000000081900000| Untracked 
|  26|0x0000000081a00000, 0x0000000081b00000, 0x0000000081b00000|100%| O|  |TAMS 0x0000000081b00000, 0x0000000081a00000| Untracked 
|  27|0x0000000081b00000, 0x0000000081c00000, 0x0000000081c00000|100%| O|  |TAMS 0x0000000081b3ce00, 0x0000000081b00000| Untracked 
|  28|0x0000000081c00000, 0x0000000081d00000, 0x0000000081d00000|100%|HS|  |TAMS 0x0000000081c00000, 0x0000000081c00000| Complete 
|  29|0x0000000081d00000, 0x0000000081e00000, 0x0000000081e00000|100%|HS|  |TAMS 0x0000000081d00000, 0x0000000081d00000| Complete 
|  30|0x0000000081e00000, 0x0000000081f00000, 0x0000000081f00000|100%| O|  |TAMS 0x0000000081e00000, 0x0000000081e00000| Untracked 
|  31|0x0000000081f00000, 0x0000000082000000, 0x0000000082000000|100%|HS|  |TAMS 0x0000000081f00000, 0x0000000081f00000| Complete 
|  32|0x0000000082000000, 0x0000000082100000, 0x0000000082100000|100%|HC|  |TAMS 0x0000000082000000, 0x0000000082000000| Complete 
|  33|0x0000000082100000, 0x0000000082200000, 0x0000000082200000|100%| O|  |TAMS 0x0000000082100000, 0x0000000082100000| Untracked 
|  34|0x0000000082200000, 0x0000000082300000, 0x0000000082300000|100%| O|  |TAMS 0x0000000082200000, 0x0000000082200000| Untracked 
|  35|0x0000000082300000, 0x0000000082400000, 0x0000000082400000|100%| O|  |TAMS 0x0000000082300000, 0x0000000082300000| Untracked 
|  36|0x0000000082400000, 0x0000000082400000, 0x0000000082500000|  0%| F|  |TAMS 0x0000000082400000, 0x0000000082400000| Untracked 
|  37|0x0000000082500000, 0x0000000082600000, 0x0000000082600000|100%| O|  |TAMS 0x0000000082500000, 0x0000000082500000| Untracked 
|  38|0x0000000082600000, 0x0000000082700000, 0x0000000082700000|100%| O|  |TAMS 0x0000000082600000, 0x0000000082600000| Untracked 
|  39|0x0000000082700000, 0x0000000082800000, 0x0000000082800000|100%| O|  |TAMS 0x0000000082700000, 0x0000000082700000| Untracked 
|  40|0x0000000082800000, 0x0000000082900000, 0x0000000082900000|100%| O|  |TAMS 0x0000000082800000, 0x0000000082800000| Untracked 
|  41|0x0000000082900000, 0x0000000082a00000, 0x0000000082a00000|100%| O|  |TAMS 0x0000000082900000, 0x0000000082900000| Untracked 
|  42|0x0000000082a00000, 0x0000000082b00000, 0x0000000082b00000|100%| O|  |TAMS 0x0000000082a00000, 0x0000000082a00000| Untracked 
|  43|0x0000000082b00000, 0x0000000082c00000, 0x0000000082c00000|100%| O|  |TAMS 0x0000000082b00000, 0x0000000082b00000| Untracked 
|  44|0x0000000082c00000, 0x0000000082d00000, 0x0000000082d00000|100%| O|  |TAMS 0x0000000082c00000, 0x0000000082c00000| Untracked 
|  45|0x0000000082d00000, 0x0000000082e00000, 0x0000000082e00000|100%| O|  |TAMS 0x0000000082d00000, 0x0000000082d00000| Untracked 
|  46|0x0000000082e00000, 0x0000000082f00000, 0x0000000082f00000|100%| O|  |TAMS 0x0000000082e00000, 0x0000000082e00000| Untracked 
|  47|0x0000000082f00000, 0x0000000083000000, 0x0000000083000000|100%| O|  |TAMS 0x0000000082f00000, 0x0000000082f00000| Untracked 
|  48|0x0000000083000000, 0x0000000083100000, 0x0000000083100000|100%| O|  |TAMS 0x0000000083000000, 0x0000000083000000| Untracked 
|  49|0x0000000083100000, 0x0000000083200000, 0x0000000083200000|100%| O|  |TAMS 0x0000000083100000, 0x0000000083100000| Untracked 
|  50|0x0000000083200000, 0x000000008321ca00, 0x0000000083300000| 11%| O|  |TAMS 0x0000000083200000, 0x0000000083200000| Untracked 
|  51|0x0000000083300000, 0x0000000083300000, 0x0000000083400000|  0%| F|  |TAMS 0x0000000083300000, 0x0000000083300000| Untracked 
|  52|0x0000000083400000, 0x0000000083400000, 0x0000000083500000|  0%| F|  |TAMS 0x0000000083400000, 0x0000000083400000| Untracked 
|  53|0x0000000083500000, 0x0000000083500000, 0x0000000083600000|  0%| F|  |TAMS 0x0000000083500000, 0x0000000083500000| Untracked 
|  54|0x0000000083600000, 0x0000000083600000, 0x0000000083700000|  0%| F|  |TAMS 0x0000000083600000, 0x0000000083600000| Untracked 
|  55|0x0000000083700000, 0x0000000083700000, 0x0000000083800000|  0%| F|  |TAMS 0x0000000083700000, 0x0000000083700000| Untracked 
|  56|0x0000000083800000, 0x0000000083800000, 0x0000000083900000|  0%| F|  |TAMS 0x0000000083800000, 0x0000000083800000| Untracked 
|  57|0x0000000083900000, 0x0000000083900000, 0x0000000083a00000|  0%| F|  |TAMS 0x0000000083900000, 0x0000000083900000| Untracked 
|  58|0x0000000083a00000, 0x0000000083a00000, 0x0000000083b00000|  0%| F|  |TAMS 0x0000000083a00000, 0x0000000083a00000| Untracked 
|  59|0x0000000083b00000, 0x0000000083b00000, 0x0000000083c00000|  0%| F|  |TAMS 0x0000000083b00000, 0x0000000083b00000| Untracked 
|  60|0x0000000083c00000, 0x0000000083c00000, 0x0000000083d00000|  0%| F|  |TAMS 0x0000000083c00000, 0x0000000083c00000| Untracked 
|  61|0x0000000083d00000, 0x0000000083d00000, 0x0000000083e00000|  0%| F|  |TAMS 0x0000000083d00000, 0x0000000083d00000| Untracked 
|  62|0x0000000083e00000, 0x0000000083e00000, 0x0000000083f00000|  0%| F|  |TAMS 0x0000000083e00000, 0x0000000083e00000| Untracked 
|  63|0x0000000083f00000, 0x0000000083f00000, 0x0000000084000000|  0%| F|  |TAMS 0x0000000083f00000, 0x0000000083f00000| Untracked 
|  64|0x0000000084000000, 0x0000000084000000, 0x0000000084100000|  0%| F|  |TAMS 0x0000000084000000, 0x0000000084000000| Untracked 
|  65|0x0000000084100000, 0x0000000084100000, 0x0000000084200000|  0%| F|  |TAMS 0x0000000084100000, 0x0000000084100000| Untracked 
|  66|0x0000000084200000, 0x0000000084200000, 0x0000000084300000|  0%| F|  |TAMS 0x0000000084200000, 0x0000000084200000| Untracked 
|  67|0x0000000084300000, 0x0000000084300000, 0x0000000084400000|  0%| F|  |TAMS 0x0000000084300000, 0x0000000084300000| Untracked 
|  68|0x0000000084400000, 0x0000000084400000, 0x0000000084500000|  0%| F|  |TAMS 0x0000000084400000, 0x0000000084400000| Untracked 
|  69|0x0000000084500000, 0x0000000084500000, 0x0000000084600000|  0%| F|  |TAMS 0x0000000084500000, 0x0000000084500000| Untracked 
|  70|0x0000000084600000, 0x0000000084600000, 0x0000000084700000|  0%| F|  |TAMS 0x0000000084600000, 0x0000000084600000| Untracked 
|  71|0x0000000084700000, 0x00000000847b1d20, 0x0000000084800000| 69%| S|CS|TAMS 0x0000000084700000, 0x0000000084700000| Complete 
|  72|0x0000000084800000, 0x0000000084900000, 0x0000000084900000|100%| S|CS|TAMS 0x0000000084800000, 0x0000000084800000| Complete 
|  73|0x0000000084900000, 0x0000000084a00000, 0x0000000084a00000|100%| S|CS|TAMS 0x0000000084900000, 0x0000000084900000| Complete 
|  74|0x0000000084a00000, 0x0000000084b00000, 0x0000000084b00000|100%| S|CS|TAMS 0x0000000084a00000, 0x0000000084a00000| Complete 
|  75|0x0000000084b00000, 0x0000000084c00000, 0x0000000084c00000|100%| S|CS|TAMS 0x0000000084b00000, 0x0000000084b00000| Complete 
|  76|0x0000000084c00000, 0x0000000084c00000, 0x0000000084d00000|  0%| F|  |TAMS 0x0000000084c00000, 0x0000000084c00000| Untracked 
|  77|0x0000000084d00000, 0x0000000084d00000, 0x0000000084e00000|  0%| F|  |TAMS 0x0000000084d00000, 0x0000000084d00000| Untracked 
|  78|0x0000000084e00000, 0x0000000084e00000, 0x0000000084f00000|  0%| F|  |TAMS 0x0000000084e00000, 0x0000000084e00000| Untracked 
|  79|0x0000000084f00000, 0x0000000085000000, 0x0000000085000000|100%| S|CS|TAMS 0x0000000084f00000, 0x0000000084f00000| Complete 
|  80|0x0000000085000000, 0x0000000085100000, 0x0000000085100000|100%| S|CS|TAMS 0x0000000085000000, 0x0000000085000000| Complete 
|  81|0x0000000085100000, 0x0000000085100000, 0x0000000085200000|  0%| F|  |TAMS 0x0000000085100000, 0x0000000085100000| Untracked 
|  82|0x0000000085200000, 0x0000000085200000, 0x0000000085300000|  0%| F|  |TAMS 0x0000000085200000, 0x0000000085200000| Untracked 
|  83|0x0000000085300000, 0x0000000085400000, 0x0000000085400000|100%| S|CS|TAMS 0x0000000085300000, 0x0000000085300000| Complete 
|  84|0x0000000085400000, 0x0000000085400000, 0x0000000085500000|  0%| F|  |TAMS 0x0000000085400000, 0x0000000085400000| Untracked 
|  85|0x0000000085500000, 0x0000000085500000, 0x0000000085600000|  0%| F|  |TAMS 0x0000000085500000, 0x0000000085500000| Untracked 
|  86|0x0000000085600000, 0x0000000085600000, 0x0000000085700000|  0%| F|  |TAMS 0x0000000085600000, 0x0000000085600000| Untracked 
|  87|0x0000000085700000, 0x0000000085700000, 0x0000000085800000|  0%| F|  |TAMS 0x0000000085700000, 0x0000000085700000| Untracked 
|  88|0x0000000085800000, 0x0000000085800000, 0x0000000085900000|  0%| F|  |TAMS 0x0000000085800000, 0x0000000085800000| Untracked 
|  89|0x0000000085900000, 0x0000000085900000, 0x0000000085a00000|  0%| F|  |TAMS 0x0000000085900000, 0x0000000085900000| Untracked 
|  90|0x0000000085a00000, 0x0000000085a00000, 0x0000000085b00000|  0%| F|  |TAMS 0x0000000085a00000, 0x0000000085a00000| Untracked 
|  91|0x0000000085b00000, 0x0000000085b00000, 0x0000000085c00000|  0%| F|  |TAMS 0x0000000085b00000, 0x0000000085b00000| Untracked 
|  92|0x0000000085c00000, 0x0000000085c00000, 0x0000000085d00000|  0%| F|  |TAMS 0x0000000085c00000, 0x0000000085c00000| Untracked 
|  93|0x0000000085d00000, 0x0000000085d00000, 0x0000000085e00000|  0%| F|  |TAMS 0x0000000085d00000, 0x0000000085d00000| Untracked 
|  94|0x0000000085e00000, 0x0000000085e00000, 0x0000000085f00000|  0%| F|  |TAMS 0x0000000085e00000, 0x0000000085e00000| Untracked 
|  95|0x0000000085f00000, 0x0000000085f00000, 0x0000000086000000|  0%| F|  |TAMS 0x0000000085f00000, 0x0000000085f00000| Untracked 
|  96|0x0000000086000000, 0x0000000086000000, 0x0000000086100000|  0%| F|  |TAMS 0x0000000086000000, 0x0000000086000000| Untracked 
|  97|0x0000000086100000, 0x0000000086100000, 0x0000000086200000|  0%| F|  |TAMS 0x0000000086100000, 0x0000000086100000| Untracked 
|  98|0x0000000086200000, 0x0000000086200000, 0x0000000086300000|  0%| F|  |TAMS 0x0000000086200000, 0x0000000086200000| Untracked 
|  99|0x0000000086300000, 0x0000000086300000, 0x0000000086400000|  0%| F|  |TAMS 0x0000000086300000, 0x0000000086300000| Untracked 
| 100|0x0000000086400000, 0x0000000086400000, 0x0000000086500000|  0%| F|  |TAMS 0x0000000086400000, 0x0000000086400000| Untracked 
| 101|0x0000000086500000, 0x0000000086500000, 0x0000000086600000|  0%| F|  |TAMS 0x0000000086500000, 0x0000000086500000| Untracked 
| 102|0x0000000086600000, 0x0000000086600000, 0x0000000086700000|  0%| F|  |TAMS 0x0000000086600000, 0x0000000086600000| Untracked 
| 103|0x0000000086700000, 0x0000000086700000, 0x0000000086800000|  0%| F|  |TAMS 0x0000000086700000, 0x0000000086700000| Untracked 
| 104|0x0000000086800000, 0x0000000086800000, 0x0000000086900000|  0%| F|  |TAMS 0x0000000086800000, 0x0000000086800000| Untracked 
| 105|0x0000000086900000, 0x0000000086900000, 0x0000000086a00000|  0%| F|  |TAMS 0x0000000086900000, 0x0000000086900000| Untracked 
| 106|0x0000000086a00000, 0x0000000086a00000, 0x0000000086b00000|  0%| F|  |TAMS 0x0000000086a00000, 0x0000000086a00000| Untracked 
| 107|0x0000000086b00000, 0x0000000086b00000, 0x0000000086c00000|  0%| F|  |TAMS 0x0000000086b00000, 0x0000000086b00000| Untracked 
| 108|0x0000000086c00000, 0x0000000086c00000, 0x0000000086d00000|  0%| F|  |TAMS 0x0000000086c00000, 0x0000000086c00000| Untracked 
| 109|0x0000000086d00000, 0x0000000086d00000, 0x0000000086e00000|  0%| F|  |TAMS 0x0000000086d00000, 0x0000000086d00000| Untracked 
| 110|0x0000000086e00000, 0x0000000086e00000, 0x0000000086f00000|  0%| F|  |TAMS 0x0000000086e00000, 0x0000000086e00000| Untracked 
| 111|0x0000000086f00000, 0x0000000086f00000, 0x0000000087000000|  0%| F|  |TAMS 0x0000000086f00000, 0x0000000086f00000| Untracked 
| 112|0x0000000087000000, 0x0000000087000000, 0x0000000087100000|  0%| F|  |TAMS 0x0000000087000000, 0x0000000087000000| Untracked 
| 113|0x0000000087100000, 0x0000000087100000, 0x0000000087200000|  0%| F|  |TAMS 0x0000000087100000, 0x0000000087100000| Untracked 
| 114|0x0000000087200000, 0x0000000087200000, 0x0000000087300000|  0%| F|  |TAMS 0x0000000087200000, 0x0000000087200000| Untracked 
| 115|0x0000000087300000, 0x0000000087300000, 0x0000000087400000|  0%| F|  |TAMS 0x0000000087300000, 0x0000000087300000| Untracked 
| 116|0x0000000087400000, 0x0000000087400000, 0x0000000087500000|  0%| F|  |TAMS 0x0000000087400000, 0x0000000087400000| Untracked 
| 117|0x0000000087500000, 0x0000000087500000, 0x0000000087600000|  0%| F|  |TAMS 0x0000000087500000, 0x0000000087500000| Untracked 
| 118|0x0000000087600000, 0x0000000087600000, 0x0000000087700000|  0%| F|  |TAMS 0x0000000087600000, 0x0000000087600000| Untracked 
| 119|0x0000000087700000, 0x0000000087700000, 0x0000000087800000|  0%| F|  |TAMS 0x0000000087700000, 0x0000000087700000| Untracked 
| 120|0x0000000087800000, 0x0000000087800000, 0x0000000087900000|  0%| F|  |TAMS 0x0000000087800000, 0x0000000087800000| Untracked 
| 121|0x0000000087900000, 0x0000000087900000, 0x0000000087a00000|  0%| F|  |TAMS 0x0000000087900000, 0x0000000087900000| Untracked 
| 122|0x0000000087a00000, 0x0000000087a00000, 0x0000000087b00000|  0%| F|  |TAMS 0x0000000087a00000, 0x0000000087a00000| Untracked 
| 123|0x0000000087b00000, 0x0000000087b00000, 0x0000000087c00000|  0%| F|  |TAMS 0x0000000087b00000, 0x0000000087b00000| Untracked 
| 124|0x0000000087c00000, 0x0000000087c00000, 0x0000000087d00000|  0%| F|  |TAMS 0x0000000087c00000, 0x0000000087c00000| Untracked 
| 125|0x0000000087d00000, 0x0000000087d00000, 0x0000000087e00000|  0%| F|  |TAMS 0x0000000087d00000, 0x0000000087d00000| Untracked 
| 126|0x0000000087e00000, 0x0000000087e00000, 0x0000000087f00000|  0%| F|  |TAMS 0x0000000087e00000, 0x0000000087e00000| Untracked 
| 127|0x0000000087f00000, 0x0000000087f00000, 0x0000000088000000|  0%| F|  |TAMS 0x0000000087f00000, 0x0000000087f00000| Untracked 
| 128|0x0000000088000000, 0x0000000088000000, 0x0000000088100000|  0%| F|  |TAMS 0x0000000088000000, 0x0000000088000000| Untracked 
| 129|0x0000000088100000, 0x0000000088100000, 0x0000000088200000|  0%| F|  |TAMS 0x0000000088100000, 0x0000000088100000| Untracked 
| 130|0x0000000088200000, 0x0000000088200000, 0x0000000088300000|  0%| F|  |TAMS 0x0000000088200000, 0x0000000088200000| Untracked 
| 131|0x0000000088300000, 0x0000000088300000, 0x0000000088400000|  0%| F|  |TAMS 0x0000000088300000, 0x0000000088300000| Untracked 
| 132|0x0000000088400000, 0x0000000088400000, 0x0000000088500000|  0%| F|  |TAMS 0x0000000088400000, 0x0000000088400000| Untracked 
| 133|0x0000000088500000, 0x0000000088500000, 0x0000000088600000|  0%| F|  |TAMS 0x0000000088500000, 0x0000000088500000| Untracked 
| 134|0x0000000088600000, 0x0000000088600000, 0x0000000088700000|  0%| F|  |TAMS 0x0000000088600000, 0x0000000088600000| Untracked 
| 135|0x0000000088700000, 0x0000000088700000, 0x0000000088800000|  0%| F|  |TAMS 0x0000000088700000, 0x0000000088700000| Untracked 
| 136|0x0000000088800000, 0x0000000088800000, 0x0000000088900000|  0%| F|  |TAMS 0x0000000088800000, 0x0000000088800000| Untracked 
| 137|0x0000000088900000, 0x0000000088900000, 0x0000000088a00000|  0%| F|  |TAMS 0x0000000088900000, 0x0000000088900000| Untracked 
| 138|0x0000000088a00000, 0x0000000088a00000, 0x0000000088b00000|  0%| F|  |TAMS 0x0000000088a00000, 0x0000000088a00000| Untracked 
| 139|0x0000000088b00000, 0x0000000088b00000, 0x0000000088c00000|  0%| F|  |TAMS 0x0000000088b00000, 0x0000000088b00000| Untracked 

Card table byte_map: [0x000001f06bd90000,0x000001f06c190000] _byte_map_base: 0x000001f06b990000

Marking Bits (Prev, Next): (CMBitMap*) 0x000001f058eb7e08, (CMBitMap*) 0x000001f058eb7e40
 Prev Bits: [0x000001f06c590000, 0x000001f06e590000)
 Next Bits: [0x000001f06e590000, 0x000001f070590000)

Polling page: 0x000001f056c90000

Metaspace:

Usage:
  Non-class:     60.92 MB capacity,    59.97 MB ( 98%) used,   796.49 KB (  1%) free+waste,   171.06 KB ( <1%) overhead. 
      Class:      9.44 MB capacity,     8.86 MB ( 94%) used,   517.13 KB (  5%) free+waste,    79.25 KB ( <1%) overhead. 
       Both:     70.35 MB capacity,    68.83 MB ( 98%) used,     1.28 MB (  2%) free+waste,   250.31 KB ( <1%) overhead. 

Virtual space:
  Non-class space:       62.00 MB reserved,      60.92 MB ( 98%) committed 
      Class space:        1.00 GB reserved,       9.45 MB ( <1%) committed 
             Both:        1.06 GB reserved,      70.37 MB (  6%) committed 

Chunk freelists:
   Non-Class:  7.00 KB
       Class:  0 bytes
        Both:  7.00 KB

MaxMetaspaceSize: 17179869184.00 GB
CompressedClassSpaceSize: 1.00 GB
Initial GC threshold: 20.80 MB
Current GC threshold: 77.70 MB
CDS: off

CodeHeap 'non-profiled nmethods': size=120064Kb used=3948Kb max_used=3948Kb free=116115Kb
 bounds [0x000001f064450000, 0x000001f064830000, 0x000001f06b990000]
CodeHeap 'profiled nmethods': size=120000Kb used=14502Kb max_used=14502Kb free=105497Kb
 bounds [0x000001f05cf20000, 0x000001f05dd50000, 0x000001f064450000]
CodeHeap 'non-nmethods': size=5696Kb used=2348Kb max_used=2396Kb free=3347Kb
 bounds [0x000001f05c990000, 0x000001f05cc00000, 0x000001f05cf20000]
 total_blobs=7688 nmethods=6826 adapters=774
 compilation: enabled
              stopped_count=0, restarted_count=0
 full_count=0

Compilation events (20 events):
Event: 17.236 Thread 0x000001f072a87800 6878       3       org.gradle.api.internal.attributes.DefaultMutableAttributeContainer::checkInsertionAllowed (125 bytes)
Event: 17.240 Thread 0x000001f072a87800 nmethod 6878 0x000001f05dd40e10 code [0x000001f05dd412a0, 0x000001f05dd43278]
Event: 17.240 Thread 0x000001f072a87800 6877       3       org.gradle.api.internal.attributes.DefaultMutableAttributeContainer::attribute (13 bytes)
Event: 17.241 Thread 0x000001f072a87800 nmethod 6877 0x000001f05dd43d90 code [0x000001f05dd43fa0, 0x000001f05dd44478]
Event: 17.241 Thread 0x000001f072a87800 6879       3       org.gradle.api.internal.attributes.DefaultMutableAttributeContainer::doInsertion (34 bytes)
Event: 17.242 Thread 0x000001f072a87800 nmethod 6879 0x000001f05dd44690 code [0x000001f05dd44880, 0x000001f05dd44ca8]
Event: 17.242 Thread 0x000001f072a87800 6880       3       org.gradle.api.internal.attributes.DefaultMutableAttributeContainer::assertAttributeValueIsNotNull (15 bytes)
Event: 17.242 Thread 0x000001f072a87800 nmethod 6880 0x000001f05dd44e90 code [0x000001f05dd45060, 0x000001f05dd45268]
Event: 17.242 Thread 0x000001f072a87800 6881       3       org.gradle.api.internal.attributes.DefaultMutableAttributeContainer::assertAttributeTypeIsValid (53 bytes)
Event: 17.244 Thread 0x000001f072a87800 nmethod 6881 0x000001f05dd45390 code [0x000001f05dd456a0, 0x000001f05dd46758]
Event: 17.244 Thread 0x000001f072a87800 6883       3       java.lang.invoke.MethodHandles$Lookup::checkUnprivilegedlookupClass (38 bytes)
Event: 17.245 Thread 0x000001f072a87800 nmethod 6883 0x000001f05dd46d10 code [0x000001f05dd46fe0, 0x000001f05dd47b68]
Event: 17.246 Thread 0x000001f072a87800 6884       3       com.google.common.collect.AbstractMultimap::<init> (5 bytes)
Event: 17.247 Thread 0x000001f072a87800 nmethod 6884 0x000001f05dd47f90 code [0x000001f05dd48140, 0x000001f05dd48298]
Event: 17.254 Thread 0x000001f072a87800 6885       3       com.google.common.collect.AbstractMapBasedMultimap::<init> (19 bytes)
Event: 17.255 Thread 0x000001f072a87800 nmethod 6885 0x000001f05dd48390 code [0x000001f05dd48580, 0x000001f05dd489b8]
Event: 17.258 Thread 0x000001f072a87800 6886       3       java.lang.String::replaceAll (13 bytes)
Event: 17.258 Thread 0x000001f072a87800 nmethod 6886 0x000001f05dd48b90 code [0x000001f05dd48d80, 0x000001f05dd49008]
Event: 17.260 Thread 0x000001f072a87800 6887       3       com.google.common.collect.ImmutableList::copyIntoArray (36 bytes)
Event: 17.260 Thread 0x000001f072a87800 nmethod 6887 0x000001f05dd49190 code [0x000001f05dd49380, 0x000001f05dd49878]

GC Heap History (20 events):
Event: 5.993 GC heap after
{Heap after GC invocations=8 (full 0):
 garbage-first heap   total 98304K, used 18715K [0x0000000080000000, 0x0000000100000000)
  region size 1024K, 3 young (3072K), 3 survivors (3072K)
 Metaspace       used 24297K, capacity 24895K, committed 25084K, reserved 1071104K
  class space    used 3087K, capacity 3287K, committed 3404K, reserved 1048576K
}
Event: 6.810 GC heap before
{Heap before GC invocations=9 (full 0):
 garbage-first heap   total 98304K, used 56603K [0x0000000080000000, 0x0000000100000000)
  region size 1024K, 40 young (40960K), 3 survivors (3072K)
 Metaspace       used 28181K, capacity 28859K, committed 29052K, reserved 1075200K
  class space    used 3673K, capacity 3912K, committed 4044K, reserved 1048576K
}
Event: 6.819 GC heap after
{Heap after GC invocations=10 (full 0):
 garbage-first heap   total 98304K, used 20087K [0x0000000080000000, 0x0000000100000000)
  region size 1024K, 3 young (3072K), 3 survivors (3072K)
 Metaspace       used 28181K, capacity 28859K, committed 29052K, reserved 1075200K
  class space    used 3673K, capacity 3912K, committed 4044K, reserved 1048576K
}
Event: 7.721 GC heap before
{Heap before GC invocations=10 (full 0):
 garbage-first heap   total 98304K, used 60023K [0x0000000080000000, 0x0000000100000000)
  region size 1024K, 42 young (43008K), 3 survivors (3072K)
 Metaspace       used 34894K, capacity 35613K, committed 35708K, reserved 1081344K
  class space    used 4472K, capacity 4782K, committed 4812K, reserved 1048576K
}
Event: 7.734 GC heap after
{Heap after GC invocations=11 (full 0):
 garbage-first heap   total 118784K, used 22904K [0x0000000080000000, 0x0000000100000000)
  region size 1024K, 6 young (6144K), 6 survivors (6144K)
 Metaspace       used 34894K, capacity 35613K, committed 35708K, reserved 1081344K
  class space    used 4472K, capacity 4782K, committed 4812K, reserved 1048576K
}
Event: 8.806 GC heap before
{Heap before GC invocations=11 (full 0):
 garbage-first heap   total 118784K, used 72056K [0x0000000080000000, 0x0000000100000000)
  region size 1024K, 52 young (53248K), 6 survivors (6144K)
 Metaspace       used 39332K, capacity 40198K, committed 40316K, reserved 1085440K
  class space    used 4939K, capacity 5262K, committed 5324K, reserved 1048576K
}
Event: 8.821 GC heap after
{Heap after GC invocations=12 (full 0):
 garbage-first heap   total 118784K, used 27561K [0x0000000080000000, 0x0000000100000000)
  region size 1024K, 7 young (7168K), 7 survivors (7168K)
 Metaspace       used 39332K, capacity 40198K, committed 40316K, reserved 1085440K
  class space    used 4939K, capacity 5262K, committed 5324K, reserved 1048576K
}
Event: 9.414 GC heap before
{Heap before GC invocations=12 (full 0):
 garbage-first heap   total 118784K, used 58281K [0x0000000080000000, 0x0000000100000000)
  region size 1024K, 38 young (38912K), 7 survivors (7168K)
 Metaspace       used 41291K, capacity 42182K, committed 42236K, reserved 1085440K
  class space    used 5218K, capacity 5558K, committed 5580K, reserved 1048576K
}
Event: 9.432 GC heap after
{Heap after GC invocations=13 (full 0):
 garbage-first heap   total 118784K, used 29149K [0x0000000080000000, 0x0000000100000000)
  region size 1024K, 6 young (6144K), 6 survivors (6144K)
 Metaspace       used 41291K, capacity 42182K, committed 42236K, reserved 1085440K
  class space    used 5218K, capacity 5558K, committed 5580K, reserved 1048576K
}
Event: 10.659 GC heap before
{Heap before GC invocations=14 (full 0):
 garbage-first heap   total 118784K, used 83421K [0x0000000080000000, 0x0000000100000000)
  region size 1024K, 58 young (59392K), 6 survivors (6144K)
 Metaspace       used 46099K, capacity 47197K, committed 47484K, reserved 1091584K
  class space    used 5846K, capacity 6263K, committed 6348K, reserved 1048576K
}
Event: 10.684 GC heap after
{Heap after GC invocations=15 (full 0):
 garbage-first heap   total 118784K, used 30963K [0x0000000080000000, 0x0000000100000000)
  region size 1024K, 4 young (4096K), 4 survivors (4096K)
 Metaspace       used 46099K, capacity 47197K, committed 47484K, reserved 1091584K
  class space    used 5846K, capacity 6263K, committed 6348K, reserved 1048576K
}
Event: 12.148 GC heap before
{Heap before GC invocations=16 (full 0):
 garbage-first heap   total 118784K, used 87283K [0x0000000080000000, 0x0000000100000000)
  region size 1024K, 57 young (58368K), 4 survivors (4096K)
 Metaspace       used 48724K, capacity 49946K, committed 50044K, reserved 1093632K
  class space    used 6152K, capacity 6592K, committed 6604K, reserved 1048576K
}
Event: 12.164 GC heap after
{Heap after GC invocations=17 (full 0):
 garbage-first heap   total 143360K, used 39936K [0x0000000080000000, 0x0000000100000000)
  region size 1024K, 8 young (8192K), 8 survivors (8192K)
 Metaspace       used 48724K, capacity 49946K, committed 50044K, reserved 1093632K
  class space    used 6152K, capacity 6592K, committed 6604K, reserved 1048576K
}
Event: 13.565 GC heap before
{Heap before GC invocations=17 (full 0):
 garbage-first heap   total 143360K, used 103424K [0x0000000080000000, 0x0000000100000000)
  region size 1024K, 69 young (70656K), 8 survivors (8192K)
 Metaspace       used 56743K, capacity 58084K, committed 58364K, reserved 1099776K
  class space    used 7111K, capacity 7637K, committed 7756K, reserved 1048576K
}
Event: 13.578 GC heap after
{Heap after GC invocations=18 (full 0):
 garbage-first heap   total 143360K, used 45458K [0x0000000080000000, 0x0000000100000000)
  region size 1024K, 9 young (9216K), 9 survivors (9216K)
 Metaspace       used 56743K, capacity 58084K, committed 58364K, reserved 1099776K
  class space    used 7111K, capacity 7637K, committed 7756K, reserved 1048576K
}
Event: 14.955 GC heap before
{Heap before GC invocations=18 (full 0):
 garbage-first heap   total 143360K, used 112018K [0x0000000080000000, 0x0000000100000000)
  region size 1024K, 68 young (69632K), 9 survivors (9216K)
 Metaspace       used 62645K, capacity 64025K, committed 64252K, reserved 1105920K
  class space    used 7876K, capacity 8416K, committed 8524K, reserved 1048576K
}
Event: 14.974 GC heap after
{Heap after GC invocations=19 (full 0):
 garbage-first heap   total 143360K, used 50743K [0x0000000080000000, 0x0000000100000000)
  region size 1024K, 9 young (9216K), 9 survivors (9216K)
 Metaspace       used 62645K, capacity 64025K, committed 64252K, reserved 1105920K
  class space    used 7876K, capacity 8416K, committed 8524K, reserved 1048576K
}
Event: 16.005 GC heap before
{Heap before GC invocations=19 (full 0):
 garbage-first heap   total 143360K, used 110135K [0x0000000080000000, 0x0000000100000000)
  region size 1024K, 66 young (67584K), 9 survivors (9216K)
 Metaspace       used 65287K, capacity 66870K, committed 67196K, reserved 1107968K
  class space    used 8234K, capacity 8822K, committed 8908K, reserved 1048576K
}
Event: 16.025 GC heap after
{Heap after GC invocations=20 (full 0):
 garbage-first heap   total 143360K, used 54744K [0x0000000080000000, 0x0000000100000000)
  region size 1024K, 5 young (5120K), 5 survivors (5120K)
 Metaspace       used 65287K, capacity 66870K, committed 67196K, reserved 1107968K
  class space    used 8234K, capacity 8822K, committed 8908K, reserved 1048576K
}
Event: 17.267 GC heap before
{Heap before GC invocations=20 (full 0):
 garbage-first heap   total 143360K, used 112088K [0x0000000080000000, 0x0000000100000000)
  region size 1024K, 61 young (62464K), 5 survivors (5120K)
 Metaspace       used 70478K, capacity 72042K, committed 72060K, reserved 1112064K
  class space    used 9068K, capacity 9665K, committed 9676K, reserved 1048576K
}

Deoptimization events (20 events):
Event: 15.796 Thread 0x000001f075be9800 Uncommon trap: trap_request=0xffffff4d fr.pc=0x000001f0645ee380 relative=0x0000000000000340
Event: 15.796 Thread 0x000001f075be9800 Uncommon trap: reason=unstable_if action=reinterpret pc=0x000001f0645ee380 method=java.util.StringJoiner.add(Ljava/lang/CharSequence;)Ljava/util/StringJoiner; @ 33 c2
Event: 15.796 Thread 0x000001f075be9800 DEOPT PACKING pc=0x000001f0645ee380 sp=0x000000b7dcbf5900
Event: 15.796 Thread 0x000001f075be9800 DEOPT UNPACKING pc=0x000001f05c9da1af sp=0x000000b7dcbf58b0 mode 2
Event: 16.112 Thread 0x000001f075be9800 Uncommon trap: trap_request=0xffffff4d fr.pc=0x000001f064630cf0 relative=0x0000000000003330
Event: 16.112 Thread 0x000001f075be9800 Uncommon trap: reason=unstable_if action=reinterpret pc=0x000001f064630cf0 method=org.codehaus.groovy.runtime.metaclass.MetaMethodIndex.isOverridden(Lgroovy/lang/MetaMethod;Lgroovy/lang/MetaMethod;)Z @ 33 c2
Event: 16.112 Thread 0x000001f075be9800 DEOPT PACKING pc=0x000001f064630cf0 sp=0x000000b7dcbf4740
Event: 16.112 Thread 0x000001f075be9800 DEOPT UNPACKING pc=0x000001f05c9da1af sp=0x000000b7dcbf46e8 mode 2
Event: 17.193 Thread 0x000001f075be9800 Uncommon trap: trap_request=0xffffffc6 fr.pc=0x000001f0646fa684 relative=0x0000000000000344
Event: 17.193 Thread 0x000001f075be9800 Uncommon trap: reason=bimorphic_or_optimized_type_check action=maybe_recompile pc=0x000001f0646fa684 method=com.google.common.collect.RegularImmutableSet.contains(Ljava/lang/Object;)Z @ 42 c2
Event: 17.193 Thread 0x000001f075be9800 DEOPT PACKING pc=0x000001f0646fa684 sp=0x000000b7dcbf9200
Event: 17.193 Thread 0x000001f075be9800 DEOPT UNPACKING pc=0x000001f05c9da1af sp=0x000000b7dcbf91a0 mode 2
Event: 17.197 Thread 0x000001f075be9800 Uncommon trap: trap_request=0xffffffc6 fr.pc=0x000001f0646fa684 relative=0x0000000000000344
Event: 17.197 Thread 0x000001f075be9800 Uncommon trap: reason=bimorphic_or_optimized_type_check action=maybe_recompile pc=0x000001f0646fa684 method=com.google.common.collect.RegularImmutableSet.contains(Ljava/lang/Object;)Z @ 42 c2
Event: 17.197 Thread 0x000001f075be9800 DEOPT PACKING pc=0x000001f0646fa684 sp=0x000000b7dcbf9200
Event: 17.197 Thread 0x000001f075be9800 DEOPT UNPACKING pc=0x000001f05c9da1af sp=0x000000b7dcbf91a0 mode 2
Event: 17.206 Thread 0x000001f075be9800 Uncommon trap: trap_request=0xffffffc6 fr.pc=0x000001f0646fa684 relative=0x0000000000000344
Event: 17.206 Thread 0x000001f075be9800 Uncommon trap: reason=bimorphic_or_optimized_type_check action=maybe_recompile pc=0x000001f0646fa684 method=com.google.common.collect.RegularImmutableSet.contains(Ljava/lang/Object;)Z @ 42 c2
Event: 17.206 Thread 0x000001f075be9800 DEOPT PACKING pc=0x000001f0646fa684 sp=0x000000b7dcbf93a0
Event: 17.207 Thread 0x000001f075be9800 DEOPT UNPACKING pc=0x000001f05c9da1af sp=0x000000b7dcbf9340 mode 2

Classes redefined (0 events):
No events

Internal exceptions (20 events):
Event: 16.120 Thread 0x000001f075be9800 Exception <a 'java/lang/ClassNotFoundException'{0x0000000088114690}: com/android/builder/core/AbstractBuildTypeCustomizer> (0x0000000088114690) thrown at [./src/hotspot/share/classfile/systemDictionary.cpp, line 231]
Event: 16.123 Thread 0x000001f075be9800 Exception <a 'java/lang/ClassNotFoundException'{0x000000008814dea8}: com/android/build/gradle/internal/dsl/BuildTypeCustomizer> (0x000000008814dea8) thrown at [./src/hotspot/share/classfile/systemDictionary.cpp, line 231]
Event: 16.129 Thread 0x000001f075be9800 Exception <a 'java/lang/ClassNotFoundException'{0x00000000881e4298}: com/android/build/gradle/internal/dsl/BuildType$AgpDecoratedCustomizer> (0x00000000881e4298) thrown at [./src/hotspot/share/classfile/systemDictionary.cpp, line 231]
Event: 16.133 Thread 0x000001f075be9800 Exception <a 'java/lang/ClassNotFoundException'{0x0000000088045e00}: com/android/build/gradle/internal/dsl/BuildType$AgpDecorated_DecoratedCustomizer> (0x0000000088045e00) thrown at [./src/hotspot/share/classfile/systemDictionary.cpp, line 231]
Event: 16.144 Thread 0x000001f075be9800 Exception <a 'java/lang/ClassNotFoundException'{0x0000000087f202f8}: build_8qtxawlcfth69o0kr6mgf0lk0$_run_closure1$_closure4BeanInfo> (0x0000000087f202f8) thrown at [./src/hotspot/share/classfile/systemDictionary.cpp, line 231]
Event: 16.145 Thread 0x000001f075be9800 Exception <a 'java/lang/ClassNotFoundException'{0x0000000087f32990}: build_8qtxawlcfth69o0kr6mgf0lk0$_run_closure1$_closure4Customizer> (0x0000000087f32990) thrown at [./src/hotspot/share/classfile/systemDictionary.cpp, line 231]
Event: 16.148 Thread 0x000001f075be9800 Exception <a 'java/lang/ClassNotFoundException'{0x0000000087f5dbb8}: build_8qtxawlcfth69o0kr6mgf0lk0$_run_closure1BeanInfo> (0x0000000087f5dbb8) thrown at [./src/hotspot/share/classfile/systemDictionary.cpp, line 231]
Event: 16.149 Thread 0x000001f075be9800 Exception <a 'java/lang/ClassNotFoundException'{0x0000000087f6fa18}: build_8qtxawlcfth69o0kr6mgf0lk0$_run_closure1Customizer> (0x0000000087f6fa18) thrown at [./src/hotspot/share/classfile/systemDictionary.cpp, line 231]
Event: 16.157 Thread 0x000001f075be9800 Exception <a 'java/lang/ClassNotFoundException'{0x0000000087fd4850}: org/gradle/api/JavaVersionBeanInfo> (0x0000000087fd4850) thrown at [./src/hotspot/share/classfile/systemDictionary.cpp, line 231]
Event: 16.158 Thread 0x000001f075be9800 Exception <a 'java/lang/ClassNotFoundException'{0x0000000087e03b60}: org/gradle/api/JavaVersionCustomizer> (0x0000000087e03b60) thrown at [./src/hotspot/share/classfile/systemDictionary.cpp, line 231]
Event: 16.163 Thread 0x000001f075be9800 Exception <a 'java/lang/ClassNotFoundException'{0x0000000087e6e9a8}: com/android/build/gradle/internal/CompileOptions$AgpDecorated_DecoratedBeanInfo> (0x0000000087e6e9a8) thrown at [./src/hotspot/share/classfile/systemDictionary.cpp, line 231]
Event: 16.163 Thread 0x000001f075be9800 Exception <a 'java/lang/ClassNotFoundException'{0x0000000087e8d308}: com/android/build/gradle/internal/CompileOptions$AgpDecoratedBeanInfo> (0x0000000087e8d308) thrown at [./src/hotspot/share/classfile/systemDictionary.cpp, line 231]
Event: 16.164 Thread 0x000001f075be9800 Exception <a 'java/lang/ClassNotFoundException'{0x0000000087ea9348}: com/android/build/gradle/internal/CompileOptionsBeanInfo> (0x0000000087ea9348) thrown at [./src/hotspot/share/classfile/systemDictionary.cpp, line 231]
Event: 16.164 Thread 0x000001f075be9800 Exception <a 'java/lang/ClassNotFoundException'{0x0000000087ec5e08}: com/android/build/gradle/internal/CompileOptionsCustomizer> (0x0000000087ec5e08) thrown at [./src/hotspot/share/classfile/systemDictionary.cpp, line 231]
Event: 16.166 Thread 0x000001f075be9800 Exception <a 'java/lang/ClassNotFoundException'{0x0000000087ef0878}: com/android/build/gradle/internal/CompileOptions$AgpDecoratedCustomizer> (0x0000000087ef0878) thrown at [./src/hotspot/share/classfile/systemDictionary.cpp, line 231]
Event: 16.168 Thread 0x000001f075be9800 Exception <a 'java/lang/ClassNotFoundException'{0x0000000087d1e338}: com/android/build/gradle/internal/CompileOptions$AgpDecorated_DecoratedCustomizer> (0x0000000087d1e338) thrown at [./src/hotspot/share/classfile/systemDictionary.cpp, line 231]
Event: 16.195 Thread 0x000001f075be9800 Exception <a 'java/lang/ClassNotFoundException'{0x0000000087c58fb0}: org/gradle/api/internal/artifacts/dsl/dependencies/DefaultDependencyHandler_DecoratedBeanInfo> (0x0000000087c58fb0) thrown at [./src/hotspot/share/classfile/systemDictionary.cpp, line 231]
Event: 16.196 Thread 0x000001f075be9800 Exception <a 'java/lang/ClassNotFoundException'{0x0000000087ca97b8}: org/gradle/api/internal/artifacts/dsl/dependencies/DefaultDependencyHandlerBeanInfo> (0x0000000087ca97b8) thrown at [./src/hotspot/share/classfile/systemDictionary.cpp, line 231]
Event: 16.198 Thread 0x000001f075be9800 Exception <a 'java/lang/ClassNotFoundException'{0x0000000087cf9f88}: org/gradle/api/internal/artifacts/dsl/dependencies/DefaultDependencyHandlerCustomizer> (0x0000000087cf9f88) thrown at [./src/hotspot/share/classfile/systemDictionary.cpp, line 231]
Event: 16.203 Thread 0x000001f075be9800 Exception <a 'java/lang/ClassNotFoundException'{0x0000000087b74e10}: org/gradle/api/internal/artifacts/dsl/dependencies/DefaultDependencyHandler_DecoratedCustomizer> (0x0000000087b74e10) thrown at [./src/hotspot/share/classfile/systemDictionary.cpp, line 231]

Events (20 events):
Event: 17.255 loading class com/android/build/gradle/internal/dependency/AarToClassTransform$Companion done
Event: 17.256 loading class com/google/common/collect/ImmutableSet
Event: 17.256 loading class com/google/common/collect/ImmutableSet done
Event: 17.256 loading class com/google/common/collect/ImmutableSet
Event: 17.256 loading class com/google/common/collect/ImmutableSet done
Event: 17.256 loading class org/gradle/internal/reflect/validation/TypeValidationContext
Event: 17.256 loading class org/gradle/internal/reflect/validation/TypeValidationContext done
Event: 17.257 loading class org/gradle/internal/reflect/validation/TypeValidationContext
Event: 17.257 loading class org/gradle/internal/reflect/validation/TypeValidationContext done
Event: 17.260 loading class com/android/build/gradle/internal/DependencyConfigurator$configureGeneralTransforms$8
Event: 17.260 loading class com/android/build/gradle/internal/DependencyConfigurator$configureGeneralTransforms$8 done
Event: 17.261 loading class com/android/build/gradle/internal/DependencyConfigurator$configureGeneralTransforms$8$1
Event: 17.261 loading class com/android/build/gradle/internal/DependencyConfigurator$configureGeneralTransforms$8$1 done
Event: 17.262 loading class com/android/build/gradle/internal/DependencyConfigurator$configureGeneralTransforms$jacocoTransformParametersConfig$1
Event: 17.262 loading class com/android/build/gradle/internal/DependencyConfigurator$configureGeneralTransforms$jacocoTransformParametersConfig$1 done
Event: 17.263 loading class com/android/build/gradle/internal/dependency/JacocoTransform
Event: 17.263 loading class com/android/build/gradle/internal/dependency/JacocoTransform done
Event: 17.264 loading class com/android/build/gradle/internal/dependency/JacocoTransform$Params
Event: 17.264 loading class com/android/build/gradle/internal/dependency/JacocoTransform$Params done
Event: 17.267 Executing VM operation: G1CollectForAllocation


Dynamic libraries:
0x00007ff64dbc0000 - 0x00007ff64dbca000 	C:\Program Files\Android\Android Studio\jre\bin\java.exe
0x00007ffaea0d0000 - 0x00007ffaea2c8000 	C:\WINDOWS\SYSTEM32\ntdll.dll
0x00007ffaae820000 - 0x00007ffaae837000 	C:\Program Files\AVAST Software\Avast\aswhook.dll
0x00007ffae9430000 - 0x00007ffae94ef000 	C:\WINDOWS\System32\KERNEL32.DLL
0x00007ffae7dc0000 - 0x00007ffae8092000 	C:\WINDOWS\System32\KERNELBASE.dll
0x00007ffae7a70000 - 0x00007ffae7b70000 	C:\WINDOWS\System32\ucrtbase.dll
0x00007ffad5eb0000 - 0x00007ffad5ec7000 	C:\Program Files\Android\Android Studio\jre\bin\VCRUNTIME140.dll
0x00007ffad7b70000 - 0x00007ffad7b89000 	C:\Program Files\Android\Android Studio\jre\bin\jli.dll
0x00007ffae9090000 - 0x00007ffae9231000 	C:\WINDOWS\System32\USER32.dll
0x00007ffae7a10000 - 0x00007ffae7a32000 	C:\WINDOWS\System32\win32u.dll
0x00007ffad6db0000 - 0x00007ffad704a000 	C:\WINDOWS\WinSxS\amd64_microsoft.windows.common-controls_6595b64144ccf1df_6.0.19041.1110_none_60b5254171f9507e\COMCTL32.dll
0x00007ffae9300000 - 0x00007ffae932b000 	C:\WINDOWS\System32\GDI32.dll
0x00007ffae86e0000 - 0x00007ffae877e000 	C:\WINDOWS\System32\msvcrt.dll
0x00007ffae7cb0000 - 0x00007ffae7dbf000 	C:\WINDOWS\System32\gdi32full.dll
0x00007ffae77c0000 - 0x00007ffae785d000 	C:\WINDOWS\System32\msvcp_win.dll
0x00007ffae9680000 - 0x00007ffae96b2000 	C:\WINDOWS\System32\IMM32.DLL
0x00007ffab0ae0000 - 0x00007ffab0b7d000 	C:\Program Files\Android\Android Studio\jre\bin\msvcp140.dll
0x00007ffa866a0000 - 0x00007ffa871a2000 	C:\Program Files\Android\Android Studio\jre\bin\server\jvm.dll
0x00007ffae95d0000 - 0x00007ffae967e000 	C:\WINDOWS\System32\ADVAPI32.dll
0x00007ffae9330000 - 0x00007ffae93cc000 	C:\WINDOWS\System32\sechost.dll
0x00007ffae8590000 - 0x00007ffae86b5000 	C:\WINDOWS\System32\RPCRT4.dll
0x00007ffae86d0000 - 0x00007ffae86d8000 	C:\WINDOWS\System32\PSAPI.DLL
0x00007ffad5620000 - 0x00007ffad5629000 	C:\WINDOWS\SYSTEM32\WSOCK32.dll
0x00007ffad9430000 - 0x00007ffad9457000 	C:\WINDOWS\SYSTEM32\WINMM.dll
0x00007ffae5610000 - 0x00007ffae561a000 	C:\WINDOWS\SYSTEM32\VERSION.dll
0x00007ffae89c0000 - 0x00007ffae8a2b000 	C:\WINDOWS\System32\WS2_32.dll
0x00007ffae5860000 - 0x00007ffae5872000 	C:\WINDOWS\SYSTEM32\kernel.appcore.dll
0x00007ffadf690000 - 0x00007ffadf6a1000 	C:\Program Files\Android\Android Studio\jre\bin\verify.dll
0x00007ffadc1b0000 - 0x00007ffadc394000 	C:\WINDOWS\SYSTEM32\DBGHELP.DLL
0x00007ffadc170000 - 0x00007ffadc1a5000 	C:\WINDOWS\SYSTEM32\dbgcore.DLL
0x00007ffae7b70000 - 0x00007ffae7bf2000 	C:\WINDOWS\System32\bcryptPrimitives.dll
0x00007ffac1e70000 - 0x00007ffac1e99000 	C:\Program Files\Android\Android Studio\jre\bin\java.dll
0x00007ffadd000000 - 0x00007ffadd00b000 	C:\Program Files\Android\Android Studio\jre\bin\jimage.dll
0x00007ffadcfc0000 - 0x00007ffadcfd8000 	C:\Program Files\Android\Android Studio\jre\bin\zip.dll
0x00007ffae96c0000 - 0x00007ffae9e04000 	C:\WINDOWS\System32\SHELL32.dll
0x00007ffae5880000 - 0x00007ffae6012000 	C:\WINDOWS\SYSTEM32\windows.storage.dll
0x00007ffae8230000 - 0x00007ffae8585000 	C:\WINDOWS\System32\combase.dll
0x00007ffae7140000 - 0x00007ffae7170000 	C:\WINDOWS\SYSTEM32\Wldp.dll
0x00007ffae9f40000 - 0x00007ffae9fed000 	C:\WINDOWS\System32\SHCORE.dll
0x00007ffae8110000 - 0x00007ffae8165000 	C:\WINDOWS\System32\shlwapi.dll
0x00007ffae7700000 - 0x00007ffae771f000 	C:\WINDOWS\SYSTEM32\profapi.dll
0x00007ffac1e50000 - 0x00007ffac1e6a000 	C:\Program Files\Android\Android Studio\jre\bin\net.dll
0x00007ffad9b80000 - 0x00007ffad9c8c000 	C:\WINDOWS\SYSTEM32\WINHTTP.dll
0x00007ffae6ea0000 - 0x00007ffae6f0a000 	C:\WINDOWS\system32\mswsock.dll
0x00007ffac1e30000 - 0x00007ffac1e44000 	C:\Program Files\Android\Android Studio\jre\bin\nio.dll
0x00007ffad1660000 - 0x00007ffad1687000 	C:\Users\Kleivy Gomes\.gradle\native\e1d6ef7f7dcc3fd88c89a11ec53ec762bb8ba0a96d01ffa2cd45eb1d1d8dd5c5\windows-amd64\native-platform.dll
0x00007ffa80560000 - 0x00007ffa806a4000 	C:\Users\Kleivy Gomes\.gradle\native\0d407fdbe67a94daf76414ababcb853783967236a71b16ec16e742cd7a986fd3\windows-amd64\native-platform-file-events.dll
0x00007ffadcff0000 - 0x00007ffadcffa000 	C:\Program Files\Android\Android Studio\jre\bin\management.dll
0x00007ffadbd20000 - 0x00007ffadbd2d000 	C:\Program Files\Android\Android Studio\jre\bin\management_ext.dll
0x00007ffae7090000 - 0x00007ffae70a8000 	C:\WINDOWS\SYSTEM32\CRYPTSP.dll
0x00007ffae67c0000 - 0x00007ffae67f4000 	C:\WINDOWS\system32\rsaenh.dll
0x00007ffae7a40000 - 0x00007ffae7a67000 	C:\WINDOWS\System32\bcrypt.dll
0x00007ffae76c0000 - 0x00007ffae76ee000 	C:\WINDOWS\SYSTEM32\USERENV.dll
0x00007ffae70b0000 - 0x00007ffae70bc000 	C:\WINDOWS\SYSTEM32\CRYPTBASE.dll
0x00007ffae6b90000 - 0x00007ffae6bcb000 	C:\WINDOWS\SYSTEM32\IPHLPAPI.DLL
0x00007ffae86c0000 - 0x00007ffae86c8000 	C:\WINDOWS\System32\NSI.dll
0x00007ffada700000 - 0x00007ffada717000 	C:\WINDOWS\SYSTEM32\dhcpcsvc6.DLL
0x00007ffadc490000 - 0x00007ffadc4ad000 	C:\WINDOWS\SYSTEM32\dhcpcsvc.DLL
0x00007ffae6bd0000 - 0x00007ffae6c9a000 	C:\WINDOWS\SYSTEM32\DNSAPI.dll

dbghelp: loaded successfully - version: 4.0.5 - missing functions: none
symbol engine: initialized successfully - sym options: 0x614 - pdb path: .;C:\Program Files\Android\Android Studio\jre\bin;C:\WINDOWS\SYSTEM32;C:\Program Files\AVAST Software\Avast;C:\WINDOWS\WinSxS\amd64_microsoft.windows.common-controls_6595b64144ccf1df_6.0.19041.1110_none_60b5254171f9507e;C:\Program Files\Android\Android Studio\jre\bin\server;C:\Users\Kleivy Gomes\.gradle\native\e1d6ef7f7dcc3fd88c89a11ec53ec762bb8ba0a96d01ffa2cd45eb1d1d8dd5c5\windows-amd64;C:\Users\Kleivy Gomes\.gradle\native\0d407fdbe67a94daf76414ababcb853783967236a71b16ec16e742cd7a986fd3\windows-amd64

VM Arguments:
jvm_args: --add-opens=java.base/java.util=ALL-UNNAMED --add-opens=java.base/java.lang=ALL-UNNAMED --add-opens=java.base/java.lang.invoke=ALL-UNNAMED --add-opens=java.base/java.util=ALL-UNNAMED --add-opens=java.prefs/java.util.prefs=ALL-UNNAMED --add-opens=java.prefs/java.util.prefs=ALL-UNNAMED --add-opens=java.base/java.nio.charset=ALL-UNNAMED --add-opens=java.base/java.net=ALL-UNNAMED --add-opens=java.base/java.util.concurrent.atomic=ALL-UNNAMED -Xmx2048m -Dfile.encoding=UTF-8 -Duser.country=PT -Duser.language=pt -Duser.variant 
java_command: org.gradle.launcher.daemon.bootstrap.GradleDaemon 7.4
java_class_path (initial): C:\Users\Kleivy Gomes\.gradle\wrapper\dists\gradle-7.4-bin\c0gwcg53nkjbqw7r0h0umtfvt\gradle-7.4\lib\gradle-launcher-7.4.jar
Launcher Type: SUN_STANDARD

[Global flags]
     intx CICompilerCount                          = 3                                         {product} {ergonomic}
     uint ConcGCThreads                            = 1                                         {product} {ergonomic}
     uint G1ConcRefinementThreads                  = 4                                         {product} {ergonomic}
   size_t G1HeapRegionSize                         = 1048576                                   {product} {ergonomic}
    uintx GCDrainStackTargetSize                   = 64                                        {product} {ergonomic}
   size_t InitialHeapSize                          = 100663296                                 {product} {ergonomic}
   size_t MarkStackSize                            = 4194304                                   {product} {ergonomic}
   size_t MaxHeapSize                              = 2147483648                                {product} {command line}
   size_t MaxNewSize                               = 1287651328                                {product} {ergonomic}
   size_t MinHeapDeltaBytes                        = 1048576                                   {product} {ergonomic}
    uintx NonNMethodCodeHeapSize                   = 5830732                                {pd product} {ergonomic}
    uintx NonProfiledCodeHeapSize                  = 122913754                              {pd product} {ergonomic}
    uintx ProfiledCodeHeapSize                     = 122913754                              {pd product} {ergonomic}
    uintx ReservedCodeCacheSize                    = 251658240                              {pd product} {ergonomic}
     bool SegmentedCodeCache                       = true                                      {product} {ergonomic}
     bool UseCompressedClassPointers               = true                                 {lp64_product} {ergonomic}
     bool UseCompressedOops                        = true                                 {lp64_product} {ergonomic}
     bool UseG1GC                                  = true                                      {product} {ergonomic}
     bool UseLargePagesIndividualAllocation        = false                                  {pd product} {ergonomic}

Logging:
Log output configuration:
 #0: stdout all=warning uptime,level,tags
 #1: stderr all=off uptime,level,tags

Environment Variables:
JAVA_HOME=C:\Program Files\Java\jdk1.8.0_202
PATH=C:\app\Gomez\virtual\product\12.2.0\dbhome_1\bin;C:\Program Files\Java\jre1.8.0_202\;C:\Program Files\Java\jdk1.8.0_202\bin;C:\MinGW\bin;C:\DevSuiteHome_1\jdk\jre\bin;C:\DevSuiteHome_1\jdk\jre\bin\client;C:\DevSuiteHome_1\jlib;C:\DevSuiteHome_1\bin;C:\DevSuiteHome_1\jre\1.4.2\bin\client;C:\DevSuiteHome_1\jre\1.4.2\bin;C:\Program Files (x86)\Common Files\Oracle\Java\javapath;C:\WINDOWS\system32;C:\WINDOWS;C:\WINDOWS\System32\Wbem;C:\WINDOWS\System32\WindowsPowerShell\v1.0\;C:\Program Files\dotnet\;C:\WINDOWS\System32\OpenSSH\;C:\apache-maven-3.6.1-bin\apache-maven-3.6.1\bin;C:\ProgramData\chocolatey\bin;C:\Program Files\Git\cmd;C:\Program Files\nodejs\;C:\Program Files\PostgreSQL\14\bin;C:\Program Files\PostgreSQL\14\lib;C:\Users\Kleivy Gomes\Documents\EISC\4º ano\VR\Opengl\bin;C:\Program Files\CMake\bin;C:\Users\Kleivy Gomes\AppData\Local\Programs\Python\Python311\Scripts\;C:\Users\Kleivy Gomes\AppData\Local\Programs\Python\Python311\;C:\Users\Kleivy Gomes\AppData\Roaming\local\bin;C:\Users\Kleivy Gomes\AppData\Local\Microsoft\WindowsApps;C:\ProgramData\chocolatey\lib\ghc\tools\ghc-8.10.2\bin;C:\tools\msys64;C:\Users\Kleivy Gomes\AppData\Local\Programs\Microsoft VS Code\bin;C:\Program Files\heroku\bin;C:\Users\Kleivy Gomes\AppData\Roaming\npm;C:\Program Files\MySQL\MySQL Server 8.0\bin;C:\Program Files\MongoDB\Server\5.0\bin;C:\Program Files\JetBrains\PyCharm 2022.3\bin;
USERNAME=Kleivy Gomes
OS=Windows_NT
PROCESSOR_IDENTIFIER=Intel64 Family 6 Model 58 Stepping 9, GenuineIntel



---------------  S Y S T E M  ---------------

OS: Windows 10 , 64 bit Build 19041 (10.0.19041.2364)
OS uptime: 0 days 2:39 hours

CPU:total 4 (initial active 4) (2 cores per cpu, 2 threads per core) family 6 model 58 stepping 9 microcode 0x21, cmov, cx8, fxsr, mmx, sse, sse2, sse3, ssse3, sse4.1, sse4.2, popcnt, avx, clmul, erms, ht, tsc, tscinvbit, tscinv

Memory: 4k page, system-wide physical 6019M (515M free)
TotalPageFile size 10115M (AvailPageFile size 27M)
current process WorkingSet (physical memory assigned to process): 345M, peak: 350M
current process commit charge ("private bytes"): 375M, peak: 403M

vm_info: OpenJDK 64-Bit Server VM (11.0.13+0-b1751.21-8125866) for windows-amd64 JRE (11.0.13+0-b1751.21-8125866), built on Feb  2 2022 03:00:22 by "builder" with MS VC++ 14.0 (VS2015)

END.
