#
# There is insufficient memory for the Java Runtime Environment to continue.
# Native memory allocation (malloc) failed to allocate 1488496 bytes for Chunk::new
# Possible reasons:
#   The system is out of physical RAM or swap space
#   The process is running with CompressedOops enabled, and the Java Heap may be blocking the growth of the native heap
# Possible solutions:
#   Reduce memory load on the system
#   Increase physical memory or swap space
#   Check if swap backing store is full
#   Decrease Java heap size (-Xmx/-Xms)
#   Decrease number of Java threads
#   Decrease Java thread stack sizes (-Xss)
#   Set larger code cache with -XX:ReservedCodeCacheSize=
#   JVM is running with Unscaled Compressed Oops mode in which the Java heap is
#     placed in the first 4GB address space. The Java Heap base address is the
#     maximum limit for the native heap growth. Please use -XX:HeapBaseMinAddress
#     to set the Java Heap base and to place the Java Heap above 4GB virtual address.
# This output file may be truncated or incomplete.
#
#  Out of Memory Error (./src/hotspot/share/memory/arena.cpp:197), pid=13640, tid=11796
#
# JRE version: OpenJDK Runtime Environment (11.0.13) (build 11.0.13+0-b1751.21-8125866)
# Java VM: OpenJDK 64-Bit Server VM (11.0.13+0-b1751.21-8125866, mixed mode, tiered, compressed oops, g1 gc, windows-amd64)
# No core dump will be written. Minidumps are not enabled by default on client versions of Windows
#

---------------  S U M M A R Y ------------

Command Line: --add-opens=java.base/java.util=ALL-UNNAMED --add-opens=java.base/java.lang=ALL-UNNAMED --add-opens=java.base/java.lang.invoke=ALL-UNNAMED --add-opens=java.base/java.util=ALL-UNNAMED --add-opens=java.prefs/java.util.prefs=ALL-UNNAMED --add-opens=java.prefs/java.util.prefs=ALL-UNNAMED --add-opens=java.base/java.nio.charset=ALL-UNNAMED --add-opens=java.base/java.net=ALL-UNNAMED --add-opens=java.base/java.util.concurrent.atomic=ALL-UNNAMED -Xmx2048m -Dfile.encoding=UTF-8 -Duser.country=PT -Duser.language=pt -Duser.variant org.gradle.launcher.daemon.bootstrap.GradleDaemon 7.4

Host: Intel(R) Core(TM) i3-3110M CPU @ 2.40GHz, 4 cores, 5G,  Windows 10 , 64 bit Build 19041 (10.0.19041.2364)
Time: Fri Jan  6 02:48:32 2023 Hora Padrão de Cabo Verde elapsed time: 27.681892 seconds (0d 0h 0m 27s)

---------------  T H R E A D  ---------------

Current thread (0x00000188a5be0800):  JavaThread "C2 CompilerThread1" daemon [_thread_in_native, id=11796, stack(0x000000309f800000,0x000000309f900000)]


Current CompileTask:
C2:  27682 11012 %     4       com.android.tools.r8.dex.i::a @ 44 (1036 bytes)

Stack: [0x000000309f800000,0x000000309f900000]
Native frames: (J=compiled Java code, j=interpreted, Vv=VM code, C=native code)
V  [jvm.dll+0x6100fa]
V  [jvm.dll+0x747090]
V  [jvm.dll+0x7486ad]
V  [jvm.dll+0x748d83]
V  [jvm.dll+0x24ab48]
V  [jvm.dll+0xc04dc]
V  [jvm.dll+0xc0a0c]
V  [jvm.dll+0x35eb5b]
V  [jvm.dll+0x32b833]
V  [jvm.dll+0x32ad2a]
V  [jvm.dll+0x2032b2]
V  [jvm.dll+0x202437]
V  [jvm.dll+0x188e01]
V  [jvm.dll+0x21106b]
V  [jvm.dll+0x20f8c1]
V  [jvm.dll+0x70de0f]
V  [jvm.dll+0x706a75]
V  [jvm.dll+0x60ed66]
C  [ucrtbase.dll+0x21bb2]
C  [KERNEL32.DLL+0x17614]
C  [ntdll.dll+0x526a1]


---------------  P R O C E S S  ---------------

Threads class SMR info:
_java_thread_list=0x00000188a9464950, length=92, elements={
0x000001888b3b7800, 0x00000188a4f9b800, 0x00000188a4f9f800, 0x00000188a4fb9000,
0x00000188a4fba800, 0x00000188a4fbd800, 0x00000188a4fc6800, 0x00000188a4fc8000,
0x00000188a4fcc000, 0x00000188a5a82000, 0x00000188a8481000, 0x00000188a83f6800,
0x00000188a698f800, 0x00000188a8c79000, 0x00000188a8abb000, 0x00000188a7a1f800,
0x00000188a6fec800, 0x00000188a678a800, 0x00000188a89e4000, 0x00000188a87c2000,
0x00000188a7f26000, 0x00000188a7f2a000, 0x00000188a7f29000, 0x00000188a5be0800,
0x00000188a7f27800, 0x00000188a7f26800, 0x00000188a7f2b800, 0x00000188a7f2c800,
0x00000188a7f28800, 0x00000188a7f2b000, 0x00000188a907c800, 0x00000188a907f000,
0x00000188a9080000, 0x00000188a907c000, 0x00000188a9081000, 0x00000188a907d800,
0x00000188a9084000, 0x00000188a9085000, 0x00000188a9083000, 0x00000188a9087800,
0x00000188a9082800, 0x00000188a9085800, 0x00000188a9086800, 0x00000188a9081800,
0x00000188a9088000, 0x00000188a9089000, 0x00000188a908a000, 0x00000188ac163800,
0x00000188ac162000, 0x00000188ac163000, 0x00000188ac164800, 0x00000188ac166000,
0x00000188ac165000, 0x00000188ac167000, 0x00000188ac161000, 0x00000188ac16a000,
0x00000188ac168800, 0x00000188ac16c800, 0x00000188ac16b800, 0x00000188ac167800,
0x00000188ac16f000, 0x00000188ac16b000, 0x00000188ac16d800, 0x00000188ac16e000,
0x00000188ac169800, 0x00000188ac170000, 0x00000188a818c000, 0x00000188a818e800,
0x00000188a818f000, 0x00000188a818c800, 0x00000188a818b000, 0x00000188a818d800,
0x00000188a8190000, 0x00000188a818a800, 0x00000188a8195000, 0x00000188a8191800,
0x00000188a8191000, 0x00000188a8192800, 0x00000188a8198000, 0x00000188a8199000,
0x00000188a8194000, 0x00000188a8193800, 0x00000188a8196800, 0x00000188a8195800,
0x00000188a8197800, 0x00000188ab0df800, 0x00000188ab0de000, 0x00000188ab0e2000,
0x00000188ab0dd800, 0x00000188ab0df000, 0x00000188ab0e5800, 0x00000188ab0e6800
}

Java Threads: ( => current thread )
  0x000001888b3b7800 JavaThread "main" [_thread_blocked, id=6748, stack(0x000000309d700000,0x000000309d800000)]
  0x00000188a4f9b800 JavaThread "Reference Handler" daemon [_thread_blocked, id=2488, stack(0x000000309de00000,0x000000309df00000)]
  0x00000188a4f9f800 JavaThread "Finalizer" daemon [_thread_blocked, id=13236, stack(0x000000309df00000,0x000000309e000000)]
  0x00000188a4fb9000 JavaThread "Signal Dispatcher" daemon [_thread_blocked, id=13984, stack(0x000000309e000000,0x000000309e100000)]
  0x00000188a4fba800 JavaThread "Attach Listener" daemon [_thread_blocked, id=2452, stack(0x000000309e100000,0x000000309e200000)]
  0x00000188a4fbd800 JavaThread "Service Thread" daemon [_thread_blocked, id=11904, stack(0x000000309e200000,0x000000309e300000)]
  0x00000188a4fc6800 JavaThread "C2 CompilerThread0" daemon [_thread_in_native, id=3916, stack(0x000000309e300000,0x000000309e400000)]
  0x00000188a4fc8000 JavaThread "C1 CompilerThread0" daemon [_thread_blocked, id=14000, stack(0x000000309e400000,0x000000309e500000)]
  0x00000188a4fcc000 JavaThread "Sweeper thread" daemon [_thread_blocked, id=11896, stack(0x000000309e500000,0x000000309e600000)]
  0x00000188a5a82000 JavaThread "Common-Cleaner" daemon [_thread_blocked, id=3416, stack(0x000000309e600000,0x000000309e700000)]
  0x00000188a8481000 JavaThread "Daemon health stats" [_thread_blocked, id=6232, stack(0x000000309ea00000,0x000000309eb00000)]
  0x00000188a83f6800 JavaThread "Incoming local TCP Connector on port 62154" [_thread_in_native, id=240, stack(0x000000309e800000,0x000000309e900000)]
  0x00000188a698f800 JavaThread "Daemon periodic checks" [_thread_blocked, id=8620, stack(0x000000309ed00000,0x000000309ee00000)]
  0x00000188a8c79000 JavaThread "Daemon" [_thread_blocked, id=12960, stack(0x000000309ee00000,0x000000309ef00000)]
  0x00000188a8abb000 JavaThread "Handler for socket connection from /127.0.0.1:62154 to /127.0.0.1:62155" [_thread_in_native, id=11140, stack(0x000000309ef00000,0x000000309f000000)]
  0x00000188a7a1f800 JavaThread "Cancel handler" [_thread_blocked, id=13384, stack(0x000000309f000000,0x000000309f100000)]
  0x00000188a6fec800 JavaThread "Daemon worker" [_thread_blocked, id=2996, stack(0x000000309f100000,0x000000309f200000)]
  0x00000188a678a800 JavaThread "Asynchronous log dispatcher for DefaultDaemonConnection: socket connection from /127.0.0.1:62154 to /127.0.0.1:62155" [_thread_blocked, id=12236, stack(0x000000309f200000,0x000000309f300000)]
  0x00000188a89e4000 JavaThread "Stdin handler" [_thread_blocked, id=13980, stack(0x000000309f300000,0x000000309f400000)]
  0x00000188a87c2000 JavaThread "Daemon client event forwarder" [_thread_blocked, id=6592, stack(0x000000309f400000,0x000000309f500000)]
  0x00000188a7f26000 JavaThread "Cache worker for journal cache (C:\Users\Kleivy Gomes\.gradle\caches\journal-1)" [_thread_blocked, id=600, stack(0x000000309f500000,0x000000309f600000)]
  0x00000188a7f2a000 JavaThread "File lock request listener" [_thread_in_native, id=14256, stack(0x000000309f600000,0x000000309f700000)]
  0x00000188a7f29000 JavaThread "Cache worker for file hash cache (C:\Users\Kleivy Gomes\.gradle\caches\7.4\fileHashes)" [_thread_blocked, id=2880, stack(0x000000309f700000,0x000000309f800000)]
=>0x00000188a5be0800 JavaThread "C2 CompilerThread1" daemon [_thread_in_native, id=11796, stack(0x000000309f800000,0x000000309f900000)]
  0x00000188a7f27800 JavaThread "File watcher server" daemon [_thread_in_native, id=11732, stack(0x000000309f900000,0x000000309fa00000)]
  0x00000188a7f26800 JavaThread "File watcher consumer" daemon [_thread_blocked, id=12044, stack(0x000000309fa00000,0x000000309fb00000)]
  0x00000188a7f2b800 JavaThread "Cache worker for checksums cache (C:\Users\Kleivy Gomes\AndroidStudioProjects\Contact\.gradle\7.4\checksums)" [_thread_blocked, id=13944, stack(0x000000309fb00000,0x000000309fc00000)]
  0x00000188a7f2c800 JavaThread "Cache worker for cache directory md-rule (C:\Users\Kleivy Gomes\.gradle\caches\7.4\md-rule)" [_thread_blocked, id=5960, stack(0x000000309fc00000,0x000000309fd00000)]
  0x00000188a7f28800 JavaThread "Cache worker for file hash cache (C:\Users\Kleivy Gomes\AndroidStudioProjects\Contact\.gradle\7.4\fileHashes)" [_thread_blocked, id=13184, stack(0x000000309fd00000,0x000000309fe00000)]
  0x00000188a7f2b000 JavaThread "Cache worker for cache directory md-supplier (C:\Users\Kleivy Gomes\.gradle\caches\7.4\md-supplier)" [_thread_blocked, id=13832, stack(0x000000309fe00000,0x000000309ff00000)]
  0x00000188a907c800 JavaThread "Cache worker for execution history cache (C:\Users\Kleivy Gomes\.gradle\caches\7.4\executionHistory)" [_thread_blocked, id=7728, stack(0x000000309ff00000,0x00000030a0000000)]
  0x00000188a907f000 JavaThread "jar transforms" [_thread_blocked, id=5832, stack(0x00000030a0000000,0x00000030a0100000)]
  0x00000188a9080000 JavaThread "Cache worker for file content cache (C:\Users\Kleivy Gomes\.gradle\caches\7.4\fileContent)" [_thread_blocked, id=1480, stack(0x00000030a0100000,0x00000030a0200000)]
  0x00000188a907c000 JavaThread "jar transforms Thread 2" [_thread_blocked, id=10800, stack(0x00000030a0200000,0x00000030a0300000)]
  0x00000188a9081000 JavaThread "Cache worker for dependencies-accessors (C:\Users\Kleivy Gomes\AndroidStudioProjects\Contact\.gradle\7.4\dependencies-accessors)" [_thread_blocked, id=11152, stack(0x00000030a0300000,0x00000030a0400000)]
  0x00000188a907d800 JavaThread "jar transforms Thread 3" [_thread_blocked, id=11716, stack(0x00000030a0400000,0x00000030a0500000)]
  0x00000188a9084000 JavaThread "Cache worker for Build Output Cleanup Cache (C:\Users\Kleivy Gomes\AndroidStudioProjects\Contact\.gradle\buildOutputCleanup)" [_thread_blocked, id=13864, stack(0x00000030a0500000,0x00000030a0600000)]
  0x00000188a9085000 JavaThread "Unconstrained build operations" [_thread_blocked, id=12636, stack(0x00000030a0600000,0x00000030a0700000)]
  0x00000188a9083000 JavaThread "Unconstrained build operations Thread 2" [_thread_blocked, id=11940, stack(0x00000030a0700000,0x00000030a0800000)]
  0x00000188a9087800 JavaThread "Unconstrained build operations Thread 3" [_thread_blocked, id=2128, stack(0x00000030a0800000,0x00000030a0900000)]
  0x00000188a9082800 JavaThread "Unconstrained build operations Thread 4" [_thread_blocked, id=13068, stack(0x00000030a0900000,0x00000030a0a00000)]
  0x00000188a9085800 JavaThread "Unconstrained build operations Thread 5" [_thread_blocked, id=8700, stack(0x00000030a0a00000,0x00000030a0b00000)]
  0x00000188a9086800 JavaThread "Unconstrained build operations Thread 6" [_thread_blocked, id=8864, stack(0x00000030a0b00000,0x00000030a0c00000)]
  0x00000188a9081800 JavaThread "Unconstrained build operations Thread 7" [_thread_blocked, id=2076, stack(0x00000030a0c00000,0x00000030a0d00000)]
  0x00000188a9088000 JavaThread "Unconstrained build operations Thread 8" [_thread_blocked, id=12976, stack(0x00000030a0d00000,0x00000030a0e00000)]
  0x00000188a9089000 JavaThread "Unconstrained build operations Thread 9" [_thread_blocked, id=4484, stack(0x00000030a0e00000,0x00000030a0f00000)]
  0x00000188a908a000 JavaThread "Unconstrained build operations Thread 10" [_thread_blocked, id=2080, stack(0x00000030a0f00000,0x00000030a1000000)]
  0x00000188ac163800 JavaThread "Unconstrained build operations Thread 11" [_thread_blocked, id=12836, stack(0x00000030a1000000,0x00000030a1100000)]
  0x00000188ac162000 JavaThread "Unconstrained build operations Thread 12" [_thread_blocked, id=5756, stack(0x00000030a1100000,0x00000030a1200000)]
  0x00000188ac163000 JavaThread "Unconstrained build operations Thread 13" [_thread_blocked, id=1868, stack(0x00000030a1200000,0x00000030a1300000)]
  0x00000188ac164800 JavaThread "Unconstrained build operations Thread 14" [_thread_blocked, id=13004, stack(0x00000030a1300000,0x00000030a1400000)]
  0x00000188ac166000 JavaThread "Unconstrained build operations Thread 15" [_thread_blocked, id=5724, stack(0x00000030a1400000,0x00000030a1500000)]
  0x00000188ac165000 JavaThread "Unconstrained build operations Thread 16" [_thread_blocked, id=11720, stack(0x00000030a1500000,0x00000030a1600000)]
  0x00000188ac167000 JavaThread "Unconstrained build operations Thread 17" [_thread_blocked, id=4444, stack(0x00000030a1600000,0x00000030a1700000)]
  0x00000188ac161000 JavaThread "Unconstrained build operations Thread 18" [_thread_blocked, id=12872, stack(0x00000030a1700000,0x00000030a1800000)]
  0x00000188ac16a000 JavaThread "Unconstrained build operations Thread 19" [_thread_blocked, id=13576, stack(0x00000030a1800000,0x00000030a1900000)]
  0x00000188ac168800 JavaThread "Unconstrained build operations Thread 20" [_thread_blocked, id=9928, stack(0x00000030a1900000,0x00000030a1a00000)]
  0x00000188ac16c800 JavaThread "Unconstrained build operations Thread 21" [_thread_blocked, id=9220, stack(0x00000030a1a00000,0x00000030a1b00000)]
  0x00000188ac16b800 JavaThread "Unconstrained build operations Thread 22" [_thread_blocked, id=6080, stack(0x00000030a1b00000,0x00000030a1c00000)]
  0x00000188ac167800 JavaThread "Unconstrained build operations Thread 23" [_thread_blocked, id=12448, stack(0x00000030a1c00000,0x00000030a1d00000)]
  0x00000188ac16f000 JavaThread "Unconstrained build operations Thread 24" [_thread_blocked, id=11804, stack(0x00000030a1d00000,0x00000030a1e00000)]
  0x00000188ac16b000 JavaThread "Unconstrained build operations Thread 25" [_thread_blocked, id=2936, stack(0x00000030a1e00000,0x00000030a1f00000)]
  0x00000188ac16d800 JavaThread "Unconstrained build operations Thread 26" [_thread_blocked, id=13076, stack(0x00000030a1f00000,0x00000030a2000000)]
  0x00000188ac16e000 JavaThread "Unconstrained build operations Thread 27" [_thread_blocked, id=13476, stack(0x00000030a2000000,0x00000030a2100000)]
  0x00000188ac169800 JavaThread "Unconstrained build operations Thread 28" [_thread_blocked, id=14160, stack(0x00000030a2100000,0x00000030a2200000)]
  0x00000188ac170000 JavaThread "Unconstrained build operations Thread 29" [_thread_blocked, id=5760, stack(0x00000030a2200000,0x00000030a2300000)]
  0x00000188a818c000 JavaThread "Unconstrained build operations Thread 30" [_thread_blocked, id=13808, stack(0x00000030a2300000,0x00000030a2400000)]
  0x00000188a818e800 JavaThread "Unconstrained build operations Thread 31" [_thread_blocked, id=13008, stack(0x00000030a2400000,0x00000030a2500000)]
  0x00000188a818f000 JavaThread "Unconstrained build operations Thread 32" [_thread_blocked, id=12824, stack(0x00000030a2500000,0x00000030a2600000)]
  0x00000188a818c800 JavaThread "Unconstrained build operations Thread 33" [_thread_blocked, id=8656, stack(0x00000030a2600000,0x00000030a2700000)]
  0x00000188a818b000 JavaThread "Unconstrained build operations Thread 34" [_thread_blocked, id=5184, stack(0x00000030a2700000,0x00000030a2800000)]
  0x00000188a818d800 JavaThread "Unconstrained build operations Thread 35" [_thread_blocked, id=12512, stack(0x00000030a2800000,0x00000030a2900000)]
  0x00000188a8190000 JavaThread "Unconstrained build operations Thread 36" [_thread_blocked, id=10584, stack(0x00000030a2900000,0x00000030a2a00000)]
  0x00000188a818a800 JavaThread "Unconstrained build operations Thread 37" [_thread_blocked, id=8148, stack(0x00000030a2a00000,0x00000030a2b00000)]
  0x00000188a8195000 JavaThread "Unconstrained build operations Thread 38" [_thread_blocked, id=8612, stack(0x00000030a2b00000,0x00000030a2c00000)]
  0x00000188a8191800 JavaThread "Unconstrained build operations Thread 39" [_thread_blocked, id=5712, stack(0x00000030a2c00000,0x00000030a2d00000)]
  0x00000188a8191000 JavaThread "Unconstrained build operations Thread 40" [_thread_blocked, id=7536, stack(0x00000030a2d00000,0x00000030a2e00000)]
  0x00000188a8192800 JavaThread "jar transforms Thread 4" [_thread_blocked, id=13988, stack(0x00000030a2e00000,0x00000030a2f00000)]
  0x00000188a8198000 JavaThread "Memory manager" [_thread_blocked, id=8916, stack(0x00000030a2f00000,0x00000030a3000000)]
  0x00000188a8199000 JavaThread "build event listener" [_thread_blocked, id=2988, stack(0x00000030a3000000,0x00000030a3100000)]
  0x00000188a8194000 JavaThread "included builds" [_thread_blocked, id=2116, stack(0x00000030a3100000,0x00000030a3200000)]
  0x00000188a8193800 JavaThread "Execution worker for ':'" [_thread_blocked, id=10332, stack(0x00000030a3200000,0x00000030a3300000)]
  0x00000188a8196800 JavaThread "Execution worker for ':' Thread 2" [_thread_blocked, id=14196, stack(0x00000030a3300000,0x00000030a3400000)]
  0x00000188a8195800 JavaThread "Execution worker for ':' Thread 3" [_thread_blocked, id=352, stack(0x00000030a3400000,0x00000030a3500000)]
  0x00000188a8197800 JavaThread "Cache worker for execution history cache (C:\Users\Kleivy Gomes\AndroidStudioProjects\Contact\.gradle\7.4\executionHistory)" [_thread_blocked, id=13564, stack(0x00000030a3500000,0x00000030a3600000)]
  0x00000188ab0df800 JavaThread "WorkerExecutor Queue" [_thread_blocked, id=13448, stack(0x00000030a3600000,0x00000030a3700000)]
  0x00000188ab0de000 JavaThread "WorkerExecutor Queue Thread 2" [_thread_blocked, id=14180, stack(0x00000030a3700000,0x00000030a3800000)]
  0x00000188ab0e2000 JavaThread "WorkerExecutor Queue Thread 3" [_thread_blocked, id=820, stack(0x00000030a3800000,0x00000030a3900000)]
  0x00000188ab0dd800 JavaThread "ForkJoinPool-1-worker-3" daemon [_thread_blocked, id=1276, stack(0x00000030a3a00000,0x00000030a3b00000)]
  0x00000188ab0df000 JavaThread "ForkJoinPool-1-worker-5" daemon [_thread_blocked, id=11504, stack(0x00000030a3b00000,0x00000030a3c00000)]
  0x00000188ab0e5800 JavaThread "ForkJoinPool-1-worker-7" daemon [_thread_blocked, id=11260, stack(0x00000030a3c00000,0x00000030a3d00000)]
  0x00000188ab0e6800 JavaThread "ForkJoinPool-1-worker-1" daemon [_thread_in_Java, id=10872, stack(0x00000030a3d00000,0x00000030a3e00000)]

Other Threads:
  0x00000188a4f97800 VMThread "VM Thread" [stack: 0x000000309dd00000,0x000000309de00000] [id=3488]
  0x00000188a5aa5800 WatcherThread [stack: 0x000000309e700000,0x000000309e800000] [id=6296]
  0x000001888b3cf000 GCTaskThread "GC Thread#0" [stack: 0x000000309d800000,0x000000309d900000] [id=12112]
  0x00000188a62f6000 GCTaskThread "GC Thread#1" [stack: 0x000000309e900000,0x000000309ea00000] [id=6964]
  0x00000188a731e800 GCTaskThread "GC Thread#2" [stack: 0x000000309eb00000,0x000000309ec00000] [id=13644]
  0x00000188a8091800 GCTaskThread "GC Thread#3" [stack: 0x000000309ec00000,0x000000309ed00000] [id=6912]
  0x000001888b402800 ConcurrentGCThread "G1 Main Marker" [stack: 0x000000309d900000,0x000000309da00000] [id=4432]
  0x000001888b403800 ConcurrentGCThread "G1 Conc#0" [stack: 0x000000309da00000,0x000000309db00000] [id=8008]
  0x000001888b475000 ConcurrentGCThread "G1 Refine#0" [stack: 0x000000309db00000,0x000000309dc00000] [id=6556]
  0x00000188af22a800 ConcurrentGCThread "G1 Refine#1" [stack: 0x00000030a3900000,0x00000030a3a00000] [id=4552]
  0x00000188aeb33800 ConcurrentGCThread "G1 Refine#2" [stack: 0x00000030a3e00000,0x00000030a3f00000] [id=3944]
  0x000001888b476000 ConcurrentGCThread "G1 Young RemSet Sampling" [stack: 0x000000309dc00000,0x000000309dd00000] [id=12540]

Threads with active compile tasks:
C2 CompilerThread0  27747 11120       4       com.android.tools.r8.dex.i::a (829 bytes)
C2 CompilerThread1  27747 11012 %     4       com.android.tools.r8.dex.i::a @ 44 (1036 bytes)

VM state:not at safepoint (normal execution)

VM Mutex/Monitor currently owned by a thread: None

Heap address: 0x0000000080000000, size: 2048 MB, Compressed Oops mode: 32-bit
Narrow klass base: 0x0000000000000000, Narrow klass shift: 3
Compressed class space size: 1073741824 Address: 0x0000000100000000

Heap:
 garbage-first heap   total 206848K, used 165376K [0x0000000080000000, 0x0000000100000000)
  region size 1024K, 20 young (20480K), 5 survivors (5120K)
 Metaspace       used 89697K, capacity 91850K, committed 92112K, reserved 1128448K
  class space    used 11736K, capacity 12572K, committed 12672K, reserved 1048576K
Heap Regions: E=young(eden), S=young(survivor), O=old, HS=humongous(starts), HC=humongous(continues), CS=collection set, F=free, A=archive, TAMS=top-at-mark-start (previous, next)
|   0|0x0000000080000000, 0x0000000080100000, 0x0000000080100000|100%|HS|  |TAMS 0x0000000080100000, 0x0000000080100000| Complete 
|   1|0x0000000080100000, 0x0000000080200000, 0x0000000080200000|100%|HC|  |TAMS 0x0000000080200000, 0x0000000080200000| Complete 
|   2|0x0000000080200000, 0x0000000080300000, 0x0000000080300000|100%|HC|  |TAMS 0x0000000080300000, 0x0000000080300000| Complete 
|   3|0x0000000080300000, 0x0000000080400000, 0x0000000080400000|100%| O|  |TAMS 0x0000000080400000, 0x0000000080400000| Untracked 
|   4|0x0000000080400000, 0x0000000080500000, 0x0000000080500000|100%| O|  |TAMS 0x0000000080500000, 0x0000000080500000| Untracked 
|   5|0x0000000080500000, 0x0000000080600000, 0x0000000080600000|100%| O|  |TAMS 0x0000000080600000, 0x0000000080600000| Untracked 
|   6|0x0000000080600000, 0x0000000080700000, 0x0000000080700000|100%| O|  |TAMS 0x0000000080700000, 0x0000000080700000| Untracked 
|   7|0x0000000080700000, 0x0000000080800000, 0x0000000080800000|100%| O|  |TAMS 0x0000000080800000, 0x0000000080800000| Untracked 
|   8|0x0000000080800000, 0x0000000080900000, 0x0000000080900000|100%| O|  |TAMS 0x0000000080900000, 0x0000000080900000| Untracked 
|   9|0x0000000080900000, 0x0000000080a00000, 0x0000000080a00000|100%| O|  |TAMS 0x0000000080a00000, 0x0000000080a00000| Untracked 
|  10|0x0000000080a00000, 0x0000000080b00000, 0x0000000080b00000|100%| O|  |TAMS 0x0000000080b00000, 0x0000000080b00000| Untracked 
|  11|0x0000000080b00000, 0x0000000080c00000, 0x0000000080c00000|100%| O|  |TAMS 0x0000000080c00000, 0x0000000080c00000| Untracked 
|  12|0x0000000080c00000, 0x0000000080d00000, 0x0000000080d00000|100%| O|  |TAMS 0x0000000080d00000, 0x0000000080d00000| Untracked 
|  13|0x0000000080d00000, 0x0000000080e00000, 0x0000000080e00000|100%| O|  |TAMS 0x0000000080e00000, 0x0000000080e00000| Untracked 
|  14|0x0000000080e00000, 0x0000000080f00000, 0x0000000080f00000|100%| O|  |TAMS 0x0000000080f00000, 0x0000000080f00000| Untracked 
|  15|0x0000000080f00000, 0x0000000081000000, 0x0000000081000000|100%| O|  |TAMS 0x0000000081000000, 0x0000000081000000| Untracked 
|  16|0x0000000081000000, 0x0000000081100000, 0x0000000081100000|100%| O|  |TAMS 0x0000000081100000, 0x0000000081100000| Untracked 
|  17|0x0000000081100000, 0x0000000081200000, 0x0000000081200000|100%| O|  |TAMS 0x0000000081200000, 0x0000000081200000| Untracked 
|  18|0x0000000081200000, 0x0000000081300000, 0x0000000081300000|100%| O|  |TAMS 0x0000000081300000, 0x0000000081300000| Untracked 
|  19|0x0000000081300000, 0x0000000081400000, 0x0000000081400000|100%| O|  |TAMS 0x0000000081400000, 0x0000000081400000| Untracked 
|  20|0x0000000081400000, 0x0000000081500000, 0x0000000081500000|100%| O|  |TAMS 0x0000000081500000, 0x0000000081500000| Untracked 
|  21|0x0000000081500000, 0x0000000081600000, 0x0000000081600000|100%| O|  |TAMS 0x0000000081600000, 0x0000000081600000| Untracked 
|  22|0x0000000081600000, 0x0000000081700000, 0x0000000081700000|100%| O|  |TAMS 0x0000000081700000, 0x0000000081700000| Untracked 
|  23|0x0000000081700000, 0x0000000081800000, 0x0000000081800000|100%| O|  |TAMS 0x0000000081800000, 0x0000000081800000| Untracked 
|  24|0x0000000081800000, 0x0000000081900000, 0x0000000081900000|100%| O|  |TAMS 0x0000000081900000, 0x0000000081900000| Untracked 
|  25|0x0000000081900000, 0x0000000081a00000, 0x0000000081a00000|100%| O|  |TAMS 0x0000000081a00000, 0x0000000081a00000| Untracked 
|  26|0x0000000081a00000, 0x0000000081b00000, 0x0000000081b00000|100%| O|  |TAMS 0x0000000081b00000, 0x0000000081b00000| Untracked 
|  27|0x0000000081b00000, 0x0000000081c00000, 0x0000000081c00000|100%| O|  |TAMS 0x0000000081c00000, 0x0000000081c00000| Untracked 
|  28|0x0000000081c00000, 0x0000000081d00000, 0x0000000081d00000|100%|HS|  |TAMS 0x0000000081d00000, 0x0000000081d00000| Complete 
|  29|0x0000000081d00000, 0x0000000081e00000, 0x0000000081e00000|100%|HS|  |TAMS 0x0000000081e00000, 0x0000000081e00000| Complete 
|  30|0x0000000081e00000, 0x0000000081f00000, 0x0000000081f00000|100%| O|  |TAMS 0x0000000081f00000, 0x0000000081f00000| Untracked 
|  31|0x0000000081f00000, 0x0000000082000000, 0x0000000082000000|100%|HS|  |TAMS 0x0000000082000000, 0x0000000082000000| Complete 
|  32|0x0000000082000000, 0x0000000082100000, 0x0000000082100000|100%|HC|  |TAMS 0x0000000082100000, 0x0000000082100000| Complete 
|  33|0x0000000082100000, 0x0000000082200000, 0x0000000082200000|100%| O|  |TAMS 0x0000000082200000, 0x0000000082200000| Untracked 
|  34|0x0000000082200000, 0x0000000082300000, 0x0000000082300000|100%| O|  |TAMS 0x0000000082300000, 0x0000000082300000| Untracked 
|  35|0x0000000082300000, 0x0000000082400000, 0x0000000082400000|100%| O|  |TAMS 0x0000000082400000, 0x0000000082400000| Untracked 
|  36|0x0000000082400000, 0x0000000082500000, 0x0000000082500000|100%| O|  |TAMS 0x0000000082500000, 0x0000000082500000| Untracked 
|  37|0x0000000082500000, 0x0000000082600000, 0x0000000082600000|100%| O|  |TAMS 0x0000000082600000, 0x0000000082600000| Untracked 
|  38|0x0000000082600000, 0x0000000082700000, 0x0000000082700000|100%| O|  |TAMS 0x0000000082700000, 0x0000000082700000| Untracked 
|  39|0x0000000082700000, 0x0000000082800000, 0x0000000082800000|100%| O|  |TAMS 0x0000000082800000, 0x0000000082800000| Untracked 
|  40|0x0000000082800000, 0x0000000082900000, 0x0000000082900000|100%| O|  |TAMS 0x0000000082900000, 0x0000000082900000| Untracked 
|  41|0x0000000082900000, 0x0000000082a00000, 0x0000000082a00000|100%| O|  |TAMS 0x0000000082a00000, 0x0000000082a00000| Untracked 
|  42|0x0000000082a00000, 0x0000000082b00000, 0x0000000082b00000|100%| O|  |TAMS 0x0000000082b00000, 0x0000000082b00000| Untracked 
|  43|0x0000000082b00000, 0x0000000082c00000, 0x0000000082c00000|100%| O|  |TAMS 0x0000000082c00000, 0x0000000082c00000| Untracked 
|  44|0x0000000082c00000, 0x0000000082d00000, 0x0000000082d00000|100%| O|  |TAMS 0x0000000082d00000, 0x0000000082d00000| Untracked 
|  45|0x0000000082d00000, 0x0000000082e00000, 0x0000000082e00000|100%| O|  |TAMS 0x0000000082e00000, 0x0000000082e00000| Untracked 
|  46|0x0000000082e00000, 0x0000000082f00000, 0x0000000082f00000|100%| O|  |TAMS 0x0000000082f00000, 0x0000000082f00000| Untracked 
|  47|0x0000000082f00000, 0x0000000083000000, 0x0000000083000000|100%| O|  |TAMS 0x0000000083000000, 0x0000000083000000| Untracked 
|  48|0x0000000083000000, 0x0000000083100000, 0x0000000083100000|100%| O|  |TAMS 0x0000000083100000, 0x0000000083100000| Untracked 
|  49|0x0000000083100000, 0x0000000083200000, 0x0000000083200000|100%| O|  |TAMS 0x0000000083200000, 0x0000000083200000| Untracked 
|  50|0x0000000083200000, 0x0000000083300000, 0x0000000083300000|100%| O|  |TAMS 0x0000000083300000, 0x0000000083300000| Untracked 
|  51|0x0000000083300000, 0x0000000083400000, 0x0000000083400000|100%| O|  |TAMS 0x0000000083400000, 0x0000000083400000| Untracked 
|  52|0x0000000083400000, 0x0000000083500000, 0x0000000083500000|100%| O|  |TAMS 0x0000000083500000, 0x0000000083500000| Untracked 
|  53|0x0000000083500000, 0x0000000083600000, 0x0000000083600000|100%| O|  |TAMS 0x0000000083600000, 0x0000000083600000| Untracked 
|  54|0x0000000083600000, 0x0000000083700000, 0x0000000083700000|100%| O|  |TAMS 0x0000000083700000, 0x0000000083700000| Untracked 
|  55|0x0000000083700000, 0x0000000083800000, 0x0000000083800000|100%| O|  |TAMS 0x0000000083800000, 0x0000000083800000| Untracked 
|  56|0x0000000083800000, 0x0000000083900000, 0x0000000083900000|100%| O|  |TAMS 0x0000000083900000, 0x0000000083900000| Untracked 
|  57|0x0000000083900000, 0x0000000083a00000, 0x0000000083a00000|100%| O|  |TAMS 0x0000000083a00000, 0x0000000083a00000| Untracked 
|  58|0x0000000083a00000, 0x0000000083b00000, 0x0000000083b00000|100%| O|  |TAMS 0x0000000083b00000, 0x0000000083b00000| Untracked 
|  59|0x0000000083b00000, 0x0000000083c00000, 0x0000000083c00000|100%| O|  |TAMS 0x0000000083c00000, 0x0000000083c00000| Untracked 
|  60|0x0000000083c00000, 0x0000000083d00000, 0x0000000083d00000|100%| O|  |TAMS 0x0000000083d00000, 0x0000000083d00000| Untracked 
|  61|0x0000000083d00000, 0x0000000083e00000, 0x0000000083e00000|100%| O|  |TAMS 0x0000000083e00000, 0x0000000083e00000| Untracked 
|  62|0x0000000083e00000, 0x0000000083f00000, 0x0000000083f00000|100%| O|  |TAMS 0x0000000083f00000, 0x0000000083f00000| Untracked 
|  63|0x0000000083f00000, 0x0000000084000000, 0x0000000084000000|100%| O|  |TAMS 0x0000000084000000, 0x0000000084000000| Untracked 
|  64|0x0000000084000000, 0x0000000084100000, 0x0000000084100000|100%| O|  |TAMS 0x0000000084100000, 0x0000000084100000| Untracked 
|  65|0x0000000084100000, 0x0000000084200000, 0x0000000084200000|100%| O|  |TAMS 0x0000000084200000, 0x0000000084200000| Untracked 
|  66|0x0000000084200000, 0x0000000084300000, 0x0000000084300000|100%| O|  |TAMS 0x0000000084300000, 0x0000000084300000| Untracked 
|  67|0x0000000084300000, 0x0000000084400000, 0x0000000084400000|100%| O|  |TAMS 0x0000000084400000, 0x0000000084400000| Untracked 
|  68|0x0000000084400000, 0x0000000084500000, 0x0000000084500000|100%| O|  |TAMS 0x0000000084500000, 0x0000000084500000| Untracked 
|  69|0x0000000084500000, 0x0000000084600000, 0x0000000084600000|100%| O|  |TAMS 0x0000000084600000, 0x0000000084600000| Untracked 
|  70|0x0000000084600000, 0x0000000084700000, 0x0000000084700000|100%| O|  |TAMS 0x0000000084700000, 0x0000000084700000| Untracked 
|  71|0x0000000084700000, 0x0000000084800000, 0x0000000084800000|100%|HS|  |TAMS 0x0000000084800000, 0x0000000084800000| Complete 
|  72|0x0000000084800000, 0x0000000084900000, 0x0000000084900000|100%|HC|  |TAMS 0x0000000084900000, 0x0000000084900000| Complete 
|  73|0x0000000084900000, 0x0000000084a00000, 0x0000000084a00000|100%|HC|  |TAMS 0x0000000084a00000, 0x0000000084a00000| Complete 
|  74|0x0000000084a00000, 0x0000000084b00000, 0x0000000084b00000|100%|HC|  |TAMS 0x0000000084b00000, 0x0000000084b00000| Complete 
|  75|0x0000000084b00000, 0x0000000084c00000, 0x0000000084c00000|100%|HC|  |TAMS 0x0000000084c00000, 0x0000000084c00000| Complete 
|  76|0x0000000084c00000, 0x0000000084d00000, 0x0000000084d00000|100%|HC|  |TAMS 0x0000000084d00000, 0x0000000084d00000| Complete 
|  77|0x0000000084d00000, 0x0000000084e00000, 0x0000000084e00000|100%|HC|  |TAMS 0x0000000084e00000, 0x0000000084e00000| Complete 
|  78|0x0000000084e00000, 0x0000000084f00000, 0x0000000084f00000|100%|HC|  |TAMS 0x0000000084f00000, 0x0000000084f00000| Complete 
|  79|0x0000000084f00000, 0x0000000085000000, 0x0000000085000000|100%|HC|  |TAMS 0x0000000085000000, 0x0000000085000000| Complete 
|  80|0x0000000085000000, 0x0000000085100000, 0x0000000085100000|100%|HS|  |TAMS 0x0000000085000000, 0x0000000085100000| Complete 
|  81|0x0000000085100000, 0x0000000085200000, 0x0000000085200000|100%| O|  |TAMS 0x0000000085100000, 0x0000000085200000| Untracked 
|  82|0x0000000085200000, 0x0000000085300000, 0x0000000085300000|100%| O|  |TAMS 0x0000000085200000, 0x0000000085300000| Untracked 
|  83|0x0000000085300000, 0x0000000085400000, 0x0000000085400000|100%| O|  |TAMS 0x0000000085300000, 0x0000000085400000| Untracked 
|  84|0x0000000085400000, 0x0000000085500000, 0x0000000085500000|100%| O|  |TAMS 0x0000000085400000, 0x0000000085500000| Untracked 
|  85|0x0000000085500000, 0x0000000085600000, 0x0000000085600000|100%| O|  |TAMS 0x0000000085500000, 0x0000000085600000| Untracked 
|  86|0x0000000085600000, 0x0000000085700000, 0x0000000085700000|100%| O|  |TAMS 0x0000000085600000, 0x0000000085700000| Untracked 
|  87|0x0000000085700000, 0x0000000085800000, 0x0000000085800000|100%| O|  |TAMS 0x0000000085700000, 0x0000000085800000| Untracked 
|  88|0x0000000085800000, 0x0000000085900000, 0x0000000085900000|100%| O|  |TAMS 0x0000000085800000, 0x0000000085900000| Untracked 
|  89|0x0000000085900000, 0x0000000085a00000, 0x0000000085a00000|100%| O|  |TAMS 0x0000000085900000, 0x0000000085a00000| Untracked 
|  90|0x0000000085a00000, 0x0000000085b00000, 0x0000000085b00000|100%| O|  |TAMS 0x0000000085a00000, 0x0000000085b00000| Untracked 
|  91|0x0000000085b00000, 0x0000000085c00000, 0x0000000085c00000|100%| O|  |TAMS 0x0000000085b00000, 0x0000000085c00000| Untracked 
|  92|0x0000000085c00000, 0x0000000085d00000, 0x0000000085d00000|100%| O|  |TAMS 0x0000000085c00000, 0x0000000085d00000| Untracked 
|  93|0x0000000085d00000, 0x0000000085e00000, 0x0000000085e00000|100%| O|  |TAMS 0x0000000085d00000, 0x0000000085e00000| Untracked 
|  94|0x0000000085e00000, 0x0000000085f00000, 0x0000000085f00000|100%| O|  |TAMS 0x0000000085e00000, 0x0000000085f00000| Untracked 
|  95|0x0000000085f00000, 0x0000000086000000, 0x0000000086000000|100%| O|  |TAMS 0x0000000085f00000, 0x0000000086000000| Untracked 
|  96|0x0000000086000000, 0x0000000086100000, 0x0000000086100000|100%| O|  |TAMS 0x0000000086000000, 0x0000000086100000| Untracked 
|  97|0x0000000086100000, 0x0000000086200000, 0x0000000086200000|100%| O|  |TAMS 0x0000000086100000, 0x0000000086200000| Untracked 
|  98|0x0000000086200000, 0x0000000086300000, 0x0000000086300000|100%| O|  |TAMS 0x0000000086200000, 0x0000000086300000| Untracked 
|  99|0x0000000086300000, 0x0000000086400000, 0x0000000086400000|100%| O|  |TAMS 0x0000000086300000, 0x0000000086400000| Untracked 
| 100|0x0000000086400000, 0x0000000086500000, 0x0000000086500000|100%|HS|  |TAMS 0x0000000086500000, 0x0000000086500000| Complete 
| 101|0x0000000086500000, 0x0000000086600000, 0x0000000086600000|100%|HC|  |TAMS 0x0000000086600000, 0x0000000086600000| Complete 
| 102|0x0000000086600000, 0x0000000086700000, 0x0000000086700000|100%|HC|  |TAMS 0x0000000086700000, 0x0000000086700000| Complete 
| 103|0x0000000086700000, 0x0000000086800000, 0x0000000086800000|100%|HC|  |TAMS 0x0000000086800000, 0x0000000086800000| Complete 
| 104|0x0000000086800000, 0x0000000086900000, 0x0000000086900000|100%|HC|  |TAMS 0x0000000086900000, 0x0000000086900000| Complete 
| 105|0x0000000086900000, 0x0000000086a00000, 0x0000000086a00000|100%|HC|  |TAMS 0x0000000086a00000, 0x0000000086a00000| Complete 
| 106|0x0000000086a00000, 0x0000000086b00000, 0x0000000086b00000|100%|HC|  |TAMS 0x0000000086b00000, 0x0000000086b00000| Complete 
| 107|0x0000000086b00000, 0x0000000086c00000, 0x0000000086c00000|100%|HC|  |TAMS 0x0000000086c00000, 0x0000000086c00000| Complete 
| 108|0x0000000086c00000, 0x0000000086d00000, 0x0000000086d00000|100%|HC|  |TAMS 0x0000000086d00000, 0x0000000086d00000| Complete 
| 109|0x0000000086d00000, 0x0000000086e00000, 0x0000000086e00000|100%|HS|  |TAMS 0x0000000086e00000, 0x0000000086e00000| Complete 
| 110|0x0000000086e00000, 0x0000000086f00000, 0x0000000086f00000|100%| O|  |TAMS 0x0000000086e00000, 0x0000000086f00000| Untracked 
| 111|0x0000000086f00000, 0x0000000087000000, 0x0000000087000000|100%| O|  |TAMS 0x0000000086f00000, 0x0000000087000000| Untracked 
| 112|0x0000000087000000, 0x0000000087100000, 0x0000000087100000|100%| O|  |TAMS 0x0000000087100000, 0x0000000087100000| Untracked 
| 113|0x0000000087100000, 0x0000000087200000, 0x0000000087200000|100%| O|  |TAMS 0x0000000087200000, 0x0000000087200000| Untracked 
| 114|0x0000000087200000, 0x0000000087300000, 0x0000000087300000|100%| O|  |TAMS 0x0000000087300000, 0x0000000087300000| Untracked 
| 115|0x0000000087300000, 0x0000000087400000, 0x0000000087400000|100%| O|  |TAMS 0x0000000087400000, 0x0000000087400000| Untracked 
| 116|0x0000000087400000, 0x0000000087500000, 0x0000000087500000|100%| O|  |TAMS 0x0000000087500000, 0x0000000087500000| Untracked 
| 117|0x0000000087500000, 0x0000000087600000, 0x0000000087600000|100%| O|  |TAMS 0x0000000087600000, 0x0000000087600000| Untracked 
| 118|0x0000000087600000, 0x0000000087700000, 0x0000000087700000|100%| O|  |TAMS 0x0000000087700000, 0x0000000087700000| Untracked 
| 119|0x0000000087700000, 0x0000000087800000, 0x0000000087800000|100%| O|  |TAMS 0x0000000087800000, 0x0000000087800000| Untracked 
| 120|0x0000000087800000, 0x0000000087900000, 0x0000000087900000|100%| O|  |TAMS 0x0000000087900000, 0x0000000087900000| Untracked 
| 121|0x0000000087900000, 0x0000000087a00000, 0x0000000087a00000|100%| O|  |TAMS 0x0000000087a00000, 0x0000000087a00000| Untracked 
| 122|0x0000000087a00000, 0x0000000087b00000, 0x0000000087b00000|100%| O|  |TAMS 0x0000000087b00000, 0x0000000087b00000| Untracked 
| 123|0x0000000087b00000, 0x0000000087c00000, 0x0000000087c00000|100%| O|  |TAMS 0x0000000087c00000, 0x0000000087c00000| Untracked 
| 124|0x0000000087c00000, 0x0000000087d00000, 0x0000000087d00000|100%| O|  |TAMS 0x0000000087d00000, 0x0000000087d00000| Untracked 
| 125|0x0000000087d00000, 0x0000000087e00000, 0x0000000087e00000|100%| O|  |TAMS 0x0000000087d6a600, 0x0000000087e00000| Untracked 
| 126|0x0000000087e00000, 0x0000000087f00000, 0x0000000087f00000|100%| O|  |TAMS 0x0000000087e00000, 0x0000000087f00000| Untracked 
| 127|0x0000000087f00000, 0x0000000088000000, 0x0000000088000000|100%| O|  |TAMS 0x0000000087f00000, 0x0000000088000000| Untracked 
| 128|0x0000000088000000, 0x0000000088100000, 0x0000000088100000|100%| O|  |TAMS 0x0000000088000000, 0x0000000088100000| Untracked 
| 129|0x0000000088100000, 0x0000000088200000, 0x0000000088200000|100%| O|  |TAMS 0x0000000088100000, 0x0000000088200000| Untracked 
| 130|0x0000000088200000, 0x0000000088300000, 0x0000000088300000|100%| O|  |TAMS 0x0000000088200000, 0x0000000088300000| Untracked 
| 131|0x0000000088300000, 0x0000000088400000, 0x0000000088400000|100%| O|  |TAMS 0x0000000088300000, 0x0000000088400000| Untracked 
| 132|0x0000000088400000, 0x0000000088500000, 0x0000000088500000|100%| O|  |TAMS 0x0000000088400000, 0x0000000088500000| Untracked 
| 133|0x0000000088500000, 0x0000000088600000, 0x0000000088600000|100%| O|  |TAMS 0x0000000088500000, 0x0000000088600000| Untracked 
| 134|0x0000000088600000, 0x0000000088700000, 0x0000000088700000|100%| O|  |TAMS 0x0000000088600000, 0x0000000088700000| Untracked 
| 135|0x0000000088700000, 0x0000000088800000, 0x0000000088800000|100%| O|  |TAMS 0x0000000088700000, 0x0000000088800000| Untracked 
| 136|0x0000000088800000, 0x0000000088900000, 0x0000000088900000|100%| O|  |TAMS 0x0000000088800000, 0x0000000088900000| Untracked 
| 137|0x0000000088900000, 0x0000000088a00000, 0x0000000088a00000|100%| O|  |TAMS 0x0000000088900000, 0x0000000088a00000| Untracked 
| 138|0x0000000088a00000, 0x0000000088b00000, 0x0000000088b00000|100%| O|  |TAMS 0x0000000088a00000, 0x0000000088b00000| Untracked 
| 139|0x0000000088b00000, 0x0000000088c00000, 0x0000000088c00000|100%| O|  |TAMS 0x0000000088b00000, 0x0000000088c00000| Untracked 
| 140|0x0000000088c00000, 0x0000000088c80000, 0x0000000088d00000| 50%| O|  |TAMS 0x0000000088c00000, 0x0000000088c80000| Untracked 
| 141|0x0000000088d00000, 0x0000000088e00000, 0x0000000088e00000|100%|HS|  |TAMS 0x0000000088d00000, 0x0000000088d00000| Complete 
| 142|0x0000000088e00000, 0x0000000088f00000, 0x0000000088f00000|100%|HS|  |TAMS 0x0000000088e00000, 0x0000000088e00000| Complete 
| 143|0x0000000088f00000, 0x0000000088f00000, 0x0000000089000000|  0%| F|  |TAMS 0x0000000088f00000, 0x0000000088f00000| Untracked 
| 144|0x0000000089000000, 0x0000000089000000, 0x0000000089100000|  0%| F|  |TAMS 0x0000000089000000, 0x0000000089000000| Untracked 
| 145|0x0000000089100000, 0x0000000089100000, 0x0000000089200000|  0%| F|  |TAMS 0x0000000089100000, 0x0000000089100000| Untracked 
| 146|0x0000000089200000, 0x0000000089200000, 0x0000000089300000|  0%| F|  |TAMS 0x0000000089200000, 0x0000000089200000| Untracked 
| 147|0x0000000089300000, 0x0000000089300000, 0x0000000089400000|  0%| F|  |TAMS 0x0000000089300000, 0x0000000089300000| Untracked 
| 148|0x0000000089400000, 0x0000000089400000, 0x0000000089500000|  0%| F|  |TAMS 0x0000000089400000, 0x0000000089400000| Untracked 
| 149|0x0000000089500000, 0x0000000089500000, 0x0000000089600000|  0%| F|  |TAMS 0x0000000089500000, 0x0000000089500000| Untracked 
| 150|0x0000000089600000, 0x0000000089600000, 0x0000000089700000|  0%| F|  |TAMS 0x0000000089600000, 0x0000000089600000| Untracked 
| 151|0x0000000089700000, 0x0000000089700000, 0x0000000089800000|  0%| F|  |TAMS 0x0000000089700000, 0x0000000089700000| Untracked 
| 152|0x0000000089800000, 0x0000000089800000, 0x0000000089900000|  0%| F|  |TAMS 0x0000000089800000, 0x0000000089800000| Untracked 
| 153|0x0000000089900000, 0x0000000089900000, 0x0000000089a00000|  0%| F|  |TAMS 0x0000000089900000, 0x0000000089900000| Untracked 
| 154|0x0000000089a00000, 0x0000000089a00000, 0x0000000089b00000|  0%| F|  |TAMS 0x0000000089a00000, 0x0000000089a00000| Untracked 
| 155|0x0000000089b00000, 0x0000000089b00000, 0x0000000089c00000|  0%| F|  |TAMS 0x0000000089b00000, 0x0000000089b00000| Untracked 
| 156|0x0000000089c00000, 0x0000000089c00000, 0x0000000089d00000|  0%| F|  |TAMS 0x0000000089c00000, 0x0000000089c00000| Untracked 
| 157|0x0000000089d00000, 0x0000000089d00000, 0x0000000089e00000|  0%| F|  |TAMS 0x0000000089d00000, 0x0000000089d00000| Untracked 
| 158|0x0000000089e00000, 0x0000000089e00000, 0x0000000089f00000|  0%| F|  |TAMS 0x0000000089e00000, 0x0000000089e00000| Untracked 
| 159|0x0000000089f00000, 0x0000000089f00000, 0x000000008a000000|  0%| F|  |TAMS 0x0000000089f00000, 0x0000000089f00000| Untracked 
| 160|0x000000008a000000, 0x000000008a000000, 0x000000008a100000|  0%| F|  |TAMS 0x000000008a000000, 0x000000008a000000| Untracked 
| 161|0x000000008a100000, 0x000000008a100000, 0x000000008a200000|  0%| F|  |TAMS 0x000000008a100000, 0x000000008a100000| Untracked 
| 162|0x000000008a200000, 0x000000008a200000, 0x000000008a300000|  0%| F|  |TAMS 0x000000008a200000, 0x000000008a200000| Untracked 
| 163|0x000000008a300000, 0x000000008a300000, 0x000000008a400000|  0%| F|  |TAMS 0x000000008a300000, 0x000000008a300000| Untracked 
| 164|0x000000008a400000, 0x000000008a400000, 0x000000008a500000|  0%| F|  |TAMS 0x000000008a400000, 0x000000008a400000| Untracked 
| 165|0x000000008a500000, 0x000000008a500000, 0x000000008a600000|  0%| F|  |TAMS 0x000000008a500000, 0x000000008a500000| Untracked 
| 166|0x000000008a600000, 0x000000008a600000, 0x000000008a700000|  0%| F|  |TAMS 0x000000008a600000, 0x000000008a600000| Untracked 
| 167|0x000000008a700000, 0x000000008a700000, 0x000000008a800000|  0%| F|  |TAMS 0x000000008a700000, 0x000000008a700000| Untracked 
| 168|0x000000008a800000, 0x000000008a800000, 0x000000008a900000|  0%| F|  |TAMS 0x000000008a800000, 0x000000008a800000| Untracked 
| 169|0x000000008a900000, 0x000000008a900000, 0x000000008aa00000|  0%| F|  |TAMS 0x000000008a900000, 0x000000008a900000| Untracked 
| 170|0x000000008aa00000, 0x000000008ab00000, 0x000000008ab00000|100%| S|CS|TAMS 0x000000008aa00000, 0x000000008aa00000| Complete 
| 171|0x000000008ab00000, 0x000000008ac00000, 0x000000008ac00000|100%| S|CS|TAMS 0x000000008ab00000, 0x000000008ab00000| Complete 
| 172|0x000000008ac00000, 0x000000008ad00000, 0x000000008ad00000|100%| S|CS|TAMS 0x000000008ac00000, 0x000000008ac00000| Complete 
| 173|0x000000008ad00000, 0x000000008ae00000, 0x000000008ae00000|100%| S|CS|TAMS 0x000000008ad00000, 0x000000008ad00000| Complete 
| 174|0x000000008ae00000, 0x000000008af00000, 0x000000008af00000|100%| S|CS|TAMS 0x000000008ae00000, 0x000000008ae00000| Complete 
| 175|0x000000008af00000, 0x000000008af00000, 0x000000008b000000|  0%| F|  |TAMS 0x000000008af00000, 0x000000008af00000| Untracked 
| 176|0x000000008b000000, 0x000000008b000000, 0x000000008b100000|  0%| F|  |TAMS 0x000000008b000000, 0x000000008b000000| Untracked 
| 177|0x000000008b100000, 0x000000008b100000, 0x000000008b200000|  0%| F|  |TAMS 0x000000008b100000, 0x000000008b100000| Untracked 
| 178|0x000000008b200000, 0x000000008b200000, 0x000000008b300000|  0%| F|  |TAMS 0x000000008b200000, 0x000000008b200000| Untracked 
| 179|0x000000008b300000, 0x000000008b300000, 0x000000008b400000|  0%| F|  |TAMS 0x000000008b300000, 0x000000008b300000| Untracked 
| 180|0x000000008b400000, 0x000000008b400000, 0x000000008b500000|  0%| F|  |TAMS 0x000000008b400000, 0x000000008b400000| Untracked 
| 181|0x000000008b500000, 0x000000008b500000, 0x000000008b600000|  0%| F|  |TAMS 0x000000008b500000, 0x000000008b500000| Untracked 
| 182|0x000000008b600000, 0x000000008b600000, 0x000000008b700000|  0%| F|  |TAMS 0x000000008b600000, 0x000000008b600000| Untracked 
| 183|0x000000008b700000, 0x000000008b700000, 0x000000008b800000|  0%| F|  |TAMS 0x000000008b700000, 0x000000008b700000| Untracked 
| 184|0x000000008b800000, 0x000000008b800000, 0x000000008b900000|  0%| F|  |TAMS 0x000000008b800000, 0x000000008b800000| Untracked 
| 185|0x000000008b900000, 0x000000008b900000, 0x000000008ba00000|  0%| F|  |TAMS 0x000000008b900000, 0x000000008b900000| Untracked 
| 186|0x000000008ba00000, 0x000000008ba62e90, 0x000000008bb00000| 38%| E|  |TAMS 0x000000008ba00000, 0x000000008ba00000| Complete 
| 187|0x000000008bb00000, 0x000000008bc00000, 0x000000008bc00000|100%| E|CS|TAMS 0x000000008bb00000, 0x000000008bb00000| Complete 
| 188|0x000000008bc00000, 0x000000008bd00000, 0x000000008bd00000|100%| E|CS|TAMS 0x000000008bc00000, 0x000000008bc00000| Complete 
| 189|0x000000008bd00000, 0x000000008be00000, 0x000000008be00000|100%| E|CS|TAMS 0x000000008bd00000, 0x000000008bd00000| Complete 
| 190|0x000000008be00000, 0x000000008bf00000, 0x000000008bf00000|100%| E|CS|TAMS 0x000000008be00000, 0x000000008be00000| Complete 
| 191|0x000000008bf00000, 0x000000008c000000, 0x000000008c000000|100%| E|CS|TAMS 0x000000008bf00000, 0x000000008bf00000| Complete 
| 192|0x000000008c000000, 0x000000008c100000, 0x000000008c100000|100%| E|CS|TAMS 0x000000008c000000, 0x000000008c000000| Complete 
| 193|0x000000008c100000, 0x000000008c200000, 0x000000008c200000|100%| E|CS|TAMS 0x000000008c100000, 0x000000008c100000| Complete 
| 194|0x000000008c200000, 0x000000008c300000, 0x000000008c300000|100%| E|CS|TAMS 0x000000008c200000, 0x000000008c200000| Complete 
| 195|0x000000008c300000, 0x000000008c400000, 0x000000008c400000|100%| E|CS|TAMS 0x000000008c300000, 0x000000008c300000| Complete 
| 196|0x000000008c400000, 0x000000008c500000, 0x000000008c500000|100%| E|CS|TAMS 0x000000008c400000, 0x000000008c400000| Complete 
| 197|0x000000008c500000, 0x000000008c600000, 0x000000008c600000|100%| E|CS|TAMS 0x000000008c500000, 0x000000008c500000| Complete 
| 198|0x000000008c600000, 0x000000008c700000, 0x000000008c700000|100%| E|CS|TAMS 0x000000008c600000, 0x000000008c600000| Complete 
| 199|0x000000008c700000, 0x000000008c800000, 0x000000008c800000|100%| E|CS|TAMS 0x000000008c700000, 0x000000008c700000| Complete 
| 200|0x000000008c800000, 0x000000008c900000, 0x000000008c900000|100%| E|CS|TAMS 0x000000008c800000, 0x000000008c800000| Complete 
| 201|0x000000008c900000, 0x000000008ca00000, 0x000000008ca00000|100%| E|CS|TAMS 0x000000008c900000, 0x000000008c900000| Complete 

Card table byte_map: [0x000001889e2d0000,0x000001889e6d0000] _byte_map_base: 0x000001889ded0000

Marking Bits (Prev, Next): (CMBitMap*) 0x000001888b3f9788, (CMBitMap*) 0x000001888b3f97c0
 Prev Bits: [0x000001889ead0000, 0x00000188a0ad0000)
 Next Bits: [0x00000188a0ad0000, 0x00000188a2ad0000)

Polling page: 0x0000018889540000

Metaspace:

Usage:
  Non-class:     77.42 MB capacity,    76.13 MB ( 98%) used,     1.03 MB (  1%) free+waste,   258.56 KB ( <1%) overhead. 
      Class:     12.28 MB capacity,    11.46 MB ( 93%) used,   720.01 KB (  6%) free+waste,   115.63 KB ( <1%) overhead. 
       Both:     89.70 MB capacity,    87.60 MB ( 98%) used,     1.74 MB (  2%) free+waste,   374.19 KB ( <1%) overhead. 

Virtual space:
  Non-class space:       78.00 MB reserved,      77.58 MB (>99%) committed 
      Class space:        1.00 GB reserved,      12.38 MB (  1%) committed 
             Both:        1.08 GB reserved,      89.95 MB (  8%) committed 

Chunk freelists:
   Non-Class:  34.00 KB
       Class:  4.00 KB
        Both:  38.00 KB

MaxMetaspaceSize: 17179869184.00 GB
CompressedClassSpaceSize: 1.00 GB
Initial GC threshold: 20.80 MB
Current GC threshold: 148.46 MB
CDS: off

CodeHeap 'non-profiled nmethods': size=120064Kb used=6245Kb max_used=6245Kb free=113818Kb
 bounds [0x0000018896990000, 0x0000018896fb0000, 0x000001889ded0000]
CodeHeap 'profiled nmethods': size=120000Kb used=24017Kb max_used=24017Kb free=95982Kb
 bounds [0x000001888f460000, 0x0000018890be0000, 0x0000018896990000]
CodeHeap 'non-nmethods': size=5696Kb used=2379Kb max_used=2436Kb free=3316Kb
 bounds [0x000001888eed0000, 0x000001888f140000, 0x000001888f460000]
 total_blobs=11995 nmethods=11095 adapters=812
 compilation: enabled
              stopped_count=0, restarted_count=0
 full_count=0

Compilation events (20 events):
Event: 27.403 Thread 0x00000188a4fc8000 11242       2       com.android.tools.r8.code.f::<init> (7 bytes)
Event: 27.404 Thread 0x00000188a4fc8000 nmethod 11242 0x0000018890bc9510 code [0x0000018890bc96e0, 0x0000018890bc9918]
Event: 27.404 Thread 0x00000188a4fc8000 11243       2       com.android.tools.r8.code.r::<init> (7 bytes)
Event: 27.405 Thread 0x00000188a4fc8000 nmethod 11243 0x0000018890bc9b10 code [0x0000018890bc9cc0, 0x0000018890bc9e18]
Event: 27.421 Thread 0x00000188a4fc8000 11244       2       com.android.tools.r8.code.P3::<init> (7 bytes)
Event: 27.421 Thread 0x00000188a4fc8000 nmethod 11244 0x0000018890bc9f10 code [0x0000018890bca0c0, 0x0000018890bca218]
Event: 27.549 Thread 0x00000188a4fc8000 11245       2       com.android.tools.r8.graph.N2::g (64 bytes)
Event: 27.549 Thread 0x00000188a4fc8000 nmethod 11245 0x0000018890bca310 code [0x0000018890bca520, 0x0000018890bca838]
Event: 27.625 Thread 0x00000188a4fc8000 11247       2       com.android.tools.r8.code.F3::<init> (85 bytes)
Event: 27.626 Thread 0x00000188a4fc8000 nmethod 11247 0x0000018890bcaa10 code [0x0000018890bcac40, 0x0000018890bcb368]
Event: 27.646 Thread 0x00000188a4fc8000 11248       2       com.android.tools.r8.code.N0::<init> (34 bytes)
Event: 27.646 Thread 0x00000188a4fc8000 nmethod 11248 0x0000018890bcb890 code [0x0000018890bcba60, 0x0000018890bcbc28]
Event: 27.646 Thread 0x00000188a4fc8000 11249       2       com.android.tools.r8.code.N0::hashCode (28 bytes)
Event: 27.647 Thread 0x00000188a4fc8000 nmethod 11249 0x0000018890bcbd90 code [0x0000018890bcbf40, 0x0000018890bcc088]
Event: 27.649 Thread 0x00000188a4fc8000 11250       2       javax.management.ObjectName::<init> (15 bytes)
Event: 27.650 Thread 0x00000188a4fc8000 nmethod 11250 0x0000018890bcc110 code [0x0000018890bcc2c0, 0x0000018890bcc3c8]
Event: 27.673 Thread 0x00000188a4fc8000 11252       2       com.android.tools.r8.internal.d1::iterator (5 bytes)
Event: 27.674 Thread 0x00000188a4fc8000 nmethod 11252 0x0000018890bcc490 code [0x0000018890bcc640, 0x0000018890bcc828]
Event: 27.677 Thread 0x00000188a4fc8000 11253       2       com.android.tools.r8.internal.sK::<init> (41 bytes)
Event: 27.677 Thread 0x00000188a4fc8000 nmethod 11253 0x0000018890bcc910 code [0x0000018890bccac0, 0x0000018890bccc38]

GC Heap History (20 events):
Event: 16.120 GC heap before
{Heap before GC invocations=18 (full 0):
 garbage-first heap   total 143360K, used 103144K [0x0000000080000000, 0x0000000100000000)
  region size 1024K, 58 young (59392K), 8 survivors (8192K)
 Metaspace       used 65230K, capacity 66840K, committed 67024K, reserved 1107968K
  class space    used 8234K, capacity 8809K, committed 8832K, reserved 1048576K
}
Event: 16.141 GC heap after
{Heap after GC invocations=19 (full 0):
 garbage-first heap   total 143360K, used 54865K [0x0000000080000000, 0x0000000100000000)
  region size 1024K, 4 young (4096K), 4 survivors (4096K)
 Metaspace       used 65230K, capacity 66840K, committed 67024K, reserved 1107968K
  class space    used 8234K, capacity 8809K, committed 8832K, reserved 1048576K
}
Event: 17.519 GC heap before
{Heap before GC invocations=19 (full 0):
 garbage-first heap   total 143360K, used 111185K [0x0000000080000000, 0x0000000100000000)
  region size 1024K, 59 young (60416K), 4 survivors (4096K)
 Metaspace       used 70775K, capacity 72343K, committed 72528K, reserved 1112064K
  class space    used 9121K, capacity 9718K, committed 9728K, reserved 1048576K
}
Event: 17.538 GC heap after
{Heap after GC invocations=20 (full 0):
 garbage-first heap   total 172032K, used 57806K [0x0000000080000000, 0x0000000100000000)
  region size 1024K, 7 young (7168K), 7 survivors (7168K)
 Metaspace       used 70775K, capacity 72343K, committed 72528K, reserved 1112064K
  class space    used 9121K, capacity 9718K, committed 9728K, reserved 1048576K
}
Event: 19.137 GC heap before
{Heap before GC invocations=20 (full 0):
 garbage-first heap   total 172032K, used 127438K [0x0000000080000000, 0x0000000100000000)
  region size 1024K, 75 young (76800K), 7 survivors (7168K)
 Metaspace       used 77835K, capacity 79576K, committed 79824K, reserved 1118208K
  class space    used 10118K, capacity 10796K, committed 10880K, reserved 1048576K
}
Event: 19.164 GC heap after
{Heap after GC invocations=21 (full 0):
 garbage-first heap   total 172032K, used 61835K [0x0000000080000000, 0x0000000100000000)
  region size 1024K, 8 young (8192K), 8 survivors (8192K)
 Metaspace       used 77835K, capacity 79576K, committed 79824K, reserved 1118208K
  class space    used 10118K, capacity 10796K, committed 10880K, reserved 1048576K
}
Event: 20.937 GC heap before
{Heap before GC invocations=21 (full 0):
 garbage-first heap   total 172032K, used 131467K [0x0000000080000000, 0x0000000100000000)
  region size 1024K, 77 young (78848K), 8 survivors (8192K)
 Metaspace       used 81653K, capacity 83670K, committed 83792K, reserved 1122304K
  class space    used 10687K, capacity 11458K, committed 11520K, reserved 1048576K
}
Event: 20.967 GC heap after
{Heap after GC invocations=22 (full 0):
 garbage-first heap   total 172032K, used 67642K [0x0000000080000000, 0x0000000100000000)
  region size 1024K, 10 young (10240K), 10 survivors (10240K)
 Metaspace       used 81653K, capacity 83670K, committed 83792K, reserved 1122304K
  class space    used 10687K, capacity 11458K, committed 11520K, reserved 1048576K
}
Event: 22.991 GC heap before
{Heap before GC invocations=22 (full 0):
 garbage-first heap   total 172032K, used 135226K [0x0000000080000000, 0x0000000100000000)
  region size 1024K, 77 young (78848K), 10 survivors (10240K)
 Metaspace       used 82602K, capacity 84711K, committed 84944K, reserved 1122304K
  class space    used 10742K, capacity 11560K, committed 11648K, reserved 1048576K
}
Event: 23.019 GC heap after
{Heap after GC invocations=23 (full 0):
 garbage-first heap   total 172032K, used 72862K [0x0000000080000000, 0x0000000100000000)
  region size 1024K, 6 young (6144K), 6 survivors (6144K)
 Metaspace       used 82602K, capacity 84711K, committed 84944K, reserved 1122304K
  class space    used 10742K, capacity 11560K, committed 11648K, reserved 1048576K
}
Event: 24.435 GC heap before
{Heap before GC invocations=23 (full 0):
 garbage-first heap   total 172032K, used 136350K [0x0000000080000000, 0x0000000100000000)
  region size 1024K, 69 young (70656K), 6 survivors (6144K)
 Metaspace       used 83111K, capacity 85187K, committed 85456K, reserved 1124352K
  class space    used 10774K, capacity 11571K, committed 11648K, reserved 1048576K
}
Event: 24.456 GC heap after
{Heap after GC invocations=24 (full 0):
 garbage-first heap   total 206848K, used 76800K [0x0000000080000000, 0x0000000100000000)
  region size 1024K, 4 young (4096K), 4 survivors (4096K)
 Metaspace       used 83111K, capacity 85187K, committed 85456K, reserved 1124352K
  class space    used 10774K, capacity 11571K, committed 11648K, reserved 1048576K
}
Event: 25.204 GC heap before
{Heap before GC invocations=24 (full 0):
 garbage-first heap   total 206848K, used 124928K [0x0000000080000000, 0x0000000100000000)
  region size 1024K, 33 young (33792K), 4 survivors (4096K)
 Metaspace       used 87106K, capacity 89225K, committed 89296K, reserved 1126400K
  class space    used 11268K, capacity 12108K, committed 12160K, reserved 1048576K
}
Event: 25.231 GC heap after
{Heap after GC invocations=25 (full 0):
 garbage-first heap   total 206848K, used 99957K [0x0000000080000000, 0x0000000100000000)
  region size 1024K, 7 young (7168K), 7 survivors (7168K)
 Metaspace       used 87106K, capacity 89225K, committed 89296K, reserved 1126400K
  class space    used 11268K, capacity 12108K, committed 12160K, reserved 1048576K
}
Event: 25.828 GC heap before
{Heap before GC invocations=26 (full 0):
 garbage-first heap   total 206848K, used 159349K [0x0000000080000000, 0x0000000100000000)
  region size 1024K, 46 young (47104K), 7 survivors (7168K)
 Metaspace       used 87295K, capacity 89369K, committed 89552K, reserved 1126400K
  class space    used 11281K, capacity 12089K, committed 12160K, reserved 1048576K
}
Event: 25.905 GC heap after
{Heap after GC invocations=27 (full 0):
 garbage-first heap   total 206848K, used 114089K [0x0000000080000000, 0x0000000100000000)
  region size 1024K, 8 young (8192K), 8 survivors (8192K)
 Metaspace       used 87295K, capacity 89369K, committed 89552K, reserved 1126400K
  class space    used 11281K, capacity 12089K, committed 12160K, reserved 1048576K
}
Event: 26.992 GC heap before
{Heap before GC invocations=28 (full 0):
 garbage-first heap   total 206848K, used 158121K [0x0000000080000000, 0x0000000100000000)
  region size 1024K, 50 young (51200K), 8 survivors (8192K)
 Metaspace       used 89630K, capacity 91783K, committed 92112K, reserved 1128448K
  class space    used 11736K, capacity 12572K, committed 12672K, reserved 1048576K
}
Event: 27.084 GC heap after
{Heap after GC invocations=29 (full 0):
 garbage-first heap   total 206848K, used 134085K [0x0000000080000000, 0x0000000100000000)
  region size 1024K, 7 young (7168K), 7 survivors (7168K)
 Metaspace       used 89630K, capacity 91783K, committed 92112K, reserved 1128448K
  class space    used 11736K, capacity 12572K, committed 12672K, reserved 1048576K
}
Event: 27.439 GC heap before
{Heap before GC invocations=29 (full 0):
 garbage-first heap   total 206848K, used 161733K [0x0000000080000000, 0x0000000100000000)
  region size 1024K, 34 young (34816K), 7 survivors (7168K)
 Metaspace       used 89695K, capacity 91850K, committed 92112K, reserved 1128448K
  class space    used 11736K, capacity 12572K, committed 12672K, reserved 1048576K
}
Event: 27.517 GC heap after
{Heap after GC invocations=30 (full 0):
 garbage-first heap   total 206848K, used 148992K [0x0000000080000000, 0x0000000100000000)
  region size 1024K, 5 young (5120K), 5 survivors (5120K)
 Metaspace       used 89695K, capacity 91850K, committed 92112K, reserved 1128448K
  class space    used 11736K, capacity 12572K, committed 12672K, reserved 1048576K
}

Deoptimization events (20 events):
Event: 27.345 Thread 0x00000188ab0e6800 DEOPT PACKING pc=0x0000018890bb71da sp=0x00000030a3dfdf30
Event: 27.345 Thread 0x00000188ab0e6800 DEOPT UNPACKING pc=0x000001888ef1a95e sp=0x00000030a3dfdb90 mode 0
Event: 27.360 Thread 0x00000188ab0e6800 DEOPT PACKING pc=0x0000018890bb71da sp=0x00000030a3dfdf10
Event: 27.360 Thread 0x00000188ab0e6800 DEOPT UNPACKING pc=0x000001888ef1a95e sp=0x00000030a3dfdb70 mode 0
Event: 27.386 Thread 0x00000188ab0e6800 DEOPT PACKING pc=0x0000018890bb71da sp=0x00000030a3dfdf10
Event: 27.386 Thread 0x00000188ab0e6800 DEOPT UNPACKING pc=0x000001888ef1a95e sp=0x00000030a3dfdb70 mode 0
Event: 27.407 Thread 0x00000188ab0e6800 DEOPT PACKING pc=0x0000018890bb71da sp=0x00000030a3dfdf10
Event: 27.407 Thread 0x00000188ab0e6800 DEOPT UNPACKING pc=0x000001888ef1a95e sp=0x00000030a3dfdb70 mode 0
Event: 27.428 Thread 0x00000188ab0e6800 DEOPT PACKING pc=0x0000018890bb71da sp=0x00000030a3dfdf30
Event: 27.428 Thread 0x00000188ab0e6800 DEOPT UNPACKING pc=0x000001888ef1a95e sp=0x00000030a3dfdb90 mode 0
Event: 27.541 Thread 0x00000188ab0e6800 DEOPT PACKING pc=0x0000018890bb71da sp=0x00000030a3dfdf10
Event: 27.541 Thread 0x00000188ab0e6800 DEOPT UNPACKING pc=0x000001888ef1a95e sp=0x00000030a3dfdb70 mode 0
Event: 27.594 Thread 0x00000188ab0e6800 DEOPT PACKING pc=0x0000018890bb71da sp=0x00000030a3dfdf10
Event: 27.594 Thread 0x00000188ab0e6800 DEOPT UNPACKING pc=0x000001888ef1a95e sp=0x00000030a3dfdb70 mode 0
Event: 27.623 Thread 0x00000188ab0e6800 DEOPT PACKING pc=0x0000018890bb71da sp=0x00000030a3dfdf30
Event: 27.623 Thread 0x00000188ab0e6800 DEOPT UNPACKING pc=0x000001888ef1a95e sp=0x00000030a3dfdb90 mode 0
Event: 27.649 Thread 0x00000188ab0e6800 DEOPT PACKING pc=0x0000018890bb71da sp=0x00000030a3dfdf30
Event: 27.649 Thread 0x00000188ab0e6800 DEOPT UNPACKING pc=0x000001888ef1a95e sp=0x00000030a3dfdb90 mode 0
Event: 27.675 Thread 0x00000188ab0e6800 DEOPT PACKING pc=0x0000018890bb71da sp=0x00000030a3dfdf30
Event: 27.675 Thread 0x00000188ab0e6800 DEOPT UNPACKING pc=0x000001888ef1a95e sp=0x00000030a3dfdb90 mode 0

Classes redefined (0 events):
No events

Internal exceptions (20 events):
Event: 21.755 Thread 0x00000188a8195800 Exception <a 'java/lang/NoSuchMethodError'{0x0000000088dbd9c0}: 'void java.lang.invoke.DirectMethodHandle$Holder.invokeInterface(java.lang.Object, java.lang.Object, java.lang.Object, java.lang.Object)'> (0x0000000088dbd9c0) thrown at [./src/hotspot/share/interpreter/linkResolver.cpp, line 773]
Event: 21.867 Thread 0x00000188a8196800 Implicit null exception at 0x0000018896e5958a to 0x0000018896e59a9c
Event: 22.178 Thread 0x00000188a908a000 Implicit null exception at 0x0000018896e74c0a to 0x0000018896e752a0
Event: 22.178 Thread 0x00000188ac161000 Implicit null exception at 0x0000018896e74c0a to 0x0000018896e752a0
Event: 22.179 Thread 0x00000188a8195800 Implicit null exception at 0x0000018896e74c0a to 0x0000018896e752a0
Event: 22.179 Thread 0x00000188ac163800 Implicit null exception at 0x0000018896e74c0a to 0x0000018896e752a0
Event: 22.528 Thread 0x00000188a8193800 Exception <a 'java/lang/NoSuchMethodError'{0x0000000087c70b40}: <clinit>> (0x0000000087c70b40) thrown at [./src/hotspot/share/prims/jni.cpp, line 1366]
Event: 22.528 Thread 0x00000188a8193800 Exception <a 'java/lang/NoSuchMethodError'{0x0000000087c72148}: <clinit>> (0x0000000087c72148) thrown at [./src/hotspot/share/prims/jni.cpp, line 1366]
Event: 22.528 Thread 0x00000188a8193800 Exception <a 'java/lang/NoSuchMethodError'{0x0000000087c74d48}: <clinit>> (0x0000000087c74d48) thrown at [./src/hotspot/share/prims/jni.cpp, line 1366]
Event: 22.530 Thread 0x00000188a8193800 Exception <a 'java/lang/NoSuchMethodError'{0x0000000087c8ce88}: <clinit>> (0x0000000087c8ce88) thrown at [./src/hotspot/share/prims/jni.cpp, line 1366]
Event: 22.530 Thread 0x00000188a8193800 Exception <a 'java/lang/NoSuchMethodError'{0x0000000087c8e0c0}: <clinit>> (0x0000000087c8e0c0) thrown at [./src/hotspot/share/prims/jni.cpp, line 1366]
Event: 23.986 Thread 0x00000188a8198000 Implicit null exception at 0x0000018896e7d2d0 to 0x0000018896e7d338
Event: 24.005 Thread 0x00000188a8196800 Implicit null exception at 0x0000018896ec78e0 to 0x0000018896ec7ce4
Event: 24.764 Thread 0x00000188a8194000 Implicit null exception at 0x0000018896f22dd6 to 0x0000018896f22ffa
Event: 24.909 Thread 0x00000188ab0de000 Exception <a 'sun/nio/fs/WindowsException'{0x000000008b69c068}> (0x000000008b69c068) thrown at [./src/hotspot/share/prims/jni.cpp, line 616]
Event: 24.973 Thread 0x00000188ab0de000 Exception <a 'java/lang/NoSuchMethodError'{0x000000008b478b30}: 'java.lang.Object java.lang.invoke.DirectMethodHandle$Holder.newInvokeSpecial(java.lang.Object, int)'> (0x000000008b478b30) thrown at [./src/hotspot/share/interpreter/linkResolver.cpp, line 773]
Event: 25.188 Thread 0x00000188ab0de000 Exception <a 'java/lang/NoSuchMethodError'{0x000000008aed1848}: 'java.lang.Object java.lang.invoke.DirectMethodHandle$Holder.invokeStaticInit(java.lang.Object, java.lang.Object, java.lang.Object, java.lang.Object, java.lang.Object, java.lang.Object, java.lang.Object, java.lang.Object, java.lang.Object, java.lang.Object, java.lang.Object, java.lang.Object, java.lang.Object, java.lang.Object, java.lang.Object, java.lang.Object, java.lang.Object, java.lang.Object, int, java.lang.Object, java.lang.Object)'> (0
Event: 26.043 Thread 0x00000188ab0e5800 Exception <a 'java/lang/IncompatibleClassChangeError'{0x000000008c26b298}: Found class java.lang.Object, but interface was expected> (0x000000008c26b298) thrown at [./src/hotspot/share/interpreter/linkResolver.cpp, line 839]
Event: 26.189 Thread 0x00000188ab0df000 Exception <a 'java/lang/IncompatibleClassChangeError'{0x000000008bffc020}: Found class java.lang.Object, but interface was expected> (0x000000008bffc020) thrown at [./src/hotspot/share/interpreter/linkResolver.cpp, line 839]
Event: 26.195 Thread 0x00000188ab0df000 Exception <a 'java/lang/IncompatibleClassChangeError'{0x000000008be3f910}: Found class java.lang.Object, but interface was expected> (0x000000008be3f910) thrown at [./src/hotspot/share/interpreter/linkResolver.cpp, line 839]

Events (20 events):
Event: 26.507 loading class com/android/tools/r8/graph/N2
Event: 26.507 loading class com/android/tools/r8/graph/N2 done
Event: 26.508 loading class com/android/tools/r8/internal/qK
Event: 26.508 loading class com/android/tools/r8/internal/qK done
Event: 26.508 loading class com/android/tools/r8/internal/vK
Event: 26.508 loading class com/android/tools/r8/internal/vK done
Event: 26.542 loading class com/android/tools/r8/internal/kl
Event: 26.542 loading class com/android/tools/r8/internal/kl done
Event: 26.903 loading class com/android/tools/r8/internal/Ze
Event: 26.903 loading class com/android/tools/r8/internal/Ze done
Event: 26.904 loading class com/android/tools/r8/graph/a0$a
Event: 26.904 loading class com/android/tools/r8/graph/a0$a done
Event: 26.904 loading class com/android/tools/r8/graph/a0$a
Event: 26.904 loading class com/android/tools/r8/graph/a0$a done
Event: 26.904 loading class com/android/tools/r8/dex/i
Event: 26.904 loading class com/android/tools/r8/dex/i done
Event: 26.992 Executing VM operation: G1CollectForAllocation
Event: 27.084 Executing VM operation: G1CollectForAllocation done
Event: 27.438 Executing VM operation: G1CollectForAllocation
Event: 27.518 Executing VM operation: G1CollectForAllocation done


Dynamic libraries:
0x00007ff64dbc0000 - 0x00007ff64dbca000 	C:\Program Files\Android\Android Studio\jre\bin\java.exe
0x00007ffaea0d0000 - 0x00007ffaea2c8000 	C:\WINDOWS\SYSTEM32\ntdll.dll
0x00007ffaae820000 - 0x00007ffaae837000 	C:\Program Files\AVAST Software\Avast\aswhook.dll
0x00007ffae9430000 - 0x00007ffae94ef000 	C:\WINDOWS\System32\KERNEL32.DLL
0x00007ffae7dc0000 - 0x00007ffae8092000 	C:\WINDOWS\System32\KERNELBASE.dll
0x00007ffae7a70000 - 0x00007ffae7b70000 	C:\WINDOWS\System32\ucrtbase.dll
0x00007ffae5090000 - 0x00007ffae50a7000 	C:\Program Files\Android\Android Studio\jre\bin\VCRUNTIME140.dll
0x00007ffae4ab0000 - 0x00007ffae4ac9000 	C:\Program Files\Android\Android Studio\jre\bin\jli.dll
0x00007ffae9090000 - 0x00007ffae9231000 	C:\WINDOWS\System32\USER32.dll
0x00007ffae7a10000 - 0x00007ffae7a32000 	C:\WINDOWS\System32\win32u.dll
0x00007ffad6db0000 - 0x00007ffad704a000 	C:\WINDOWS\WinSxS\amd64_microsoft.windows.common-controls_6595b64144ccf1df_6.0.19041.1110_none_60b5254171f9507e\COMCTL32.dll
0x00007ffae9300000 - 0x00007ffae932b000 	C:\WINDOWS\System32\GDI32.dll
0x00007ffae86e0000 - 0x00007ffae877e000 	C:\WINDOWS\System32\msvcrt.dll
0x00007ffae7cb0000 - 0x00007ffae7dbf000 	C:\WINDOWS\System32\gdi32full.dll
0x00007ffae77c0000 - 0x00007ffae785d000 	C:\WINDOWS\System32\msvcp_win.dll
0x00007ffae9680000 - 0x00007ffae96b2000 	C:\WINDOWS\System32\IMM32.DLL
0x00007ffac1b30000 - 0x00007ffac1bcd000 	C:\Program Files\Android\Android Studio\jre\bin\msvcp140.dll
0x00007ffa866a0000 - 0x00007ffa871a2000 	C:\Program Files\Android\Android Studio\jre\bin\server\jvm.dll
0x00007ffae95d0000 - 0x00007ffae967e000 	C:\WINDOWS\System32\ADVAPI32.dll
0x00007ffae9330000 - 0x00007ffae93cc000 	C:\WINDOWS\System32\sechost.dll
0x00007ffae8590000 - 0x00007ffae86b5000 	C:\WINDOWS\System32\RPCRT4.dll
0x00007ffae86d0000 - 0x00007ffae86d8000 	C:\WINDOWS\System32\PSAPI.DLL
0x00007ffad5620000 - 0x00007ffad5629000 	C:\WINDOWS\SYSTEM32\WSOCK32.dll
0x00007ffad9430000 - 0x00007ffad9457000 	C:\WINDOWS\SYSTEM32\WINMM.dll
0x00007ffae89c0000 - 0x00007ffae8a2b000 	C:\WINDOWS\System32\WS2_32.dll
0x00007ffae5610000 - 0x00007ffae561a000 	C:\WINDOWS\SYSTEM32\VERSION.dll
0x00007ffae5860000 - 0x00007ffae5872000 	C:\WINDOWS\SYSTEM32\kernel.appcore.dll
0x00007ffadf690000 - 0x00007ffadf6a1000 	C:\Program Files\Android\Android Studio\jre\bin\verify.dll
0x00007ffadc1b0000 - 0x00007ffadc394000 	C:\WINDOWS\SYSTEM32\DBGHELP.DLL
0x00007ffadc170000 - 0x00007ffadc1a5000 	C:\WINDOWS\SYSTEM32\dbgcore.DLL
0x00007ffae7b70000 - 0x00007ffae7bf2000 	C:\WINDOWS\System32\bcryptPrimitives.dll
0x00007ffac1e70000 - 0x00007ffac1e99000 	C:\Program Files\Android\Android Studio\jre\bin\java.dll
0x00007ffadd000000 - 0x00007ffadd00b000 	C:\Program Files\Android\Android Studio\jre\bin\jimage.dll
0x00007ffadcfc0000 - 0x00007ffadcfd8000 	C:\Program Files\Android\Android Studio\jre\bin\zip.dll
0x00007ffae96c0000 - 0x00007ffae9e04000 	C:\WINDOWS\System32\SHELL32.dll
0x00007ffae5880000 - 0x00007ffae6012000 	C:\WINDOWS\SYSTEM32\windows.storage.dll
0x00007ffae8230000 - 0x00007ffae8585000 	C:\WINDOWS\System32\combase.dll
0x00007ffae7140000 - 0x00007ffae7170000 	C:\WINDOWS\SYSTEM32\Wldp.dll
0x00007ffae9f40000 - 0x00007ffae9fed000 	C:\WINDOWS\System32\SHCORE.dll
0x00007ffae8110000 - 0x00007ffae8165000 	C:\WINDOWS\System32\shlwapi.dll
0x00007ffae7700000 - 0x00007ffae771f000 	C:\WINDOWS\SYSTEM32\profapi.dll
0x00007ffac1e50000 - 0x00007ffac1e6a000 	C:\Program Files\Android\Android Studio\jre\bin\net.dll
0x00007ffad9b80000 - 0x00007ffad9c8c000 	C:\WINDOWS\SYSTEM32\WINHTTP.dll
0x00007ffae6ea0000 - 0x00007ffae6f0a000 	C:\WINDOWS\system32\mswsock.dll
0x00007ffac1e30000 - 0x00007ffac1e44000 	C:\Program Files\Android\Android Studio\jre\bin\nio.dll
0x00007ffad1660000 - 0x00007ffad1687000 	C:\Users\Kleivy Gomes\.gradle\native\e1d6ef7f7dcc3fd88c89a11ec53ec762bb8ba0a96d01ffa2cd45eb1d1d8dd5c5\windows-amd64\native-platform.dll
0x00007ffa80560000 - 0x00007ffa806a4000 	C:\Users\Kleivy Gomes\.gradle\native\0d407fdbe67a94daf76414ababcb853783967236a71b16ec16e742cd7a986fd3\windows-amd64\native-platform-file-events.dll
0x00007ffadcff0000 - 0x00007ffadcffa000 	C:\Program Files\Android\Android Studio\jre\bin\management.dll
0x00007ffadbd20000 - 0x00007ffadbd2d000 	C:\Program Files\Android\Android Studio\jre\bin\management_ext.dll
0x00007ffae7090000 - 0x00007ffae70a8000 	C:\WINDOWS\SYSTEM32\CRYPTSP.dll
0x00007ffae67c0000 - 0x00007ffae67f4000 	C:\WINDOWS\system32\rsaenh.dll
0x00007ffae7a40000 - 0x00007ffae7a67000 	C:\WINDOWS\System32\bcrypt.dll
0x00007ffae76c0000 - 0x00007ffae76ee000 	C:\WINDOWS\SYSTEM32\USERENV.dll
0x00007ffae70b0000 - 0x00007ffae70bc000 	C:\WINDOWS\SYSTEM32\CRYPTBASE.dll
0x00007ffae6b90000 - 0x00007ffae6bcb000 	C:\WINDOWS\SYSTEM32\IPHLPAPI.DLL
0x00007ffae86c0000 - 0x00007ffae86c8000 	C:\WINDOWS\System32\NSI.dll
0x00007ffada700000 - 0x00007ffada717000 	C:\WINDOWS\SYSTEM32\dhcpcsvc6.DLL
0x00007ffadc490000 - 0x00007ffadc4ad000 	C:\WINDOWS\SYSTEM32\dhcpcsvc.DLL
0x00007ffae6bd0000 - 0x00007ffae6c9a000 	C:\WINDOWS\SYSTEM32\DNSAPI.dll

dbghelp: loaded successfully - version: 4.0.5 - missing functions: none
symbol engine: initialized successfully - sym options: 0x614 - pdb path: .;C:\Program Files\Android\Android Studio\jre\bin;C:\WINDOWS\SYSTEM32;C:\Program Files\AVAST Software\Avast;C:\WINDOWS\WinSxS\amd64_microsoft.windows.common-controls_6595b64144ccf1df_6.0.19041.1110_none_60b5254171f9507e;C:\Program Files\Android\Android Studio\jre\bin\server;C:\Users\Kleivy Gomes\.gradle\native\e1d6ef7f7dcc3fd88c89a11ec53ec762bb8ba0a96d01ffa2cd45eb1d1d8dd5c5\windows-amd64;C:\Users\Kleivy Gomes\.gradle\native\0d407fdbe67a94daf76414ababcb853783967236a71b16ec16e742cd7a986fd3\windows-amd64

VM Arguments:
jvm_args: --add-opens=java.base/java.util=ALL-UNNAMED --add-opens=java.base/java.lang=ALL-UNNAMED --add-opens=java.base/java.lang.invoke=ALL-UNNAMED --add-opens=java.base/java.util=ALL-UNNAMED --add-opens=java.prefs/java.util.prefs=ALL-UNNAMED --add-opens=java.prefs/java.util.prefs=ALL-UNNAMED --add-opens=java.base/java.nio.charset=ALL-UNNAMED --add-opens=java.base/java.net=ALL-UNNAMED --add-opens=java.base/java.util.concurrent.atomic=ALL-UNNAMED -Xmx2048m -Dfile.encoding=UTF-8 -Duser.country=PT -Duser.language=pt -Duser.variant 
java_command: org.gradle.launcher.daemon.bootstrap.GradleDaemon 7.4
java_class_path (initial): C:\Users\Kleivy Gomes\.gradle\wrapper\dists\gradle-7.4-bin\c0gwcg53nkjbqw7r0h0umtfvt\gradle-7.4\lib\gradle-launcher-7.4.jar
Launcher Type: SUN_STANDARD

[Global flags]
     intx CICompilerCount                          = 3                                         {product} {ergonomic}
     uint ConcGCThreads                            = 1                                         {product} {ergonomic}
     uint G1ConcRefinementThreads                  = 4                                         {product} {ergonomic}
   size_t G1HeapRegionSize                         = 1048576                                   {product} {ergonomic}
    uintx GCDrainStackTargetSize                   = 64                                        {product} {ergonomic}
   size_t InitialHeapSize                          = 100663296                                 {product} {ergonomic}
   size_t MarkStackSize                            = 4194304                                   {product} {ergonomic}
   size_t MaxHeapSize                              = 2147483648                                {product} {command line}
   size_t MaxNewSize                               = 1287651328                                {product} {ergonomic}
   size_t MinHeapDeltaBytes                        = 1048576                                   {product} {ergonomic}
    uintx NonNMethodCodeHeapSize                   = 5830732                                {pd product} {ergonomic}
    uintx NonProfiledCodeHeapSize                  = 122913754                              {pd product} {ergonomic}
    uintx ProfiledCodeHeapSize                     = 122913754                              {pd product} {ergonomic}
    uintx ReservedCodeCacheSize                    = 251658240                              {pd product} {ergonomic}
     bool SegmentedCodeCache                       = true                                      {product} {ergonomic}
     bool UseCompressedClassPointers               = true                                 {lp64_product} {ergonomic}
     bool UseCompressedOops                        = true                                 {lp64_product} {ergonomic}
     bool UseG1GC                                  = true                                      {product} {ergonomic}
     bool UseLargePagesIndividualAllocation        = false                                  {pd product} {ergonomic}

Logging:
Log output configuration:
 #0: stdout all=warning uptime,level,tags
 #1: stderr all=off uptime,level,tags

Environment Variables:
JAVA_HOME=C:\Program Files\Java\jdk1.8.0_202
PATH=C:\app\Gomez\virtual\product\12.2.0\dbhome_1\bin;C:\Program Files\Java\jre1.8.0_202\;C:\Program Files\Java\jdk1.8.0_202\bin;C:\MinGW\bin;C:\DevSuiteHome_1\jdk\jre\bin;C:\DevSuiteHome_1\jdk\jre\bin\client;C:\DevSuiteHome_1\jlib;C:\DevSuiteHome_1\bin;C:\DevSuiteHome_1\jre\1.4.2\bin\client;C:\DevSuiteHome_1\jre\1.4.2\bin;C:\Program Files (x86)\Common Files\Oracle\Java\javapath;C:\WINDOWS\system32;C:\WINDOWS;C:\WINDOWS\System32\Wbem;C:\WINDOWS\System32\WindowsPowerShell\v1.0\;C:\Program Files\dotnet\;C:\WINDOWS\System32\OpenSSH\;C:\apache-maven-3.6.1-bin\apache-maven-3.6.1\bin;C:\ProgramData\chocolatey\bin;C:\Program Files\Git\cmd;C:\Program Files\nodejs\;C:\Program Files\PostgreSQL\14\bin;C:\Program Files\PostgreSQL\14\lib;C:\Users\Kleivy Gomes\Documents\EISC\4º ano\VR\Opengl\bin;C:\Program Files\CMake\bin;C:\Users\Kleivy Gomes\AppData\Local\Programs\Python\Python311\Scripts\;C:\Users\Kleivy Gomes\AppData\Local\Programs\Python\Python311\;C:\Users\Kleivy Gomes\AppData\Roaming\local\bin;C:\Users\Kleivy Gomes\AppData\Local\Microsoft\WindowsApps;C:\ProgramData\chocolatey\lib\ghc\tools\ghc-8.10.2\bin;C:\tools\msys64;C:\Users\Kleivy Gomes\AppData\Local\Programs\Microsoft VS Code\bin;C:\Program Files\heroku\bin;C:\Users\Kleivy Gomes\AppData\Roaming\npm;C:\Program Files\MySQL\MySQL Server 8.0\bin;C:\Program Files\MongoDB\Server\5.0\bin;C:\Program Files\JetBrains\PyCharm 2022.3\bin;
USERNAME=Kleivy Gomes
OS=Windows_NT
PROCESSOR_IDENTIFIER=Intel64 Family 6 Model 58 Stepping 9, GenuineIntel



---------------  S Y S T E M  ---------------

OS: Windows 10 , 64 bit Build 19041 (10.0.19041.2364)
OS uptime: 0 days 2:35 hours

CPU:total 4 (initial active 4) (2 cores per cpu, 2 threads per core) family 6 model 58 stepping 9 microcode 0x21, cmov, cx8, fxsr, mmx, sse, sse2, sse3, ssse3, sse4.1, sse4.2, popcnt, avx, clmul, erms, ht, tsc, tscinvbit, tscinv

Memory: 4k page, system-wide physical 6019M (420M free)
TotalPageFile size 10115M (AvailPageFile size 7M)
current process WorkingSet (physical memory assigned to process): 477M, peak: 478M
current process commit charge ("private bytes"): 507M, peak: 510M

vm_info: OpenJDK 64-Bit Server VM (11.0.13+0-b1751.21-8125866) for windows-amd64 JRE (11.0.13+0-b1751.21-8125866), built on Feb  2 2022 03:00:22 by "builder" with MS VC++ 14.0 (VS2015)

END.
