#
# There is insufficient memory for the Java Runtime Environment to continue.
# Native memory allocation (malloc) failed to allocate 1301296 bytes for Chunk::new
# Possible reasons:
#   The system is out of physical RAM or swap space
#   The process is running with CompressedOops enabled, and the Java Heap may be blocking the growth of the native heap
# Possible solutions:
#   Reduce memory load on the system
#   Increase physical memory or swap space
#   Check if swap backing store is full
#   Decrease Java heap size (-Xmx/-Xms)
#   Decrease number of Java threads
#   Decrease Java thread stack sizes (-Xss)
#   Set larger code cache with -XX:ReservedCodeCacheSize=
#   JVM is running with Unscaled Compressed Oops mode in which the Java heap is
#     placed in the first 4GB address space. The Java Heap base address is the
#     maximum limit for the native heap growth. Please use -XX:HeapBaseMinAddress
#     to set the Java Heap base and to place the Java Heap above 4GB virtual address.
# This output file may be truncated or incomplete.
#
#  Out of Memory Error (./src/hotspot/share/memory/arena.cpp:197), pid=5780, tid=12384
#
# JRE version: OpenJDK Runtime Environment (11.0.13) (build 11.0.13+0-b1751.21-8125866)
# Java VM: OpenJDK 64-Bit Server VM (11.0.13+0-b1751.21-8125866, mixed mode, tiered, compressed oops, g1 gc, windows-amd64)
# No core dump will be written. Minidumps are not enabled by default on client versions of Windows
#

---------------  S U M M A R Y ------------

Command Line: --add-opens=java.base/java.util=ALL-UNNAMED --add-opens=java.base/java.lang=ALL-UNNAMED --add-opens=java.base/java.lang.invoke=ALL-UNNAMED --add-opens=java.base/java.util=ALL-UNNAMED --add-opens=java.prefs/java.util.prefs=ALL-UNNAMED --add-opens=java.prefs/java.util.prefs=ALL-UNNAMED --add-opens=java.base/java.nio.charset=ALL-UNNAMED --add-opens=java.base/java.net=ALL-UNNAMED --add-opens=java.base/java.util.concurrent.atomic=ALL-UNNAMED -Xmx2048m -Dfile.encoding=UTF-8 -Duser.country=PT -Duser.language=pt -Duser.variant org.gradle.launcher.daemon.bootstrap.GradleDaemon 7.4

Host: Intel(R) Core(TM) i3-3110M CPU @ 2.40GHz, 4 cores, 5G,  Windows 10 , 64 bit Build 19041 (10.0.19041.2364)
Time: Fri Jan  6 02:52:19 2023 Hora Padrão de Cabo Verde elapsed time: 22.119322 seconds (0d 0h 0m 22s)

---------------  T H R E A D  ---------------

Current thread (0x000001cd36513800):  JavaThread "C2 CompilerThread0" daemon [_thread_in_native, id=12384, stack(0x000000af6ba00000,0x000000af6bb00000)]


Current CompileTask:
C2:  22119 8570       4       org.gradle.cache.internal.btree.FreeListBlockStore::read (12 bytes)

Stack: [0x000000af6ba00000,0x000000af6bb00000]
Native frames: (J=compiled Java code, j=interpreted, Vv=VM code, C=native code)
V  [jvm.dll+0x6100fa]
V  [jvm.dll+0x747090]
V  [jvm.dll+0x7486ad]
V  [jvm.dll+0x748d83]
V  [jvm.dll+0x24ab48]
V  [jvm.dll+0xc04dc]
V  [jvm.dll+0xc0a0c]
V  [jvm.dll+0x35eb9d]
V  [jvm.dll+0x32b833]
V  [jvm.dll+0x32ad2a]
V  [jvm.dll+0x2032b2]
V  [jvm.dll+0x202437]
V  [jvm.dll+0x188e01]
V  [jvm.dll+0x21106b]
V  [jvm.dll+0x20f8c1]
V  [jvm.dll+0x70de0f]
V  [jvm.dll+0x706a75]
V  [jvm.dll+0x60ed66]
C  [ucrtbase.dll+0x21bb2]
C  [KERNEL32.DLL+0x17614]
C  [ntdll.dll+0x526a1]


---------------  P R O C E S S  ---------------

Threads class SMR info:
_java_thread_list=0x000001cd3ca0dd50, length=85, elements={
0x000001cd1c8f8000, 0x000001cd364dd000, 0x000001cd364e0800, 0x000001cd3650b000,
0x000001cd3650c000, 0x000001cd3650e800, 0x000001cd36513800, 0x000001cd36517000,
0x000001cd3651c000, 0x000001cd36fe3800, 0x000001cd39181000, 0x000001cd3917e800,
0x000001cd3917c000, 0x000001cd39182800, 0x000001cd3917d800, 0x000001cd3917d000,
0x000001cd3917f800, 0x000001cd39180000, 0x000001cd39182000, 0x000001cd397b6000,
0x000001cd397b9800, 0x000001cd397b7000, 0x000001cd397b5000, 0x000001cd397bc800,
0x000001cd397ba000, 0x000001cd397bb800, 0x000001cd397bb000, 0x000001cd397bd800,
0x000001cd397b7800, 0x000001cd397be000, 0x000001cd37760800, 0x000001cd397b8800,
0x000001cd397c1800, 0x000001cd397c4000, 0x000001cd397bf000, 0x000001cd397c0000,
0x000001cd397c0800, 0x000001cd38233800, 0x000001cd38236000, 0x000001cd38235000,
0x000001cd38236800, 0x000001cd38234000, 0x000001cd38231000, 0x000001cd38237800,
0x000001cd38231800, 0x000001cd38232800, 0x000001cd3abbf800, 0x000001cd3abc0000,
0x000001cd3abc3800, 0x000001cd3abc6800, 0x000001cd3abc6000, 0x000001cd3abc4000,
0x000001cd3abc1000, 0x000001cd3abc1800, 0x000001cd3abc7800, 0x000001cd3abc5000,
0x000001cd3abc8800, 0x000001cd3abc2800, 0x000001cd3abce000, 0x000001cd3abca000,
0x000001cd3abc9000, 0x000001cd3abcc800, 0x000001cd3abcd000, 0x000001cd3abca800,
0x000001cd3abcb800, 0x000001cd3b640000, 0x000001cd3b63c800, 0x000001cd3b63d800,
0x000001cd3b640800, 0x000001cd3b63b000, 0x000001cd3b641800, 0x000001cd3b63c000,
0x000001cd3b642800, 0x000001cd3b643000, 0x000001cd3b644000, 0x000001cd3b63e000,
0x000001cd3b63f000, 0x000001cd3b645800, 0x000001cd3b649000, 0x000001cd3b646800,
0x000001cd3b647000, 0x000001cd3b648000, 0x000001cd3b649800, 0x000001cd3b644800,
0x000001cd3ee0c000
}

Java Threads: ( => current thread )
  0x000001cd1c8f8000 JavaThread "main" [_thread_blocked, id=8696, stack(0x000000af6ae00000,0x000000af6af00000)]
  0x000001cd364dd000 JavaThread "Reference Handler" daemon [_thread_blocked, id=14228, stack(0x000000af6b500000,0x000000af6b600000)]
  0x000001cd364e0800 JavaThread "Finalizer" daemon [_thread_blocked, id=1888, stack(0x000000af6b600000,0x000000af6b700000)]
  0x000001cd3650b000 JavaThread "Signal Dispatcher" daemon [_thread_blocked, id=14320, stack(0x000000af6b700000,0x000000af6b800000)]
  0x000001cd3650c000 JavaThread "Attach Listener" daemon [_thread_blocked, id=7028, stack(0x000000af6b800000,0x000000af6b900000)]
  0x000001cd3650e800 JavaThread "Service Thread" daemon [_thread_blocked, id=3604, stack(0x000000af6b900000,0x000000af6ba00000)]
=>0x000001cd36513800 JavaThread "C2 CompilerThread0" daemon [_thread_in_native, id=12384, stack(0x000000af6ba00000,0x000000af6bb00000)]
  0x000001cd36517000 JavaThread "C1 CompilerThread0" daemon [_thread_in_native, id=13708, stack(0x000000af6bb00000,0x000000af6bc00000)]
  0x000001cd3651c000 JavaThread "Sweeper thread" daemon [_thread_blocked, id=13380, stack(0x000000af6bc00000,0x000000af6bd00000)]
  0x000001cd36fe3800 JavaThread "Common-Cleaner" daemon [_thread_blocked, id=7052, stack(0x000000af6bd00000,0x000000af6be00000)]
  0x000001cd39181000 JavaThread "Daemon health stats" [_thread_blocked, id=12728, stack(0x000000af6c100000,0x000000af6c200000)]
  0x000001cd3917e800 JavaThread "Incoming local TCP Connector on port 62175" [_thread_in_native, id=8664, stack(0x000000af6bf00000,0x000000af6c000000)]
  0x000001cd3917c000 JavaThread "Daemon periodic checks" [_thread_blocked, id=2976, stack(0x000000af6c400000,0x000000af6c500000)]
  0x000001cd39182800 JavaThread "Daemon" [_thread_blocked, id=12528, stack(0x000000af6c500000,0x000000af6c600000)]
  0x000001cd3917d800 JavaThread "Handler for socket connection from /127.0.0.1:62175 to /127.0.0.1:62176" [_thread_in_native, id=6320, stack(0x000000af6c600000,0x000000af6c700000)]
  0x000001cd3917d000 JavaThread "Cancel handler" [_thread_blocked, id=2276, stack(0x000000af6c700000,0x000000af6c800000)]
  0x000001cd3917f800 JavaThread "Daemon worker" [_thread_blocked, id=11208, stack(0x000000af6c800000,0x000000af6c900000)]
  0x000001cd39180000 JavaThread "Asynchronous log dispatcher for DefaultDaemonConnection: socket connection from /127.0.0.1:62175 to /127.0.0.1:62176" [_thread_blocked, id=11616, stack(0x000000af6c900000,0x000000af6ca00000)]
  0x000001cd39182000 JavaThread "Stdin handler" [_thread_blocked, id=6720, stack(0x000000af6ca00000,0x000000af6cb00000)]
  0x000001cd397b6000 JavaThread "Daemon client event forwarder" [_thread_blocked, id=1880, stack(0x000000af6cb00000,0x000000af6cc00000)]
  0x000001cd397b9800 JavaThread "Cache worker for journal cache (C:\Users\Kleivy Gomes\.gradle\caches\journal-1)" [_thread_blocked, id=13932, stack(0x000000af6cc00000,0x000000af6cd00000)]
  0x000001cd397b7000 JavaThread "File lock request listener" [_thread_in_native, id=11016, stack(0x000000af6cd00000,0x000000af6ce00000)]
  0x000001cd397b5000 JavaThread "Cache worker for file hash cache (C:\Users\Kleivy Gomes\.gradle\caches\7.4\fileHashes)" [_thread_blocked, id=11788, stack(0x000000af6ce00000,0x000000af6cf00000)]
  0x000001cd397bc800 JavaThread "File watcher server" daemon [_thread_in_native, id=3028, stack(0x000000af6d000000,0x000000af6d100000)]
  0x000001cd397ba000 JavaThread "File watcher consumer" daemon [_thread_blocked, id=14316, stack(0x000000af6d100000,0x000000af6d200000)]
  0x000001cd397bb800 JavaThread "Cache worker for checksums cache (C:\Users\Kleivy Gomes\AndroidStudioProjects\Contact\.gradle\7.4\checksums)" [_thread_blocked, id=11976, stack(0x000000af6d200000,0x000000af6d300000)]
  0x000001cd397bb000 JavaThread "Cache worker for cache directory md-rule (C:\Users\Kleivy Gomes\.gradle\caches\7.4\md-rule)" [_thread_blocked, id=12948, stack(0x000000af6d300000,0x000000af6d400000)]
  0x000001cd397bd800 JavaThread "Cache worker for file hash cache (C:\Users\Kleivy Gomes\AndroidStudioProjects\Contact\.gradle\7.4\fileHashes)" [_thread_blocked, id=13460, stack(0x000000af6d400000,0x000000af6d500000)]
  0x000001cd397b7800 JavaThread "Cache worker for cache directory md-supplier (C:\Users\Kleivy Gomes\.gradle\caches\7.4\md-supplier)" [_thread_blocked, id=7880, stack(0x000000af6d500000,0x000000af6d600000)]
  0x000001cd397be000 JavaThread "Cache worker for execution history cache (C:\Users\Kleivy Gomes\.gradle\caches\7.4\executionHistory)" [_thread_blocked, id=7864, stack(0x000000af6d600000,0x000000af6d700000)]
  0x000001cd37760800 JavaThread "C2 CompilerThread1" daemon [_thread_in_native, id=13488, stack(0x000000af6cf00000,0x000000af6d000000)]
  0x000001cd397b8800 JavaThread "jar transforms" [_thread_blocked, id=7840, stack(0x000000af6d700000,0x000000af6d800000)]
  0x000001cd397c1800 JavaThread "Cache worker for file content cache (C:\Users\Kleivy Gomes\.gradle\caches\7.4\fileContent)" [_thread_blocked, id=7116, stack(0x000000af6d800000,0x000000af6d900000)]
  0x000001cd397c4000 JavaThread "jar transforms Thread 2" [_thread_blocked, id=6936, stack(0x000000af6d900000,0x000000af6da00000)]
  0x000001cd397bf000 JavaThread "Cache worker for dependencies-accessors (C:\Users\Kleivy Gomes\AndroidStudioProjects\Contact\.gradle\7.4\dependencies-accessors)" [_thread_blocked, id=1116, stack(0x000000af6da00000,0x000000af6db00000)]
  0x000001cd397c0000 JavaThread "jar transforms Thread 3" [_thread_blocked, id=11320, stack(0x000000af6db00000,0x000000af6dc00000)]
  0x000001cd397c0800 JavaThread "Cache worker for Build Output Cleanup Cache (C:\Users\Kleivy Gomes\AndroidStudioProjects\Contact\.gradle\buildOutputCleanup)" [_thread_blocked, id=1528, stack(0x000000af6dc00000,0x000000af6dd00000)]
  0x000001cd38233800 JavaThread "Unconstrained build operations" [_thread_blocked, id=2172, stack(0x000000af6dd00000,0x000000af6de00000)]
  0x000001cd38236000 JavaThread "Unconstrained build operations Thread 2" [_thread_blocked, id=13532, stack(0x000000af6de00000,0x000000af6df00000)]
  0x000001cd38235000 JavaThread "Unconstrained build operations Thread 3" [_thread_blocked, id=8164, stack(0x000000af6df00000,0x000000af6e000000)]
  0x000001cd38236800 JavaThread "Unconstrained build operations Thread 4" [_thread_blocked, id=11700, stack(0x000000af6e000000,0x000000af6e100000)]
  0x000001cd38234000 JavaThread "Unconstrained build operations Thread 5" [_thread_blocked, id=11276, stack(0x000000af6e100000,0x000000af6e200000)]
  0x000001cd38231000 JavaThread "Unconstrained build operations Thread 6" [_thread_blocked, id=1128, stack(0x000000af6e200000,0x000000af6e300000)]
  0x000001cd38237800 JavaThread "Unconstrained build operations Thread 7" [_thread_blocked, id=13496, stack(0x000000af6e300000,0x000000af6e400000)]
  0x000001cd38231800 JavaThread "Unconstrained build operations Thread 8" [_thread_blocked, id=9804, stack(0x000000af6e400000,0x000000af6e500000)]
  0x000001cd38232800 JavaThread "Unconstrained build operations Thread 9" [_thread_blocked, id=2296, stack(0x000000af6e500000,0x000000af6e600000)]
  0x000001cd3abbf800 JavaThread "Unconstrained build operations Thread 10" [_thread_blocked, id=12592, stack(0x000000af6e600000,0x000000af6e700000)]
  0x000001cd3abc0000 JavaThread "Unconstrained build operations Thread 11" [_thread_blocked, id=6544, stack(0x000000af6e700000,0x000000af6e800000)]
  0x000001cd3abc3800 JavaThread "Unconstrained build operations Thread 12" [_thread_blocked, id=11308, stack(0x000000af6e800000,0x000000af6e900000)]
  0x000001cd3abc6800 JavaThread "Unconstrained build operations Thread 13" [_thread_blocked, id=9360, stack(0x000000af6e900000,0x000000af6ea00000)]
  0x000001cd3abc6000 JavaThread "Unconstrained build operations Thread 14" [_thread_blocked, id=4408, stack(0x000000af6ea00000,0x000000af6eb00000)]
  0x000001cd3abc4000 JavaThread "Unconstrained build operations Thread 15" [_thread_blocked, id=13484, stack(0x000000af6eb00000,0x000000af6ec00000)]
  0x000001cd3abc1000 JavaThread "Unconstrained build operations Thread 16" [_thread_blocked, id=6356, stack(0x000000af6ec00000,0x000000af6ed00000)]
  0x000001cd3abc1800 JavaThread "Unconstrained build operations Thread 17" [_thread_blocked, id=4996, stack(0x000000af6ed00000,0x000000af6ee00000)]
  0x000001cd3abc7800 JavaThread "Unconstrained build operations Thread 18" [_thread_blocked, id=12376, stack(0x000000af6ee00000,0x000000af6ef00000)]
  0x000001cd3abc5000 JavaThread "Unconstrained build operations Thread 19" [_thread_blocked, id=12004, stack(0x000000af6ef00000,0x000000af6f000000)]
  0x000001cd3abc8800 JavaThread "Unconstrained build operations Thread 20" [_thread_blocked, id=11344, stack(0x000000af6f000000,0x000000af6f100000)]
  0x000001cd3abc2800 JavaThread "Unconstrained build operations Thread 21" [_thread_blocked, id=3008, stack(0x000000af6f100000,0x000000af6f200000)]
  0x000001cd3abce000 JavaThread "Unconstrained build operations Thread 22" [_thread_blocked, id=5108, stack(0x000000af6f200000,0x000000af6f300000)]
  0x000001cd3abca000 JavaThread "Unconstrained build operations Thread 23" [_thread_blocked, id=9012, stack(0x000000af6f300000,0x000000af6f400000)]
  0x000001cd3abc9000 JavaThread "Unconstrained build operations Thread 24" [_thread_blocked, id=10492, stack(0x000000af6f400000,0x000000af6f500000)]
  0x000001cd3abcc800 JavaThread "Unconstrained build operations Thread 25" [_thread_blocked, id=4052, stack(0x000000af6f500000,0x000000af6f600000)]
  0x000001cd3abcd000 JavaThread "Unconstrained build operations Thread 26" [_thread_blocked, id=1624, stack(0x000000af6f600000,0x000000af6f700000)]
  0x000001cd3abca800 JavaThread "Unconstrained build operations Thread 27" [_thread_blocked, id=11160, stack(0x000000af6f700000,0x000000af6f800000)]
  0x000001cd3abcb800 JavaThread "Unconstrained build operations Thread 28" [_thread_blocked, id=1124, stack(0x000000af6f800000,0x000000af6f900000)]
  0x000001cd3b640000 JavaThread "Unconstrained build operations Thread 29" [_thread_blocked, id=3912, stack(0x000000af6f900000,0x000000af6fa00000)]
  0x000001cd3b63c800 JavaThread "Unconstrained build operations Thread 30" [_thread_blocked, id=10964, stack(0x000000af6fa00000,0x000000af6fb00000)]
  0x000001cd3b63d800 JavaThread "Unconstrained build operations Thread 31" [_thread_blocked, id=11968, stack(0x000000af6fb00000,0x000000af6fc00000)]
  0x000001cd3b640800 JavaThread "Unconstrained build operations Thread 32" [_thread_blocked, id=8940, stack(0x000000af6fc00000,0x000000af6fd00000)]
  0x000001cd3b63b000 JavaThread "Unconstrained build operations Thread 33" [_thread_blocked, id=14060, stack(0x000000af6fd00000,0x000000af6fe00000)]
  0x000001cd3b641800 JavaThread "Unconstrained build operations Thread 34" [_thread_blocked, id=13244, stack(0x000000af6fe00000,0x000000af6ff00000)]
  0x000001cd3b63c000 JavaThread "Unconstrained build operations Thread 35" [_thread_blocked, id=6884, stack(0x000000af6ff00000,0x000000af70000000)]
  0x000001cd3b642800 JavaThread "Unconstrained build operations Thread 36" [_thread_blocked, id=10336, stack(0x000000af70000000,0x000000af70100000)]
  0x000001cd3b643000 JavaThread "Unconstrained build operations Thread 37" [_thread_blocked, id=128, stack(0x000000af70100000,0x000000af70200000)]
  0x000001cd3b644000 JavaThread "Unconstrained build operations Thread 38" [_thread_blocked, id=11644, stack(0x000000af70200000,0x000000af70300000)]
  0x000001cd3b63e000 JavaThread "Unconstrained build operations Thread 39" [_thread_blocked, id=2496, stack(0x000000af70300000,0x000000af70400000)]
  0x000001cd3b63f000 JavaThread "Unconstrained build operations Thread 40" [_thread_blocked, id=3580, stack(0x000000af70400000,0x000000af70500000)]
  0x000001cd3b645800 JavaThread "jar transforms Thread 4" [_thread_blocked, id=13100, stack(0x000000af70500000,0x000000af70600000)]
  0x000001cd3b649000 JavaThread "Memory manager" [_thread_blocked, id=9556, stack(0x000000af70600000,0x000000af70700000)]
  0x000001cd3b646800 JavaThread "build event listener" [_thread_blocked, id=12412, stack(0x000000af70700000,0x000000af70800000)]
  0x000001cd3b647000 JavaThread "included builds" [_thread_blocked, id=4976, stack(0x000000af70800000,0x000000af70900000)]
  0x000001cd3b648000 JavaThread "Execution worker for ':'" [_thread_blocked, id=11812, stack(0x000000af70900000,0x000000af70a00000)]
  0x000001cd3b649800 JavaThread "Execution worker for ':' Thread 2" [_thread_blocked, id=13696, stack(0x000000af70a00000,0x000000af70b00000)]
  0x000001cd3b644800 JavaThread "Execution worker for ':' Thread 3" [_thread_blocked, id=11728, stack(0x000000af70b00000,0x000000af70c00000)]
  0x000001cd3ee0c000 JavaThread "Cache worker for execution history cache (C:\Users\Kleivy Gomes\AndroidStudioProjects\Contact\.gradle\7.4\executionHistory)" [_thread_blocked, id=8800, stack(0x000000af70c00000,0x000000af70d00000)]

Other Threads:
  0x000001cd364d8800 VMThread "VM Thread" [stack: 0x000000af6b400000,0x000000af6b500000] [id=2336]
  0x000001cd36ffc000 WatcherThread [stack: 0x000000af6be00000,0x000000af6bf00000] [id=4224]
  0x000001cd1c910800 GCTaskThread "GC Thread#0" [stack: 0x000000af6af00000,0x000000af6b000000] [id=12484]
  0x000001cd37928800 GCTaskThread "GC Thread#1" [stack: 0x000000af6c000000,0x000000af6c100000] [id=12364]
  0x000001cd39811000 GCTaskThread "GC Thread#2" [stack: 0x000000af6c200000,0x000000af6c300000] [id=13972]
  0x000001cd38742800 GCTaskThread "GC Thread#3" [stack: 0x000000af6c300000,0x000000af6c400000] [id=8084]
  0x000001cd1c942000 ConcurrentGCThread "G1 Main Marker" [stack: 0x000000af6b000000,0x000000af6b100000] [id=10504]
  0x000001cd1c943000 ConcurrentGCThread "G1 Conc#0" [stack: 0x000000af6b100000,0x000000af6b200000] [id=11916]
  0x000001cd1c9b4000 ConcurrentGCThread "G1 Refine#0" [stack: 0x000000af6b200000,0x000000af6b300000] [id=7696]
  0x000001cd1c9b5000 ConcurrentGCThread "G1 Young RemSet Sampling" [stack: 0x000000af6b300000,0x000000af6b400000] [id=10136]

Threads with active compile tasks:
C2 CompilerThread0  22185 8570       4       org.gradle.cache.internal.btree.FreeListBlockStore::read (12 bytes)
C1 CompilerThread0  22185 8750       3       org.gradle.internal.work.DefaultWorkerLeaseService$DefaultWorkerLease::acquireLock (101 bytes)
C2 CompilerThread1  22185 8752       4       java.nio.ByteBuffer::array (35 bytes)

VM state:not at safepoint (normal execution)

VM Mutex/Monitor currently owned by a thread: None

Heap address: 0x0000000080000000, size: 2048 MB, Compressed Oops mode: 32-bit
Narrow klass base: 0x0000000000000000, Narrow klass shift: 3
Compressed class space size: 1073741824 Address: 0x0000000100000000

Heap:
 garbage-first heap   total 172032K, used 109521K [0x0000000080000000, 0x0000000100000000)
  region size 1024K, 53 young (54272K), 7 survivors (7168K)
 Metaspace       used 81747K, capacity 83746K, committed 83920K, reserved 1122304K
  class space    used 10676K, capacity 11440K, committed 11552K, reserved 1048576K
Heap Regions: E=young(eden), S=young(survivor), O=old, HS=humongous(starts), HC=humongous(continues), CS=collection set, F=free, A=archive, TAMS=top-at-mark-start (previous, next)
|   0|0x0000000080000000, 0x0000000080100000, 0x0000000080100000|100%|HS|  |TAMS 0x0000000080100000, 0x0000000080000000| Complete 
|   1|0x0000000080100000, 0x0000000080200000, 0x0000000080200000|100%|HC|  |TAMS 0x0000000080200000, 0x0000000080100000| Complete 
|   2|0x0000000080200000, 0x0000000080300000, 0x0000000080300000|100%|HC|  |TAMS 0x0000000080300000, 0x0000000080200000| Complete 
|   3|0x0000000080300000, 0x0000000080400000, 0x0000000080400000|100%| O|  |TAMS 0x0000000080400000, 0x0000000080300000| Untracked 
|   4|0x0000000080400000, 0x0000000080500000, 0x0000000080500000|100%| O|  |TAMS 0x0000000080500000, 0x0000000080400000| Untracked 
|   5|0x0000000080500000, 0x0000000080600000, 0x0000000080600000|100%| O|  |TAMS 0x0000000080600000, 0x0000000080500000| Untracked 
|   6|0x0000000080600000, 0x0000000080700000, 0x0000000080700000|100%| O|  |TAMS 0x0000000080700000, 0x0000000080600000| Untracked 
|   7|0x0000000080700000, 0x0000000080800000, 0x0000000080800000|100%| O|  |TAMS 0x0000000080800000, 0x0000000080700000| Untracked 
|   8|0x0000000080800000, 0x0000000080900000, 0x0000000080900000|100%| O|  |TAMS 0x0000000080900000, 0x0000000080800000| Untracked 
|   9|0x0000000080900000, 0x0000000080a00000, 0x0000000080a00000|100%| O|  |TAMS 0x0000000080a00000, 0x0000000080900000| Untracked 
|  10|0x0000000080a00000, 0x0000000080b00000, 0x0000000080b00000|100%| O|  |TAMS 0x0000000080b00000, 0x0000000080a00000| Untracked 
|  11|0x0000000080b00000, 0x0000000080c00000, 0x0000000080c00000|100%| O|  |TAMS 0x0000000080c00000, 0x0000000080b00000| Untracked 
|  12|0x0000000080c00000, 0x0000000080d00000, 0x0000000080d00000|100%| O|  |TAMS 0x0000000080d00000, 0x0000000080c00000| Untracked 
|  13|0x0000000080d00000, 0x0000000080e00000, 0x0000000080e00000|100%| O|  |TAMS 0x0000000080e00000, 0x0000000080d00000| Untracked 
|  14|0x0000000080e00000, 0x0000000080f00000, 0x0000000080f00000|100%| O|  |TAMS 0x0000000080f00000, 0x0000000080e00000| Untracked 
|  15|0x0000000080f00000, 0x0000000081000000, 0x0000000081000000|100%| O|  |TAMS 0x0000000081000000, 0x0000000080f00000| Untracked 
|  16|0x0000000081000000, 0x0000000081100000, 0x0000000081100000|100%| O|  |TAMS 0x0000000081100000, 0x0000000081000000| Untracked 
|  17|0x0000000081100000, 0x0000000081200000, 0x0000000081200000|100%| O|  |TAMS 0x0000000081200000, 0x0000000081100000| Untracked 
|  18|0x0000000081200000, 0x0000000081300000, 0x0000000081300000|100%| O|  |TAMS 0x0000000081300000, 0x0000000081200000| Untracked 
|  19|0x0000000081300000, 0x0000000081400000, 0x0000000081400000|100%| O|  |TAMS 0x0000000081400000, 0x0000000081300000| Untracked 
|  20|0x0000000081400000, 0x0000000081500000, 0x0000000081500000|100%| O|  |TAMS 0x0000000081500000, 0x0000000081400000| Untracked 
|  21|0x0000000081500000, 0x0000000081600000, 0x0000000081600000|100%| O|  |TAMS 0x0000000081600000, 0x0000000081500000| Untracked 
|  22|0x0000000081600000, 0x0000000081700000, 0x0000000081700000|100%| O|  |TAMS 0x0000000081700000, 0x0000000081600000| Untracked 
|  23|0x0000000081700000, 0x0000000081800000, 0x0000000081800000|100%| O|  |TAMS 0x0000000081800000, 0x0000000081700000| Untracked 
|  24|0x0000000081800000, 0x0000000081900000, 0x0000000081900000|100%| O|  |TAMS 0x0000000081900000, 0x0000000081800000| Untracked 
|  25|0x0000000081900000, 0x0000000081a00000, 0x0000000081a00000|100%| O|  |TAMS 0x0000000081a00000, 0x0000000081900000| Untracked 
|  26|0x0000000081a00000, 0x0000000081b00000, 0x0000000081b00000|100%|HS|  |TAMS 0x0000000081b00000, 0x0000000081a00000| Complete 
|  27|0x0000000081b00000, 0x0000000081c00000, 0x0000000081c00000|100%|HS|  |TAMS 0x0000000081c00000, 0x0000000081b00000| Complete 
|  28|0x0000000081c00000, 0x0000000081d00000, 0x0000000081d00000|100%| O|  |TAMS 0x0000000081d00000, 0x0000000081c00000| Untracked 
|  29|0x0000000081d00000, 0x0000000081e00000, 0x0000000081e00000|100%|HS|  |TAMS 0x0000000081e00000, 0x0000000081d00000| Complete 
|  30|0x0000000081e00000, 0x0000000081f00000, 0x0000000081f00000|100%|HC|  |TAMS 0x0000000081f00000, 0x0000000081e00000| Complete 
|  31|0x0000000081f00000, 0x0000000082000000, 0x0000000082000000|100%| O|  |TAMS 0x0000000082000000, 0x0000000081f00000| Untracked 
|  32|0x0000000082000000, 0x0000000082100000, 0x0000000082100000|100%| O|  |TAMS 0x0000000082100000, 0x0000000082000000| Untracked 
|  33|0x0000000082100000, 0x0000000082200000, 0x0000000082200000|100%| O|  |TAMS 0x0000000082200000, 0x0000000082100000| Untracked 
|  34|0x0000000082200000, 0x0000000082300000, 0x0000000082300000|100%| O|  |TAMS 0x0000000082300000, 0x0000000082200000| Untracked 
|  35|0x0000000082300000, 0x0000000082400000, 0x0000000082400000|100%| O|  |TAMS 0x0000000082400000, 0x0000000082300000| Untracked 
|  36|0x0000000082400000, 0x0000000082500000, 0x0000000082500000|100%| O|  |TAMS 0x0000000082500000, 0x0000000082400000| Untracked 
|  37|0x0000000082500000, 0x0000000082600000, 0x0000000082600000|100%| O|  |TAMS 0x0000000082600000, 0x0000000082500000| Untracked 
|  38|0x0000000082600000, 0x0000000082700000, 0x0000000082700000|100%| O|  |TAMS 0x0000000082700000, 0x0000000082600000| Untracked 
|  39|0x0000000082700000, 0x0000000082800000, 0x0000000082800000|100%| O|  |TAMS 0x0000000082800000, 0x0000000082700000| Untracked 
|  40|0x0000000082800000, 0x0000000082900000, 0x0000000082900000|100%| O|  |TAMS 0x0000000082900000, 0x0000000082800000| Untracked 
|  41|0x0000000082900000, 0x0000000082a00000, 0x0000000082a00000|100%| O|  |TAMS 0x0000000082a00000, 0x0000000082900000| Untracked 
|  42|0x0000000082a00000, 0x0000000082b00000, 0x0000000082b00000|100%| O|  |TAMS 0x0000000082b00000, 0x0000000082a00000| Untracked 
|  43|0x0000000082b00000, 0x0000000082c00000, 0x0000000082c00000|100%| O|  |TAMS 0x0000000082c00000, 0x0000000082b00000| Untracked 
|  44|0x0000000082c00000, 0x0000000082d00000, 0x0000000082d00000|100%| O|  |TAMS 0x0000000082d00000, 0x0000000082c00000| Untracked 
|  45|0x0000000082d00000, 0x0000000082e00000, 0x0000000082e00000|100%| O|  |TAMS 0x0000000082e00000, 0x0000000082d00000| Untracked 
|  46|0x0000000082e00000, 0x0000000082f00000, 0x0000000082f00000|100%| O|  |TAMS 0x0000000082f00000, 0x0000000082e00000| Untracked 
|  47|0x0000000082f00000, 0x0000000083000000, 0x0000000083000000|100%| O|  |TAMS 0x0000000083000000, 0x0000000082f00000| Untracked 
|  48|0x0000000083000000, 0x0000000083100000, 0x0000000083100000|100%| O|  |TAMS 0x0000000083100000, 0x0000000083000000| Untracked 
|  49|0x0000000083100000, 0x0000000083200000, 0x0000000083200000|100%| O|  |TAMS 0x0000000083110c00, 0x0000000083100000| Untracked 
|  50|0x0000000083200000, 0x0000000083300000, 0x0000000083300000|100%| O|  |TAMS 0x0000000083200000, 0x0000000083200000| Untracked 
|  51|0x0000000083300000, 0x0000000083400000, 0x0000000083400000|100%| O|  |TAMS 0x0000000083300000, 0x0000000083300000| Untracked 
|  52|0x0000000083400000, 0x0000000083500000, 0x0000000083500000|100%| O|  |TAMS 0x0000000083400000, 0x0000000083400000| Untracked 
|  53|0x0000000083500000, 0x0000000083600000, 0x0000000083600000|100%| O|  |TAMS 0x0000000083500000, 0x0000000083500000| Untracked 
|  54|0x0000000083600000, 0x0000000083700000, 0x0000000083700000|100%| O|  |TAMS 0x0000000083600000, 0x0000000083600000| Untracked 
|  55|0x0000000083700000, 0x0000000083724a00, 0x0000000083800000| 14%| O|  |TAMS 0x0000000083700000, 0x0000000083700000| Untracked 
|  56|0x0000000083800000, 0x0000000083800000, 0x0000000083900000|  0%| F|  |TAMS 0x0000000083800000, 0x0000000083800000| Untracked 
|  57|0x0000000083900000, 0x0000000083900000, 0x0000000083a00000|  0%| F|  |TAMS 0x0000000083900000, 0x0000000083900000| Untracked 
|  58|0x0000000083a00000, 0x0000000083a00000, 0x0000000083b00000|  0%| F|  |TAMS 0x0000000083a00000, 0x0000000083a00000| Untracked 
|  59|0x0000000083b00000, 0x0000000083b00000, 0x0000000083c00000|  0%| F|  |TAMS 0x0000000083b00000, 0x0000000083b00000| Untracked 
|  60|0x0000000083c00000, 0x0000000083c00000, 0x0000000083d00000|  0%| F|  |TAMS 0x0000000083c00000, 0x0000000083c00000| Untracked 
|  61|0x0000000083d00000, 0x0000000083d00000, 0x0000000083e00000|  0%| F|  |TAMS 0x0000000083d00000, 0x0000000083d00000| Untracked 
|  62|0x0000000083e00000, 0x0000000083e00000, 0x0000000083f00000|  0%| F|  |TAMS 0x0000000083e00000, 0x0000000083e00000| Untracked 
|  63|0x0000000083f00000, 0x0000000083f00000, 0x0000000084000000|  0%| F|  |TAMS 0x0000000083f00000, 0x0000000083f00000| Untracked 
|  64|0x0000000084000000, 0x0000000084000000, 0x0000000084100000|  0%| F|  |TAMS 0x0000000084000000, 0x0000000084000000| Untracked 
|  65|0x0000000084100000, 0x0000000084100000, 0x0000000084200000|  0%| F|  |TAMS 0x0000000084100000, 0x0000000084100000| Untracked 
|  66|0x0000000084200000, 0x0000000084200000, 0x0000000084300000|  0%| F|  |TAMS 0x0000000084200000, 0x0000000084200000| Untracked 
|  67|0x0000000084300000, 0x0000000084300000, 0x0000000084400000|  0%| F|  |TAMS 0x0000000084300000, 0x0000000084300000| Untracked 
|  68|0x0000000084400000, 0x0000000084400000, 0x0000000084500000|  0%| F|  |TAMS 0x0000000084400000, 0x0000000084400000| Untracked 
|  69|0x0000000084500000, 0x0000000084500000, 0x0000000084600000|  0%| F|  |TAMS 0x0000000084500000, 0x0000000084500000| Untracked 
|  70|0x0000000084600000, 0x0000000084600000, 0x0000000084700000|  0%| F|  |TAMS 0x0000000084600000, 0x0000000084600000| Untracked 
|  71|0x0000000084700000, 0x0000000084700000, 0x0000000084800000|  0%| F|  |TAMS 0x0000000084700000, 0x0000000084700000| Untracked 
|  72|0x0000000084800000, 0x0000000084800000, 0x0000000084900000|  0%| F|  |TAMS 0x0000000084800000, 0x0000000084800000| Untracked 
|  73|0x0000000084900000, 0x0000000084900000, 0x0000000084a00000|  0%| F|  |TAMS 0x0000000084900000, 0x0000000084900000| Untracked 
|  74|0x0000000084a00000, 0x0000000084a00000, 0x0000000084b00000|  0%| F|  |TAMS 0x0000000084a00000, 0x0000000084a00000| Untracked 
|  75|0x0000000084b00000, 0x0000000084b00000, 0x0000000084c00000|  0%| F|  |TAMS 0x0000000084b00000, 0x0000000084b00000| Untracked 
|  76|0x0000000084c00000, 0x0000000084c00000, 0x0000000084d00000|  0%| F|  |TAMS 0x0000000084c00000, 0x0000000084c00000| Untracked 
|  77|0x0000000084d00000, 0x0000000084d00000, 0x0000000084e00000|  0%| F|  |TAMS 0x0000000084d00000, 0x0000000084d00000| Untracked 
|  78|0x0000000084e00000, 0x0000000084e00000, 0x0000000084f00000|  0%| F|  |TAMS 0x0000000084e00000, 0x0000000084e00000| Untracked 
|  79|0x0000000084f00000, 0x0000000084f00000, 0x0000000085000000|  0%| F|  |TAMS 0x0000000084f00000, 0x0000000084f00000| Untracked 
|  80|0x0000000085000000, 0x0000000085000000, 0x0000000085100000|  0%| F|  |TAMS 0x0000000085000000, 0x0000000085000000| Untracked 
|  81|0x0000000085100000, 0x0000000085100000, 0x0000000085200000|  0%| F|  |TAMS 0x0000000085100000, 0x0000000085100000| Untracked 
|  82|0x0000000085200000, 0x00000000852cfa08, 0x0000000085300000| 81%| S|CS|TAMS 0x0000000085200000, 0x0000000085200000| Complete 
|  83|0x0000000085300000, 0x0000000085400000, 0x0000000085400000|100%| S|CS|TAMS 0x0000000085300000, 0x0000000085300000| Complete 
|  84|0x0000000085400000, 0x0000000085500000, 0x0000000085500000|100%| S|CS|TAMS 0x0000000085400000, 0x0000000085400000| Complete 
|  85|0x0000000085500000, 0x0000000085600000, 0x0000000085600000|100%| S|CS|TAMS 0x0000000085500000, 0x0000000085500000| Complete 
|  86|0x0000000085600000, 0x0000000085700000, 0x0000000085700000|100%| S|CS|TAMS 0x0000000085600000, 0x0000000085600000| Complete 
|  87|0x0000000085700000, 0x0000000085800000, 0x0000000085800000|100%| S|CS|TAMS 0x0000000085700000, 0x0000000085700000| Complete 
|  88|0x0000000085800000, 0x0000000085900000, 0x0000000085900000|100%| S|CS|TAMS 0x0000000085800000, 0x0000000085800000| Complete 
|  89|0x0000000085900000, 0x0000000085900000, 0x0000000085a00000|  0%| F|  |TAMS 0x0000000085900000, 0x0000000085900000| Untracked 
|  90|0x0000000085a00000, 0x0000000085a00000, 0x0000000085b00000|  0%| F|  |TAMS 0x0000000085a00000, 0x0000000085a00000| Untracked 
|  91|0x0000000085b00000, 0x0000000085b00000, 0x0000000085c00000|  0%| F|  |TAMS 0x0000000085b00000, 0x0000000085b00000| Untracked 
|  92|0x0000000085c00000, 0x0000000085c00000, 0x0000000085d00000|  0%| F|  |TAMS 0x0000000085c00000, 0x0000000085c00000| Untracked 
|  93|0x0000000085d00000, 0x0000000085d00000, 0x0000000085e00000|  0%| F|  |TAMS 0x0000000085d00000, 0x0000000085d00000| Untracked 
|  94|0x0000000085e00000, 0x0000000085e00000, 0x0000000085f00000|  0%| F|  |TAMS 0x0000000085e00000, 0x0000000085e00000| Untracked 
|  95|0x0000000085f00000, 0x0000000085f00000, 0x0000000086000000|  0%| F|  |TAMS 0x0000000085f00000, 0x0000000085f00000| Untracked 
|  96|0x0000000086000000, 0x0000000086000000, 0x0000000086100000|  0%| F|  |TAMS 0x0000000086000000, 0x0000000086000000| Untracked 
|  97|0x0000000086100000, 0x0000000086100000, 0x0000000086200000|  0%| F|  |TAMS 0x0000000086100000, 0x0000000086100000| Untracked 
|  98|0x0000000086200000, 0x0000000086200000, 0x0000000086300000|  0%| F|  |TAMS 0x0000000086200000, 0x0000000086200000| Untracked 
|  99|0x0000000086300000, 0x0000000086300000, 0x0000000086400000|  0%| F|  |TAMS 0x0000000086300000, 0x0000000086300000| Untracked 
| 100|0x0000000086400000, 0x0000000086400000, 0x0000000086500000|  0%| F|  |TAMS 0x0000000086400000, 0x0000000086400000| Untracked 
| 101|0x0000000086500000, 0x0000000086500000, 0x0000000086600000|  0%| F|  |TAMS 0x0000000086500000, 0x0000000086500000| Untracked 
| 102|0x0000000086600000, 0x0000000086600000, 0x0000000086700000|  0%| F|  |TAMS 0x0000000086600000, 0x0000000086600000| Untracked 
| 103|0x0000000086700000, 0x0000000086700000, 0x0000000086800000|  0%| F|  |TAMS 0x0000000086700000, 0x0000000086700000| Untracked 
| 104|0x0000000086800000, 0x0000000086800000, 0x0000000086900000|  0%| F|  |TAMS 0x0000000086800000, 0x0000000086800000| Untracked 
| 105|0x0000000086900000, 0x0000000086900000, 0x0000000086a00000|  0%| F|  |TAMS 0x0000000086900000, 0x0000000086900000| Untracked 
| 106|0x0000000086a00000, 0x0000000086a00000, 0x0000000086b00000|  0%| F|  |TAMS 0x0000000086a00000, 0x0000000086a00000| Untracked 
| 107|0x0000000086b00000, 0x0000000086b00000, 0x0000000086c00000|  0%| F|  |TAMS 0x0000000086b00000, 0x0000000086b00000| Untracked 
| 108|0x0000000086c00000, 0x0000000086c00000, 0x0000000086d00000|  0%| F|  |TAMS 0x0000000086c00000, 0x0000000086c00000| Untracked 
| 109|0x0000000086d00000, 0x0000000086d00000, 0x0000000086e00000|  0%| F|  |TAMS 0x0000000086d00000, 0x0000000086d00000| Untracked 
| 110|0x0000000086e00000, 0x0000000086e00000, 0x0000000086f00000|  0%| F|  |TAMS 0x0000000086e00000, 0x0000000086e00000| Untracked 
| 111|0x0000000086f00000, 0x0000000086f00000, 0x0000000087000000|  0%| F|  |TAMS 0x0000000086f00000, 0x0000000086f00000| Untracked 
| 112|0x0000000087000000, 0x0000000087000000, 0x0000000087100000|  0%| F|  |TAMS 0x0000000087000000, 0x0000000087000000| Untracked 
| 113|0x0000000087100000, 0x0000000087100000, 0x0000000087200000|  0%| F|  |TAMS 0x0000000087100000, 0x0000000087100000| Untracked 
| 114|0x0000000087200000, 0x0000000087200000, 0x0000000087300000|  0%| F|  |TAMS 0x0000000087200000, 0x0000000087200000| Untracked 
| 115|0x0000000087300000, 0x0000000087300000, 0x0000000087400000|  0%| F|  |TAMS 0x0000000087300000, 0x0000000087300000| Untracked 
| 116|0x0000000087400000, 0x0000000087400000, 0x0000000087500000|  0%| F|  |TAMS 0x0000000087400000, 0x0000000087400000| Untracked 
| 117|0x0000000087500000, 0x0000000087500000, 0x0000000087600000|  0%| F|  |TAMS 0x0000000087500000, 0x0000000087500000| Untracked 
| 118|0x0000000087600000, 0x0000000087600000, 0x0000000087700000|  0%| F|  |TAMS 0x0000000087600000, 0x0000000087600000| Untracked 
| 119|0x0000000087700000, 0x0000000087700000, 0x0000000087800000|  0%| F|  |TAMS 0x0000000087700000, 0x0000000087700000| Untracked 
| 120|0x0000000087800000, 0x0000000087800000, 0x0000000087900000|  0%| F|  |TAMS 0x0000000087800000, 0x0000000087800000| Untracked 
| 121|0x0000000087900000, 0x0000000087900000, 0x0000000087a00000|  0%| F|  |TAMS 0x0000000087900000, 0x0000000087900000| Untracked 
| 122|0x0000000087a00000, 0x0000000087afb028, 0x0000000087b00000| 98%| E|  |TAMS 0x0000000087a00000, 0x0000000087a00000| Complete 
| 123|0x0000000087b00000, 0x0000000087c00000, 0x0000000087c00000|100%| E|CS|TAMS 0x0000000087b00000, 0x0000000087b00000| Complete 
| 124|0x0000000087c00000, 0x0000000087d00000, 0x0000000087d00000|100%| E|CS|TAMS 0x0000000087c00000, 0x0000000087c00000| Complete 
| 125|0x0000000087d00000, 0x0000000087e00000, 0x0000000087e00000|100%| E|CS|TAMS 0x0000000087d00000, 0x0000000087d00000| Complete 
| 126|0x0000000087e00000, 0x0000000087f00000, 0x0000000087f00000|100%| E|CS|TAMS 0x0000000087e00000, 0x0000000087e00000| Complete 
| 127|0x0000000087f00000, 0x0000000088000000, 0x0000000088000000|100%| E|CS|TAMS 0x0000000087f00000, 0x0000000087f00000| Complete 
| 128|0x0000000088000000, 0x0000000088100000, 0x0000000088100000|100%| E|CS|TAMS 0x0000000088000000, 0x0000000088000000| Complete 
| 129|0x0000000088100000, 0x0000000088200000, 0x0000000088200000|100%| E|CS|TAMS 0x0000000088100000, 0x0000000088100000| Complete 
| 130|0x0000000088200000, 0x0000000088300000, 0x0000000088300000|100%| E|CS|TAMS 0x0000000088200000, 0x0000000088200000| Complete 
| 131|0x0000000088300000, 0x0000000088400000, 0x0000000088400000|100%| E|CS|TAMS 0x0000000088300000, 0x0000000088300000| Complete 
| 132|0x0000000088400000, 0x0000000088500000, 0x0000000088500000|100%| E|CS|TAMS 0x0000000088400000, 0x0000000088400000| Complete 
| 133|0x0000000088500000, 0x0000000088600000, 0x0000000088600000|100%| E|CS|TAMS 0x0000000088500000, 0x0000000088500000| Complete 
| 134|0x0000000088600000, 0x0000000088700000, 0x0000000088700000|100%| E|CS|TAMS 0x0000000088600000, 0x0000000088600000| Complete 
| 135|0x0000000088700000, 0x0000000088800000, 0x0000000088800000|100%| E|CS|TAMS 0x0000000088700000, 0x0000000088700000| Complete 
| 136|0x0000000088800000, 0x0000000088900000, 0x0000000088900000|100%| E|CS|TAMS 0x0000000088800000, 0x0000000088800000| Complete 
| 137|0x0000000088900000, 0x0000000088a00000, 0x0000000088a00000|100%| E|CS|TAMS 0x0000000088900000, 0x0000000088900000| Complete 
| 138|0x0000000088a00000, 0x0000000088b00000, 0x0000000088b00000|100%| E|CS|TAMS 0x0000000088a00000, 0x0000000088a00000| Complete 
| 139|0x0000000088b00000, 0x0000000088c00000, 0x0000000088c00000|100%| E|CS|TAMS 0x0000000088b00000, 0x0000000088b00000| Complete 
| 140|0x0000000088c00000, 0x0000000088d00000, 0x0000000088d00000|100%| E|CS|TAMS 0x0000000088c00000, 0x0000000088c00000| Complete 
| 141|0x0000000088d00000, 0x0000000088e00000, 0x0000000088e00000|100%| E|CS|TAMS 0x0000000088d00000, 0x0000000088d00000| Complete 
| 142|0x0000000088e00000, 0x0000000088f00000, 0x0000000088f00000|100%| E|CS|TAMS 0x0000000088e00000, 0x0000000088e00000| Complete 
| 143|0x0000000088f00000, 0x0000000089000000, 0x0000000089000000|100%| E|CS|TAMS 0x0000000088f00000, 0x0000000088f00000| Complete 
| 144|0x0000000089000000, 0x0000000089100000, 0x0000000089100000|100%| E|CS|TAMS 0x0000000089000000, 0x0000000089000000| Complete 
| 145|0x0000000089100000, 0x0000000089200000, 0x0000000089200000|100%| E|CS|TAMS 0x0000000089100000, 0x0000000089100000| Complete 
| 146|0x0000000089200000, 0x0000000089300000, 0x0000000089300000|100%| E|CS|TAMS 0x0000000089200000, 0x0000000089200000| Complete 
| 147|0x0000000089300000, 0x0000000089400000, 0x0000000089400000|100%| E|CS|TAMS 0x0000000089300000, 0x0000000089300000| Complete 
| 148|0x0000000089400000, 0x0000000089500000, 0x0000000089500000|100%| E|CS|TAMS 0x0000000089400000, 0x0000000089400000| Complete 
| 149|0x0000000089500000, 0x0000000089600000, 0x0000000089600000|100%| E|CS|TAMS 0x0000000089500000, 0x0000000089500000| Complete 
| 150|0x0000000089600000, 0x0000000089700000, 0x0000000089700000|100%| E|CS|TAMS 0x0000000089600000, 0x0000000089600000| Complete 
| 151|0x0000000089700000, 0x0000000089800000, 0x0000000089800000|100%| E|CS|TAMS 0x0000000089700000, 0x0000000089700000| Complete 
| 152|0x0000000089800000, 0x0000000089900000, 0x0000000089900000|100%| E|CS|TAMS 0x0000000089800000, 0x0000000089800000| Complete 
| 153|0x0000000089900000, 0x0000000089a00000, 0x0000000089a00000|100%| E|CS|TAMS 0x0000000089900000, 0x0000000089900000| Complete 
| 154|0x0000000089a00000, 0x0000000089b00000, 0x0000000089b00000|100%| E|CS|TAMS 0x0000000089a00000, 0x0000000089a00000| Complete 
| 155|0x0000000089b00000, 0x0000000089c00000, 0x0000000089c00000|100%| E|CS|TAMS 0x0000000089b00000, 0x0000000089b00000| Complete 
| 156|0x0000000089c00000, 0x0000000089d00000, 0x0000000089d00000|100%| E|CS|TAMS 0x0000000089c00000, 0x0000000089c00000| Complete 
| 157|0x0000000089d00000, 0x0000000089e00000, 0x0000000089e00000|100%| E|CS|TAMS 0x0000000089d00000, 0x0000000089d00000| Complete 
| 158|0x0000000089e00000, 0x0000000089f00000, 0x0000000089f00000|100%| E|CS|TAMS 0x0000000089e00000, 0x0000000089e00000| Complete 
| 159|0x0000000089f00000, 0x000000008a000000, 0x000000008a000000|100%| E|CS|TAMS 0x0000000089f00000, 0x0000000089f00000| Complete 
| 160|0x000000008a000000, 0x000000008a100000, 0x000000008a100000|100%| E|CS|TAMS 0x000000008a000000, 0x000000008a000000| Complete 
| 161|0x000000008a100000, 0x000000008a200000, 0x000000008a200000|100%| E|CS|TAMS 0x000000008a100000, 0x000000008a100000| Complete 
| 162|0x000000008a200000, 0x000000008a300000, 0x000000008a300000|100%| E|CS|TAMS 0x000000008a200000, 0x000000008a200000| Complete 
| 163|0x000000008a300000, 0x000000008a400000, 0x000000008a400000|100%| E|CS|TAMS 0x000000008a300000, 0x000000008a300000| Complete 
| 164|0x000000008a400000, 0x000000008a500000, 0x000000008a500000|100%| E|CS|TAMS 0x000000008a400000, 0x000000008a400000| Complete 
| 165|0x000000008a500000, 0x000000008a600000, 0x000000008a600000|100%| E|CS|TAMS 0x000000008a500000, 0x000000008a500000| Complete 
| 166|0x000000008a600000, 0x000000008a700000, 0x000000008a700000|100%| E|CS|TAMS 0x000000008a600000, 0x000000008a600000| Complete 
| 167|0x000000008a700000, 0x000000008a800000, 0x000000008a800000|100%| E|CS|TAMS 0x000000008a700000, 0x000000008a700000| Complete 

Card table byte_map: [0x000001cd2f810000,0x000001cd2fc10000] _byte_map_base: 0x000001cd2f410000

Marking Bits (Prev, Next): (CMBitMap*) 0x000001cd1c939038, (CMBitMap*) 0x000001cd1c939070
 Prev Bits: [0x000001cd30010000, 0x000001cd32010000)
 Next Bits: [0x000001cd32010000, 0x000001cd34010000)

Polling page: 0x000001cd1a730000

Metaspace:

Usage:
  Non-class:     70.61 MB capacity,    69.41 MB ( 98%) used,   999.22 KB (  1%) free+waste,   227.13 KB ( <1%) overhead. 
      Class:     11.17 MB capacity,    10.43 MB ( 93%) used,   658.30 KB (  6%) free+waste,   104.94 KB ( <1%) overhead. 
       Both:     81.78 MB capacity,    79.84 MB ( 98%) used,     1.62 MB (  2%) free+waste,   332.06 KB ( <1%) overhead. 

Virtual space:
  Non-class space:       72.00 MB reserved,      70.67 MB ( 98%) committed 
      Class space:        1.00 GB reserved,      11.28 MB (  1%) committed 
             Both:        1.07 GB reserved,      81.95 MB (  7%) committed 

Chunk freelists:
   Non-Class:  61.00 KB
       Class:  0 bytes
        Both:  61.00 KB

MaxMetaspaceSize: 17179869184.00 GB
CompressedClassSpaceSize: 1.00 GB
Initial GC threshold: 20.80 MB
Current GC threshold: 117.84 MB
CDS: off

CodeHeap 'non-profiled nmethods': size=120064Kb used=4934Kb max_used=4934Kb free=115129Kb
 bounds [0x000001cd27ed0000, 0x000001cd283b0000, 0x000001cd2f410000]
CodeHeap 'profiled nmethods': size=120000Kb used=18725Kb max_used=18725Kb free=101274Kb
 bounds [0x000001cd209a0000, 0x000001cd21bf0000, 0x000001cd27ed0000]
CodeHeap 'non-nmethods': size=5696Kb used=2362Kb max_used=2413Kb free=3333Kb
 bounds [0x000001cd20410000, 0x000001cd20680000, 0x000001cd209a0000]
 total_blobs=9586 nmethods=8704 adapters=792
 compilation: enabled
              stopped_count=0, restarted_count=0
 full_count=0

Compilation events (20 events):
Event: 22.097 Thread 0x000001cd36517000 8703       3       java.util.function.Function$$Lambda$54/0x000000010013c440::apply (5 bytes)
Event: 22.097 Thread 0x000001cd36517000 nmethod 8703 0x000001cd21bb8610 code [0x000001cd21bb87c0, 0x000001cd21bb8918]
Event: 22.101 Thread 0x000001cd36517000 8705       3       com.google.common.collect.ImmutableMultimap$Builder::build (41 bytes)
Event: 22.102 Thread 0x000001cd36517000 nmethod 8705 0x000001cd21bb8a10 code [0x000001cd21bb8ca0, 0x000001cd21bb99e8]
Event: 22.102 Thread 0x000001cd36517000 8706       3       com.google.common.collect.ImmutableSortedAsList::<init> (7 bytes)
Event: 22.103 Thread 0x000001cd36517000 nmethod 8706 0x000001cd21bb9d90 code [0x000001cd21bb9f80, 0x000001cd21bba378]
Event: 22.103 Thread 0x000001cd36517000 8707       3       com.google.common.collect.RegularImmutableAsList::<init> (15 bytes)
Event: 22.103 Thread 0x000001cd36517000 nmethod 8707 0x000001cd21bba510 code [0x000001cd21bba6e0, 0x000001cd21bbaa78]
Event: 22.105 Thread 0x000001cd36517000 8708       1       org.gradle.internal.MutableReference::get (5 bytes)
Event: 22.106 Thread 0x000001cd36517000 nmethod 8708 0x000001cd2839c110 code [0x000001cd2839c2c0, 0x000001cd2839c378]
Event: 22.107 Thread 0x000001cd36517000 8709       3       org.gradle.internal.execution.fingerprint.impl.DefaultFileCollectionFingerprinterRegistry::getFingerprinter (70 bytes)
Event: 22.109 Thread 0x000001cd36517000 nmethod 8709 0x000001cd21bbac10 code [0x000001cd21bbaf20, 0x000001cd21bbc148]
Event: 22.109 Thread 0x000001cd36517000 8710       3       java.lang.String::equalsIgnoreCase (45 bytes)
Event: 22.110 Thread 0x000001cd36517000 nmethod 8710 0x000001cd21bbc710 code [0x000001cd21bbc920, 0x000001cd21bbce68]
Event: 22.110 Thread 0x000001cd36517000 8711       3       org.gradle.internal.execution.fingerprint.impl.DefaultInputFingerprinter::fingerprintInputProperties (41 bytes)
Event: 22.110 Thread 0x000001cd36517000 nmethod 8711 0x000001cd21bbd090 code [0x000001cd21bbd260, 0x000001cd21bbd528]
Event: 22.110 Thread 0x000001cd36517000 8712       3       org.gradle.internal.execution.fingerprint.impl.DefaultInputFingerprinter$InputCollectingVisitor::<init> (65 bytes)
Event: 22.112 Thread 0x000001cd36517000 nmethod 8712 0x000001cd21bbd690 code [0x000001cd21bbd940, 0x000001cd21bbeaa8]
Event: 22.112 Thread 0x000001cd36517000 8713       3       org.gradle.internal.execution.fingerprint.impl.DefaultInputFingerprinter$InputFingerprints::<init> (32 bytes)
Event: 22.113 Thread 0x000001cd36517000 nmethod 8713 0x000001cd21bbef90 code [0x000001cd21bbf160, 0x000001cd21bbf498]

GC Heap History (20 events):
Event: 10.914 GC heap before
{Heap before GC invocations=10 (full 0):
 garbage-first heap   total 118784K, used 67031K [0x0000000080000000, 0x0000000100000000)
  region size 1024K, 50 young (51200K), 9 survivors (9216K)
 Metaspace       used 42063K, capacity 42975K, committed 43088K, reserved 1087488K
  class space    used 5339K, capacity 5730K, committed 5792K, reserved 1048576K
}
Event: 10.943 GC heap after
{Heap after GC invocations=11 (full 0):
 garbage-first heap   total 118784K, used 29115K [0x0000000080000000, 0x0000000100000000)
  region size 1024K, 3 young (3072K), 3 survivors (3072K)
 Metaspace       used 42063K, capacity 42975K, committed 43088K, reserved 1087488K
  class space    used 5339K, capacity 5730K, committed 5792K, reserved 1048576K
}
Event: 11.804 GC heap before
{Heap before GC invocations=12 (full 0):
 garbage-first heap   total 118784K, used 80315K [0x0000000080000000, 0x0000000100000000)
  region size 1024K, 53 young (54272K), 3 survivors (3072K)
 Metaspace       used 46595K, capacity 47670K, committed 47824K, reserved 1091584K
  class space    used 5913K, capacity 6314K, committed 6432K, reserved 1048576K
}
Event: 11.815 GC heap after
{Heap after GC invocations=13 (full 0):
 garbage-first heap   total 143360K, used 30326K [0x0000000080000000, 0x0000000100000000)
  region size 1024K, 5 young (5120K), 5 survivors (5120K)
 Metaspace       used 46595K, capacity 47670K, committed 47824K, reserved 1091584K
  class space    used 5913K, capacity 6314K, committed 6432K, reserved 1048576K
}
Event: 13.385 GC heap before
{Heap before GC invocations=13 (full 0):
 garbage-first heap   total 143360K, used 96886K [0x0000000080000000, 0x0000000100000000)
  region size 1024K, 66 young (67584K), 5 survivors (5120K)
 Metaspace       used 49916K, capacity 51208K, committed 51280K, reserved 1093632K
  class space    used 6300K, capacity 6799K, committed 6816K, reserved 1048576K
}
Event: 13.402 GC heap after
{Heap after GC invocations=14 (full 0):
 garbage-first heap   total 143360K, used 41828K [0x0000000080000000, 0x0000000100000000)
  region size 1024K, 9 young (9216K), 9 survivors (9216K)
 Metaspace       used 49916K, capacity 51208K, committed 51280K, reserved 1093632K
  class space    used 6300K, capacity 6799K, committed 6816K, reserved 1048576K
}
Event: 14.817 GC heap before
{Heap before GC invocations=14 (full 0):
 garbage-first heap   total 143360K, used 100196K [0x0000000080000000, 0x0000000100000000)
  region size 1024K, 66 young (67584K), 9 survivors (9216K)
 Metaspace       used 58166K, capacity 59519K, committed 59856K, reserved 1101824K
  class space    used 7327K, capacity 7881K, committed 7968K, reserved 1048576K
}
Event: 14.837 GC heap after
{Heap after GC invocations=15 (full 0):
 garbage-first heap   total 143360K, used 44175K [0x0000000080000000, 0x0000000100000000)
  region size 1024K, 3 young (3072K), 3 survivors (3072K)
 Metaspace       used 58166K, capacity 59519K, committed 59856K, reserved 1101824K
  class space    used 7327K, capacity 7881K, committed 7968K, reserved 1048576K
}
Event: 16.110 GC heap before
{Heap before GC invocations=15 (full 0):
 garbage-first heap   total 143360K, used 108687K [0x0000000080000000, 0x0000000100000000)
  region size 1024K, 60 young (61440K), 3 survivors (3072K)
 Metaspace       used 63222K, capacity 64659K, committed 64848K, reserved 1105920K
  class space    used 7942K, capacity 8498K, committed 8608K, reserved 1048576K
}
Event: 16.123 GC heap after
{Heap after GC invocations=16 (full 0):
 garbage-first heap   total 143360K, used 49155K [0x0000000080000000, 0x0000000100000000)
  region size 1024K, 8 young (8192K), 8 survivors (8192K)
 Metaspace       used 63222K, capacity 64659K, committed 64848K, reserved 1105920K
  class space    used 7942K, capacity 8498K, committed 8608K, reserved 1048576K
}
Event: 16.336 GC heap before
{Heap before GC invocations=16 (full 0):
 garbage-first heap   total 143360K, used 63491K [0x0000000080000000, 0x0000000100000000)
  region size 1024K, 22 young (22528K), 8 survivors (8192K)
 Metaspace       used 64038K, capacity 65495K, committed 65744K, reserved 1105920K
  class space    used 8054K, capacity 8627K, committed 8736K, reserved 1048576K
}
Event: 16.348 GC heap after
{Heap after GC invocations=17 (full 0):
 garbage-first heap   total 143360K, used 50575K [0x0000000080000000, 0x0000000100000000)
  region size 1024K, 2 young (2048K), 2 survivors (2048K)
 Metaspace       used 64038K, capacity 65495K, committed 65744K, reserved 1105920K
  class space    used 8054K, capacity 8627K, committed 8736K, reserved 1048576K
}
Event: 17.100 GC heap before
{Heap before GC invocations=17 (full 0):
 garbage-first heap   total 143360K, used 104847K [0x0000000080000000, 0x0000000100000000)
  region size 1024K, 54 young (55296K), 2 survivors (2048K)
 Metaspace       used 65489K, capacity 67043K, committed 67152K, reserved 1107968K
  class space    used 8254K, capacity 8837K, committed 8864K, reserved 1048576K
}
Event: 17.110 GC heap after
{Heap after GC invocations=18 (full 0):
 garbage-first heap   total 143360K, used 53757K [0x0000000080000000, 0x0000000100000000)
  region size 1024K, 5 young (5120K), 5 survivors (5120K)
 Metaspace       used 65489K, capacity 67043K, committed 67152K, reserved 1107968K
  class space    used 8254K, capacity 8837K, committed 8864K, reserved 1048576K
}
Event: 18.105 GC heap before
{Heap before GC invocations=18 (full 0):
 garbage-first heap   total 143360K, used 93693K [0x0000000080000000, 0x0000000100000000)
  region size 1024K, 45 young (46080K), 5 survivors (5120K)
 Metaspace       used 70490K, capacity 72017K, committed 72144K, reserved 1112064K
  class space    used 9080K, capacity 9678K, committed 9760K, reserved 1048576K
}
Event: 18.119 GC heap after
{Heap after GC invocations=19 (full 0):
 garbage-first heap   total 143360K, used 56590K [0x0000000080000000, 0x0000000100000000)
  region size 1024K, 7 young (7168K), 7 survivors (7168K)
 Metaspace       used 70490K, capacity 72017K, committed 72144K, reserved 1112064K
  class space    used 9080K, capacity 9678K, committed 9760K, reserved 1048576K
}
Event: 19.571 GC heap before
{Heap before GC invocations=20 (full 0):
 garbage-first heap   total 143360K, used 108814K [0x0000000080000000, 0x0000000100000000)
  region size 1024K, 58 young (59392K), 7 survivors (7168K)
 Metaspace       used 74740K, capacity 76436K, committed 76624K, reserved 1116160K
  class space    used 9673K, capacity 10296K, committed 10400K, reserved 1048576K
}
Event: 19.591 GC heap after
{Heap after GC invocations=21 (full 0):
 garbage-first heap   total 143360K, used 59985K [0x0000000080000000, 0x0000000100000000)
  region size 1024K, 6 young (6144K), 6 survivors (6144K)
 Metaspace       used 74740K, capacity 76436K, committed 76624K, reserved 1116160K
  class space    used 9673K, capacity 10296K, committed 10400K, reserved 1048576K
}
Event: 20.922 GC heap before
{Heap before GC invocations=21 (full 0):
 garbage-first heap   total 143360K, used 112209K [0x0000000080000000, 0x0000000100000000)
  region size 1024K, 57 young (58368K), 6 survivors (6144K)
 Metaspace       used 80327K, capacity 82167K, committed 82384K, reserved 1120256K
  class space    used 10497K, capacity 11192K, committed 11296K, reserved 1048576K
}
Event: 20.940 GC heap after
{Heap after GC invocations=22 (full 0):
 garbage-first heap   total 172032K, used 63441K [0x0000000080000000, 0x0000000100000000)
  region size 1024K, 7 young (7168K), 7 survivors (7168K)
 Metaspace       used 80327K, capacity 82167K, committed 82384K, reserved 1120256K
  class space    used 10497K, capacity 11192K, committed 11296K, reserved 1048576K
}

Deoptimization events (20 events):
Event: 21.740 Thread 0x000001cd397be000 DEOPT PACKING pc=0x000001cd281414c4 sp=0x000000af6d6fdf90
Event: 21.740 Thread 0x000001cd397be000 DEOPT UNPACKING pc=0x000001cd2045a1af sp=0x000000af6d6fde80 mode 2
Event: 21.807 Thread 0x000001cd38233800 Uncommon trap: trap_request=0xffffff4d fr.pc=0x000001cd28047bf0 relative=0x0000000000000230
Event: 21.807 Thread 0x000001cd38233800 Uncommon trap: reason=unstable_if action=reinterpret pc=0x000001cd28047bf0 method=java.util.concurrent.ConcurrentHashMap.get(Ljava/lang/Object;)Ljava/lang/Object; @ 86 c2
Event: 21.807 Thread 0x000001cd38233800 DEOPT PACKING pc=0x000001cd28047bf0 sp=0x000000af6ddfd9e0
Event: 21.807 Thread 0x000001cd38233800 DEOPT UNPACKING pc=0x000001cd2045a1af sp=0x000000af6ddfd958 mode 2
Event: 21.809 Thread 0x000001cd397be000 Uncommon trap: trap_request=0xffffff4d fr.pc=0x000001cd2835ee60 relative=0x0000000000000380
Event: 21.809 Thread 0x000001cd397be000 Uncommon trap: reason=unstable_if action=reinterpret pc=0x000001cd2835ee60 method=com.esotericsoftware.kryo.io.Input.readVarInt(Z)I @ 81 c2
Event: 21.809 Thread 0x000001cd397be000 DEOPT PACKING pc=0x000001cd2835ee60 sp=0x000000af6d6fdf40
Event: 21.809 Thread 0x000001cd397be000 DEOPT UNPACKING pc=0x000001cd2045a1af sp=0x000000af6d6fdee8 mode 2
Event: 21.837 Thread 0x000001cd3abc3800 DEOPT PACKING pc=0x000001cd218fe544 sp=0x000000af6e8fd5b0
Event: 21.837 Thread 0x000001cd3abc3800 DEOPT UNPACKING pc=0x000001cd2045a95e sp=0x000000af6e8fcb50 mode 0
Event: 21.907 Thread 0x000001cd38233800 Uncommon trap: trap_request=0xffffff4d fr.pc=0x000001cd2836eb50 relative=0x0000000000001c70
Event: 21.907 Thread 0x000001cd38233800 Uncommon trap: reason=unstable_if action=reinterpret pc=0x000001cd2836eb50 method=java.util.concurrent.ConcurrentHashMap.computeIfAbsent(Ljava/lang/Object;Ljava/util/function/Function;)Ljava/lang/Object; @ 279 c2
Event: 21.907 Thread 0x000001cd38233800 DEOPT PACKING pc=0x000001cd2836eb50 sp=0x000000af6ddfdd20
Event: 21.907 Thread 0x000001cd38233800 DEOPT UNPACKING pc=0x000001cd2045a1af sp=0x000000af6ddfdcd8 mode 2
Event: 21.958 Thread 0x000001cd3abc3800 DEOPT PACKING pc=0x000001cd218fe544 sp=0x000000af6e8fd300
Event: 21.958 Thread 0x000001cd3abc3800 DEOPT UNPACKING pc=0x000001cd2045a95e sp=0x000000af6e8fc8a0 mode 0
Event: 22.055 Thread 0x000001cd3abcd000 DEOPT PACKING pc=0x000001cd218fe544 sp=0x000000af6f6fbaf0
Event: 22.055 Thread 0x000001cd3abcd000 DEOPT UNPACKING pc=0x000001cd2045a95e sp=0x000000af6f6fb090 mode 0

Classes redefined (0 events):
No events

Internal exceptions (20 events):
Event: 20.234 Thread 0x000001cd3917f800 Exception <a 'sun/nio/fs/WindowsException'{0x00000000873bf0e8}> (0x00000000873bf0e8) thrown at [./src/hotspot/share/prims/jni.cpp, line 616]
Event: 20.642 Thread 0x000001cd3917f800 Exception <a 'java/lang/NoSuchMethodError'{0x00000000863c8598}: 'java.lang.Object java.lang.invoke.Invokers$Holder.linkToTargetMethod(java.lang.Object, java.lang.Object, java.lang.Object, int, java.lang.Object, java.lang.Object)'> (0x00000000863c8598) thrown at [./src/hotspot/share/interpreter/linkResolver.cpp, line 773]
Event: 20.777 Thread 0x000001cd397b6000 Exception <a 'java/lang/NoSuchMethodError'{0x0000000085e53900}: <clinit>> (0x0000000085e53900) thrown at [./src/hotspot/share/prims/jni.cpp, line 1366]
Event: 20.780 Thread 0x000001cd397b6000 Exception <a 'java/lang/NoSuchMethodError'{0x0000000085e96560}: <clinit>> (0x0000000085e96560) thrown at [./src/hotspot/share/prims/jni.cpp, line 1366]
Event: 20.793 Thread 0x000001cd3b648000 Exception <a 'java/lang/IncompatibleClassChangeError'{0x0000000085ecf360}: Found class java.lang.Object, but interface was expected> (0x0000000085ecf360) thrown at [./src/hotspot/share/interpreter/linkResolver.cpp, line 839]
Event: 20.850 Thread 0x000001cd3b648000 Exception <a 'java/lang/IncompatibleClassChangeError'{0x0000000085ce4740}: Found class java.lang.Object, but interface was expected> (0x0000000085ce4740) thrown at [./src/hotspot/share/interpreter/linkResolver.cpp, line 839]
Event: 20.900 Thread 0x000001cd3b648000 Exception <a 'java/lang/NoSuchMethodError'{0x0000000085910588}: 'int java.lang.invoke.DirectMethodHandle$Holder.invokeStaticInit(java.lang.Object, java.lang.Object, java.lang.Object, java.lang.Object, java.lang.Object)'> (0x0000000085910588) thrown at [./src/hotspot/share/interpreter/linkResolver.cpp, line 773]
Event: 20.955 Thread 0x000001cd397b6000 Exception <a 'java/lang/NoSuchMethodError'{0x000000008a7a2530}: <clinit>> (0x000000008a7a2530) thrown at [./src/hotspot/share/prims/jni.cpp, line 1366]
Event: 20.958 Thread 0x000001cd397b6000 Exception <a 'java/lang/NoSuchMethodError'{0x000000008a7e6ac0}: <clinit>> (0x000000008a7e6ac0) thrown at [./src/hotspot/share/prims/jni.cpp, line 1366]
Event: 20.958 Thread 0x000001cd397b6000 Exception <a 'java/lang/NoSuchMethodError'{0x000000008a7e8218}: <clinit>> (0x000000008a7e8218) thrown at [./src/hotspot/share/prims/jni.cpp, line 1366]
Event: 21.001 Thread 0x000001cd3b646800 Exception <a 'java/lang/NoSuchMethodError'{0x000000008a497410}: <clinit>> (0x000000008a497410) thrown at [./src/hotspot/share/prims/jni.cpp, line 1366]
Event: 21.008 Thread 0x000001cd3b646800 Exception <a 'java/lang/NoSuchMethodError'{0x000000008a4d7240}: <clinit>> (0x000000008a4d7240) thrown at [./src/hotspot/share/prims/jni.cpp, line 1366]
Event: 21.014 Thread 0x000001cd3b646800 Exception <a 'java/lang/NoSuchMethodError'{0x000000008a4f9878}: <clinit>> (0x000000008a4f9878) thrown at [./src/hotspot/share/prims/jni.cpp, line 1366]
Event: 21.017 Thread 0x000001cd3b646800 Exception <a 'java/lang/NoSuchMethodError'{0x000000008a303f68}: 'void java.lang.invoke.DirectMethodHandle$Holder.invokeSpecial(java.lang.Object, java.lang.Object, java.lang.Object, int)'> (0x000000008a303f68) thrown at [./src/hotspot/share/interpreter/linkResolver.cpp, line 773]
Event: 21.033 Thread 0x000001cd397b6000 Exception <a 'java/lang/NoSuchMethodError'{0x000000008a390410}: <clinit>> (0x000000008a390410) thrown at [./src/hotspot/share/prims/jni.cpp, line 1366]
Event: 21.067 Thread 0x000001cd3b648000 Exception <a 'java/lang/NoSuchMethodError'{0x000000008a212d58}: 'int java.lang.invoke.DirectMethodHandle$Holder.invokeSpecial(java.lang.Object, java.lang.Object, java.lang.Object, java.lang.Object, java.lang.Object)'> (0x000000008a212d58) thrown at [./src/hotspot/share/interpreter/linkResolver.cpp, line 773]
Event: 21.432 Thread 0x000001cd3b647000 Exception <a 'java/lang/NoSuchMethodError'{0x0000000089ceba60}: 'void java.lang.invoke.DirectMethodHandle$Holder.invokeStatic(java.lang.Object, java.lang.Object, java.lang.Object, java.lang.Object, int, java.lang.Object, java.lang.Object)'> (0x0000000089ceba60) thrown at [./src/hotspot/share/interpreter/linkResolver.cpp, line 773]
Event: 21.484 Thread 0x000001cd3b647000 Exception <a 'java/lang/NoSuchMethodError'{0x00000000897284c8}: 'java.lang.Object java.lang.invoke.DirectMethodHandle$Holder.invokeSpecialIFC(java.lang.Object, java.lang.Object, java.lang.Object)'> (0x00000000897284c8) thrown at [./src/hotspot/share/interpreter/linkResolver.cpp, line 773]
Event: 21.486 Thread 0x000001cd3abc3800 Exception <a 'java/lang/NoSuchMethodError'{0x00000000897d0c50}: 'java.lang.Object java.lang.invoke.DirectMethodHandle$Holder.invokeSpecialIFC(java.lang.Object, java.lang.Object, java.lang.Object)'> (0x00000000897d0c50) thrown at [./src/hotspot/share/interpreter/linkResolver.cpp, line 773]
Event: 22.043 Thread 0x000001cd38236800 Exception <a 'java/lang/NoSuchMethodError'{0x00000000898b5878}: 'void java.lang.invoke.DirectMethodHandle$Holder.invokeVirtual(java.lang.Object, java.lang.Object)'> (0x00000000898b5878) thrown at [./src/hotspot/share/interpreter/linkResolver.cpp, line 773]

Events (20 events):
Event: 21.990 Executing VM operation: RevokeBias
Event: 21.990 Executing VM operation: RevokeBias done
Event: 21.993 Executing VM operation: RevokeBias
Event: 21.994 Executing VM operation: RevokeBias done
Event: 22.000 Executing VM operation: RevokeBias
Event: 22.001 Executing VM operation: RevokeBias done
Event: 22.026 Executing VM operation: RevokeBias
Event: 22.027 Executing VM operation: RevokeBias done
Event: 22.038 Executing VM operation: RevokeBias
Event: 22.038 Executing VM operation: RevokeBias done
Event: 22.040 Executing VM operation: BulkRevokeBias
Event: 22.042 Executing VM operation: BulkRevokeBias done
Event: 22.042 Executing VM operation: RevokeBias
Event: 22.043 Executing VM operation: RevokeBias done
Event: 22.049 Executing VM operation: RevokeBias
Event: 22.049 Executing VM operation: RevokeBias done
Event: 22.068 Executing VM operation: RevokeBias
Event: 22.068 Executing VM operation: RevokeBias done
Event: 22.081 Executing VM operation: RevokeBias
Event: 22.081 Executing VM operation: RevokeBias done


Dynamic libraries:
0x00007ff64dbc0000 - 0x00007ff64dbca000 	C:\Program Files\Android\Android Studio\jre\bin\java.exe
0x00007ffaea0d0000 - 0x00007ffaea2c8000 	C:\WINDOWS\SYSTEM32\ntdll.dll
0x00007ffaae820000 - 0x00007ffaae837000 	C:\Program Files\AVAST Software\Avast\aswhook.dll
0x00007ffae9430000 - 0x00007ffae94ef000 	C:\WINDOWS\System32\KERNEL32.DLL
0x00007ffae7dc0000 - 0x00007ffae8092000 	C:\WINDOWS\System32\KERNELBASE.dll
0x00007ffae7a70000 - 0x00007ffae7b70000 	C:\WINDOWS\System32\ucrtbase.dll
0x00007ffad5eb0000 - 0x00007ffad5ec7000 	C:\Program Files\Android\Android Studio\jre\bin\VCRUNTIME140.dll
0x00007ffad7b70000 - 0x00007ffad7b89000 	C:\Program Files\Android\Android Studio\jre\bin\jli.dll
0x00007ffae9090000 - 0x00007ffae9231000 	C:\WINDOWS\System32\USER32.dll
0x00007ffae7a10000 - 0x00007ffae7a32000 	C:\WINDOWS\System32\win32u.dll
0x00007ffad6db0000 - 0x00007ffad704a000 	C:\WINDOWS\WinSxS\amd64_microsoft.windows.common-controls_6595b64144ccf1df_6.0.19041.1110_none_60b5254171f9507e\COMCTL32.dll
0x00007ffae9300000 - 0x00007ffae932b000 	C:\WINDOWS\System32\GDI32.dll
0x00007ffae7cb0000 - 0x00007ffae7dbf000 	C:\WINDOWS\System32\gdi32full.dll
0x00007ffae86e0000 - 0x00007ffae877e000 	C:\WINDOWS\System32\msvcrt.dll
0x00007ffae77c0000 - 0x00007ffae785d000 	C:\WINDOWS\System32\msvcp_win.dll
0x00007ffae9680000 - 0x00007ffae96b2000 	C:\WINDOWS\System32\IMM32.DLL
0x00007ffab0ae0000 - 0x00007ffab0b7d000 	C:\Program Files\Android\Android Studio\jre\bin\msvcp140.dll
0x00007ffa866a0000 - 0x00007ffa871a2000 	C:\Program Files\Android\Android Studio\jre\bin\server\jvm.dll
0x00007ffae95d0000 - 0x00007ffae967e000 	C:\WINDOWS\System32\ADVAPI32.dll
0x00007ffae9330000 - 0x00007ffae93cc000 	C:\WINDOWS\System32\sechost.dll
0x00007ffae8590000 - 0x00007ffae86b5000 	C:\WINDOWS\System32\RPCRT4.dll
0x00007ffae86d0000 - 0x00007ffae86d8000 	C:\WINDOWS\System32\PSAPI.DLL
0x00007ffad5620000 - 0x00007ffad5629000 	C:\WINDOWS\SYSTEM32\WSOCK32.dll
0x00007ffad9430000 - 0x00007ffad9457000 	C:\WINDOWS\SYSTEM32\WINMM.dll
0x00007ffae89c0000 - 0x00007ffae8a2b000 	C:\WINDOWS\System32\WS2_32.dll
0x00007ffae5610000 - 0x00007ffae561a000 	C:\WINDOWS\SYSTEM32\VERSION.dll
0x00007ffae5860000 - 0x00007ffae5872000 	C:\WINDOWS\SYSTEM32\kernel.appcore.dll
0x00007ffadf690000 - 0x00007ffadf6a1000 	C:\Program Files\Android\Android Studio\jre\bin\verify.dll
0x00007ffadc1b0000 - 0x00007ffadc394000 	C:\WINDOWS\SYSTEM32\DBGHELP.DLL
0x00007ffadc170000 - 0x00007ffadc1a5000 	C:\WINDOWS\SYSTEM32\dbgcore.DLL
0x00007ffae7b70000 - 0x00007ffae7bf2000 	C:\WINDOWS\System32\bcryptPrimitives.dll
0x00007ffac1e70000 - 0x00007ffac1e99000 	C:\Program Files\Android\Android Studio\jre\bin\java.dll
0x00007ffadd000000 - 0x00007ffadd00b000 	C:\Program Files\Android\Android Studio\jre\bin\jimage.dll
0x00007ffadcfc0000 - 0x00007ffadcfd8000 	C:\Program Files\Android\Android Studio\jre\bin\zip.dll
0x00007ffae96c0000 - 0x00007ffae9e04000 	C:\WINDOWS\System32\SHELL32.dll
0x00007ffae5880000 - 0x00007ffae6012000 	C:\WINDOWS\SYSTEM32\windows.storage.dll
0x00007ffae8230000 - 0x00007ffae8585000 	C:\WINDOWS\System32\combase.dll
0x00007ffae7140000 - 0x00007ffae7170000 	C:\WINDOWS\SYSTEM32\Wldp.dll
0x00007ffae9f40000 - 0x00007ffae9fed000 	C:\WINDOWS\System32\SHCORE.dll
0x00007ffae8110000 - 0x00007ffae8165000 	C:\WINDOWS\System32\shlwapi.dll
0x00007ffae7700000 - 0x00007ffae771f000 	C:\WINDOWS\SYSTEM32\profapi.dll
0x00007ffac1e50000 - 0x00007ffac1e6a000 	C:\Program Files\Android\Android Studio\jre\bin\net.dll
0x00007ffad9b80000 - 0x00007ffad9c8c000 	C:\WINDOWS\SYSTEM32\WINHTTP.dll
0x00007ffae6ea0000 - 0x00007ffae6f0a000 	C:\WINDOWS\system32\mswsock.dll
0x00007ffac1e30000 - 0x00007ffac1e44000 	C:\Program Files\Android\Android Studio\jre\bin\nio.dll
0x00007ffad1660000 - 0x00007ffad1687000 	C:\Users\Kleivy Gomes\.gradle\native\e1d6ef7f7dcc3fd88c89a11ec53ec762bb8ba0a96d01ffa2cd45eb1d1d8dd5c5\windows-amd64\native-platform.dll
0x00007ffa80560000 - 0x00007ffa806a4000 	C:\Users\Kleivy Gomes\.gradle\native\0d407fdbe67a94daf76414ababcb853783967236a71b16ec16e742cd7a986fd3\windows-amd64\native-platform-file-events.dll
0x00007ffadcff0000 - 0x00007ffadcffa000 	C:\Program Files\Android\Android Studio\jre\bin\management.dll
0x00007ffadbd20000 - 0x00007ffadbd2d000 	C:\Program Files\Android\Android Studio\jre\bin\management_ext.dll
0x00007ffae7090000 - 0x00007ffae70a8000 	C:\WINDOWS\SYSTEM32\CRYPTSP.dll
0x00007ffae67c0000 - 0x00007ffae67f4000 	C:\WINDOWS\system32\rsaenh.dll
0x00007ffae7a40000 - 0x00007ffae7a67000 	C:\WINDOWS\System32\bcrypt.dll
0x00007ffae76c0000 - 0x00007ffae76ee000 	C:\WINDOWS\SYSTEM32\USERENV.dll
0x00007ffae70b0000 - 0x00007ffae70bc000 	C:\WINDOWS\SYSTEM32\CRYPTBASE.dll
0x00007ffae6b90000 - 0x00007ffae6bcb000 	C:\WINDOWS\SYSTEM32\IPHLPAPI.DLL
0x00007ffae86c0000 - 0x00007ffae86c8000 	C:\WINDOWS\System32\NSI.dll
0x00007ffada700000 - 0x00007ffada717000 	C:\WINDOWS\SYSTEM32\dhcpcsvc6.DLL
0x00007ffadc490000 - 0x00007ffadc4ad000 	C:\WINDOWS\SYSTEM32\dhcpcsvc.DLL
0x00007ffae6bd0000 - 0x00007ffae6c9a000 	C:\WINDOWS\SYSTEM32\DNSAPI.dll

dbghelp: loaded successfully - version: 4.0.5 - missing functions: none
symbol engine: initialized successfully - sym options: 0x614 - pdb path: .;C:\Program Files\Android\Android Studio\jre\bin;C:\WINDOWS\SYSTEM32;C:\Program Files\AVAST Software\Avast;C:\WINDOWS\WinSxS\amd64_microsoft.windows.common-controls_6595b64144ccf1df_6.0.19041.1110_none_60b5254171f9507e;C:\Program Files\Android\Android Studio\jre\bin\server;C:\Users\Kleivy Gomes\.gradle\native\e1d6ef7f7dcc3fd88c89a11ec53ec762bb8ba0a96d01ffa2cd45eb1d1d8dd5c5\windows-amd64;C:\Users\Kleivy Gomes\.gradle\native\0d407fdbe67a94daf76414ababcb853783967236a71b16ec16e742cd7a986fd3\windows-amd64

VM Arguments:
jvm_args: --add-opens=java.base/java.util=ALL-UNNAMED --add-opens=java.base/java.lang=ALL-UNNAMED --add-opens=java.base/java.lang.invoke=ALL-UNNAMED --add-opens=java.base/java.util=ALL-UNNAMED --add-opens=java.prefs/java.util.prefs=ALL-UNNAMED --add-opens=java.prefs/java.util.prefs=ALL-UNNAMED --add-opens=java.base/java.nio.charset=ALL-UNNAMED --add-opens=java.base/java.net=ALL-UNNAMED --add-opens=java.base/java.util.concurrent.atomic=ALL-UNNAMED -Xmx2048m -Dfile.encoding=UTF-8 -Duser.country=PT -Duser.language=pt -Duser.variant 
java_command: org.gradle.launcher.daemon.bootstrap.GradleDaemon 7.4
java_class_path (initial): C:\Users\Kleivy Gomes\.gradle\wrapper\dists\gradle-7.4-bin\c0gwcg53nkjbqw7r0h0umtfvt\gradle-7.4\lib\gradle-launcher-7.4.jar
Launcher Type: SUN_STANDARD

[Global flags]
     intx CICompilerCount                          = 3                                         {product} {ergonomic}
     uint ConcGCThreads                            = 1                                         {product} {ergonomic}
     uint G1ConcRefinementThreads                  = 4                                         {product} {ergonomic}
   size_t G1HeapRegionSize                         = 1048576                                   {product} {ergonomic}
    uintx GCDrainStackTargetSize                   = 64                                        {product} {ergonomic}
   size_t InitialHeapSize                          = 100663296                                 {product} {ergonomic}
   size_t MarkStackSize                            = 4194304                                   {product} {ergonomic}
   size_t MaxHeapSize                              = 2147483648                                {product} {command line}
   size_t MaxNewSize                               = 1287651328                                {product} {ergonomic}
   size_t MinHeapDeltaBytes                        = 1048576                                   {product} {ergonomic}
    uintx NonNMethodCodeHeapSize                   = 5830732                                {pd product} {ergonomic}
    uintx NonProfiledCodeHeapSize                  = 122913754                              {pd product} {ergonomic}
    uintx ProfiledCodeHeapSize                     = 122913754                              {pd product} {ergonomic}
    uintx ReservedCodeCacheSize                    = 251658240                              {pd product} {ergonomic}
     bool SegmentedCodeCache                       = true                                      {product} {ergonomic}
     bool UseCompressedClassPointers               = true                                 {lp64_product} {ergonomic}
     bool UseCompressedOops                        = true                                 {lp64_product} {ergonomic}
     bool UseG1GC                                  = true                                      {product} {ergonomic}
     bool UseLargePagesIndividualAllocation        = false                                  {pd product} {ergonomic}

Logging:
Log output configuration:
 #0: stdout all=warning uptime,level,tags
 #1: stderr all=off uptime,level,tags

Environment Variables:
JAVA_HOME=C:\Program Files\Java\jdk1.8.0_202
PATH=C:\app\Gomez\virtual\product\12.2.0\dbhome_1\bin;C:\Program Files\Java\jre1.8.0_202\;C:\Program Files\Java\jdk1.8.0_202\bin;C:\MinGW\bin;C:\DevSuiteHome_1\jdk\jre\bin;C:\DevSuiteHome_1\jdk\jre\bin\client;C:\DevSuiteHome_1\jlib;C:\DevSuiteHome_1\bin;C:\DevSuiteHome_1\jre\1.4.2\bin\client;C:\DevSuiteHome_1\jre\1.4.2\bin;C:\Program Files (x86)\Common Files\Oracle\Java\javapath;C:\WINDOWS\system32;C:\WINDOWS;C:\WINDOWS\System32\Wbem;C:\WINDOWS\System32\WindowsPowerShell\v1.0\;C:\Program Files\dotnet\;C:\WINDOWS\System32\OpenSSH\;C:\apache-maven-3.6.1-bin\apache-maven-3.6.1\bin;C:\ProgramData\chocolatey\bin;C:\Program Files\Git\cmd;C:\Program Files\nodejs\;C:\Program Files\PostgreSQL\14\bin;C:\Program Files\PostgreSQL\14\lib;C:\Users\Kleivy Gomes\Documents\EISC\4º ano\VR\Opengl\bin;C:\Program Files\CMake\bin;C:\Users\Kleivy Gomes\AppData\Local\Programs\Python\Python311\Scripts\;C:\Users\Kleivy Gomes\AppData\Local\Programs\Python\Python311\;C:\Users\Kleivy Gomes\AppData\Roaming\local\bin;C:\Users\Kleivy Gomes\AppData\Local\Microsoft\WindowsApps;C:\ProgramData\chocolatey\lib\ghc\tools\ghc-8.10.2\bin;C:\tools\msys64;C:\Users\Kleivy Gomes\AppData\Local\Programs\Microsoft VS Code\bin;C:\Program Files\heroku\bin;C:\Users\Kleivy Gomes\AppData\Roaming\npm;C:\Program Files\MySQL\MySQL Server 8.0\bin;C:\Program Files\MongoDB\Server\5.0\bin;C:\Program Files\JetBrains\PyCharm 2022.3\bin;
USERNAME=Kleivy Gomes
OS=Windows_NT
PROCESSOR_IDENTIFIER=Intel64 Family 6 Model 58 Stepping 9, GenuineIntel



---------------  S Y S T E M  ---------------

OS: Windows 10 , 64 bit Build 19041 (10.0.19041.2364)
OS uptime: 0 days 2:38 hours

CPU:total 4 (initial active 4) (2 cores per cpu, 2 threads per core) family 6 model 58 stepping 9 microcode 0x21, cmov, cx8, fxsr, mmx, sse, sse2, sse3, ssse3, sse4.1, sse4.2, popcnt, avx, clmul, erms, ht, tsc, tscinvbit, tscinv

Memory: 4k page, system-wide physical 6019M (506M free)
TotalPageFile size 10115M (AvailPageFile size 5M)
current process WorkingSet (physical memory assigned to process): 401M, peak: 401M
current process commit charge ("private bytes"): 431M, peak: 432M

vm_info: OpenJDK 64-Bit Server VM (11.0.13+0-b1751.21-8125866) for windows-amd64 JRE (11.0.13+0-b1751.21-8125866), built on Feb  2 2022 03:00:22 by "builder" with MS VC++ 14.0 (VS2015)

END.
