#
# There is insufficient memory for the Java Runtime Environment to continue.
# Native memory allocation (malloc) failed to allocate 1576336 bytes for Chunk::new
# Possible reasons:
#   The system is out of physical RAM or swap space
#   The process is running with CompressedOops enabled, and the Java Heap may be blocking the growth of the native heap
# Possible solutions:
#   Reduce memory load on the system
#   Increase physical memory or swap space
#   Check if swap backing store is full
#   Decrease Java heap size (-Xmx/-Xms)
#   Decrease number of Java threads
#   Decrease Java thread stack sizes (-Xss)
#   Set larger code cache with -XX:ReservedCodeCacheSize=
#   JVM is running with Unscaled Compressed Oops mode in which the Java heap is
#     placed in the first 4GB address space. The Java Heap base address is the
#     maximum limit for the native heap growth. Please use -XX:HeapBaseMinAddress
#     to set the Java Heap base and to place the Java Heap above 4GB virtual address.
# This output file may be truncated or incomplete.
#
#  Out of Memory Error (./src/hotspot/share/memory/arena.cpp:197), pid=13936, tid=6412
#
# JRE version: OpenJDK Runtime Environment (11.0.13) (build 11.0.13+0-b1751.21-8125866)
# Java VM: OpenJDK 64-Bit Server VM (11.0.13+0-b1751.21-8125866, mixed mode, tiered, compressed oops, g1 gc, windows-amd64)
# No core dump will be written. Minidumps are not enabled by default on client versions of Windows
#

---------------  S U M M A R Y ------------

Command Line: --add-opens=java.base/java.util=ALL-UNNAMED --add-opens=java.base/java.lang=ALL-UNNAMED --add-opens=java.base/java.lang.invoke=ALL-UNNAMED --add-opens=java.base/java.util=ALL-UNNAMED --add-opens=java.prefs/java.util.prefs=ALL-UNNAMED --add-opens=java.prefs/java.util.prefs=ALL-UNNAMED --add-opens=java.base/java.nio.charset=ALL-UNNAMED --add-opens=java.base/java.net=ALL-UNNAMED --add-opens=java.base/java.util.concurrent.atomic=ALL-UNNAMED -Xmx2048m -Dfile.encoding=UTF-8 -Duser.country=PT -Duser.language=pt -Duser.variant org.gradle.launcher.daemon.bootstrap.GradleDaemon 7.4

Host: Intel(R) Core(TM) i3-3110M CPU @ 2.40GHz, 4 cores, 5G,  Windows 10 , 64 bit Build 19041 (10.0.19041.2364)
Time: Fri Jan  6 02:47:22 2023 Hora Padrão de Cabo Verde elapsed time: 28.004467 seconds (0d 0h 0m 28s)

---------------  T H R E A D  ---------------

Current thread (0x00000294b97d0000):  JavaThread "C2 CompilerThread0" daemon [_thread_in_native, id=6412, stack(0x000000da5a600000,0x000000da5a700000)]


Current CompileTask:
C2:  28004 10766 %     4       com.android.tools.r8.dex.i::a @ 310 (1036 bytes)

Stack: [0x000000da5a600000,0x000000da5a700000]
Native frames: (J=compiled Java code, j=interpreted, Vv=VM code, C=native code)
V  [jvm.dll+0x6100fa]
V  [jvm.dll+0x747090]
V  [jvm.dll+0x7486ad]
V  [jvm.dll+0x748d83]
V  [jvm.dll+0x24ab48]
V  [jvm.dll+0xc04dc]
V  [jvm.dll+0xc0a0c]
V  [jvm.dll+0x35eb9d]
V  [jvm.dll+0x19d7bc]
V  [jvm.dll+0x2033be]
V  [jvm.dll+0x202437]
V  [jvm.dll+0x188e01]
V  [jvm.dll+0x21106b]
V  [jvm.dll+0x20f8c1]
V  [jvm.dll+0x70de0f]
V  [jvm.dll+0x706a75]
V  [jvm.dll+0x60ed66]
C  [ucrtbase.dll+0x21bb2]
C  [KERNEL32.DLL+0x17614]
C  [ntdll.dll+0x526a1]


---------------  P R O C E S S  ---------------

Threads class SMR info:
_java_thread_list=0x00000294bfec7340, length=92, elements={
0x000002949fb96000, 0x00000294b97a8000, 0x00000294b97ab800, 0x00000294ba162800,
0x00000294b97c3000, 0x00000294b97c9800, 0x00000294b97d0000, 0x00000294b97d1800,
0x00000294b97d6000, 0x00000294ba29c000, 0x00000294bb2c8800, 0x00000294baeea000,
0x00000294bced7800, 0x00000294bb30b000, 0x00000294bc2fb000, 0x00000294bcbe7000,
0x00000294bd8e7000, 0x00000294bc983800, 0x00000294bc2a3000, 0x00000294bc998800,
0x00000294bb16e000, 0x00000294bce76000, 0x00000294bce76800, 0x00000294bce79000,
0x00000294bce77800, 0x00000294bce75000, 0x00000294bce78000, 0x00000294bce7a000,
0x00000294bce7a800, 0x00000294bce7b800, 0x00000294bdc3e800, 0x00000294bdc3f000,
0x00000294bdc3c800, 0x00000294bdc40000, 0x00000294bdc3a000, 0x00000294bdc3c000,
0x00000294bdc40800, 0x00000294bdc3b000, 0x00000294bdc43000, 0x00000294bdc47000,
0x00000294bdc41800, 0x00000294bdc44000, 0x00000294bdc46800, 0x00000294bdc48000,
0x00000294bdc45000, 0x00000294bdc42800, 0x00000294bdc45800, 0x00000294bdc49000,
0x00000294bc234800, 0x00000294bc234000, 0x00000294bc232000, 0x00000294bc235800,
0x00000294bc236800, 0x00000294bc231800, 0x00000294bc230800, 0x00000294bc237000,
0x00000294bc239000, 0x00000294bc238000, 0x00000294bc233000, 0x00000294bc23f800,
0x00000294bc23d800, 0x00000294bc23a800, 0x00000294bc23b000, 0x00000294bc23e800,
0x00000294bc239800, 0x00000294bc23c000, 0x00000294bc23d000, 0x00000294bfbe0000,
0x00000294bfbde800, 0x00000294bfbe1000, 0x00000294bfbdf000, 0x00000294bfbdd800,
0x00000294bfbe6800, 0x00000294bfbe4000, 0x00000294bfbe5000, 0x00000294bfbe7800,
0x00000294bfbe5800, 0x00000294bfbe1800, 0x00000294bfbe2800, 0x00000294bfbe8000,
0x00000294bfbe9000, 0x00000294bfbe3800, 0x00000294bfbea000, 0x00000294bfbeb800,
0x00000294bfbea800, 0x00000294bfbec000, 0x00000294c1dbe800, 0x00000294c1dc1800,
0x00000294c1dc2800, 0x00000294c1dc0000, 0x00000294c1dc0800, 0x00000294c1dc3000
}

Java Threads: ( => current thread )
  0x000002949fb96000 JavaThread "main" [_thread_blocked, id=13464, stack(0x000000da59a00000,0x000000da59b00000)]
  0x00000294b97a8000 JavaThread "Reference Handler" daemon [_thread_blocked, id=6588, stack(0x000000da5a100000,0x000000da5a200000)]
  0x00000294b97ab800 JavaThread "Finalizer" daemon [_thread_blocked, id=12772, stack(0x000000da5a200000,0x000000da5a300000)]
  0x00000294ba162800 JavaThread "Signal Dispatcher" daemon [_thread_blocked, id=1216, stack(0x000000da5a300000,0x000000da5a400000)]
  0x00000294b97c3000 JavaThread "Attach Listener" daemon [_thread_blocked, id=4508, stack(0x000000da5a400000,0x000000da5a500000)]
  0x00000294b97c9800 JavaThread "Service Thread" daemon [_thread_blocked, id=13740, stack(0x000000da5a500000,0x000000da5a600000)]
=>0x00000294b97d0000 JavaThread "C2 CompilerThread0" daemon [_thread_in_native, id=6412, stack(0x000000da5a600000,0x000000da5a700000)]
  0x00000294b97d1800 JavaThread "C1 CompilerThread0" daemon [_thread_blocked, id=6764, stack(0x000000da5a700000,0x000000da5a800000)]
  0x00000294b97d6000 JavaThread "Sweeper thread" daemon [_thread_blocked, id=12280, stack(0x000000da5a800000,0x000000da5a900000)]
  0x00000294ba29c000 JavaThread "Common-Cleaner" daemon [_thread_blocked, id=11740, stack(0x000000da5a900000,0x000000da5aa00000)]
  0x00000294bb2c8800 JavaThread "Daemon health stats" [_thread_blocked, id=2952, stack(0x000000da5ad00000,0x000000da5ae00000)]
  0x00000294baeea000 JavaThread "Incoming local TCP Connector on port 62142" [_thread_in_native, id=10280, stack(0x000000da5ab00000,0x000000da5ac00000)]
  0x00000294bced7800 JavaThread "Daemon periodic checks" [_thread_blocked, id=13416, stack(0x000000da5ae00000,0x000000da5af00000)]
  0x00000294bb30b000 JavaThread "Daemon" [_thread_blocked, id=12388, stack(0x000000da5af00000,0x000000da5b000000)]
  0x00000294bc2fb000 JavaThread "Handler for socket connection from /127.0.0.1:62142 to /127.0.0.1:62143" [_thread_in_native, id=4664, stack(0x000000da5b000000,0x000000da5b100000)]
  0x00000294bcbe7000 JavaThread "Cancel handler" [_thread_blocked, id=9336, stack(0x000000da5b100000,0x000000da5b200000)]
  0x00000294bd8e7000 JavaThread "Daemon worker" [_thread_blocked, id=9512, stack(0x000000da5b200000,0x000000da5b300000)]
  0x00000294bc983800 JavaThread "Asynchronous log dispatcher for DefaultDaemonConnection: socket connection from /127.0.0.1:62142 to /127.0.0.1:62143" [_thread_blocked, id=6828, stack(0x000000da5b300000,0x000000da5b400000)]
  0x00000294bc2a3000 JavaThread "Stdin handler" [_thread_blocked, id=876, stack(0x000000da5b400000,0x000000da5b500000)]
  0x00000294bc998800 JavaThread "Daemon client event forwarder" [_thread_blocked, id=11596, stack(0x000000da5b700000,0x000000da5b800000)]
  0x00000294bb16e000 JavaThread "C2 CompilerThread1" daemon [_thread_in_native, id=6844, stack(0x000000da5b800000,0x000000da5b900000)]
  0x00000294bce76000 JavaThread "Cache worker for journal cache (C:\Users\Kleivy Gomes\.gradle\caches\journal-1)" [_thread_blocked, id=4228, stack(0x000000da5b900000,0x000000da5ba00000)]
  0x00000294bce76800 JavaThread "File lock request listener" [_thread_in_native, id=10236, stack(0x000000da5ba00000,0x000000da5bb00000)]
  0x00000294bce79000 JavaThread "Cache worker for file hash cache (C:\Users\Kleivy Gomes\.gradle\caches\7.4\fileHashes)" [_thread_blocked, id=6772, stack(0x000000da5bb00000,0x000000da5bc00000)]
  0x00000294bce77800 JavaThread "File watcher server" daemon [_thread_in_native, id=11552, stack(0x000000da5bc00000,0x000000da5bd00000)]
  0x00000294bce75000 JavaThread "File watcher consumer" daemon [_thread_blocked, id=6732, stack(0x000000da5bd00000,0x000000da5be00000)]
  0x00000294bce78000 JavaThread "Cache worker for checksums cache (C:\Users\Kleivy Gomes\AndroidStudioProjects\Contact\.gradle\7.4\checksums)" [_thread_blocked, id=7600, stack(0x000000da5be00000,0x000000da5bf00000)]
  0x00000294bce7a000 JavaThread "Cache worker for cache directory md-rule (C:\Users\Kleivy Gomes\.gradle\caches\7.4\md-rule)" [_thread_blocked, id=8876, stack(0x000000da5bf00000,0x000000da5c000000)]
  0x00000294bce7a800 JavaThread "Cache worker for file hash cache (C:\Users\Kleivy Gomes\AndroidStudioProjects\Contact\.gradle\7.4\fileHashes)" [_thread_blocked, id=1776, stack(0x000000da5c000000,0x000000da5c100000)]
  0x00000294bce7b800 JavaThread "Cache worker for cache directory md-supplier (C:\Users\Kleivy Gomes\.gradle\caches\7.4\md-supplier)" [_thread_blocked, id=11648, stack(0x000000da5c100000,0x000000da5c200000)]
  0x00000294bdc3e800 JavaThread "Cache worker for execution history cache (C:\Users\Kleivy Gomes\.gradle\caches\7.4\executionHistory)" [_thread_blocked, id=13500, stack(0x000000da5c200000,0x000000da5c300000)]
  0x00000294bdc3f000 JavaThread "jar transforms" [_thread_blocked, id=4036, stack(0x000000da5c300000,0x000000da5c400000)]
  0x00000294bdc3c800 JavaThread "Cache worker for file content cache (C:\Users\Kleivy Gomes\.gradle\caches\7.4\fileContent)" [_thread_blocked, id=228, stack(0x000000da5c400000,0x000000da5c500000)]
  0x00000294bdc40000 JavaThread "jar transforms Thread 2" [_thread_blocked, id=4852, stack(0x000000da5c500000,0x000000da5c600000)]
  0x00000294bdc3a000 JavaThread "Cache worker for dependencies-accessors (C:\Users\Kleivy Gomes\AndroidStudioProjects\Contact\.gradle\7.4\dependencies-accessors)" [_thread_blocked, id=12368, stack(0x000000da5c600000,0x000000da5c700000)]
  0x00000294bdc3c000 JavaThread "jar transforms Thread 3" [_thread_blocked, id=10856, stack(0x000000da5c700000,0x000000da5c800000)]
  0x00000294bdc40800 JavaThread "Cache worker for Build Output Cleanup Cache (C:\Users\Kleivy Gomes\AndroidStudioProjects\Contact\.gradle\buildOutputCleanup)" [_thread_blocked, id=3756, stack(0x000000da5c800000,0x000000da5c900000)]
  0x00000294bdc3b000 JavaThread "Unconstrained build operations" [_thread_blocked, id=7568, stack(0x000000da5c900000,0x000000da5ca00000)]
  0x00000294bdc43000 JavaThread "Unconstrained build operations Thread 2" [_thread_blocked, id=13728, stack(0x000000da5ca00000,0x000000da5cb00000)]
  0x00000294bdc47000 JavaThread "Unconstrained build operations Thread 3" [_thread_blocked, id=7608, stack(0x000000da5cb00000,0x000000da5cc00000)]
  0x00000294bdc41800 JavaThread "Unconstrained build operations Thread 4" [_thread_blocked, id=3316, stack(0x000000da5cc00000,0x000000da5cd00000)]
  0x00000294bdc44000 JavaThread "Unconstrained build operations Thread 5" [_thread_blocked, id=7876, stack(0x000000da5cd00000,0x000000da5ce00000)]
  0x00000294bdc46800 JavaThread "Unconstrained build operations Thread 6" [_thread_blocked, id=10704, stack(0x000000da5ce00000,0x000000da5cf00000)]
  0x00000294bdc48000 JavaThread "Unconstrained build operations Thread 7" [_thread_blocked, id=7700, stack(0x000000da5cf00000,0x000000da5d000000)]
  0x00000294bdc45000 JavaThread "Unconstrained build operations Thread 8" [_thread_blocked, id=5140, stack(0x000000da5d000000,0x000000da5d100000)]
  0x00000294bdc42800 JavaThread "Unconstrained build operations Thread 9" [_thread_blocked, id=2192, stack(0x000000da5d100000,0x000000da5d200000)]
  0x00000294bdc45800 JavaThread "Unconstrained build operations Thread 10" [_thread_blocked, id=5076, stack(0x000000da5d200000,0x000000da5d300000)]
  0x00000294bdc49000 JavaThread "Unconstrained build operations Thread 11" [_thread_blocked, id=3548, stack(0x000000da5d300000,0x000000da5d400000)]
  0x00000294bc234800 JavaThread "Unconstrained build operations Thread 12" [_thread_blocked, id=10996, stack(0x000000da5d400000,0x000000da5d500000)]
  0x00000294bc234000 JavaThread "Unconstrained build operations Thread 13" [_thread_blocked, id=11540, stack(0x000000da5d500000,0x000000da5d600000)]
  0x00000294bc232000 JavaThread "Unconstrained build operations Thread 14" [_thread_blocked, id=12360, stack(0x000000da5d600000,0x000000da5d700000)]
  0x00000294bc235800 JavaThread "Unconstrained build operations Thread 15" [_thread_blocked, id=11772, stack(0x000000da5d700000,0x000000da5d800000)]
  0x00000294bc236800 JavaThread "Unconstrained build operations Thread 16" [_thread_blocked, id=7132, stack(0x000000da5d800000,0x000000da5d900000)]
  0x00000294bc231800 JavaThread "Unconstrained build operations Thread 17" [_thread_blocked, id=3340, stack(0x000000da5d900000,0x000000da5da00000)]
  0x00000294bc230800 JavaThread "Unconstrained build operations Thread 18" [_thread_blocked, id=13052, stack(0x000000da5da00000,0x000000da5db00000)]
  0x00000294bc237000 JavaThread "Unconstrained build operations Thread 19" [_thread_blocked, id=2560, stack(0x000000da5db00000,0x000000da5dc00000)]
  0x00000294bc239000 JavaThread "Unconstrained build operations Thread 20" [_thread_blocked, id=9312, stack(0x000000da5dc00000,0x000000da5dd00000)]
  0x00000294bc238000 JavaThread "Unconstrained build operations Thread 21" [_thread_blocked, id=14032, stack(0x000000da5dd00000,0x000000da5de00000)]
  0x00000294bc233000 JavaThread "Unconstrained build operations Thread 22" [_thread_blocked, id=13612, stack(0x000000da5de00000,0x000000da5df00000)]
  0x00000294bc23f800 JavaThread "Unconstrained build operations Thread 23" [_thread_blocked, id=11256, stack(0x000000da5df00000,0x000000da5e000000)]
  0x00000294bc23d800 JavaThread "Unconstrained build operations Thread 24" [_thread_blocked, id=14200, stack(0x000000da5e000000,0x000000da5e100000)]
  0x00000294bc23a800 JavaThread "Unconstrained build operations Thread 25" [_thread_blocked, id=236, stack(0x000000da5e100000,0x000000da5e200000)]
  0x00000294bc23b000 JavaThread "Unconstrained build operations Thread 26" [_thread_blocked, id=13736, stack(0x000000da5e200000,0x000000da5e300000)]
  0x00000294bc23e800 JavaThread "Unconstrained build operations Thread 27" [_thread_blocked, id=13044, stack(0x000000da5e300000,0x000000da5e400000)]
  0x00000294bc239800 JavaThread "Unconstrained build operations Thread 28" [_thread_blocked, id=2704, stack(0x000000da5e400000,0x000000da5e500000)]
  0x00000294bc23c000 JavaThread "Unconstrained build operations Thread 29" [_thread_blocked, id=7068, stack(0x000000da5e500000,0x000000da5e600000)]
  0x00000294bc23d000 JavaThread "Unconstrained build operations Thread 30" [_thread_blocked, id=4876, stack(0x000000da5e600000,0x000000da5e700000)]
  0x00000294bfbe0000 JavaThread "Unconstrained build operations Thread 31" [_thread_blocked, id=4628, stack(0x000000da5e700000,0x000000da5e800000)]
  0x00000294bfbde800 JavaThread "Unconstrained build operations Thread 32" [_thread_blocked, id=11052, stack(0x000000da5e800000,0x000000da5e900000)]
  0x00000294bfbe1000 JavaThread "Unconstrained build operations Thread 33" [_thread_blocked, id=7316, stack(0x000000da5e900000,0x000000da5ea00000)]
  0x00000294bfbdf000 JavaThread "Unconstrained build operations Thread 34" [_thread_blocked, id=2860, stack(0x000000da5ea00000,0x000000da5eb00000)]
  0x00000294bfbdd800 JavaThread "Unconstrained build operations Thread 35" [_thread_blocked, id=13264, stack(0x000000da5eb00000,0x000000da5ec00000)]
  0x00000294bfbe6800 JavaThread "Unconstrained build operations Thread 36" [_thread_blocked, id=11480, stack(0x000000da5ec00000,0x000000da5ed00000)]
  0x00000294bfbe4000 JavaThread "Unconstrained build operations Thread 37" [_thread_blocked, id=6468, stack(0x000000da5ed00000,0x000000da5ee00000)]
  0x00000294bfbe5000 JavaThread "Unconstrained build operations Thread 38" [_thread_blocked, id=1716, stack(0x000000da5ee00000,0x000000da5ef00000)]
  0x00000294bfbe7800 JavaThread "Unconstrained build operations Thread 39" [_thread_blocked, id=9340, stack(0x000000da5ef00000,0x000000da5f000000)]
  0x00000294bfbe5800 JavaThread "Unconstrained build operations Thread 40" [_thread_blocked, id=11744, stack(0x000000da5f000000,0x000000da5f100000)]
  0x00000294bfbe1800 JavaThread "jar transforms Thread 4" [_thread_blocked, id=9156, stack(0x000000da5f100000,0x000000da5f200000)]
  0x00000294bfbe2800 JavaThread "Memory manager" [_thread_blocked, id=10904, stack(0x000000da5f200000,0x000000da5f300000)]
  0x00000294bfbe8000 JavaThread "build event listener" [_thread_blocked, id=2248, stack(0x000000da5f300000,0x000000da5f400000)]
  0x00000294bfbe9000 JavaThread "included builds" [_thread_blocked, id=8952, stack(0x000000da5f400000,0x000000da5f500000)]
  0x00000294bfbe3800 JavaThread "Execution worker for ':'" [_thread_blocked, id=3208, stack(0x000000da5f500000,0x000000da5f600000)]
  0x00000294bfbea000 JavaThread "Execution worker for ':' Thread 2" [_thread_blocked, id=1164, stack(0x000000da5f600000,0x000000da5f700000)]
  0x00000294bfbeb800 JavaThread "Execution worker for ':' Thread 3" [_thread_blocked, id=4428, stack(0x000000da5f700000,0x000000da5f800000)]
  0x00000294bfbea800 JavaThread "Cache worker for execution history cache (C:\Users\Kleivy Gomes\AndroidStudioProjects\Contact\.gradle\7.4\executionHistory)" [_thread_blocked, id=13552, stack(0x000000da5f800000,0x000000da5f900000)]
  0x00000294bfbec000 JavaThread "WorkerExecutor Queue" [_thread_blocked, id=6576, stack(0x000000da5f900000,0x000000da5fa00000)]
  0x00000294c1dbe800 JavaThread "WorkerExecutor Queue Thread 2" [_thread_in_vm, id=9896, stack(0x000000da5fa00000,0x000000da5fb00000)]
  0x00000294c1dc1800 JavaThread "WorkerExecutor Queue Thread 3" [_thread_blocked, id=14164, stack(0x000000da5fb00000,0x000000da5fc00000)]
  0x00000294c1dc2800 JavaThread "ForkJoinPool-1-worker-3" daemon [_thread_blocked, id=1860, stack(0x000000da5fc00000,0x000000da5fd00000)]
  0x00000294c1dc0000 JavaThread "ForkJoinPool-1-worker-5" daemon [_thread_blocked, id=13676, stack(0x000000da5fd00000,0x000000da5fe00000)]
  0x00000294c1dc0800 JavaThread "ForkJoinPool-1-worker-7" daemon [_thread_blocked, id=3904, stack(0x000000da5fe00000,0x000000da5ff00000)]
  0x00000294c1dc3000 JavaThread "ForkJoinPool-1-worker-1" daemon [_thread_blocked, id=2356, stack(0x000000da5ff00000,0x000000da60000000)]

Other Threads:
  0x00000294b979c000 VMThread "VM Thread" [stack: 0x000000da5a000000,0x000000da5a100000] [id=8512]
  0x00000294ba2a6000 WatcherThread [stack: 0x000000da5aa00000,0x000000da5ab00000] [id=7848]
  0x000002949fbb0000 GCTaskThread "GC Thread#0" [stack: 0x000000da59b00000,0x000000da59c00000] [id=360]
  0x00000294bae36800 GCTaskThread "GC Thread#1" [stack: 0x000000da5ac00000,0x000000da5ad00000] [id=12744]
  0x00000294bc2a4000 GCTaskThread "GC Thread#2" [stack: 0x000000da5b500000,0x000000da5b600000] [id=13816]
  0x00000294bb1b0000 GCTaskThread "GC Thread#3" [stack: 0x000000da5b600000,0x000000da5b700000] [id=3428]
  0x000002949fbe2000 ConcurrentGCThread "G1 Main Marker" [stack: 0x000000da59c00000,0x000000da59d00000] [id=2776]
  0x000002949fbe3000 ConcurrentGCThread "G1 Conc#0" [stack: 0x000000da59d00000,0x000000da59e00000] [id=6832]
  0x000002949fc59000 ConcurrentGCThread "G1 Refine#0" [stack: 0x000000da59e00000,0x000000da59f00000] [id=13064]
  0x00000294bf691000 ConcurrentGCThread "G1 Refine#1" [stack: 0x000000da60000000,0x000000da60100000] [id=1296]
  0x00000294c3c6f800 ConcurrentGCThread "G1 Refine#2" [stack: 0x000000da60100000,0x000000da60200000] [id=2676]
  0x000002949fc5a000 ConcurrentGCThread "G1 Young RemSet Sampling" [stack: 0x000000da59f00000,0x000000da5a000000] [id=108]

Threads with active compile tasks:
C2 CompilerThread0  28071 10766 %     4       com.android.tools.r8.dex.i::a @ 310 (1036 bytes)
C2 CompilerThread1  28072 10947       4       com.android.tools.r8.dex.i::a (829 bytes)

VM state:not at safepoint (normal execution)

VM Mutex/Monitor currently owned by a thread: None

Heap address: 0x0000000080000000, size: 2048 MB, Compressed Oops mode: 32-bit
Narrow klass base: 0x0000000000000000, Narrow klass shift: 3
Compressed class space size: 1073741824 Address: 0x0000000100000000

Heap:
 garbage-first heap   total 248832K, used 186368K [0x0000000080000000, 0x0000000100000000)
  region size 1024K, 43 young (44032K), 8 survivors (8192K)
 Metaspace       used 91529K, capacity 93722K, committed 93884K, reserved 1130496K
  class space    used 11981K, capacity 12835K, committed 12900K, reserved 1048576K
Heap Regions: E=young(eden), S=young(survivor), O=old, HS=humongous(starts), HC=humongous(continues), CS=collection set, F=free, A=archive, TAMS=top-at-mark-start (previous, next)
|   0|0x0000000080000000, 0x0000000080100000, 0x0000000080100000|100%|HS|  |TAMS 0x0000000080100000, 0x0000000080000000| Complete 
|   1|0x0000000080100000, 0x0000000080200000, 0x0000000080200000|100%|HC|  |TAMS 0x0000000080200000, 0x0000000080100000| Complete 
|   2|0x0000000080200000, 0x0000000080300000, 0x0000000080300000|100%|HC|  |TAMS 0x0000000080300000, 0x0000000080200000| Complete 
|   3|0x0000000080300000, 0x0000000080400000, 0x0000000080400000|100%| O|  |TAMS 0x0000000080400000, 0x0000000080300000| Updating 
|   4|0x0000000080400000, 0x0000000080500000, 0x0000000080500000|100%| O|  |TAMS 0x0000000080500000, 0x0000000080400000| Updating 
|   5|0x0000000080500000, 0x0000000080600000, 0x0000000080600000|100%| O|  |TAMS 0x0000000080600000, 0x0000000080500000| Updating 
|   6|0x0000000080600000, 0x0000000080700000, 0x0000000080700000|100%| O|  |TAMS 0x0000000080700000, 0x0000000080600000| Updating 
|   7|0x0000000080700000, 0x0000000080800000, 0x0000000080800000|100%| O|  |TAMS 0x0000000080800000, 0x0000000080700000| Updating 
|   8|0x0000000080800000, 0x0000000080900000, 0x0000000080900000|100%| O|  |TAMS 0x0000000080900000, 0x0000000080800000| Updating 
|   9|0x0000000080900000, 0x0000000080a00000, 0x0000000080a00000|100%| O|  |TAMS 0x0000000080a00000, 0x0000000080900000| Updating 
|  10|0x0000000080a00000, 0x0000000080b00000, 0x0000000080b00000|100%| O|  |TAMS 0x0000000080b00000, 0x0000000080a00000| Updating 
|  11|0x0000000080b00000, 0x0000000080c00000, 0x0000000080c00000|100%| O|  |TAMS 0x0000000080c00000, 0x0000000080b00000| Updating 
|  12|0x0000000080c00000, 0x0000000080d00000, 0x0000000080d00000|100%| O|  |TAMS 0x0000000080d00000, 0x0000000080c00000| Updating 
|  13|0x0000000080d00000, 0x0000000080e00000, 0x0000000080e00000|100%| O|  |TAMS 0x0000000080e00000, 0x0000000080d00000| Updating 
|  14|0x0000000080e00000, 0x0000000080f00000, 0x0000000080f00000|100%| O|  |TAMS 0x0000000080f00000, 0x0000000080e00000| Updating 
|  15|0x0000000080f00000, 0x0000000081000000, 0x0000000081000000|100%| O|  |TAMS 0x0000000081000000, 0x0000000080f00000| Updating 
|  16|0x0000000081000000, 0x0000000081100000, 0x0000000081100000|100%| O|  |TAMS 0x0000000081100000, 0x0000000081000000| Updating 
|  17|0x0000000081100000, 0x0000000081200000, 0x0000000081200000|100%| O|  |TAMS 0x0000000081200000, 0x0000000081100000| Updating 
|  18|0x0000000081200000, 0x0000000081300000, 0x0000000081300000|100%| O|  |TAMS 0x0000000081300000, 0x0000000081200000| Updating 
|  19|0x0000000081300000, 0x0000000081400000, 0x0000000081400000|100%| O|  |TAMS 0x0000000081400000, 0x0000000081300000| Updating 
|  20|0x0000000081400000, 0x0000000081500000, 0x0000000081500000|100%| O|  |TAMS 0x0000000081500000, 0x0000000081400000| Updating 
|  21|0x0000000081500000, 0x0000000081600000, 0x0000000081600000|100%| O|  |TAMS 0x0000000081600000, 0x0000000081500000| Updating 
|  22|0x0000000081600000, 0x0000000081700000, 0x0000000081700000|100%| O|  |TAMS 0x0000000081700000, 0x0000000081600000| Updating 
|  23|0x0000000081700000, 0x0000000081800000, 0x0000000081800000|100%| O|  |TAMS 0x0000000081800000, 0x0000000081700000| Updating 
|  24|0x0000000081800000, 0x0000000081900000, 0x0000000081900000|100%| O|  |TAMS 0x0000000081900000, 0x0000000081800000| Updating 
|  25|0x0000000081900000, 0x0000000081a00000, 0x0000000081a00000|100%| O|  |TAMS 0x0000000081a00000, 0x0000000081900000| Updating 
|  26|0x0000000081a00000, 0x0000000081b00000, 0x0000000081b00000|100%| O|  |TAMS 0x0000000081b00000, 0x0000000081a00000| Updating 
|  27|0x0000000081b00000, 0x0000000081c00000, 0x0000000081c00000|100%|HS|  |TAMS 0x0000000081c00000, 0x0000000081b00000| Complete 
|  28|0x0000000081c00000, 0x0000000081d00000, 0x0000000081d00000|100%|HS|  |TAMS 0x0000000081d00000, 0x0000000081c00000| Complete 
|  29|0x0000000081d00000, 0x0000000081e00000, 0x0000000081e00000|100%| O|  |TAMS 0x0000000081e00000, 0x0000000081d00000| Updating 
|  30|0x0000000081e00000, 0x0000000081f00000, 0x0000000081f00000|100%|HS|  |TAMS 0x0000000081f00000, 0x0000000081e00000| Complete 
|  31|0x0000000081f00000, 0x0000000082000000, 0x0000000082000000|100%|HC|  |TAMS 0x0000000082000000, 0x0000000081f00000| Complete 
|  32|0x0000000082000000, 0x0000000082100000, 0x0000000082100000|100%| O|  |TAMS 0x0000000082100000, 0x0000000082000000| Updating 
|  33|0x0000000082100000, 0x0000000082200000, 0x0000000082200000|100%| O|  |TAMS 0x0000000082200000, 0x0000000082100000| Updating 
|  34|0x0000000082200000, 0x0000000082300000, 0x0000000082300000|100%| O|  |TAMS 0x0000000082300000, 0x0000000082200000| Updating 
|  35|0x0000000082300000, 0x0000000082400000, 0x0000000082400000|100%| O|  |TAMS 0x0000000082400000, 0x0000000082300000| Updating 
|  36|0x0000000082400000, 0x0000000082500000, 0x0000000082500000|100%| O|  |TAMS 0x0000000082500000, 0x0000000082400000| Updating 
|  37|0x0000000082500000, 0x0000000082600000, 0x0000000082600000|100%| O|  |TAMS 0x0000000082600000, 0x0000000082500000| Updating 
|  38|0x0000000082600000, 0x0000000082700000, 0x0000000082700000|100%| O|  |TAMS 0x0000000082700000, 0x0000000082600000| Updating 
|  39|0x0000000082700000, 0x0000000082800000, 0x0000000082800000|100%| O|  |TAMS 0x0000000082800000, 0x0000000082700000| Updating 
|  40|0x0000000082800000, 0x0000000082900000, 0x0000000082900000|100%| O|  |TAMS 0x0000000082900000, 0x0000000082800000| Updating 
|  41|0x0000000082900000, 0x0000000082a00000, 0x0000000082a00000|100%| O|  |TAMS 0x0000000082a00000, 0x0000000082900000| Updating 
|  42|0x0000000082a00000, 0x0000000082b00000, 0x0000000082b00000|100%| O|  |TAMS 0x0000000082b00000, 0x0000000082a00000| Updating 
|  43|0x0000000082b00000, 0x0000000082c00000, 0x0000000082c00000|100%| O|  |TAMS 0x0000000082c00000, 0x0000000082b00000| Updating 
|  44|0x0000000082c00000, 0x0000000082d00000, 0x0000000082d00000|100%| O|  |TAMS 0x0000000082d00000, 0x0000000082c00000| Updating 
|  45|0x0000000082d00000, 0x0000000082e00000, 0x0000000082e00000|100%| O|  |TAMS 0x0000000082e00000, 0x0000000082d00000| Updating 
|  46|0x0000000082e00000, 0x0000000082f00000, 0x0000000082f00000|100%| O|  |TAMS 0x0000000082f00000, 0x0000000082e00000| Updating 
|  47|0x0000000082f00000, 0x0000000083000000, 0x0000000083000000|100%| O|  |TAMS 0x0000000083000000, 0x0000000082f00000| Updating 
|  48|0x0000000083000000, 0x0000000083100000, 0x0000000083100000|100%| O|  |TAMS 0x0000000083100000, 0x0000000083000000| Updating 
|  49|0x0000000083100000, 0x0000000083200000, 0x0000000083200000|100%| O|  |TAMS 0x0000000083200000, 0x0000000083100000| Updating 
|  50|0x0000000083200000, 0x0000000083300000, 0x0000000083300000|100%| O|  |TAMS 0x0000000083300000, 0x0000000083200000| Updating 
|  51|0x0000000083300000, 0x0000000083400000, 0x0000000083400000|100%| O|  |TAMS 0x0000000083400000, 0x0000000083300000| Updating 
|  52|0x0000000083400000, 0x0000000083500000, 0x0000000083500000|100%| O|  |TAMS 0x0000000083500000, 0x0000000083400000| Updating 
|  53|0x0000000083500000, 0x0000000083600000, 0x0000000083600000|100%| O|  |TAMS 0x0000000083600000, 0x0000000083500000| Updating 
|  54|0x0000000083600000, 0x0000000083700000, 0x0000000083700000|100%| O|  |TAMS 0x0000000083700000, 0x0000000083600000| Updating 
|  55|0x0000000083700000, 0x0000000083800000, 0x0000000083800000|100%| O|  |TAMS 0x0000000083800000, 0x0000000083700000| Updating 
|  56|0x0000000083800000, 0x0000000083900000, 0x0000000083900000|100%| O|  |TAMS 0x0000000083900000, 0x0000000083800000| Updating 
|  57|0x0000000083900000, 0x0000000083a00000, 0x0000000083a00000|100%| O|  |TAMS 0x0000000083a00000, 0x0000000083900000| Updating 
|  58|0x0000000083a00000, 0x0000000083b00000, 0x0000000083b00000|100%| O|  |TAMS 0x0000000083b00000, 0x0000000083a00000| Updating 
|  59|0x0000000083b00000, 0x0000000083c00000, 0x0000000083c00000|100%| O|  |TAMS 0x0000000083c00000, 0x0000000083b00000| Updating 
|  60|0x0000000083c00000, 0x0000000083d00000, 0x0000000083d00000|100%| O|  |TAMS 0x0000000083d00000, 0x0000000083c00000| Updating 
|  61|0x0000000083d00000, 0x0000000083e00000, 0x0000000083e00000|100%| O|  |TAMS 0x0000000083e00000, 0x0000000083d00000| Updating 
|  62|0x0000000083e00000, 0x0000000083f00000, 0x0000000083f00000|100%| O|  |TAMS 0x0000000083f00000, 0x0000000083e00000| Updating 
|  63|0x0000000083f00000, 0x0000000084000000, 0x0000000084000000|100%| O|  |TAMS 0x0000000084000000, 0x0000000083f00000| Updating 
|  64|0x0000000084000000, 0x0000000084100000, 0x0000000084100000|100%| O|  |TAMS 0x0000000084100000, 0x0000000084000000| Updating 
|  65|0x0000000084100000, 0x0000000084200000, 0x0000000084200000|100%|HS|  |TAMS 0x0000000084200000, 0x0000000084100000| Complete 
|  66|0x0000000084200000, 0x0000000084300000, 0x0000000084300000|100%|HC|  |TAMS 0x0000000084300000, 0x0000000084200000| Complete 
|  67|0x0000000084300000, 0x0000000084400000, 0x0000000084400000|100%|HC|  |TAMS 0x0000000084400000, 0x0000000084300000| Complete 
|  68|0x0000000084400000, 0x0000000084500000, 0x0000000084500000|100%|HC|  |TAMS 0x0000000084500000, 0x0000000084400000| Complete 
|  69|0x0000000084500000, 0x0000000084600000, 0x0000000084600000|100%|HC|  |TAMS 0x0000000084600000, 0x0000000084500000| Complete 
|  70|0x0000000084600000, 0x0000000084700000, 0x0000000084700000|100%|HC|  |TAMS 0x0000000084700000, 0x0000000084600000| Complete 
|  71|0x0000000084700000, 0x0000000084800000, 0x0000000084800000|100%|HC|  |TAMS 0x0000000084800000, 0x0000000084700000| Complete 
|  72|0x0000000084800000, 0x0000000084900000, 0x0000000084900000|100%|HC|  |TAMS 0x0000000084900000, 0x0000000084800000| Complete 
|  73|0x0000000084900000, 0x0000000084a00000, 0x0000000084a00000|100%|HC|  |TAMS 0x0000000084a00000, 0x0000000084900000| Complete 
|  74|0x0000000084a00000, 0x0000000084b00000, 0x0000000084b00000|100%| O|  |TAMS 0x0000000084b00000, 0x0000000084a00000| Updating 
|  75|0x0000000084b00000, 0x0000000084c00000, 0x0000000084c00000|100%| O|  |TAMS 0x0000000084c00000, 0x0000000084b00000| Updating 
|  76|0x0000000084c00000, 0x0000000084d00000, 0x0000000084d00000|100%|HS|  |TAMS 0x0000000084d00000, 0x0000000084c00000| Complete 
|  77|0x0000000084d00000, 0x0000000084e00000, 0x0000000084e00000|100%| O|  |TAMS 0x0000000084e00000, 0x0000000084d00000| Updating 
|  78|0x0000000084e00000, 0x0000000084f00000, 0x0000000084f00000|100%| O|  |TAMS 0x0000000084f00000, 0x0000000084e00000| Updating 
|  79|0x0000000084f00000, 0x0000000085000000, 0x0000000085000000|100%| O|  |TAMS 0x0000000085000000, 0x0000000084f00000| Updating 
|  80|0x0000000085000000, 0x0000000085100000, 0x0000000085100000|100%| O|  |TAMS 0x0000000085100000, 0x0000000085000000| Updating 
|  81|0x0000000085100000, 0x0000000085200000, 0x0000000085200000|100%| O|  |TAMS 0x0000000085200000, 0x0000000085100000| Updating 
|  82|0x0000000085200000, 0x0000000085300000, 0x0000000085300000|100%| O|  |TAMS 0x0000000085300000, 0x0000000085200000| Updating 
|  83|0x0000000085300000, 0x0000000085400000, 0x0000000085400000|100%| O|  |TAMS 0x0000000085400000, 0x0000000085300000| Updating 
|  84|0x0000000085400000, 0x0000000085500000, 0x0000000085500000|100%| O|  |TAMS 0x0000000085500000, 0x0000000085400000| Updating 
|  85|0x0000000085500000, 0x0000000085600000, 0x0000000085600000|100%| O|  |TAMS 0x0000000085600000, 0x0000000085500000| Updating 
|  86|0x0000000085600000, 0x0000000085700000, 0x0000000085700000|100%| O|  |TAMS 0x0000000085700000, 0x0000000085600000| Updating 
|  87|0x0000000085700000, 0x0000000085800000, 0x0000000085800000|100%| O|  |TAMS 0x0000000085800000, 0x0000000085700000| Updating 
|  88|0x0000000085800000, 0x0000000085900000, 0x0000000085900000|100%| O|  |TAMS 0x0000000085900000, 0x0000000085800000| Updating 
|  89|0x0000000085900000, 0x0000000085a00000, 0x0000000085a00000|100%| O|  |TAMS 0x0000000085a00000, 0x0000000085900000| Updating 
|  90|0x0000000085a00000, 0x0000000085b00000, 0x0000000085b00000|100%| O|  |TAMS 0x0000000085b00000, 0x0000000085a00000| Updating 
|  91|0x0000000085b00000, 0x0000000085c00000, 0x0000000085c00000|100%| O|  |TAMS 0x0000000085c00000, 0x0000000085b00000| Updating 
|  92|0x0000000085c00000, 0x0000000085d00000, 0x0000000085d00000|100%| O|  |TAMS 0x0000000085d00000, 0x0000000085c00000| Updating 
|  93|0x0000000085d00000, 0x0000000085e00000, 0x0000000085e00000|100%| O|  |TAMS 0x0000000085e00000, 0x0000000085d00000| Updating 
|  94|0x0000000085e00000, 0x0000000085f00000, 0x0000000085f00000|100%| O|  |TAMS 0x0000000085f00000, 0x0000000085e00000| Updating 
|  95|0x0000000085f00000, 0x0000000086000000, 0x0000000086000000|100%| O|  |TAMS 0x0000000086000000, 0x0000000085f00000| Updating 
|  96|0x0000000086000000, 0x0000000086100000, 0x0000000086100000|100%| O|  |TAMS 0x0000000086100000, 0x0000000086000000| Updating 
|  97|0x0000000086100000, 0x0000000086200000, 0x0000000086200000|100%| O|  |TAMS 0x0000000086200000, 0x0000000086100000| Updating 
|  98|0x0000000086200000, 0x0000000086300000, 0x0000000086300000|100%|HS|  |TAMS 0x0000000086300000, 0x0000000086200000| Complete 
|  99|0x0000000086300000, 0x0000000086400000, 0x0000000086400000|100%|HC|  |TAMS 0x0000000086400000, 0x0000000086300000| Complete 
| 100|0x0000000086400000, 0x0000000086500000, 0x0000000086500000|100%|HC|  |TAMS 0x0000000086500000, 0x0000000086400000| Complete 
| 101|0x0000000086500000, 0x0000000086600000, 0x0000000086600000|100%|HC|  |TAMS 0x0000000086600000, 0x0000000086500000| Complete 
| 102|0x0000000086600000, 0x0000000086700000, 0x0000000086700000|100%|HC|  |TAMS 0x0000000086700000, 0x0000000086600000| Complete 
| 103|0x0000000086700000, 0x0000000086800000, 0x0000000086800000|100%|HC|  |TAMS 0x0000000086800000, 0x0000000086700000| Complete 
| 104|0x0000000086800000, 0x0000000086900000, 0x0000000086900000|100%|HC|  |TAMS 0x0000000086900000, 0x0000000086800000| Complete 
| 105|0x0000000086900000, 0x0000000086a00000, 0x0000000086a00000|100%|HC|  |TAMS 0x0000000086a00000, 0x0000000086900000| Complete 
| 106|0x0000000086a00000, 0x0000000086b00000, 0x0000000086b00000|100%|HC|  |TAMS 0x0000000086b00000, 0x0000000086a00000| Complete 
| 107|0x0000000086b00000, 0x0000000086c00000, 0x0000000086c00000|100%|HS|  |TAMS 0x0000000086c00000, 0x0000000086b00000| Complete 
| 108|0x0000000086c00000, 0x0000000086d00000, 0x0000000086d00000|100%| O|  |TAMS 0x0000000086d00000, 0x0000000086c00000| Updating 
| 109|0x0000000086d00000, 0x0000000086e00000, 0x0000000086e00000|100%| O|  |TAMS 0x0000000086e00000, 0x0000000086d00000| Updating 
| 110|0x0000000086e00000, 0x0000000086f00000, 0x0000000086f00000|100%| O|  |TAMS 0x0000000086f00000, 0x0000000086e00000| Updating 
| 111|0x0000000086f00000, 0x0000000087000000, 0x0000000087000000|100%| O|  |TAMS 0x0000000087000000, 0x0000000086f00000| Updating 
| 112|0x0000000087000000, 0x0000000087100000, 0x0000000087100000|100%| O|  |TAMS 0x0000000087100000, 0x0000000087000000| Updating 
| 113|0x0000000087100000, 0x0000000087200000, 0x0000000087200000|100%| O|  |TAMS 0x0000000087200000, 0x0000000087100000| Updating 
| 114|0x0000000087200000, 0x0000000087300000, 0x0000000087300000|100%| O|  |TAMS 0x0000000087300000, 0x0000000087200000| Updating 
| 115|0x0000000087300000, 0x0000000087400000, 0x0000000087400000|100%| O|  |TAMS 0x0000000087400000, 0x0000000087300000| Updating 
| 116|0x0000000087400000, 0x0000000087500000, 0x0000000087500000|100%| O|  |TAMS 0x0000000087500000, 0x0000000087400000| Updating 
| 117|0x0000000087500000, 0x0000000087600000, 0x0000000087600000|100%| O|  |TAMS 0x0000000087600000, 0x0000000087500000| Updating 
| 118|0x0000000087600000, 0x0000000087700000, 0x0000000087700000|100%| O|  |TAMS 0x0000000087700000, 0x0000000087600000| Updating 
| 119|0x0000000087700000, 0x0000000087800000, 0x0000000087800000|100%| O|  |TAMS 0x0000000087800000, 0x0000000087700000| Updating 
| 120|0x0000000087800000, 0x0000000087900000, 0x0000000087900000|100%| O|  |TAMS 0x0000000087900000, 0x0000000087800000| Updating 
| 121|0x0000000087900000, 0x0000000087a00000, 0x0000000087a00000|100%| O|  |TAMS 0x0000000087a00000, 0x0000000087900000| Updating 
| 122|0x0000000087a00000, 0x0000000087b00000, 0x0000000087b00000|100%| O|  |TAMS 0x0000000087b00000, 0x0000000087a00000| Updating 
| 123|0x0000000087b00000, 0x0000000087c00000, 0x0000000087c00000|100%| O|  |TAMS 0x0000000087c00000, 0x0000000087b00000| Updating 
| 124|0x0000000087c00000, 0x0000000087d00000, 0x0000000087d00000|100%| O|  |TAMS 0x0000000087d00000, 0x0000000087c00000| Updating 
| 125|0x0000000087d00000, 0x0000000087e00000, 0x0000000087e00000|100%| O|  |TAMS 0x0000000087e00000, 0x0000000087d00000| Updating 
| 126|0x0000000087e00000, 0x0000000087f00000, 0x0000000087f00000|100%| O|  |TAMS 0x0000000087f00000, 0x0000000087e00000| Updating 
| 127|0x0000000087f00000, 0x0000000088000000, 0x0000000088000000|100%| O|  |TAMS 0x0000000088000000, 0x0000000087f00000| Updating 
| 128|0x0000000088000000, 0x0000000088100000, 0x0000000088100000|100%| O|  |TAMS 0x0000000088100000, 0x0000000088000000| Updating 
| 129|0x0000000088100000, 0x0000000088200000, 0x0000000088200000|100%| O|  |TAMS 0x0000000088200000, 0x0000000088100000| Updating 
| 130|0x0000000088200000, 0x0000000088300000, 0x0000000088300000|100%| O|  |TAMS 0x0000000088300000, 0x0000000088200000| Updating 
| 131|0x0000000088300000, 0x0000000088400000, 0x0000000088400000|100%| O|  |TAMS 0x0000000088400000, 0x0000000088300000| Updating 
| 132|0x0000000088400000, 0x0000000088500000, 0x0000000088500000|100%|HS|  |TAMS 0x0000000088400000, 0x0000000088400000| Complete 
| 133|0x0000000088500000, 0x0000000088600000, 0x0000000088600000|100%|HS|  |TAMS 0x0000000088500000, 0x0000000088500000| Complete 
| 134|0x0000000088600000, 0x0000000088600000, 0x0000000088700000|  0%| F|  |TAMS 0x0000000088600000, 0x0000000088600000| Untracked 
| 135|0x0000000088700000, 0x0000000088700000, 0x0000000088800000|  0%| F|  |TAMS 0x0000000088700000, 0x0000000088700000| Untracked 
| 136|0x0000000088800000, 0x0000000088800000, 0x0000000088900000|  0%| F|  |TAMS 0x0000000088800000, 0x0000000088800000| Untracked 
| 137|0x0000000088900000, 0x0000000088900000, 0x0000000088a00000|  0%| F|  |TAMS 0x0000000088900000, 0x0000000088900000| Untracked 
| 138|0x0000000088a00000, 0x0000000088a00000, 0x0000000088b00000|  0%| F|  |TAMS 0x0000000088a00000, 0x0000000088a00000| Untracked 
| 139|0x0000000088b00000, 0x0000000088b00000, 0x0000000088c00000|  0%| F|  |TAMS 0x0000000088b00000, 0x0000000088b00000| Untracked 
| 140|0x0000000088c00000, 0x0000000088d00000, 0x0000000088d00000|100%| O|  |TAMS 0x0000000088d00000, 0x0000000088c00000| Updating 
| 141|0x0000000088d00000, 0x0000000088e00000, 0x0000000088e00000|100%| O|  |TAMS 0x0000000088e00000, 0x0000000088d00000| Updating 
| 142|0x0000000088e00000, 0x0000000088f00000, 0x0000000088f00000|100%| O|  |TAMS 0x0000000088f00000, 0x0000000088e00000| Updating 
| 143|0x0000000088f00000, 0x0000000089000000, 0x0000000089000000|100%| O|  |TAMS 0x0000000089000000, 0x0000000088f00000| Updating 
| 144|0x0000000089000000, 0x0000000089100000, 0x0000000089100000|100%| O|  |TAMS 0x0000000089100000, 0x0000000089000000| Updating 
| 145|0x0000000089100000, 0x0000000089200000, 0x0000000089200000|100%| O|  |TAMS 0x0000000089200000, 0x0000000089100000| Updating 
| 146|0x0000000089200000, 0x0000000089200000, 0x0000000089300000|  0%| F|  |TAMS 0x0000000089200000, 0x0000000089200000| Untracked 
| 147|0x0000000089300000, 0x0000000089300000, 0x0000000089400000|  0%| F|  |TAMS 0x0000000089300000, 0x0000000089300000| Untracked 
| 148|0x0000000089400000, 0x0000000089400000, 0x0000000089500000|  0%| F|  |TAMS 0x0000000089400000, 0x0000000089400000| Untracked 
| 149|0x0000000089500000, 0x0000000089500000, 0x0000000089600000|  0%| F|  |TAMS 0x0000000089500000, 0x0000000089500000| Untracked 
| 150|0x0000000089600000, 0x0000000089600000, 0x0000000089700000|  0%| F|  |TAMS 0x0000000089600000, 0x0000000089600000| Untracked 
| 151|0x0000000089700000, 0x0000000089700000, 0x0000000089800000|  0%| F|  |TAMS 0x0000000089700000, 0x0000000089700000| Untracked 
| 152|0x0000000089800000, 0x0000000089800000, 0x0000000089900000|  0%| F|  |TAMS 0x0000000089800000, 0x0000000089800000| Untracked 
| 153|0x0000000089900000, 0x0000000089900000, 0x0000000089a00000|  0%| F|  |TAMS 0x0000000089900000, 0x0000000089900000| Untracked 
| 154|0x0000000089a00000, 0x0000000089a00000, 0x0000000089b00000|  0%| F|  |TAMS 0x0000000089a00000, 0x0000000089a00000| Untracked 
| 155|0x0000000089b00000, 0x0000000089b00000, 0x0000000089c00000|  0%| F|  |TAMS 0x0000000089b00000, 0x0000000089b00000| Untracked 
| 156|0x0000000089c00000, 0x0000000089c00000, 0x0000000089d00000|  0%| F|  |TAMS 0x0000000089c00000, 0x0000000089c00000| Untracked 
| 157|0x0000000089d00000, 0x0000000089d00000, 0x0000000089e00000|  0%| F|  |TAMS 0x0000000089d00000, 0x0000000089d00000| Untracked 
| 158|0x0000000089e00000, 0x0000000089e00000, 0x0000000089f00000|  0%| F|  |TAMS 0x0000000089e00000, 0x0000000089e00000| Untracked 
| 159|0x0000000089f00000, 0x0000000089f00000, 0x000000008a000000|  0%| F|  |TAMS 0x0000000089f00000, 0x0000000089f00000| Untracked 
| 160|0x000000008a000000, 0x000000008a000000, 0x000000008a100000|  0%| F|  |TAMS 0x000000008a000000, 0x000000008a000000| Untracked 
| 161|0x000000008a100000, 0x000000008a100000, 0x000000008a200000|  0%| F|  |TAMS 0x000000008a100000, 0x000000008a100000| Untracked 
| 162|0x000000008a200000, 0x000000008a200000, 0x000000008a300000|  0%| F|  |TAMS 0x000000008a200000, 0x000000008a200000| Untracked 
| 163|0x000000008a300000, 0x000000008a300000, 0x000000008a400000|  0%| F|  |TAMS 0x000000008a300000, 0x000000008a300000| Untracked 
| 164|0x000000008a400000, 0x000000008a400000, 0x000000008a500000|  0%| F|  |TAMS 0x000000008a400000, 0x000000008a400000| Untracked 
| 165|0x000000008a500000, 0x000000008a500000, 0x000000008a600000|  0%| F|  |TAMS 0x000000008a500000, 0x000000008a500000| Untracked 
| 166|0x000000008a600000, 0x000000008a600000, 0x000000008a700000|  0%| F|  |TAMS 0x000000008a600000, 0x000000008a600000| Untracked 
| 167|0x000000008a700000, 0x000000008a700000, 0x000000008a800000|  0%| F|  |TAMS 0x000000008a700000, 0x000000008a700000| Untracked 
| 168|0x000000008a800000, 0x000000008a800000, 0x000000008a900000|  0%| F|  |TAMS 0x000000008a800000, 0x000000008a800000| Untracked 
| 169|0x000000008a900000, 0x000000008a900000, 0x000000008aa00000|  0%| F|  |TAMS 0x000000008a900000, 0x000000008a900000| Untracked 
| 170|0x000000008aa00000, 0x000000008aa00000, 0x000000008ab00000|  0%| F|  |TAMS 0x000000008aa00000, 0x000000008aa00000| Untracked 
| 171|0x000000008ab00000, 0x000000008ab00000, 0x000000008ac00000|  0%| F|  |TAMS 0x000000008ab00000, 0x000000008ab00000| Untracked 
| 172|0x000000008ac00000, 0x000000008ac00000, 0x000000008ad00000|  0%| F|  |TAMS 0x000000008ac00000, 0x000000008ac00000| Untracked 
| 173|0x000000008ad00000, 0x000000008ad00000, 0x000000008ae00000|  0%| F|  |TAMS 0x000000008ad00000, 0x000000008ad00000| Untracked 
| 174|0x000000008ae00000, 0x000000008ae00000, 0x000000008af00000|  0%| F|  |TAMS 0x000000008ae00000, 0x000000008ae00000| Untracked 
| 175|0x000000008af00000, 0x000000008af00000, 0x000000008b000000|  0%| F|  |TAMS 0x000000008af00000, 0x000000008af00000| Untracked 
| 176|0x000000008b000000, 0x000000008b000000, 0x000000008b100000|  0%| F|  |TAMS 0x000000008b000000, 0x000000008b000000| Untracked 
| 177|0x000000008b100000, 0x000000008b100000, 0x000000008b200000|  0%| F|  |TAMS 0x000000008b100000, 0x000000008b100000| Untracked 
| 178|0x000000008b200000, 0x000000008b200000, 0x000000008b300000|  0%| F|  |TAMS 0x000000008b200000, 0x000000008b200000| Untracked 
| 179|0x000000008b300000, 0x000000008b300000, 0x000000008b400000|  0%| F|  |TAMS 0x000000008b300000, 0x000000008b300000| Untracked 
| 180|0x000000008b400000, 0x000000008b400000, 0x000000008b500000|  0%| F|  |TAMS 0x000000008b400000, 0x000000008b400000| Untracked 
| 181|0x000000008b500000, 0x000000008b500000, 0x000000008b600000|  0%| F|  |TAMS 0x000000008b500000, 0x000000008b500000| Untracked 
| 182|0x000000008b600000, 0x000000008b600000, 0x000000008b700000|  0%| F|  |TAMS 0x000000008b600000, 0x000000008b600000| Untracked 
| 183|0x000000008b700000, 0x000000008b700000, 0x000000008b800000|  0%| F|  |TAMS 0x000000008b700000, 0x000000008b700000| Untracked 
| 184|0x000000008b800000, 0x000000008b800000, 0x000000008b900000|  0%| F|  |TAMS 0x000000008b800000, 0x000000008b800000| Untracked 
| 185|0x000000008b900000, 0x000000008b900000, 0x000000008ba00000|  0%| F|  |TAMS 0x000000008b900000, 0x000000008b900000| Untracked 
| 186|0x000000008ba00000, 0x000000008ba00000, 0x000000008bb00000|  0%| F|  |TAMS 0x000000008ba00000, 0x000000008ba00000| Untracked 
| 187|0x000000008bb00000, 0x000000008bb00000, 0x000000008bc00000|  0%| F|  |TAMS 0x000000008bb00000, 0x000000008bb00000| Untracked 
| 188|0x000000008bc00000, 0x000000008bc00000, 0x000000008bd00000|  0%| F|  |TAMS 0x000000008bc00000, 0x000000008bc00000| Untracked 
| 189|0x000000008bd00000, 0x000000008bd00000, 0x000000008be00000|  0%| F|  |TAMS 0x000000008bd00000, 0x000000008bd00000| Untracked 
| 190|0x000000008be00000, 0x000000008be00000, 0x000000008bf00000|  0%| F|  |TAMS 0x000000008be00000, 0x000000008be00000| Untracked 
| 191|0x000000008bf00000, 0x000000008bf00000, 0x000000008c000000|  0%| F|  |TAMS 0x000000008bf00000, 0x000000008bf00000| Untracked 
| 192|0x000000008c000000, 0x000000008c000000, 0x000000008c100000|  0%| F|  |TAMS 0x000000008c000000, 0x000000008c000000| Untracked 
| 193|0x000000008c100000, 0x000000008c100000, 0x000000008c200000|  0%| F|  |TAMS 0x000000008c100000, 0x000000008c100000| Untracked 
| 194|0x000000008c200000, 0x000000008c200000, 0x000000008c300000|  0%| F|  |TAMS 0x000000008c200000, 0x000000008c200000| Untracked 
| 195|0x000000008c300000, 0x000000008c300000, 0x000000008c400000|  0%| F|  |TAMS 0x000000008c300000, 0x000000008c300000| Untracked 
| 196|0x000000008c400000, 0x000000008c400000, 0x000000008c500000|  0%| F|  |TAMS 0x000000008c400000, 0x000000008c400000| Untracked 
| 197|0x000000008c500000, 0x000000008c600000, 0x000000008c600000|100%| S|CS|TAMS 0x000000008c500000, 0x000000008c500000| Complete 
| 198|0x000000008c600000, 0x000000008c700000, 0x000000008c700000|100%| S|CS|TAMS 0x000000008c600000, 0x000000008c600000| Complete 
| 199|0x000000008c700000, 0x000000008c800000, 0x000000008c800000|100%| S|CS|TAMS 0x000000008c700000, 0x000000008c700000| Complete 
| 200|0x000000008c800000, 0x000000008c900000, 0x000000008c900000|100%| S|CS|TAMS 0x000000008c800000, 0x000000008c800000| Complete 
| 201|0x000000008c900000, 0x000000008ca00000, 0x000000008ca00000|100%| S|CS|TAMS 0x000000008c900000, 0x000000008c900000| Complete 
| 202|0x000000008ca00000, 0x000000008cb00000, 0x000000008cb00000|100%| S|CS|TAMS 0x000000008ca00000, 0x000000008ca00000| Complete 
| 203|0x000000008cb00000, 0x000000008cc00000, 0x000000008cc00000|100%| S|CS|TAMS 0x000000008cb00000, 0x000000008cb00000| Complete 
| 204|0x000000008cc00000, 0x000000008cd00000, 0x000000008cd00000|100%| S|CS|TAMS 0x000000008cc00000, 0x000000008cc00000| Complete 
| 205|0x000000008cd00000, 0x000000008cd00000, 0x000000008ce00000|  0%| F|  |TAMS 0x000000008cd00000, 0x000000008cd00000| Untracked 
| 206|0x000000008ce00000, 0x000000008ce00000, 0x000000008cf00000|  0%| F|  |TAMS 0x000000008ce00000, 0x000000008ce00000| Untracked 
| 207|0x000000008cf00000, 0x000000008cf00000, 0x000000008d000000|  0%| F|  |TAMS 0x000000008cf00000, 0x000000008cf00000| Untracked 
| 208|0x000000008d000000, 0x000000008d0886f8, 0x000000008d100000| 53%| E|  |TAMS 0x000000008d000000, 0x000000008d000000| Complete 
| 209|0x000000008d100000, 0x000000008d200000, 0x000000008d200000|100%| E|CS|TAMS 0x000000008d100000, 0x000000008d100000| Complete 
| 210|0x000000008d200000, 0x000000008d300000, 0x000000008d300000|100%| E|CS|TAMS 0x000000008d200000, 0x000000008d200000| Complete 
| 211|0x000000008d300000, 0x000000008d400000, 0x000000008d400000|100%| E|CS|TAMS 0x000000008d300000, 0x000000008d300000| Complete 
| 212|0x000000008d400000, 0x000000008d500000, 0x000000008d500000|100%| E|CS|TAMS 0x000000008d400000, 0x000000008d400000| Complete 
| 213|0x000000008d500000, 0x000000008d600000, 0x000000008d600000|100%| E|CS|TAMS 0x000000008d500000, 0x000000008d500000| Complete 
| 214|0x000000008d600000, 0x000000008d700000, 0x000000008d700000|100%| E|CS|TAMS 0x000000008d600000, 0x000000008d600000| Complete 
| 215|0x000000008d700000, 0x000000008d800000, 0x000000008d800000|100%| E|CS|TAMS 0x000000008d700000, 0x000000008d700000| Complete 
| 216|0x000000008d800000, 0x000000008d900000, 0x000000008d900000|100%| E|CS|TAMS 0x000000008d800000, 0x000000008d800000| Complete 
| 217|0x000000008d900000, 0x000000008da00000, 0x000000008da00000|100%| E|CS|TAMS 0x000000008d900000, 0x000000008d900000| Complete 
| 218|0x000000008da00000, 0x000000008db00000, 0x000000008db00000|100%| E|CS|TAMS 0x000000008da00000, 0x000000008da00000| Complete 
| 219|0x000000008db00000, 0x000000008dc00000, 0x000000008dc00000|100%| E|CS|TAMS 0x000000008db00000, 0x000000008db00000| Complete 
| 220|0x000000008dc00000, 0x000000008dd00000, 0x000000008dd00000|100%| E|CS|TAMS 0x000000008dc00000, 0x000000008dc00000| Complete 
| 221|0x000000008dd00000, 0x000000008de00000, 0x000000008de00000|100%| E|CS|TAMS 0x000000008dd00000, 0x000000008dd00000| Complete 
| 222|0x000000008de00000, 0x000000008df00000, 0x000000008df00000|100%| E|CS|TAMS 0x000000008de00000, 0x000000008de00000| Complete 
| 223|0x000000008df00000, 0x000000008e000000, 0x000000008e000000|100%| E|CS|TAMS 0x000000008df00000, 0x000000008df00000| Complete 
| 224|0x000000008e000000, 0x000000008e100000, 0x000000008e100000|100%| E|CS|TAMS 0x000000008e000000, 0x000000008e000000| Complete 
| 225|0x000000008e100000, 0x000000008e200000, 0x000000008e200000|100%| E|CS|TAMS 0x000000008e100000, 0x000000008e100000| Complete 
| 226|0x000000008e200000, 0x000000008e300000, 0x000000008e300000|100%| E|CS|TAMS 0x000000008e200000, 0x000000008e200000| Complete 
| 227|0x000000008e300000, 0x000000008e400000, 0x000000008e400000|100%| E|CS|TAMS 0x000000008e300000, 0x000000008e300000| Complete 
| 228|0x000000008e400000, 0x000000008e500000, 0x000000008e500000|100%| E|CS|TAMS 0x000000008e400000, 0x000000008e400000| Complete 
| 229|0x000000008e500000, 0x000000008e600000, 0x000000008e600000|100%| E|CS|TAMS 0x000000008e500000, 0x000000008e500000| Complete 
| 230|0x000000008e600000, 0x000000008e700000, 0x000000008e700000|100%| E|CS|TAMS 0x000000008e600000, 0x000000008e600000| Complete 
| 231|0x000000008e700000, 0x000000008e800000, 0x000000008e800000|100%| E|CS|TAMS 0x000000008e700000, 0x000000008e700000| Complete 
| 232|0x000000008e800000, 0x000000008e900000, 0x000000008e900000|100%| E|CS|TAMS 0x000000008e800000, 0x000000008e800000| Complete 
| 233|0x000000008e900000, 0x000000008ea00000, 0x000000008ea00000|100%| E|CS|TAMS 0x000000008e900000, 0x000000008e900000| Complete 
| 234|0x000000008ea00000, 0x000000008eb00000, 0x000000008eb00000|100%| E|CS|TAMS 0x000000008ea00000, 0x000000008ea00000| Complete 
| 235|0x000000008eb00000, 0x000000008ec00000, 0x000000008ec00000|100%| E|CS|TAMS 0x000000008eb00000, 0x000000008eb00000| Complete 
| 236|0x000000008ec00000, 0x000000008ed00000, 0x000000008ed00000|100%| E|CS|TAMS 0x000000008ec00000, 0x000000008ec00000| Complete 
| 237|0x000000008ed00000, 0x000000008ee00000, 0x000000008ee00000|100%| E|CS|TAMS 0x000000008ed00000, 0x000000008ed00000| Complete 
| 238|0x000000008ee00000, 0x000000008ef00000, 0x000000008ef00000|100%| E|CS|TAMS 0x000000008ee00000, 0x000000008ee00000| Complete 
| 239|0x000000008ef00000, 0x000000008f000000, 0x000000008f000000|100%| E|CS|TAMS 0x000000008ef00000, 0x000000008ef00000| Complete 
| 240|0x000000008f000000, 0x000000008f100000, 0x000000008f100000|100%| E|CS|TAMS 0x000000008f000000, 0x000000008f000000| Complete 
| 241|0x000000008f100000, 0x000000008f200000, 0x000000008f200000|100%| E|CS|TAMS 0x000000008f100000, 0x000000008f100000| Complete 
| 242|0x000000008f200000, 0x000000008f300000, 0x000000008f300000|100%| E|CS|TAMS 0x000000008f200000, 0x000000008f200000| Complete 

Card table byte_map: [0x00000294b2ab0000,0x00000294b2eb0000] _byte_map_base: 0x00000294b26b0000

Marking Bits (Prev, Next): (CMBitMap*) 0x000002949fbd95a0, (CMBitMap*) 0x000002949fbd9568
 Prev Bits: [0x00000294b52b0000, 0x00000294b72b0000)
 Next Bits: [0x00000294b32b0000, 0x00000294b52b0000)

Polling page: 0x000002949f370000

Metaspace:

Usage:
  Non-class:     78.99 MB capacity,    77.68 MB ( 98%) used,     1.05 MB (  1%) free+waste,   265.00 KB ( <1%) overhead. 
      Class:     12.53 MB capacity,    11.70 MB ( 93%) used,   734.05 KB (  6%) free+waste,   118.50 KB ( <1%) overhead. 
       Both:     91.53 MB capacity,    89.39 MB ( 98%) used,     1.77 MB (  2%) free+waste,   383.50 KB ( <1%) overhead. 

Virtual space:
  Non-class space:       80.00 MB reserved,      79.09 MB ( 99%) committed 
      Class space:        1.00 GB reserved,      12.60 MB (  1%) committed 
             Both:        1.08 GB reserved,      91.68 MB (  8%) committed 

Chunk freelists:
   Non-Class:  33.00 KB
       Class:  0 bytes
        Both:  33.00 KB

MaxMetaspaceSize: 17179869184.00 GB
CompressedClassSpaceSize: 1.00 GB
Initial GC threshold: 20.80 MB
Current GC threshold: 151.35 MB
CDS: off

CodeHeap 'non-profiled nmethods': size=120064Kb used=6327Kb max_used=6327Kb free=113736Kb
 bounds [0x00000294ab170000, 0x00000294ab7a0000, 0x00000294b26b0000]
CodeHeap 'profiled nmethods': size=120000Kb used=24476Kb max_used=24476Kb free=95524Kb
 bounds [0x00000294a3c40000, 0x00000294a5430000, 0x00000294ab170000]
CodeHeap 'non-nmethods': size=5696Kb used=2379Kb max_used=2452Kb free=3317Kb
 bounds [0x00000294a36b0000, 0x00000294a3920000, 0x00000294a3c40000]
 total_blobs=11844 nmethods=10944 adapters=812
 compilation: enabled
              stopped_count=0, restarted_count=0
 full_count=0

Compilation events (20 events):
Event: 27.953 Thread 0x00000294b97d1800 11075       2       com.android.tools.r8.graph.M2::a (13 bytes)
Event: 27.953 Thread 0x00000294b97d1800 nmethod 11075 0x00000294a5421690 code [0x00000294a5421860, 0x00000294a5421aa8]
Event: 27.953 Thread 0x00000294b97d1800 11076       2       com.android.tools.r8.graph.M2$$Lambda$1134/0x0000000100bd1c40::get$Lambda (10 bytes)
Event: 27.954 Thread 0x00000294b97d1800 nmethod 11076 0x00000294a5421b90 code [0x00000294a5421d40, 0x00000294a5421f38]
Event: 27.954 Thread 0x00000294b97d1800 11077       2       com.android.tools.r8.graph.M2$$Lambda$1134/0x0000000100bd1c40::<init> (15 bytes)
Event: 27.954 Thread 0x00000294b97d1800 nmethod 11077 0x00000294a5422010 code [0x00000294a54221c0, 0x00000294a5422358]
Event: 27.954 Thread 0x00000294b97d1800 11078       2       com.android.tools.r8.graph.p::S (13 bytes)
Event: 27.954 Thread 0x00000294b97d1800 nmethod 11078 0x00000294a5422410 code [0x00000294a54225c0, 0x00000294a54226d8]
Event: 27.955 Thread 0x00000294b97d1800 11079       2       com.android.tools.r8.internal.ao$$Lambda$1168/0x0000000100c50840::accept (12 bytes)
Event: 27.956 Thread 0x00000294b97d1800 nmethod 11079 0x00000294a5422790 code [0x00000294a5422980, 0x00000294a5422ed8]
Event: 27.957 Thread 0x00000294b97d1800 11080       2       com.android.tools.r8.graph.K2::g (97 bytes)
Event: 27.957 Thread 0x00000294b97d1800 nmethod 11080 0x00000294a5423210 code [0x00000294a5423400, 0x00000294a54237b8]
Event: 27.958 Thread 0x00000294b97d1800 11081       2       com.android.tools.r8.graph.N2::g (64 bytes)
Event: 27.958 Thread 0x00000294b97d1800 nmethod 11081 0x00000294a5423a10 code [0x00000294a5423c40, 0x00000294a5423fc8]
Event: 27.965 Thread 0x00000294b97d1800 11082 %     3       com.android.tools.r8.graph.N2::g @ 15 (64 bytes)
Event: 27.966 Thread 0x00000294b97d1800 nmethod 11082% 0x00000294a5424190 code [0x00000294a5424400, 0x00000294a5424f48]
Event: 27.968 Thread 0x00000294b97d1800 11083 %     3       com.android.tools.r8.graph.K2::g @ 11 (97 bytes)
Event: 27.969 Thread 0x00000294b97d1800 nmethod 11083% 0x00000294a5425210 code [0x00000294a5425460, 0x00000294a5425e58]
Event: 27.969 Thread 0x00000294b97d1800 11084       3       com.android.tools.r8.graph.K2::g (97 bytes)
Event: 27.970 Thread 0x00000294b97d1800 nmethod 11084 0x00000294a5426190 code [0x00000294a54263c0, 0x00000294a5426cf8]

GC Heap History (20 events):
Event: 16.104 GC heap before
{Heap before GC invocations=18 (full 0):
 garbage-first heap   total 143360K, used 102262K [0x0000000080000000, 0x0000000100000000)
  region size 1024K, 56 young (57344K), 6 survivors (6144K)
 Metaspace       used 65257K, capacity 66864K, committed 67132K, reserved 1107968K
  class space    used 8241K, capacity 8841K, committed 8932K, reserved 1048576K
}
Event: 16.123 GC heap after
{Heap after GC invocations=19 (full 0):
 garbage-first heap   total 172032K, used 53897K [0x0000000080000000, 0x0000000100000000)
  region size 1024K, 4 young (4096K), 4 survivors (4096K)
 Metaspace       used 65257K, capacity 66864K, committed 67132K, reserved 1107968K
  class space    used 8241K, capacity 8841K, committed 8932K, reserved 1048576K
}
Event: 17.577 GC heap before
{Heap before GC invocations=19 (full 0):
 garbage-first heap   total 172032K, used 115337K [0x0000000080000000, 0x0000000100000000)
  region size 1024K, 64 young (65536K), 4 survivors (4096K)
 Metaspace       used 70813K, capacity 72336K, committed 72636K, reserved 1112064K
  class space    used 9120K, capacity 9718K, committed 9828K, reserved 1048576K
}
Event: 17.596 GC heap after
{Heap after GC invocations=20 (full 0):
 garbage-first heap   total 172032K, used 57614K [0x0000000080000000, 0x0000000100000000)
  region size 1024K, 8 young (8192K), 8 survivors (8192K)
 Metaspace       used 70813K, capacity 72336K, committed 72636K, reserved 1112064K
  class space    used 9120K, capacity 9718K, committed 9828K, reserved 1048576K
}
Event: 19.149 GC heap before
{Heap before GC invocations=20 (full 0):
 garbage-first heap   total 172032K, used 120078K [0x0000000080000000, 0x0000000100000000)
  region size 1024K, 69 young (70656K), 8 survivors (8192K)
 Metaspace       used 77336K, capacity 79034K, committed 79164K, reserved 1118208K
  class space    used 10040K, capacity 10706K, committed 10724K, reserved 1048576K
}
Event: 19.176 GC heap after
{Heap after GC invocations=21 (full 0):
 garbage-first heap   total 172032K, used 61336K [0x0000000080000000, 0x0000000100000000)
  region size 1024K, 8 young (8192K), 8 survivors (8192K)
 Metaspace       used 77336K, capacity 79034K, committed 79164K, reserved 1118208K
  class space    used 10040K, capacity 10706K, committed 10724K, reserved 1048576K
}
Event: 20.817 GC heap before
{Heap before GC invocations=21 (full 0):
 garbage-first heap   total 172032K, used 123800K [0x0000000080000000, 0x0000000100000000)
  region size 1024K, 70 young (71680K), 8 survivors (8192K)
 Metaspace       used 81598K, capacity 83618K, committed 83772K, reserved 1122304K
  class space    used 10681K, capacity 11446K, committed 11492K, reserved 1048576K
}
Event: 20.841 GC heap after
{Heap after GC invocations=22 (full 0):
 garbage-first heap   total 172032K, used 66353K [0x0000000080000000, 0x0000000100000000)
  region size 1024K, 9 young (9216K), 9 survivors (9216K)
 Metaspace       used 81598K, capacity 83618K, committed 83772K, reserved 1122304K
  class space    used 10681K, capacity 11446K, committed 11492K, reserved 1048576K
}
Event: 22.447 GC heap before
{Heap before GC invocations=22 (full 0):
 garbage-first heap   total 172032K, used 127793K [0x0000000080000000, 0x0000000100000000)
  region size 1024K, 70 young (71680K), 9 survivors (9216K)
 Metaspace       used 82404K, capacity 84411K, committed 84668K, reserved 1122304K
  class space    used 10732K, capacity 11514K, committed 11620K, reserved 1048576K
}
Event: 22.475 GC heap after
{Heap after GC invocations=23 (full 0):
 garbage-first heap   total 206848K, used 71377K [0x0000000080000000, 0x0000000100000000)
  region size 1024K, 6 young (6144K), 6 survivors (6144K)
 Metaspace       used 82404K, capacity 84411K, committed 84668K, reserved 1122304K
  class space    used 10732K, capacity 11514K, committed 11620K, reserved 1048576K
}
Event: 24.000 GC heap before
{Heap before GC invocations=23 (full 0):
 garbage-first heap   total 206848K, used 148177K [0x0000000080000000, 0x0000000100000000)
  region size 1024K, 82 young (83968K), 6 survivors (6144K)
 Metaspace       used 83062K, capacity 85067K, committed 85180K, reserved 1122304K
  class space    used 10766K, capacity 11558K, committed 11620K, reserved 1048576K
}
Event: 24.027 GC heap after
{Heap after GC invocations=24 (full 0):
 garbage-first heap   total 206848K, used 75634K [0x0000000080000000, 0x0000000100000000)
  region size 1024K, 10 young (10240K), 10 survivors (10240K)
 Metaspace       used 83062K, capacity 85067K, committed 85180K, reserved 1122304K
  class space    used 10766K, capacity 11558K, committed 11620K, reserved 1048576K
}
Event: 24.986 GC heap before
{Heap before GC invocations=24 (full 0):
 garbage-first heap   total 206848K, used 131954K [0x0000000080000000, 0x0000000100000000)
  region size 1024K, 47 young (48128K), 10 survivors (10240K)
 Metaspace       used 87112K, capacity 89242K, committed 89532K, reserved 1126400K
  class space    used 11263K, capacity 12097K, committed 12132K, reserved 1048576K
}
Event: 25.010 GC heap after
{Heap after GC invocations=25 (full 0):
 garbage-first heap   total 206848K, used 99237K [0x0000000080000000, 0x0000000100000000)
  region size 1024K, 8 young (8192K), 8 survivors (8192K)
 Metaspace       used 87112K, capacity 89242K, committed 89532K, reserved 1126400K
  class space    used 11263K, capacity 12097K, committed 12132K, reserved 1048576K
}
Event: 25.486 GC heap before
{Heap before GC invocations=26 (full 0):
 garbage-first heap   total 206848K, used 137125K [0x0000000080000000, 0x0000000100000000)
  region size 1024K, 28 young (28672K), 8 survivors (8192K)
 Metaspace       used 87301K, capacity 89350K, committed 89660K, reserved 1126400K
  class space    used 11281K, capacity 12088K, committed 12260K, reserved 1048576K
}
Event: 25.516 GC heap after
{Heap after GC invocations=27 (full 0):
 garbage-first heap   total 206848K, used 105722K [0x0000000080000000, 0x0000000100000000)
  region size 1024K, 10 young (10240K), 10 survivors (10240K)
 Metaspace       used 87301K, capacity 89350K, committed 89660K, reserved 1126400K
  class space    used 11281K, capacity 12088K, committed 12260K, reserved 1048576K
}
Event: 26.559 GC heap before
{Heap before GC invocations=28 (full 0):
 garbage-first heap   total 206848K, used 161018K [0x0000000080000000, 0x0000000100000000)
  region size 1024K, 62 young (63488K), 10 survivors (10240K)
 Metaspace       used 89662K, capacity 91769K, committed 92092K, reserved 1128448K
  class space    used 11737K, capacity 12573K, committed 12644K, reserved 1048576K
}
Event: 26.633 GC heap after
{Heap after GC invocations=29 (full 0):
 garbage-first heap   total 248832K, used 127837K [0x0000000080000000, 0x0000000100000000)
  region size 1024K, 8 young (8192K), 8 survivors (8192K)
 Metaspace       used 89662K, capacity 91769K, committed 92092K, reserved 1128448K
  class space    used 11737K, capacity 12573K, committed 12644K, reserved 1048576K
}
Event: 27.115 GC heap before
{Heap before GC invocations=29 (full 0):
 garbage-first heap   total 248832K, used 164701K [0x0000000080000000, 0x0000000100000000)
  region size 1024K, 46 young (47104K), 8 survivors (8192K)
 Metaspace       used 89714K, capacity 91841K, committed 92092K, reserved 1128448K
  class space    used 11739K, capacity 12574K, committed 12644K, reserved 1048576K
}
Event: 27.208 GC heap after
{Heap after GC invocations=30 (full 0):
 garbage-first heap   total 248832K, used 149504K [0x0000000080000000, 0x0000000100000000)
  region size 1024K, 8 young (8192K), 8 survivors (8192K)
 Metaspace       used 89714K, capacity 91841K, committed 92092K, reserved 1128448K
  class space    used 11739K, capacity 12574K, committed 12644K, reserved 1048576K
}

Deoptimization events (20 events):
Event: 26.058 Thread 0x00000294c1dc2800 Uncommon trap: trap_request=0xffffff4d fr.pc=0x00000294ab616210 relative=0x0000000000000350
Event: 26.058 Thread 0x00000294c1dc2800 Uncommon trap: reason=unstable_if action=reinterpret pc=0x00000294ab616210 method=java.util.concurrent.ConcurrentLinkedQueue.offer(Ljava/lang/Object;)Z @ 42 c2
Event: 26.058 Thread 0x00000294c1dc2800 DEOPT PACKING pc=0x00000294ab616210 sp=0x000000da5fcfe8f0
Event: 26.058 Thread 0x00000294c1dc2800 DEOPT UNPACKING pc=0x00000294a36fa1af sp=0x000000da5fcfe838 mode 2
Event: 26.239 Thread 0x00000294c1dc3000 DEOPT PACKING pc=0x00000294a52b1c5d sp=0x000000da5fffec80
Event: 26.239 Thread 0x00000294c1dc3000 DEOPT UNPACKING pc=0x00000294a36fa95e sp=0x000000da5fffe2c0 mode 0
Event: 26.320 Thread 0x00000294c1dc3000 DEOPT PACKING pc=0x00000294a52b69ce sp=0x000000da5fffe6f0
Event: 26.320 Thread 0x00000294c1dc3000 DEOPT UNPACKING pc=0x00000294a36fa95e sp=0x000000da5fffdc70 mode 0
Event: 26.336 Thread 0x00000294c1dc3000 DEOPT PACKING pc=0x00000294a52d3e67 sp=0x000000da5fffe410
Event: 26.336 Thread 0x00000294c1dc3000 DEOPT UNPACKING pc=0x00000294a36fa95e sp=0x000000da5fffe0c0 mode 0
Event: 26.365 Thread 0x00000294c1dc3000 DEOPT PACKING pc=0x00000294a52d3e67 sp=0x000000da5fffe3f0
Event: 26.365 Thread 0x00000294c1dc3000 DEOPT UNPACKING pc=0x00000294a36fa95e sp=0x000000da5fffe0a0 mode 0
Event: 26.369 Thread 0x00000294c1dc3000 DEOPT PACKING pc=0x00000294a528c584 sp=0x000000da5fffe660
Event: 26.370 Thread 0x00000294c1dc3000 DEOPT UNPACKING pc=0x00000294a36fa95e sp=0x000000da5fffdaf0 mode 0
Event: 27.417 Thread 0x00000294c1dc3000 DEOPT PACKING pc=0x00000294a52fb88d sp=0x000000da5fffebf0
Event: 27.417 Thread 0x00000294c1dc3000 DEOPT UNPACKING pc=0x00000294a36fa95e sp=0x000000da5fffe1b0 mode 0
Event: 27.423 Thread 0x00000294c1dc3000 DEOPT PACKING pc=0x00000294a52dd8d7 sp=0x000000da5fffe700
Event: 27.423 Thread 0x00000294c1dc3000 DEOPT UNPACKING pc=0x00000294a36fa95e sp=0x000000da5fffdbd8 mode 0
Event: 27.970 Thread 0x00000294c1dc0800 DEOPT PACKING pc=0x00000294a54236b8 sp=0x000000da5fefeda0
Event: 27.970 Thread 0x00000294c1dc0800 DEOPT UNPACKING pc=0x00000294a36fa95e sp=0x000000da5fefe278 mode 0

Classes redefined (0 events):
No events

Internal exceptions (20 events):
Event: 20.640 Thread 0x00000294bfbe3800 Exception <a 'java/lang/NoSuchMethodError'{0x000000008724d3b8}: 'java.lang.Object java.lang.invoke.DirectMethodHandle$Holder.invokeSpecialIFC(java.lang.Object, java.lang.Object, java.lang.Object)'> (0x000000008724d3b8) thrown at [./src/hotspot/share/interpreter/linkResolver.cpp, line 773]
Event: 20.641 Thread 0x00000294bdc47000 Exception <a 'java/lang/NoSuchMethodError'{0x0000000087285be8}: 'java.lang.Object java.lang.invoke.DirectMethodHandle$Holder.invokeSpecialIFC(java.lang.Object, java.lang.Object, java.lang.Object)'> (0x0000000087285be8) thrown at [./src/hotspot/share/interpreter/linkResolver.cpp, line 773]
Event: 20.641 Thread 0x00000294bdc44000 Exception <a 'java/lang/NoSuchMethodError'{0x00000000872a8af8}: 'java.lang.Object java.lang.invoke.DirectMethodHandle$Holder.invokeSpecialIFC(java.lang.Object, java.lang.Object, java.lang.Object)'> (0x00000000872a8af8) thrown at [./src/hotspot/share/interpreter/linkResolver.cpp, line 773]
Event: 21.839 Thread 0x00000294bfbe3800 Exception <a 'java/lang/NoSuchMethodError'{0x0000000087e40fe8}: 'void java.lang.invoke.DirectMethodHandle$Holder.invokeInterface(java.lang.Object, java.lang.Object, java.lang.Object, java.lang.Object)'> (0x0000000087e40fe8) thrown at [./src/hotspot/share/interpreter/linkResolver.cpp, line 773]
Event: 22.384 Thread 0x00000294bfbea000 Exception <a 'java/lang/NoSuchMethodError'{0x0000000086e58b50}: <clinit>> (0x0000000086e58b50) thrown at [./src/hotspot/share/prims/jni.cpp, line 1366]
Event: 22.384 Thread 0x00000294bfbea000 Exception <a 'java/lang/NoSuchMethodError'{0x0000000086e5a158}: <clinit>> (0x0000000086e5a158) thrown at [./src/hotspot/share/prims/jni.cpp, line 1366]
Event: 22.384 Thread 0x00000294bfbea000 Exception <a 'java/lang/NoSuchMethodError'{0x0000000086e5d070}: <clinit>> (0x0000000086e5d070) thrown at [./src/hotspot/share/prims/jni.cpp, line 1366]
Event: 22.387 Thread 0x00000294bfbea000 Exception <a 'java/lang/NoSuchMethodError'{0x0000000086e74f08}: <clinit>> (0x0000000086e74f08) thrown at [./src/hotspot/share/prims/jni.cpp, line 1366]
Event: 22.387 Thread 0x00000294bfbea000 Exception <a 'java/lang/NoSuchMethodError'{0x0000000086e76140}: <clinit>> (0x0000000086e76140) thrown at [./src/hotspot/share/prims/jni.cpp, line 1366]
Event: 22.411 Thread 0x00000294bfbea000 Implicit null exception at 0x00000294ab66d024 to 0x00000294ab66d1b8
Event: 22.684 Thread 0x00000294bc23e800 Implicit null exception at 0x00000294ab68fcdb to 0x00000294ab68fd6c
Event: 24.289 Thread 0x00000294bfbe3800 Exception <a 'java/lang/NoSuchMethodError'{0x000000008c0eae80}: 'void java.lang.invoke.DirectMethodHandle$Holder.invokeVirtual(java.lang.Object, java.lang.Object)'> (0x000000008c0eae80) thrown at [./src/hotspot/share/interpreter/linkResolver.cpp, line 773]
Event: 24.689 Thread 0x00000294c1dbe800 Exception <a 'sun/nio/fs/WindowsException'{0x000000008aedbb60}> (0x000000008aedbb60) thrown at [./src/hotspot/share/prims/jni.cpp, line 616]
Event: 24.734 Thread 0x00000294c1dbe800 Exception <a 'java/lang/NoSuchMethodError'{0x000000008ac89f30}: 'java.lang.Object java.lang.invoke.DirectMethodHandle$Holder.newInvokeSpecial(java.lang.Object, int)'> (0x000000008ac89f30) thrown at [./src/hotspot/share/interpreter/linkResolver.cpp, line 773]
Event: 24.970 Thread 0x00000294c1dbe800 Exception <a 'java/lang/NoSuchMethodError'{0x000000008a6e24c0}: 'java.lang.Object java.lang.invoke.DirectMethodHandle$Holder.invokeStaticInit(java.lang.Object, java.lang.Object, java.lang.Object, java.lang.Object, java.lang.Object, java.lang.Object, java.lang.Object, java.lang.Object, java.lang.Object, java.lang.Object, java.lang.Object, java.lang.Object, java.lang.Object, java.lang.Object, java.lang.Object, java.lang.Object, java.lang.Object, java.lang.Object, int, java.lang.Object, java.lang.Object)'> (0
Event: 25.945 Thread 0x00000294c1dc3000 Exception <a 'java/lang/IncompatibleClassChangeError'{0x000000008a52ea60}: Found class java.lang.Object, but interface was expected> (0x000000008a52ea60) thrown at [./src/hotspot/share/interpreter/linkResolver.cpp, line 839]
Event: 26.068 Thread 0x00000294c1dc0800 Exception <a 'java/lang/IncompatibleClassChangeError'{0x000000008a111e00}: Found class java.lang.Object, but interface was expected> (0x000000008a111e00) thrown at [./src/hotspot/share/interpreter/linkResolver.cpp, line 839]
Event: 26.070 Thread 0x00000294c1dc0800 Exception <a 'java/lang/IncompatibleClassChangeError'{0x000000008a138798}: Found class java.lang.Object, but interface was expected> (0x000000008a138798) thrown at [./src/hotspot/share/interpreter/linkResolver.cpp, line 839]
Event: 27.750 Thread 0x00000294c1dbe800 Exception <a 'java/lang/NoSuchMethodError'{0x000000008d500a60}: 'void java.lang.invoke.DirectMethodHandle$Holder.invokeStatic(java.lang.Object, java.lang.Object, java.lang.Object, int)'> (0x000000008d500a60) thrown at [./src/hotspot/share/interpreter/linkResolver.cpp, line 773]
Event: 27.752 Thread 0x00000294c1dbe800 Exception <a 'java/lang/IncompatibleClassChangeError'{0x000000008d508880}: Found class java.lang.Object, but interface was expected> (0x000000008d508880) thrown at [./src/hotspot/share/interpreter/linkResolver.cpp, line 839]

Events (20 events):
Event: 27.948 loading class com/android/tools/r8/graph/n0
Event: 27.948 loading class com/android/tools/r8/graph/n0 done
Event: 27.948 loading class com/android/tools/r8/graph/W0
Event: 27.948 loading class com/android/tools/r8/graph/W0 done
Event: 27.950 loading class com/android/tools/r8/graph/n0
Event: 27.950 loading class com/android/tools/r8/graph/n0 done
Event: 27.994 loading class com/android/tools/r8/internal/Ec
Event: 27.994 loading class com/android/tools/r8/internal/Ec done
Event: 27.994 loading class com/android/tools/r8/internal/Gc
Event: 27.994 loading class com/android/tools/r8/internal/Gc done
Event: 27.995 loading class com/android/tools/r8/internal/Bc
Event: 27.995 loading class com/android/tools/r8/internal/Bc done
Event: 27.995 loading class com/android/tools/r8/internal/Dc
Event: 27.995 loading class com/android/tools/r8/internal/Dc done
Event: 27.995 loading class com/android/tools/r8/internal/Hc
Event: 27.995 loading class com/android/tools/r8/internal/Hc done
Event: 27.996 loading class com/android/tools/r8/internal/Do
Event: 27.996 loading class com/android/tools/r8/internal/Do done
Event: 27.997 Executing VM operation: Deoptimize
Event: 27.999 Executing VM operation: Deoptimize done


Dynamic libraries:
0x00007ff64dbc0000 - 0x00007ff64dbca000 	C:\Program Files\Android\Android Studio\jre\bin\java.exe
0x00007ffaea0d0000 - 0x00007ffaea2c8000 	C:\WINDOWS\SYSTEM32\ntdll.dll
0x00007ffaae820000 - 0x00007ffaae837000 	C:\Program Files\AVAST Software\Avast\aswhook.dll
0x00007ffae9430000 - 0x00007ffae94ef000 	C:\WINDOWS\System32\KERNEL32.DLL
0x00007ffae7dc0000 - 0x00007ffae8092000 	C:\WINDOWS\System32\KERNELBASE.dll
0x00007ffae7a70000 - 0x00007ffae7b70000 	C:\WINDOWS\System32\ucrtbase.dll
0x00007ffae5640000 - 0x00007ffae5659000 	C:\Program Files\Android\Android Studio\jre\bin\jli.dll
0x00007ffae5090000 - 0x00007ffae50a7000 	C:\Program Files\Android\Android Studio\jre\bin\VCRUNTIME140.dll
0x00007ffae9090000 - 0x00007ffae9231000 	C:\WINDOWS\System32\USER32.dll
0x00007ffae7a10000 - 0x00007ffae7a32000 	C:\WINDOWS\System32\win32u.dll
0x00007ffad6db0000 - 0x00007ffad704a000 	C:\WINDOWS\WinSxS\amd64_microsoft.windows.common-controls_6595b64144ccf1df_6.0.19041.1110_none_60b5254171f9507e\COMCTL32.dll
0x00007ffae86e0000 - 0x00007ffae877e000 	C:\WINDOWS\System32\msvcrt.dll
0x00007ffae9300000 - 0x00007ffae932b000 	C:\WINDOWS\System32\GDI32.dll
0x00007ffae7cb0000 - 0x00007ffae7dbf000 	C:\WINDOWS\System32\gdi32full.dll
0x00007ffae77c0000 - 0x00007ffae785d000 	C:\WINDOWS\System32\msvcp_win.dll
0x00007ffae9680000 - 0x00007ffae96b2000 	C:\WINDOWS\System32\IMM32.DLL
0x00007ffae2f90000 - 0x00007ffae302d000 	C:\Program Files\Android\Android Studio\jre\bin\msvcp140.dll
0x00007ffa866a0000 - 0x00007ffa871a2000 	C:\Program Files\Android\Android Studio\jre\bin\server\jvm.dll
0x00007ffae95d0000 - 0x00007ffae967e000 	C:\WINDOWS\System32\ADVAPI32.dll
0x00007ffae9330000 - 0x00007ffae93cc000 	C:\WINDOWS\System32\sechost.dll
0x00007ffae8590000 - 0x00007ffae86b5000 	C:\WINDOWS\System32\RPCRT4.dll
0x00007ffae86d0000 - 0x00007ffae86d8000 	C:\WINDOWS\System32\PSAPI.DLL
0x00007ffad9430000 - 0x00007ffad9457000 	C:\WINDOWS\SYSTEM32\WINMM.dll
0x00007ffae5610000 - 0x00007ffae561a000 	C:\WINDOWS\SYSTEM32\VERSION.dll
0x00007ffad5620000 - 0x00007ffad5629000 	C:\WINDOWS\SYSTEM32\WSOCK32.dll
0x00007ffae89c0000 - 0x00007ffae8a2b000 	C:\WINDOWS\System32\WS2_32.dll
0x00007ffae5860000 - 0x00007ffae5872000 	C:\WINDOWS\SYSTEM32\kernel.appcore.dll
0x00007ffadf690000 - 0x00007ffadf6a1000 	C:\Program Files\Android\Android Studio\jre\bin\verify.dll
0x00007ffadc1b0000 - 0x00007ffadc394000 	C:\WINDOWS\SYSTEM32\DBGHELP.DLL
0x00007ffadc170000 - 0x00007ffadc1a5000 	C:\WINDOWS\SYSTEM32\dbgcore.DLL
0x00007ffae7b70000 - 0x00007ffae7bf2000 	C:\WINDOWS\System32\bcryptPrimitives.dll
0x00007ffac1e70000 - 0x00007ffac1e99000 	C:\Program Files\Android\Android Studio\jre\bin\java.dll
0x00007ffadd000000 - 0x00007ffadd00b000 	C:\Program Files\Android\Android Studio\jre\bin\jimage.dll
0x00007ffadcfc0000 - 0x00007ffadcfd8000 	C:\Program Files\Android\Android Studio\jre\bin\zip.dll
0x00007ffae96c0000 - 0x00007ffae9e04000 	C:\WINDOWS\System32\SHELL32.dll
0x00007ffae5880000 - 0x00007ffae6012000 	C:\WINDOWS\SYSTEM32\windows.storage.dll
0x00007ffae8230000 - 0x00007ffae8585000 	C:\WINDOWS\System32\combase.dll
0x00007ffae7140000 - 0x00007ffae7170000 	C:\WINDOWS\SYSTEM32\Wldp.dll
0x00007ffae9f40000 - 0x00007ffae9fed000 	C:\WINDOWS\System32\SHCORE.dll
0x00007ffae8110000 - 0x00007ffae8165000 	C:\WINDOWS\System32\shlwapi.dll
0x00007ffae7700000 - 0x00007ffae771f000 	C:\WINDOWS\SYSTEM32\profapi.dll
0x00007ffac1e50000 - 0x00007ffac1e6a000 	C:\Program Files\Android\Android Studio\jre\bin\net.dll
0x00007ffad9b80000 - 0x00007ffad9c8c000 	C:\WINDOWS\SYSTEM32\WINHTTP.dll
0x00007ffae6ea0000 - 0x00007ffae6f0a000 	C:\WINDOWS\system32\mswsock.dll
0x00007ffac1e30000 - 0x00007ffac1e44000 	C:\Program Files\Android\Android Studio\jre\bin\nio.dll
0x00007ffad1660000 - 0x00007ffad1687000 	C:\Users\Kleivy Gomes\.gradle\native\e1d6ef7f7dcc3fd88c89a11ec53ec762bb8ba0a96d01ffa2cd45eb1d1d8dd5c5\windows-amd64\native-platform.dll
0x00007ffac1a80000 - 0x00007ffac1bc4000 	C:\Users\Kleivy Gomes\.gradle\native\0d407fdbe67a94daf76414ababcb853783967236a71b16ec16e742cd7a986fd3\windows-amd64\native-platform-file-events.dll
0x00007ffadcff0000 - 0x00007ffadcffa000 	C:\Program Files\Android\Android Studio\jre\bin\management.dll
0x00007ffadbd20000 - 0x00007ffadbd2d000 	C:\Program Files\Android\Android Studio\jre\bin\management_ext.dll
0x00007ffae7090000 - 0x00007ffae70a8000 	C:\WINDOWS\SYSTEM32\CRYPTSP.dll
0x00007ffae67c0000 - 0x00007ffae67f4000 	C:\WINDOWS\system32\rsaenh.dll
0x00007ffae7a40000 - 0x00007ffae7a67000 	C:\WINDOWS\System32\bcrypt.dll
0x00007ffae76c0000 - 0x00007ffae76ee000 	C:\WINDOWS\SYSTEM32\USERENV.dll
0x00007ffae70b0000 - 0x00007ffae70bc000 	C:\WINDOWS\SYSTEM32\CRYPTBASE.dll
0x00007ffae6b90000 - 0x00007ffae6bcb000 	C:\WINDOWS\SYSTEM32\IPHLPAPI.DLL
0x00007ffae86c0000 - 0x00007ffae86c8000 	C:\WINDOWS\System32\NSI.dll
0x00007ffada700000 - 0x00007ffada717000 	C:\WINDOWS\SYSTEM32\dhcpcsvc6.DLL
0x00007ffadc490000 - 0x00007ffadc4ad000 	C:\WINDOWS\SYSTEM32\dhcpcsvc.DLL
0x00007ffae6bd0000 - 0x00007ffae6c9a000 	C:\WINDOWS\SYSTEM32\DNSAPI.dll

dbghelp: loaded successfully - version: 4.0.5 - missing functions: none
symbol engine: initialized successfully - sym options: 0x614 - pdb path: .;C:\Program Files\Android\Android Studio\jre\bin;C:\WINDOWS\SYSTEM32;C:\Program Files\AVAST Software\Avast;C:\WINDOWS\WinSxS\amd64_microsoft.windows.common-controls_6595b64144ccf1df_6.0.19041.1110_none_60b5254171f9507e;C:\Program Files\Android\Android Studio\jre\bin\server;C:\Users\Kleivy Gomes\.gradle\native\e1d6ef7f7dcc3fd88c89a11ec53ec762bb8ba0a96d01ffa2cd45eb1d1d8dd5c5\windows-amd64;C:\Users\Kleivy Gomes\.gradle\native\0d407fdbe67a94daf76414ababcb853783967236a71b16ec16e742cd7a986fd3\windows-amd64

VM Arguments:
jvm_args: --add-opens=java.base/java.util=ALL-UNNAMED --add-opens=java.base/java.lang=ALL-UNNAMED --add-opens=java.base/java.lang.invoke=ALL-UNNAMED --add-opens=java.base/java.util=ALL-UNNAMED --add-opens=java.prefs/java.util.prefs=ALL-UNNAMED --add-opens=java.prefs/java.util.prefs=ALL-UNNAMED --add-opens=java.base/java.nio.charset=ALL-UNNAMED --add-opens=java.base/java.net=ALL-UNNAMED --add-opens=java.base/java.util.concurrent.atomic=ALL-UNNAMED -Xmx2048m -Dfile.encoding=UTF-8 -Duser.country=PT -Duser.language=pt -Duser.variant 
java_command: org.gradle.launcher.daemon.bootstrap.GradleDaemon 7.4
java_class_path (initial): C:\Users\Kleivy Gomes\.gradle\wrapper\dists\gradle-7.4-bin\c0gwcg53nkjbqw7r0h0umtfvt\gradle-7.4\lib\gradle-launcher-7.4.jar
Launcher Type: SUN_STANDARD

[Global flags]
     intx CICompilerCount                          = 3                                         {product} {ergonomic}
     uint ConcGCThreads                            = 1                                         {product} {ergonomic}
     uint G1ConcRefinementThreads                  = 4                                         {product} {ergonomic}
   size_t G1HeapRegionSize                         = 1048576                                   {product} {ergonomic}
    uintx GCDrainStackTargetSize                   = 64                                        {product} {ergonomic}
   size_t InitialHeapSize                          = 100663296                                 {product} {ergonomic}
   size_t MarkStackSize                            = 4194304                                   {product} {ergonomic}
   size_t MaxHeapSize                              = 2147483648                                {product} {command line}
   size_t MaxNewSize                               = 1287651328                                {product} {ergonomic}
   size_t MinHeapDeltaBytes                        = 1048576                                   {product} {ergonomic}
    uintx NonNMethodCodeHeapSize                   = 5830732                                {pd product} {ergonomic}
    uintx NonProfiledCodeHeapSize                  = 122913754                              {pd product} {ergonomic}
    uintx ProfiledCodeHeapSize                     = 122913754                              {pd product} {ergonomic}
    uintx ReservedCodeCacheSize                    = 251658240                              {pd product} {ergonomic}
     bool SegmentedCodeCache                       = true                                      {product} {ergonomic}
     bool UseCompressedClassPointers               = true                                 {lp64_product} {ergonomic}
     bool UseCompressedOops                        = true                                 {lp64_product} {ergonomic}
     bool UseG1GC                                  = true                                      {product} {ergonomic}
     bool UseLargePagesIndividualAllocation        = false                                  {pd product} {ergonomic}

Logging:
Log output configuration:
 #0: stdout all=warning uptime,level,tags
 #1: stderr all=off uptime,level,tags

Environment Variables:
JAVA_HOME=C:\Program Files\Java\jdk1.8.0_202
PATH=C:\app\Gomez\virtual\product\12.2.0\dbhome_1\bin;C:\Program Files\Java\jre1.8.0_202\;C:\Program Files\Java\jdk1.8.0_202\bin;C:\MinGW\bin;C:\DevSuiteHome_1\jdk\jre\bin;C:\DevSuiteHome_1\jdk\jre\bin\client;C:\DevSuiteHome_1\jlib;C:\DevSuiteHome_1\bin;C:\DevSuiteHome_1\jre\1.4.2\bin\client;C:\DevSuiteHome_1\jre\1.4.2\bin;C:\Program Files (x86)\Common Files\Oracle\Java\javapath;C:\WINDOWS\system32;C:\WINDOWS;C:\WINDOWS\System32\Wbem;C:\WINDOWS\System32\WindowsPowerShell\v1.0\;C:\Program Files\dotnet\;C:\WINDOWS\System32\OpenSSH\;C:\apache-maven-3.6.1-bin\apache-maven-3.6.1\bin;C:\ProgramData\chocolatey\bin;C:\Program Files\Git\cmd;C:\Program Files\nodejs\;C:\Program Files\PostgreSQL\14\bin;C:\Program Files\PostgreSQL\14\lib;C:\Users\Kleivy Gomes\Documents\EISC\4º ano\VR\Opengl\bin;C:\Program Files\CMake\bin;C:\Users\Kleivy Gomes\AppData\Local\Programs\Python\Python311\Scripts\;C:\Users\Kleivy Gomes\AppData\Local\Programs\Python\Python311\;C:\Users\Kleivy Gomes\AppData\Roaming\local\bin;C:\Users\Kleivy Gomes\AppData\Local\Microsoft\WindowsApps;C:\ProgramData\chocolatey\lib\ghc\tools\ghc-8.10.2\bin;C:\tools\msys64;C:\Users\Kleivy Gomes\AppData\Local\Programs\Microsoft VS Code\bin;C:\Program Files\heroku\bin;C:\Users\Kleivy Gomes\AppData\Roaming\npm;C:\Program Files\MySQL\MySQL Server 8.0\bin;C:\Program Files\MongoDB\Server\5.0\bin;C:\Program Files\JetBrains\PyCharm 2022.3\bin;
USERNAME=Kleivy Gomes
OS=Windows_NT
PROCESSOR_IDENTIFIER=Intel64 Family 6 Model 58 Stepping 9, GenuineIntel



---------------  S Y S T E M  ---------------

OS: Windows 10 , 64 bit Build 19041 (10.0.19041.2364)
OS uptime: 0 days 2:33 hours

CPU:total 4 (initial active 4) (2 cores per cpu, 2 threads per core) family 6 model 58 stepping 9 microcode 0x21, cmov, cx8, fxsr, mmx, sse, sse2, sse3, ssse3, sse4.1, sse4.2, popcnt, avx, clmul, erms, ht, tsc, tscinvbit, tscinv

Memory: 4k page, system-wide physical 6019M (417M free)
TotalPageFile size 10115M (AvailPageFile size 6M)
current process WorkingSet (physical memory assigned to process): 528M, peak: 530M
current process commit charge ("private bytes"): 560M, peak: 562M

vm_info: OpenJDK 64-Bit Server VM (11.0.13+0-b1751.21-8125866) for windows-amd64 JRE (11.0.13+0-b1751.21-8125866), built on Feb  2 2022 03:00:22 by "builder" with MS VC++ 14.0 (VS2015)

END.
