#
# There is insufficient memory for the Java Runtime Environment to continue.
# Native memory allocation (mmap) failed to map 261095424 bytes for Failed to commit area from 0x0000000090500000 to 0x000000009fe00000 of length 261095424.
# Possible reasons:
#   The system is out of physical RAM or swap space
#   The process is running with CompressedOops enabled, and the Java Heap may be blocking the growth of the native heap
# Possible solutions:
#   Reduce memory load on the system
#   Increase physical memory or swap space
#   Check if swap backing store is full
#   Decrease Java heap size (-Xmx/-Xms)
#   Decrease number of Java threads
#   Decrease Java thread stack sizes (-Xss)
#   Set larger code cache with -XX:ReservedCodeCacheSize=
#   JVM is running with Unscaled Compressed Oops mode in which the Java heap is
#     placed in the first 4GB address space. The Java Heap base address is the
#     maximum limit for the native heap growth. Please use -XX:HeapBaseMinAddress
#     to set the Java Heap base and to place the Java Heap above 4GB virtual address.
# This output file may be truncated or incomplete.
#
#  Out of Memory Error (./src/hotspot/os/windows/os_windows.cpp:3619), pid=11828, tid=11692
#
# JRE version: OpenJDK Runtime Environment (11.0.13) (build 11.0.13+0-b1751.21-8125866)
# Java VM: OpenJDK 64-Bit Server VM (11.0.13+0-b1751.21-8125866, mixed mode, tiered, compressed oops, g1 gc, windows-amd64)
# No core dump will be written. Minidumps are not enabled by default on client versions of Windows
#

---------------  S U M M A R Y ------------

Command Line: --add-opens=java.base/java.util=ALL-UNNAMED --add-opens=java.base/java.lang=ALL-UNNAMED --add-opens=java.base/java.lang.invoke=ALL-UNNAMED --add-opens=java.base/java.util=ALL-UNNAMED --add-opens=java.prefs/java.util.prefs=ALL-UNNAMED --add-opens=java.prefs/java.util.prefs=ALL-UNNAMED --add-opens=java.base/java.nio.charset=ALL-UNNAMED --add-opens=java.base/java.net=ALL-UNNAMED --add-opens=java.base/java.util.concurrent.atomic=ALL-UNNAMED -Xmx2048m -Dfile.encoding=UTF-8 -Duser.country=PT -Duser.language=pt -Duser.variant org.gradle.launcher.daemon.bootstrap.GradleDaemon 7.4

Host: Intel(R) Core(TM) i3-3110M CPU @ 2.40GHz, 4 cores, 5G,  Windows 10 , 64 bit Build 19041 (10.0.19041.2364)
Time: Sat Jan  7 20:51:36 2023 Hora Padrão de Cabo Verde elapsed time: 105.105395 seconds (0d 0h 1m 45s)

---------------  T H R E A D  ---------------

Current thread (0x000001c6693bc000):  VMThread "VM Thread" [stack: 0x000000acc1400000,0x000000acc1500000] [id=11692]

Stack: [0x000000acc1400000,0x000000acc1500000]
[error occurred during error reporting (printing stack bounds), id 0xc0000005, EXCEPTION_ACCESS_VIOLATION (0xc0000005) at pc=0x000001c6532e112d]

Native frames: (J=compiled Java code, j=interpreted, Vv=VM code, C=native code)
V  [jvm.dll+0x6100fa]
V  [jvm.dll+0x747090]
V  [jvm.dll+0x7486ad]
V  [jvm.dll+0x748ce5]
V  [jvm.dll+0x748c9b]
V  [jvm.dll+0x60f224]
V  [jvm.dll+0x60f9b8]
C  [ntdll.dll+0xa241f]
C  [ntdll.dll+0x514a4]
C  [ntdll.dll+0xa0f4e]
C  0x000001c6532e112d

VM_Operation (0x000000acc6ffcb20): G1CollectForAllocation, mode: safepoint, requested by thread 0x000001c66d394000


---------------  P R O C E S S  ---------------

Threads class SMR info:
_java_thread_list=0x000001c6712bf230, length=99, elements={
0x000001c64f7c5000, 0x000001c6693bf800, 0x000001c6693cb800, 0x000001c669d82800,
0x000001c6693df800, 0x000001c6693e0800, 0x000001c6693e5800, 0x000001c6693ea000,
0x000001c6693ed800, 0x000001c669eb3800, 0x000001c66b02e000, 0x000001c66bfd1000,
0x000001c66adaf800, 0x000001c66b136800, 0x000001c66ca5f000, 0x000001c66b592800,
0x000001c66cad9000, 0x000001c66c276000, 0x000001c66d274800, 0x000001c66c368800,
0x000001c66c367000, 0x000001c66c366000, 0x000001c66c369800, 0x000001c66c36a800,
0x000001c66c364800, 0x000001c66c365800, 0x000001c66c368000, 0x000001c66c36b000,
0x000001c66da77800, 0x000001c66da76800, 0x000001c66da72000, 0x000001c66da75000,
0x000001c66da78800, 0x000001c66da72800, 0x000001c66da79000, 0x000001c66da7a000,
0x000001c66da74800, 0x000001c66da7b000, 0x000001c66da76000, 0x000001c66da80800,
0x000001c66da7c800, 0x000001c66da7b800, 0x000001c66da7e000, 0x000001c66da7f000,
0x000001c66da7f800, 0x000001c66da7d000, 0x000001c66b48a000, 0x000001c66b488800,
0x000001c66b486000, 0x000001c66b484000, 0x000001c66b489000, 0x000001c66b486800,
0x000001c66b485000, 0x000001c66b48b800, 0x000001c66b48a800, 0x000001c66b48c800,
0x000001c66b48d000, 0x000001c66b487800, 0x000001c66b493000, 0x000001c66b48e000,
0x000001c66b48f000, 0x000001c66b48f800, 0x000001c66b490800, 0x000001c66b491800,
0x000001c66b492000, 0x000001c66c995000, 0x000001c66c994800, 0x000001c66c99a000,
0x000001c66c997800, 0x000001c66c99b000, 0x000001c66c99b800, 0x000001c66c998800,
0x000001c66c996000, 0x000001c66c997000, 0x000001c66c99c800, 0x000001c66c99d800,
0x000001c66c99e000, 0x000001c66c9a2800, 0x000001c66c9a3000, 0x000001c66c9a0000,
0x000001c66c9a0800, 0x000001c66c9a1800, 0x000001c66d391800, 0x000001c66d392000,
0x000001c66d394000, 0x000001c66d38e000, 0x000001c66d393000, 0x000001c66d394800,
0x000001c66d38f000, 0x000001c66d390000, 0x000001c66d390800, 0x000001c66d398000,
0x000001c66d39a800, 0x000001c66d397000, 0x000001c66d398800, 0x000001c66d39b000,
0x000001c66d396800, 0x000001c66d39d000, 0x000001c67198f800
}

Java Threads: ( => current thread )
  0x000001c64f7c5000 JavaThread "main" [_thread_blocked, id=12448, stack(0x000000acc0e00000,0x000000acc0f00000)]
  0x000001c6693bf800 JavaThread "Reference Handler" daemon [_thread_blocked, id=8756, stack(0x000000acc1500000,0x000000acc1600000)]
  0x000001c6693cb800 JavaThread "Finalizer" daemon [_thread_blocked, id=4348, stack(0x000000acc1600000,0x000000acc1700000)]
  0x000001c669d82800 JavaThread "Signal Dispatcher" daemon [_thread_blocked, id=3872, stack(0x000000acc1700000,0x000000acc1800000)]
  0x000001c6693df800 JavaThread "Attach Listener" daemon [_thread_blocked, id=4884, stack(0x000000acc1800000,0x000000acc1900000)]
  0x000001c6693e0800 JavaThread "Service Thread" daemon [_thread_blocked, id=12044, stack(0x000000acc1900000,0x000000acc1a00000)]
  0x000001c6693e5800 JavaThread "C2 CompilerThread0" daemon [_thread_in_native, id=9756, stack(0x000000acc1a00000,0x000000acc1b00000)]
  0x000001c6693ea000 JavaThread "C1 CompilerThread0" daemon [_thread_blocked, id=11140, stack(0x000000acc1b00000,0x000000acc1c00000)]
  0x000001c6693ed800 JavaThread "Sweeper thread" daemon [_thread_blocked, id=292, stack(0x000000acc1c00000,0x000000acc1d00000)]
  0x000001c669eb3800 JavaThread "Common-Cleaner" daemon [_thread_blocked, id=13216, stack(0x000000acc1d00000,0x000000acc1e00000)]
  0x000001c66b02e000 JavaThread "Daemon health stats" [_thread_blocked, id=6168, stack(0x000000acc2100000,0x000000acc2200000)]
  0x000001c66bfd1000 JavaThread "Incoming local TCP Connector on port 55075" [_thread_in_native, id=7724, stack(0x000000acc2000000,0x000000acc2100000)]
  0x000001c66adaf800 JavaThread "Daemon periodic checks" [_thread_blocked, id=3732, stack(0x000000acc2400000,0x000000acc2500000)]
  0x000001c66b136800 JavaThread "Daemon" [_thread_blocked, id=12004, stack(0x000000acc2500000,0x000000acc2600000)]
  0x000001c66ca5f000 JavaThread "Handler for socket connection from /127.0.0.1:55075 to /127.0.0.1:55076" [_thread_in_native, id=11996, stack(0x000000acc2600000,0x000000acc2700000)]
  0x000001c66b592800 JavaThread "Cancel handler" [_thread_blocked, id=12064, stack(0x000000acc2700000,0x000000acc2800000)]
  0x000001c66cad9000 JavaThread "Daemon worker" [_thread_blocked, id=12076, stack(0x000000acc2800000,0x000000acc2900000)]
  0x000001c66c276000 JavaThread "Asynchronous log dispatcher for DefaultDaemonConnection: socket connection from /127.0.0.1:55075 to /127.0.0.1:55076" [_thread_blocked, id=11912, stack(0x000000acc2900000,0x000000acc2a00000)]
  0x000001c66d274800 JavaThread "Daemon client event forwarder" [_thread_blocked, id=12108, stack(0x000000acc2b00000,0x000000acc2c00000)]
  0x000001c66c368800 JavaThread "Cache worker for journal cache (C:\Users\Kleivy Gomes\.gradle\caches\journal-1)" [_thread_blocked, id=12112, stack(0x000000acc2c00000,0x000000acc2d00000)]
  0x000001c66c367000 JavaThread "File lock request listener" [_thread_in_native, id=12056, stack(0x000000acc2d00000,0x000000acc2e00000)]
  0x000001c66c366000 JavaThread "Cache worker for file hash cache (C:\Users\Kleivy Gomes\.gradle\caches\7.4\fileHashes)" [_thread_blocked, id=12120, stack(0x000000acc2e00000,0x000000acc2f00000)]
  0x000001c66c369800 JavaThread "File watcher server" daemon [_thread_blocked, id=12212, stack(0x000000acc3000000,0x000000acc3100000)]
  0x000001c66c36a800 JavaThread "File watcher consumer" daemon [_thread_blocked, id=4548, stack(0x000000acc3100000,0x000000acc3200000)]
  0x000001c66c364800 JavaThread "Cache worker for checksums cache (C:\Users\Kleivy Gomes\AndroidStudioProjects\Contact\.gradle\7.4\checksums)" [_thread_blocked, id=11976, stack(0x000000acc3200000,0x000000acc3300000)]
  0x000001c66c365800 JavaThread "Cache worker for cache directory md-rule (C:\Users\Kleivy Gomes\.gradle\caches\7.4\md-rule)" [_thread_blocked, id=12092, stack(0x000000acc3300000,0x000000acc3400000)]
  0x000001c66c368000 JavaThread "Cache worker for file hash cache (C:\Users\Kleivy Gomes\AndroidStudioProjects\Contact\.gradle\7.4\fileHashes)" [_thread_blocked, id=12032, stack(0x000000acc3400000,0x000000acc3500000)]
  0x000001c66c36b000 JavaThread "Cache worker for cache directory md-supplier (C:\Users\Kleivy Gomes\.gradle\caches\7.4\md-supplier)" [_thread_blocked, id=9088, stack(0x000000acc3500000,0x000000acc3600000)]
  0x000001c66da77800 JavaThread "Cache worker for execution history cache (C:\Users\Kleivy Gomes\.gradle\caches\7.4\executionHistory)" [_thread_blocked, id=9836, stack(0x000000acc3600000,0x000000acc3700000)]
  0x000001c66da76800 JavaThread "jar transforms" [_thread_blocked, id=3840, stack(0x000000acc3700000,0x000000acc3800000)]
  0x000001c66da72000 JavaThread "Cache worker for file content cache (C:\Users\Kleivy Gomes\.gradle\caches\7.4\fileContent)" [_thread_blocked, id=1956, stack(0x000000acc3800000,0x000000acc3900000)]
  0x000001c66da75000 JavaThread "jar transforms Thread 2" [_thread_blocked, id=340, stack(0x000000acc3900000,0x000000acc3a00000)]
  0x000001c66da78800 JavaThread "Cache worker for dependencies-accessors (C:\Users\Kleivy Gomes\AndroidStudioProjects\Contact\.gradle\7.4\dependencies-accessors)" [_thread_blocked, id=3672, stack(0x000000acc2f00000,0x000000acc3000000)]
  0x000001c66da72800 JavaThread "jar transforms Thread 3" [_thread_blocked, id=12504, stack(0x000000acc3b00000,0x000000acc3c00000)]
  0x000001c66da79000 JavaThread "Cache worker for Build Output Cleanup Cache (C:\Users\Kleivy Gomes\AndroidStudioProjects\Contact\.gradle\buildOutputCleanup)" [_thread_blocked, id=4700, stack(0x000000acc3a00000,0x000000acc3b00000)]
  0x000001c66da7a000 JavaThread "Unconstrained build operations" [_thread_blocked, id=12568, stack(0x000000acc3c00000,0x000000acc3d00000)]
  0x000001c66da74800 JavaThread "Unconstrained build operations Thread 2" [_thread_blocked, id=11928, stack(0x000000acc3d00000,0x000000acc3e00000)]
  0x000001c66da7b000 JavaThread "Unconstrained build operations Thread 3" [_thread_blocked, id=1888, stack(0x000000acc3e00000,0x000000acc3f00000)]
  0x000001c66da76000 JavaThread "Unconstrained build operations Thread 4" [_thread_blocked, id=12508, stack(0x000000acc3f00000,0x000000acc4000000)]
  0x000001c66da80800 JavaThread "Unconstrained build operations Thread 5" [_thread_blocked, id=11820, stack(0x000000acc4000000,0x000000acc4100000)]
  0x000001c66da7c800 JavaThread "Unconstrained build operations Thread 6" [_thread_blocked, id=4744, stack(0x000000acc4100000,0x000000acc4200000)]
  0x000001c66da7b800 JavaThread "Unconstrained build operations Thread 7" [_thread_blocked, id=3340, stack(0x000000acc4200000,0x000000acc4300000)]
  0x000001c66da7e000 JavaThread "Unconstrained build operations Thread 8" [_thread_blocked, id=5280, stack(0x000000acc4300000,0x000000acc4400000)]
  0x000001c66da7f000 JavaThread "Unconstrained build operations Thread 9" [_thread_blocked, id=10280, stack(0x000000acc4400000,0x000000acc4500000)]
  0x000001c66da7f800 JavaThread "Unconstrained build operations Thread 10" [_thread_blocked, id=8400, stack(0x000000acc4500000,0x000000acc4600000)]
  0x000001c66da7d000 JavaThread "Unconstrained build operations Thread 11" [_thread_blocked, id=4344, stack(0x000000acc4600000,0x000000acc4700000)]
  0x000001c66b48a000 JavaThread "Unconstrained build operations Thread 12" [_thread_blocked, id=5716, stack(0x000000acc4700000,0x000000acc4800000)]
  0x000001c66b488800 JavaThread "Unconstrained build operations Thread 13" [_thread_blocked, id=4128, stack(0x000000acc4800000,0x000000acc4900000)]
  0x000001c66b486000 JavaThread "Unconstrained build operations Thread 14" [_thread_blocked, id=9508, stack(0x000000acc4900000,0x000000acc4a00000)]
  0x000001c66b484000 JavaThread "Unconstrained build operations Thread 15" [_thread_blocked, id=1296, stack(0x000000acc4a00000,0x000000acc4b00000)]
  0x000001c66b489000 JavaThread "Unconstrained build operations Thread 16" [_thread_blocked, id=12520, stack(0x000000acc4b00000,0x000000acc4c00000)]
  0x000001c66b486800 JavaThread "Unconstrained build operations Thread 17" [_thread_blocked, id=480, stack(0x000000acc4c00000,0x000000acc4d00000)]
  0x000001c66b485000 JavaThread "Unconstrained build operations Thread 18" [_thread_blocked, id=11936, stack(0x000000acc4d00000,0x000000acc4e00000)]
  0x000001c66b48b800 JavaThread "Unconstrained build operations Thread 19" [_thread_blocked, id=10076, stack(0x000000acc4e00000,0x000000acc4f00000)]
  0x000001c66b48a800 JavaThread "Unconstrained build operations Thread 20" [_thread_blocked, id=1944, stack(0x000000acc4f00000,0x000000acc5000000)]
  0x000001c66b48c800 JavaThread "Unconstrained build operations Thread 21" [_thread_blocked, id=7916, stack(0x000000acc5000000,0x000000acc5100000)]
  0x000001c66b48d000 JavaThread "Unconstrained build operations Thread 22" [_thread_blocked, id=11676, stack(0x000000acc5100000,0x000000acc5200000)]
  0x000001c66b487800 JavaThread "Unconstrained build operations Thread 23" [_thread_blocked, id=8712, stack(0x000000acc5200000,0x000000acc5300000)]
  0x000001c66b493000 JavaThread "Unconstrained build operations Thread 24" [_thread_blocked, id=11728, stack(0x000000acc5300000,0x000000acc5400000)]
  0x000001c66b48e000 JavaThread "Unconstrained build operations Thread 25" [_thread_blocked, id=2592, stack(0x000000acc5400000,0x000000acc5500000)]
  0x000001c66b48f000 JavaThread "Unconstrained build operations Thread 26" [_thread_blocked, id=10104, stack(0x000000acc5500000,0x000000acc5600000)]
  0x000001c66b48f800 JavaThread "Unconstrained build operations Thread 27" [_thread_blocked, id=7560, stack(0x000000acc5600000,0x000000acc5700000)]
  0x000001c66b490800 JavaThread "Unconstrained build operations Thread 28" [_thread_blocked, id=11852, stack(0x000000acc5700000,0x000000acc5800000)]
  0x000001c66b491800 JavaThread "Unconstrained build operations Thread 29" [_thread_blocked, id=7296, stack(0x000000acc5800000,0x000000acc5900000)]
  0x000001c66b492000 JavaThread "Unconstrained build operations Thread 30" [_thread_blocked, id=2332, stack(0x000000acc5900000,0x000000acc5a00000)]
  0x000001c66c995000 JavaThread "Unconstrained build operations Thread 31" [_thread_blocked, id=7336, stack(0x000000acc5a00000,0x000000acc5b00000)]
  0x000001c66c994800 JavaThread "Unconstrained build operations Thread 32" [_thread_blocked, id=10736, stack(0x000000acc5b00000,0x000000acc5c00000)]
  0x000001c66c99a000 JavaThread "Unconstrained build operations Thread 33" [_thread_blocked, id=2704, stack(0x000000acc5c00000,0x000000acc5d00000)]
  0x000001c66c997800 JavaThread "Unconstrained build operations Thread 34" [_thread_blocked, id=5148, stack(0x000000acc5d00000,0x000000acc5e00000)]
  0x000001c66c99b000 JavaThread "Unconstrained build operations Thread 35" [_thread_blocked, id=12420, stack(0x000000acc5e00000,0x000000acc5f00000)]
  0x000001c66c99b800 JavaThread "Unconstrained build operations Thread 36" [_thread_blocked, id=836, stack(0x000000acc5f00000,0x000000acc6000000)]
  0x000001c66c998800 JavaThread "Unconstrained build operations Thread 37" [_thread_blocked, id=10512, stack(0x000000acc6000000,0x000000acc6100000)]
  0x000001c66c996000 JavaThread "Unconstrained build operations Thread 38" [_thread_blocked, id=12580, stack(0x000000acc6100000,0x000000acc6200000)]
  0x000001c66c997000 JavaThread "Unconstrained build operations Thread 39" [_thread_blocked, id=13260, stack(0x000000acc6200000,0x000000acc6300000)]
  0x000001c66c99c800 JavaThread "Unconstrained build operations Thread 40" [_thread_blocked, id=11900, stack(0x000000acc6300000,0x000000acc6400000)]
  0x000001c66c99d800 JavaThread "jar transforms Thread 4" [_thread_blocked, id=11968, stack(0x000000acc6500000,0x000000acc6600000)]
  0x000001c66c99e000 JavaThread "Memory manager" [_thread_blocked, id=4896, stack(0x000000acc0b00000,0x000000acc0c00000)]
  0x000001c66c9a2800 JavaThread "build event listener" [_thread_blocked, id=10436, stack(0x000000acc6400000,0x000000acc6500000)]
  0x000001c66c9a3000 JavaThread "included builds" [_thread_blocked, id=12748, stack(0x000000acc6800000,0x000000acc6900000)]
  0x000001c66c9a0000 JavaThread "Execution worker for ':'" [_thread_blocked, id=12588, stack(0x000000acc6900000,0x000000acc6a00000)]
  0x000001c66c9a0800 JavaThread "Execution worker for ':' Thread 2" [_thread_blocked, id=12296, stack(0x000000acc6a00000,0x000000acc6b00000)]
  0x000001c66c9a1800 JavaThread "Execution worker for ':' Thread 3" [_thread_blocked, id=13096, stack(0x000000acc6b00000,0x000000acc6c00000)]
  0x000001c66d391800 JavaThread "Cache worker for execution history cache (C:\Users\Kleivy Gomes\AndroidStudioProjects\Contact\.gradle\7.4\executionHistory)" [_thread_blocked, id=736, stack(0x000000acc6c00000,0x000000acc6d00000)]
  0x000001c66d392000 JavaThread "WorkerExecutor Queue" [_thread_blocked, id=7636, stack(0x000000acc6e00000,0x000000acc6f00000)]
  0x000001c66d394000 JavaThread "WorkerExecutor Queue Thread 2" [_thread_blocked, id=8344, stack(0x000000acc6f00000,0x000000acc7000000)]
  0x000001c66d38e000 JavaThread "WorkerExecutor Queue Thread 3" [_thread_blocked, id=13276, stack(0x000000acc6d00000,0x000000acc6e00000)]
  0x000001c66d393000 JavaThread "pool-3-thread-1" [_thread_blocked, id=5760, stack(0x000000acc7000000,0x000000acc7100000)]
  0x000001c66d394800 JavaThread "stderr" [_thread_in_native, id=9272, stack(0x000000acc7100000,0x000000acc7200000)]
  0x000001c66d38f000 JavaThread "stdout" [_thread_in_native, id=4644, stack(0x000000acc7200000,0x000000acc7300000)]
  0x000001c66d390000 JavaThread "Cache worker for Java compile cache (C:\Users\Kleivy Gomes\.gradle\caches\7.4\javaCompile)" [_thread_blocked, id=4808, stack(0x000000acc7300000,0x000000acc7400000)]
  0x000001c66d390800 JavaThread "Build operations" [_thread_blocked, id=11296, stack(0x000000acc7400000,0x000000acc7500000)]
  0x000001c66d398000 JavaThread "Build operations Thread 2" [_thread_blocked, id=4868, stack(0x000000acc7500000,0x000000acc7600000)]
  0x000001c66d39a800 JavaThread "Build operations Thread 3" [_thread_blocked, id=12164, stack(0x000000acc7600000,0x000000acc7700000)]
  0x000001c66d397000 JavaThread "Build operations Thread 4" [_thread_blocked, id=10924, stack(0x000000acc7700000,0x000000acc7800000)]
  0x000001c66d398800 JavaThread "WorkerExecutor Queue Thread 4" [_thread_blocked, id=11548, stack(0x000000acc0d00000,0x000000acc0e00000)]
  0x000001c66d39b000 JavaThread "ForkJoinPool-1-worker-3" daemon [_thread_blocked, id=1156, stack(0x000000acc7800000,0x000000acc7900000)]
  0x000001c66d396800 JavaThread "ForkJoinPool-1-worker-5" daemon [_thread_blocked, id=10828, stack(0x000000acc7900000,0x000000acc7a00000)]
  0x000001c66d39d000 JavaThread "ForkJoinPool-1-worker-1" daemon [_thread_blocked, id=8148, stack(0x000000acc7a00000,0x000000acc7b00000)]
  0x000001c67198f800 JavaThread "ForkJoinPool-1-worker-7" daemon [_thread_blocked, id=12192, stack(0x000000acc7b00000,0x000000acc7c00000)]

Other Threads:
=>0x000001c6693bc000 VMThread "VM Thread" [stack: 0x000000acc1400000,0x000000acc1500000] [id=11692]
  0x000001c669ed0800 WatcherThread [stack: 0x000000acc1e00000,0x000000acc1f00000] [id=12188]
  0x000001c64f7de800 GCTaskThread "GC Thread#0" [stack: 0x000000acc0f00000,0x000000acc1000000] [id=13140]
  0x000001c66a170800 GCTaskThread "GC Thread#1" [stack: 0x000000acc1f00000,0x000000acc2000000] [id=2728]
  0x000001c66a8a0000 GCTaskThread "GC Thread#2" [stack: 0x000000acc2200000,0x000000acc2300000] [id=12208]
  0x000001c66b7f9000 GCTaskThread "GC Thread#3" [stack: 0x000000acc2300000,0x000000acc2400000] [id=716]
  0x000001c64f810800 ConcurrentGCThread "G1 Main Marker" [stack: 0x000000acc1000000,0x000000acc1100000] [id=11192]
  0x000001c64f812000 ConcurrentGCThread "G1 Conc#0" [stack: 0x000000acc1100000,0x000000acc1200000] [id=12240]
  0x000001c64f884800 ConcurrentGCThread "G1 Refine#0" [stack: 0x000000acc1200000,0x000000acc1300000] [id=8104]
  0x000001c64f885800 ConcurrentGCThread "G1 Young RemSet Sampling" [stack: 0x000000acc1300000,0x000000acc1400000] [id=11940]

Threads with active compile tasks:
C2 CompilerThread0 105168 16316       4       com.android.tools.r8.dex.i::a (829 bytes)

VM state:at safepoint (normal execution)

VM Mutex/Monitor currently owned by a thread:  ([mutex/lock_event])
[0x000001c64f7b6a10] Threads_lock - owner thread: 0x000001c6693bc000
[0x000001c64f7b51e0] Heap_lock - owner thread: 0x000001c66d394000

Heap address: 0x0000000080000000, size: 2048 MB, Compressed Oops mode: 32-bit
Narrow klass base: 0x0000000000000000, Narrow klass shift: 3
Compressed class space size: 1073741824 Address: 0x0000000100000000

Heap:
 garbage-first heap   total 522240K, used 206240K [0x0000000080000000, 0x0000000100000000)
  region size 1024K, 3 young (3072K), 3 survivors (3072K)
 Metaspace       used 118033K, capacity 121278K, committed 121328K, reserved 1155072K
  class space    used 15049K, capacity 16262K, committed 16280K, reserved 1048576K
Heap Regions: E=young(eden), S=young(survivor), O=old, HS=humongous(starts), HC=humongous(continues), CS=collection set, F=free, A=archive, TAMS=top-at-mark-start (previous, next)
|   0|0x0000000080000000, 0x0000000080100000, 0x0000000080100000|100%|HS|  |TAMS 0x0000000080100000, 0x0000000080100000| Complete 
|   1|0x0000000080100000, 0x0000000080200000, 0x0000000080200000|100%|HC|  |TAMS 0x0000000080200000, 0x0000000080200000| Complete 
|   2|0x0000000080200000, 0x0000000080300000, 0x0000000080300000|100%|HC|  |TAMS 0x0000000080300000, 0x0000000080300000| Complete 
|   3|0x0000000080300000, 0x0000000080400000, 0x0000000080400000|100%| O|  |TAMS 0x0000000080400000, 0x0000000080400000| Untracked 
|   4|0x0000000080400000, 0x0000000080500000, 0x0000000080500000|100%| O|  |TAMS 0x0000000080500000, 0x0000000080500000| Untracked 
|   5|0x0000000080500000, 0x0000000080600000, 0x0000000080600000|100%| O|  |TAMS 0x0000000080600000, 0x0000000080600000| Untracked 
|   6|0x0000000080600000, 0x0000000080700000, 0x0000000080700000|100%| O|  |TAMS 0x0000000080700000, 0x0000000080700000| Untracked 
|   7|0x0000000080700000, 0x0000000080800000, 0x0000000080800000|100%| O|  |TAMS 0x0000000080800000, 0x0000000080800000| Untracked 
|   8|0x0000000080800000, 0x0000000080900000, 0x0000000080900000|100%| O|  |TAMS 0x0000000080900000, 0x0000000080900000| Untracked 
|   9|0x0000000080900000, 0x0000000080a00000, 0x0000000080a00000|100%| O|  |TAMS 0x0000000080a00000, 0x0000000080a00000| Untracked 
|  10|0x0000000080a00000, 0x0000000080b00000, 0x0000000080b00000|100%| O|  |TAMS 0x0000000080b00000, 0x0000000080b00000| Untracked 
|  11|0x0000000080b00000, 0x0000000080c00000, 0x0000000080c00000|100%| O|  |TAMS 0x0000000080c00000, 0x0000000080c00000| Untracked 
|  12|0x0000000080c00000, 0x0000000080d00000, 0x0000000080d00000|100%| O|  |TAMS 0x0000000080d00000, 0x0000000080d00000| Untracked 
|  13|0x0000000080d00000, 0x0000000080e00000, 0x0000000080e00000|100%| O|  |TAMS 0x0000000080e00000, 0x0000000080e00000| Untracked 
|  14|0x0000000080e00000, 0x0000000080f00000, 0x0000000080f00000|100%| O|  |TAMS 0x0000000080f00000, 0x0000000080f00000| Untracked 
|  15|0x0000000080f00000, 0x0000000081000000, 0x0000000081000000|100%| O|  |TAMS 0x0000000081000000, 0x0000000081000000| Untracked 
|  16|0x0000000081000000, 0x0000000081100000, 0x0000000081100000|100%| O|  |TAMS 0x0000000081100000, 0x0000000081100000| Untracked 
|  17|0x0000000081100000, 0x0000000081200000, 0x0000000081200000|100%| O|  |TAMS 0x0000000081200000, 0x0000000081200000| Untracked 
|  18|0x0000000081200000, 0x0000000081300000, 0x0000000081300000|100%| O|  |TAMS 0x0000000081300000, 0x0000000081300000| Untracked 
|  19|0x0000000081300000, 0x0000000081400000, 0x0000000081400000|100%| O|  |TAMS 0x0000000081400000, 0x0000000081400000| Untracked 
|  20|0x0000000081400000, 0x0000000081500000, 0x0000000081500000|100%| O|  |TAMS 0x0000000081500000, 0x0000000081500000| Untracked 
|  21|0x0000000081500000, 0x0000000081600000, 0x0000000081600000|100%| O|  |TAMS 0x0000000081600000, 0x0000000081600000| Untracked 
|  22|0x0000000081600000, 0x0000000081700000, 0x0000000081700000|100%| O|  |TAMS 0x0000000081700000, 0x0000000081700000| Untracked 
|  23|0x0000000081700000, 0x0000000081800000, 0x0000000081800000|100%| O|  |TAMS 0x0000000081800000, 0x0000000081800000| Untracked 
|  24|0x0000000081800000, 0x0000000081900000, 0x0000000081900000|100%| O|  |TAMS 0x0000000081900000, 0x0000000081900000| Untracked 
|  25|0x0000000081900000, 0x0000000081a00000, 0x0000000081a00000|100%| O|  |TAMS 0x0000000081a00000, 0x0000000081a00000| Untracked 
|  26|0x0000000081a00000, 0x0000000081b00000, 0x0000000081b00000|100%|HS|  |TAMS 0x0000000081b00000, 0x0000000081b00000| Complete 
|  27|0x0000000081b00000, 0x0000000081c00000, 0x0000000081c00000|100%|HS|  |TAMS 0x0000000081c00000, 0x0000000081c00000| Complete 
|  28|0x0000000081c00000, 0x0000000081d00000, 0x0000000081d00000|100%| O|  |TAMS 0x0000000081d00000, 0x0000000081d00000| Untracked 
|  29|0x0000000081d00000, 0x0000000081e00000, 0x0000000081e00000|100%| O|  |TAMS 0x0000000081e00000, 0x0000000081e00000| Untracked 
|  30|0x0000000081e00000, 0x0000000081f00000, 0x0000000081f00000|100%| O|  |TAMS 0x0000000081f00000, 0x0000000081f00000| Untracked 
|  31|0x0000000081f00000, 0x0000000082000000, 0x0000000082000000|100%| O|  |TAMS 0x0000000082000000, 0x0000000082000000| Untracked 
|  32|0x0000000082000000, 0x0000000082100000, 0x0000000082100000|100%|HS|  |TAMS 0x0000000082100000, 0x0000000082100000| Complete 
|  33|0x0000000082100000, 0x0000000082200000, 0x0000000082200000|100%|HC|  |TAMS 0x0000000082200000, 0x0000000082200000| Complete 
|  34|0x0000000082200000, 0x0000000082300000, 0x0000000082300000|100%| O|  |TAMS 0x0000000082300000, 0x0000000082300000| Untracked 
|  35|0x0000000082300000, 0x0000000082400000, 0x0000000082400000|100%| O|  |TAMS 0x0000000082400000, 0x0000000082400000| Untracked 
|  36|0x0000000082400000, 0x0000000082500000, 0x0000000082500000|100%| O|  |TAMS 0x0000000082500000, 0x0000000082500000| Untracked 
|  37|0x0000000082500000, 0x0000000082600000, 0x0000000082600000|100%| O|  |TAMS 0x0000000082600000, 0x0000000082600000| Untracked 
|  38|0x0000000082600000, 0x0000000082700000, 0x0000000082700000|100%| O|  |TAMS 0x0000000082700000, 0x0000000082700000| Untracked 
|  39|0x0000000082700000, 0x0000000082800000, 0x0000000082800000|100%| O|  |TAMS 0x0000000082800000, 0x0000000082800000| Untracked 
|  40|0x0000000082800000, 0x0000000082900000, 0x0000000082900000|100%| O|  |TAMS 0x0000000082900000, 0x0000000082900000| Untracked 
|  41|0x0000000082900000, 0x0000000082a00000, 0x0000000082a00000|100%| O|  |TAMS 0x0000000082a00000, 0x0000000082a00000| Untracked 
|  42|0x0000000082a00000, 0x0000000082b00000, 0x0000000082b00000|100%| O|  |TAMS 0x0000000082b00000, 0x0000000082b00000| Untracked 
|  43|0x0000000082b00000, 0x0000000082c00000, 0x0000000082c00000|100%| O|  |TAMS 0x0000000082c00000, 0x0000000082c00000| Untracked 
|  44|0x0000000082c00000, 0x0000000082d00000, 0x0000000082d00000|100%| O|  |TAMS 0x0000000082d00000, 0x0000000082d00000| Untracked 
|  45|0x0000000082d00000, 0x0000000082e00000, 0x0000000082e00000|100%| O|  |TAMS 0x0000000082e00000, 0x0000000082e00000| Untracked 
|  46|0x0000000082e00000, 0x0000000082f00000, 0x0000000082f00000|100%| O|  |TAMS 0x0000000082f00000, 0x0000000082f00000| Untracked 
|  47|0x0000000082f00000, 0x0000000083000000, 0x0000000083000000|100%| O|  |TAMS 0x0000000083000000, 0x0000000083000000| Untracked 
|  48|0x0000000083000000, 0x0000000083100000, 0x0000000083100000|100%| O|  |TAMS 0x0000000083100000, 0x0000000083100000| Untracked 
|  49|0x0000000083100000, 0x0000000083200000, 0x0000000083200000|100%| O|  |TAMS 0x0000000083200000, 0x0000000083200000| Untracked 
|  50|0x0000000083200000, 0x0000000083300000, 0x0000000083300000|100%| O|  |TAMS 0x0000000083300000, 0x0000000083300000| Untracked 
|  51|0x0000000083300000, 0x0000000083400000, 0x0000000083400000|100%| O|  |TAMS 0x0000000083400000, 0x0000000083400000| Untracked 
|  52|0x0000000083400000, 0x0000000083500000, 0x0000000083500000|100%| O|  |TAMS 0x0000000083500000, 0x0000000083500000| Untracked 
|  53|0x0000000083500000, 0x0000000083600000, 0x0000000083600000|100%| O|  |TAMS 0x0000000083600000, 0x0000000083600000| Untracked 
|  54|0x0000000083600000, 0x0000000083700000, 0x0000000083700000|100%| O|  |TAMS 0x0000000083700000, 0x0000000083700000| Untracked 
|  55|0x0000000083700000, 0x0000000083800000, 0x0000000083800000|100%| O|  |TAMS 0x0000000083800000, 0x0000000083800000| Untracked 
|  56|0x0000000083800000, 0x0000000083900000, 0x0000000083900000|100%| O|  |TAMS 0x0000000083900000, 0x0000000083900000| Untracked 
|  57|0x0000000083900000, 0x0000000083a00000, 0x0000000083a00000|100%| O|  |TAMS 0x0000000083a00000, 0x0000000083a00000| Untracked 
|  58|0x0000000083a00000, 0x0000000083b00000, 0x0000000083b00000|100%| O|  |TAMS 0x0000000083b00000, 0x0000000083b00000| Untracked 
|  59|0x0000000083b00000, 0x0000000083c00000, 0x0000000083c00000|100%| O|  |TAMS 0x0000000083c00000, 0x0000000083c00000| Untracked 
|  60|0x0000000083c00000, 0x0000000083d00000, 0x0000000083d00000|100%| O|  |TAMS 0x0000000083d00000, 0x0000000083d00000| Untracked 
|  61|0x0000000083d00000, 0x0000000083e00000, 0x0000000083e00000|100%| O|  |TAMS 0x0000000083e00000, 0x0000000083e00000| Untracked 
|  62|0x0000000083e00000, 0x0000000083f00000, 0x0000000083f00000|100%| O|  |TAMS 0x0000000083f00000, 0x0000000083f00000| Untracked 
|  63|0x0000000083f00000, 0x0000000084000000, 0x0000000084000000|100%| O|  |TAMS 0x0000000084000000, 0x0000000084000000| Untracked 
|  64|0x0000000084000000, 0x0000000084100000, 0x0000000084100000|100%| O|  |TAMS 0x0000000084100000, 0x0000000084100000| Untracked 
|  65|0x0000000084100000, 0x0000000084200000, 0x0000000084200000|100%| O|  |TAMS 0x0000000084200000, 0x0000000084200000| Untracked 
|  66|0x0000000084200000, 0x0000000084300000, 0x0000000084300000|100%| O|  |TAMS 0x0000000084300000, 0x0000000084300000| Untracked 
|  67|0x0000000084300000, 0x0000000084400000, 0x0000000084400000|100%| O|  |TAMS 0x0000000084400000, 0x0000000084400000| Untracked 
|  68|0x0000000084400000, 0x0000000084500000, 0x0000000084500000|100%| O|  |TAMS 0x0000000084500000, 0x0000000084500000| Untracked 
|  69|0x0000000084500000, 0x0000000084600000, 0x0000000084600000|100%| O|  |TAMS 0x0000000084600000, 0x0000000084600000| Untracked 
|  70|0x0000000084600000, 0x0000000084700000, 0x0000000084700000|100%| O|  |TAMS 0x0000000084700000, 0x0000000084700000| Untracked 
|  71|0x0000000084700000, 0x0000000084800000, 0x0000000084800000|100%| O|  |TAMS 0x0000000084800000, 0x0000000084800000| Untracked 
|  72|0x0000000084800000, 0x0000000084900000, 0x0000000084900000|100%| O|  |TAMS 0x0000000084900000, 0x0000000084900000| Untracked 
|  73|0x0000000084900000, 0x0000000084a00000, 0x0000000084a00000|100%| O|  |TAMS 0x0000000084a00000, 0x0000000084a00000| Untracked 
|  74|0x0000000084a00000, 0x0000000084b00000, 0x0000000084b00000|100%| O|  |TAMS 0x0000000084b00000, 0x0000000084b00000| Untracked 
|  75|0x0000000084b00000, 0x0000000084c00000, 0x0000000084c00000|100%| O|  |TAMS 0x0000000084c00000, 0x0000000084c00000| Untracked 
|  76|0x0000000084c00000, 0x0000000084d00000, 0x0000000084d00000|100%| O|  |TAMS 0x0000000084d00000, 0x0000000084d00000| Untracked 
|  77|0x0000000084d00000, 0x0000000084e00000, 0x0000000084e00000|100%| O|  |TAMS 0x0000000084e00000, 0x0000000084e00000| Untracked 
|  78|0x0000000084e00000, 0x0000000084f00000, 0x0000000084f00000|100%| O|  |TAMS 0x0000000084f00000, 0x0000000084f00000| Untracked 
|  79|0x0000000084f00000, 0x0000000085000000, 0x0000000085000000|100%| O|  |TAMS 0x0000000085000000, 0x0000000085000000| Untracked 
|  80|0x0000000085000000, 0x0000000085100000, 0x0000000085100000|100%| O|  |TAMS 0x0000000085100000, 0x0000000085100000| Untracked 
|  81|0x0000000085100000, 0x0000000085200000, 0x0000000085200000|100%| O|  |TAMS 0x0000000085200000, 0x0000000085200000| Untracked 
|  82|0x0000000085200000, 0x0000000085300000, 0x0000000085300000|100%| O|  |TAMS 0x0000000085300000, 0x0000000085300000| Untracked 
|  83|0x0000000085300000, 0x0000000085400000, 0x0000000085400000|100%| O|  |TAMS 0x0000000085400000, 0x0000000085400000| Untracked 
|  84|0x0000000085400000, 0x0000000085500000, 0x0000000085500000|100%| O|  |TAMS 0x0000000085500000, 0x0000000085500000| Untracked 
|  85|0x0000000085500000, 0x0000000085600000, 0x0000000085600000|100%| O|  |TAMS 0x0000000085600000, 0x0000000085600000| Untracked 
|  86|0x0000000085600000, 0x0000000085700000, 0x0000000085700000|100%| O|  |TAMS 0x0000000085700000, 0x0000000085700000| Untracked 
|  87|0x0000000085700000, 0x0000000085800000, 0x0000000085800000|100%| O|  |TAMS 0x0000000085800000, 0x0000000085800000| Untracked 
|  88|0x0000000085800000, 0x0000000085900000, 0x0000000085900000|100%| O|  |TAMS 0x0000000085900000, 0x0000000085900000| Untracked 
|  89|0x0000000085900000, 0x0000000085a00000, 0x0000000085a00000|100%| O|  |TAMS 0x0000000085a00000, 0x0000000085a00000| Untracked 
|  90|0x0000000085a00000, 0x0000000085b00000, 0x0000000085b00000|100%| O|  |TAMS 0x0000000085b00000, 0x0000000085b00000| Untracked 
|  91|0x0000000085b00000, 0x0000000085c00000, 0x0000000085c00000|100%| O|  |TAMS 0x0000000085c00000, 0x0000000085c00000| Untracked 
|  92|0x0000000085c00000, 0x0000000085d00000, 0x0000000085d00000|100%| O|  |TAMS 0x0000000085d00000, 0x0000000085d00000| Untracked 
|  93|0x0000000085d00000, 0x0000000085e00000, 0x0000000085e00000|100%| O|  |TAMS 0x0000000085d00000, 0x0000000085e00000| Untracked 
|  94|0x0000000085e00000, 0x0000000085f00000, 0x0000000085f00000|100%| O|  |TAMS 0x0000000085e00000, 0x0000000085f00000| Untracked 
|  95|0x0000000085f00000, 0x0000000086000000, 0x0000000086000000|100%| O|  |TAMS 0x0000000086000000, 0x0000000086000000| Untracked 
|  96|0x0000000086000000, 0x0000000086100000, 0x0000000086100000|100%| O|  |TAMS 0x0000000086100000, 0x0000000086100000| Untracked 
|  97|0x0000000086100000, 0x0000000086200000, 0x0000000086200000|100%| O|  |TAMS 0x0000000086200000, 0x0000000086200000| Untracked 
|  98|0x0000000086200000, 0x0000000086300000, 0x0000000086300000|100%| O|  |TAMS 0x0000000086300000, 0x0000000086300000| Untracked 
|  99|0x0000000086300000, 0x0000000086400000, 0x0000000086400000|100%| O|  |TAMS 0x0000000086400000, 0x0000000086400000| Untracked 
| 100|0x0000000086400000, 0x0000000086500000, 0x0000000086500000|100%| O|  |TAMS 0x0000000086500000, 0x0000000086500000| Untracked 
| 101|0x0000000086500000, 0x0000000086600000, 0x0000000086600000|100%| O|  |TAMS 0x0000000086600000, 0x0000000086600000| Untracked 
| 102|0x0000000086600000, 0x0000000086700000, 0x0000000086700000|100%| O|  |TAMS 0x0000000086700000, 0x0000000086700000| Untracked 
| 103|0x0000000086700000, 0x0000000086800000, 0x0000000086800000|100%| O|  |TAMS 0x0000000086800000, 0x0000000086800000| Untracked 
| 104|0x0000000086800000, 0x0000000086900000, 0x0000000086900000|100%| O|  |TAMS 0x0000000086900000, 0x0000000086900000| Untracked 
| 105|0x0000000086900000, 0x0000000086a00000, 0x0000000086a00000|100%| O|  |TAMS 0x0000000086a00000, 0x0000000086a00000| Untracked 
| 106|0x0000000086a00000, 0x0000000086b00000, 0x0000000086b00000|100%| O|  |TAMS 0x0000000086b00000, 0x0000000086b00000| Untracked 
| 107|0x0000000086b00000, 0x0000000086c00000, 0x0000000086c00000|100%| O|  |TAMS 0x0000000086c00000, 0x0000000086c00000| Untracked 
| 108|0x0000000086c00000, 0x0000000086d00000, 0x0000000086d00000|100%| O|  |TAMS 0x0000000086d00000, 0x0000000086d00000| Untracked 
| 109|0x0000000086d00000, 0x0000000086e00000, 0x0000000086e00000|100%| O|  |TAMS 0x0000000086d14400, 0x0000000086e00000| Untracked 
| 110|0x0000000086e00000, 0x0000000086f00000, 0x0000000086f00000|100%| O|  |TAMS 0x0000000086e00000, 0x0000000086f00000| Untracked 
| 111|0x0000000086f00000, 0x0000000087000000, 0x0000000087000000|100%|HS|  |TAMS 0x0000000086f00000, 0x0000000087000000| Complete 
| 112|0x0000000087000000, 0x0000000087100000, 0x0000000087100000|100%|HC|  |TAMS 0x0000000087000000, 0x0000000087100000| Complete 
| 113|0x0000000087100000, 0x0000000087200000, 0x0000000087200000|100%|HC|  |TAMS 0x0000000087100000, 0x0000000087200000| Complete 
| 114|0x0000000087200000, 0x0000000087300000, 0x0000000087300000|100%|HC|  |TAMS 0x0000000087200000, 0x0000000087300000| Complete 
| 115|0x0000000087300000, 0x0000000087400000, 0x0000000087400000|100%|HC|  |TAMS 0x0000000087300000, 0x0000000087400000| Complete 
| 116|0x0000000087400000, 0x0000000087500000, 0x0000000087500000|100%|HC|  |TAMS 0x0000000087400000, 0x0000000087500000| Complete 
| 117|0x0000000087500000, 0x0000000087600000, 0x0000000087600000|100%|HC|  |TAMS 0x0000000087500000, 0x0000000087600000| Complete 
| 118|0x0000000087600000, 0x0000000087700000, 0x0000000087700000|100%|HC|  |TAMS 0x0000000087600000, 0x0000000087700000| Complete 
| 119|0x0000000087700000, 0x0000000087800000, 0x0000000087800000|100%|HC|  |TAMS 0x0000000087700000, 0x0000000087800000| Complete 
| 120|0x0000000087800000, 0x0000000087900000, 0x0000000087900000|100%| O|  |TAMS 0x0000000087800000, 0x0000000087900000| Untracked 
| 121|0x0000000087900000, 0x0000000087a00000, 0x0000000087a00000|100%| O|  |TAMS 0x0000000087900000, 0x0000000087a00000| Untracked 
| 122|0x0000000087a00000, 0x0000000087b00000, 0x0000000087b00000|100%| O|  |TAMS 0x0000000087a00000, 0x0000000087b00000| Untracked 
| 123|0x0000000087b00000, 0x0000000087c00000, 0x0000000087c00000|100%| O|  |TAMS 0x0000000087b00000, 0x0000000087c00000| Untracked 
| 124|0x0000000087c00000, 0x0000000087d00000, 0x0000000087d00000|100%| O|  |TAMS 0x0000000087c00000, 0x0000000087d00000| Untracked 
| 125|0x0000000087d00000, 0x0000000087e00000, 0x0000000087e00000|100%| O|  |TAMS 0x0000000087d00000, 0x0000000087e00000| Untracked 
| 126|0x0000000087e00000, 0x0000000087f00000, 0x0000000087f00000|100%| O|  |TAMS 0x0000000087e00000, 0x0000000087f00000| Untracked 
| 127|0x0000000087f00000, 0x0000000088000000, 0x0000000088000000|100%| O|  |TAMS 0x0000000087f00000, 0x0000000088000000| Untracked 
| 128|0x0000000088000000, 0x0000000088100000, 0x0000000088100000|100%| O|  |TAMS 0x0000000088000000, 0x0000000088100000| Untracked 
| 129|0x0000000088100000, 0x0000000088200000, 0x0000000088200000|100%| O|  |TAMS 0x0000000088100000, 0x0000000088200000| Untracked 
| 130|0x0000000088200000, 0x0000000088300000, 0x0000000088300000|100%| O|  |TAMS 0x0000000088200000, 0x0000000088300000| Untracked 
| 131|0x0000000088300000, 0x0000000088400000, 0x0000000088400000|100%| O|  |TAMS 0x0000000088300000, 0x0000000088400000| Untracked 
| 132|0x0000000088400000, 0x0000000088500000, 0x0000000088500000|100%| O|  |TAMS 0x0000000088400000, 0x0000000088500000| Untracked 
| 133|0x0000000088500000, 0x0000000088600000, 0x0000000088600000|100%| O|  |TAMS 0x0000000088500000, 0x0000000088600000| Untracked 
| 134|0x0000000088600000, 0x0000000088700000, 0x0000000088700000|100%| O|  |TAMS 0x0000000088600000, 0x0000000088700000| Untracked 
| 135|0x0000000088700000, 0x0000000088800000, 0x0000000088800000|100%| O|  |TAMS 0x0000000088700000, 0x0000000088800000| Untracked 
| 136|0x0000000088800000, 0x0000000088900000, 0x0000000088900000|100%| O|  |TAMS 0x0000000088800000, 0x0000000088900000| Untracked 
| 137|0x0000000088900000, 0x0000000088a00000, 0x0000000088a00000|100%| O|  |TAMS 0x0000000088900000, 0x0000000088a00000| Untracked 
| 138|0x0000000088a00000, 0x0000000088b00000, 0x0000000088b00000|100%| O|  |TAMS 0x0000000088a00000, 0x0000000088b00000| Untracked 
| 139|0x0000000088b00000, 0x0000000088c00000, 0x0000000088c00000|100%| O|  |TAMS 0x0000000088b00000, 0x0000000088c00000| Untracked 
| 140|0x0000000088c00000, 0x0000000088d00000, 0x0000000088d00000|100%|HS|  |TAMS 0x0000000088c00000, 0x0000000088d00000| Complete 
| 141|0x0000000088d00000, 0x0000000088e00000, 0x0000000088e00000|100%|HC|  |TAMS 0x0000000088d00000, 0x0000000088e00000| Complete 
| 142|0x0000000088e00000, 0x0000000088f00000, 0x0000000088f00000|100%|HC|  |TAMS 0x0000000088e00000, 0x0000000088f00000| Complete 
| 143|0x0000000088f00000, 0x0000000089000000, 0x0000000089000000|100%|HC|  |TAMS 0x0000000088f00000, 0x0000000089000000| Complete 
| 144|0x0000000089000000, 0x0000000089100000, 0x0000000089100000|100%|HC|  |TAMS 0x0000000089000000, 0x0000000089100000| Complete 
| 145|0x0000000089100000, 0x0000000089200000, 0x0000000089200000|100%|HC|  |TAMS 0x0000000089100000, 0x0000000089200000| Complete 
| 146|0x0000000089200000, 0x0000000089300000, 0x0000000089300000|100%|HC|  |TAMS 0x0000000089200000, 0x0000000089300000| Complete 
| 147|0x0000000089300000, 0x0000000089400000, 0x0000000089400000|100%|HC|  |TAMS 0x0000000089300000, 0x0000000089400000| Complete 
| 148|0x0000000089400000, 0x0000000089500000, 0x0000000089500000|100%|HC|  |TAMS 0x0000000089400000, 0x0000000089500000| Complete 
| 149|0x0000000089500000, 0x0000000089600000, 0x0000000089600000|100%|HS|  |TAMS 0x0000000089500000, 0x0000000089600000| Complete 
| 150|0x0000000089600000, 0x0000000089700000, 0x0000000089700000|100%| O|  |TAMS 0x0000000089600000, 0x0000000089700000| Untracked 
| 151|0x0000000089700000, 0x0000000089800000, 0x0000000089800000|100%| O|  |TAMS 0x0000000089700000, 0x0000000089800000| Untracked 
| 152|0x0000000089800000, 0x0000000089900000, 0x0000000089900000|100%|HS|  |TAMS 0x0000000089800000, 0x0000000089900000| Complete 
| 153|0x0000000089900000, 0x0000000089a00000, 0x0000000089a00000|100%| O|  |TAMS 0x0000000089900000, 0x00000000899dde00| Untracked 
| 154|0x0000000089a00000, 0x0000000089b00000, 0x0000000089b00000|100%|HS|  |TAMS 0x0000000089a00000, 0x0000000089a00000| Complete 
| 155|0x0000000089b00000, 0x0000000089c00000, 0x0000000089c00000|100%|HS|  |TAMS 0x0000000089b00000, 0x0000000089b00000| Complete 
| 156|0x0000000089c00000, 0x0000000089d00000, 0x0000000089d00000|100%| O|  |TAMS 0x0000000089c00000, 0x0000000089c00000| Untracked 
| 157|0x0000000089d00000, 0x0000000089e00000, 0x0000000089e00000|100%| O|  |TAMS 0x0000000089d00000, 0x0000000089d00000| Untracked 
| 158|0x0000000089e00000, 0x0000000089f00000, 0x0000000089f00000|100%| O|  |TAMS 0x0000000089e00000, 0x0000000089e00000| Untracked 
| 159|0x0000000089f00000, 0x000000008a000000, 0x000000008a000000|100%| O|  |TAMS 0x0000000089f00000, 0x0000000089f00000| Untracked 
| 160|0x000000008a000000, 0x000000008a100000, 0x000000008a100000|100%| O|  |TAMS 0x000000008a000000, 0x000000008a000000| Untracked 
| 161|0x000000008a100000, 0x000000008a200000, 0x000000008a200000|100%| O|  |TAMS 0x000000008a100000, 0x000000008a100000| Untracked 
| 162|0x000000008a200000, 0x000000008a300000, 0x000000008a300000|100%| O|  |TAMS 0x000000008a200000, 0x000000008a200000| Untracked 
| 163|0x000000008a300000, 0x000000008a400000, 0x000000008a400000|100%| O|  |TAMS 0x000000008a300000, 0x000000008a300000| Untracked 
| 164|0x000000008a400000, 0x000000008a500000, 0x000000008a500000|100%| O|  |TAMS 0x000000008a400000, 0x000000008a400000| Untracked 
| 165|0x000000008a500000, 0x000000008a600000, 0x000000008a600000|100%| O|  |TAMS 0x000000008a500000, 0x000000008a500000| Untracked 
| 166|0x000000008a600000, 0x000000008a700000, 0x000000008a700000|100%| O|  |TAMS 0x000000008a600000, 0x000000008a600000| Untracked 
| 167|0x000000008a700000, 0x000000008a800000, 0x000000008a800000|100%| O|  |TAMS 0x000000008a700000, 0x000000008a700000| Untracked 
| 168|0x000000008a800000, 0x000000008a900000, 0x000000008a900000|100%| O|  |TAMS 0x000000008a800000, 0x000000008a800000| Untracked 
| 169|0x000000008a900000, 0x000000008aa00000, 0x000000008aa00000|100%| O|  |TAMS 0x000000008a900000, 0x000000008a900000| Untracked 
| 170|0x000000008aa00000, 0x000000008ab00000, 0x000000008ab00000|100%| O|  |TAMS 0x000000008aa00000, 0x000000008aa00000| Untracked 
| 171|0x000000008ab00000, 0x000000008ac00000, 0x000000008ac00000|100%| O|  |TAMS 0x000000008ab00000, 0x000000008ab00000| Untracked 
| 172|0x000000008ac00000, 0x000000008ad00000, 0x000000008ad00000|100%| O|  |TAMS 0x000000008ac00000, 0x000000008ac00000| Untracked 
| 173|0x000000008ad00000, 0x000000008ae00000, 0x000000008ae00000|100%| O|  |TAMS 0x000000008ad00000, 0x000000008ad00000| Untracked 
| 174|0x000000008ae00000, 0x000000008af00000, 0x000000008af00000|100%| O|  |TAMS 0x000000008ae00000, 0x000000008ae00000| Untracked 
| 175|0x000000008af00000, 0x000000008b000000, 0x000000008b000000|100%| O|  |TAMS 0x000000008af00000, 0x000000008af00000| Untracked 
| 176|0x000000008b000000, 0x000000008b100000, 0x000000008b100000|100%| O|  |TAMS 0x000000008b000000, 0x000000008b000000| Untracked 
| 177|0x000000008b100000, 0x000000008b200000, 0x000000008b200000|100%| O|  |TAMS 0x000000008b100000, 0x000000008b100000| Untracked 
| 178|0x000000008b200000, 0x000000008b300000, 0x000000008b300000|100%| O|  |TAMS 0x000000008b200000, 0x000000008b200000| Untracked 
| 179|0x000000008b300000, 0x000000008b400000, 0x000000008b400000|100%| O|  |TAMS 0x000000008b300000, 0x000000008b300000| Untracked 
| 180|0x000000008b400000, 0x000000008b500000, 0x000000008b500000|100%| O|  |TAMS 0x000000008b400000, 0x000000008b400000| Untracked 
| 181|0x000000008b500000, 0x000000008b600000, 0x000000008b600000|100%| O|  |TAMS 0x000000008b500000, 0x000000008b500000| Untracked 
| 182|0x000000008b600000, 0x000000008b700000, 0x000000008b700000|100%| O|  |TAMS 0x000000008b600000, 0x000000008b600000| Untracked 
| 183|0x000000008b700000, 0x000000008b800000, 0x000000008b800000|100%| O|  |TAMS 0x000000008b700000, 0x000000008b700000| Untracked 
| 184|0x000000008b800000, 0x000000008b900000, 0x000000008b900000|100%| O|  |TAMS 0x000000008b800000, 0x000000008b800000| Untracked 
| 185|0x000000008b900000, 0x000000008ba00000, 0x000000008ba00000|100%| O|  |TAMS 0x000000008b900000, 0x000000008b900000| Untracked 
| 186|0x000000008ba00000, 0x000000008bb00000, 0x000000008bb00000|100%| O|  |TAMS 0x000000008ba00000, 0x000000008ba00000| Untracked 
| 187|0x000000008bb00000, 0x000000008bb68200, 0x000000008bc00000| 40%| O|  |TAMS 0x000000008bb00000, 0x000000008bb00000| Untracked 
| 188|0x000000008bc00000, 0x000000008bc00000, 0x000000008bd00000|  0%| F|  |TAMS 0x000000008bc00000, 0x000000008bc00000| Untracked 
| 189|0x000000008bd00000, 0x000000008bd00000, 0x000000008be00000|  0%| F|  |TAMS 0x000000008bd00000, 0x000000008bd00000| Untracked 
| 190|0x000000008be00000, 0x000000008be00000, 0x000000008bf00000|  0%| F|  |TAMS 0x000000008be00000, 0x000000008be00000| Untracked 
| 191|0x000000008bf00000, 0x000000008bf00000, 0x000000008c000000|  0%| F|  |TAMS 0x000000008bf00000, 0x000000008bf00000| Untracked 
| 192|0x000000008c000000, 0x000000008c000000, 0x000000008c100000|  0%| F|  |TAMS 0x000000008c000000, 0x000000008c000000| Untracked 
| 193|0x000000008c100000, 0x000000008c100000, 0x000000008c200000|  0%| F|  |TAMS 0x000000008c100000, 0x000000008c100000| Untracked 
| 194|0x000000008c200000, 0x000000008c200000, 0x000000008c300000|  0%| F|  |TAMS 0x000000008c200000, 0x000000008c200000| Untracked 
| 195|0x000000008c300000, 0x000000008c300000, 0x000000008c400000|  0%| F|  |TAMS 0x000000008c300000, 0x000000008c300000| Untracked 
| 196|0x000000008c400000, 0x000000008c400000, 0x000000008c500000|  0%| F|  |TAMS 0x000000008c400000, 0x000000008c400000| Untracked 
| 197|0x000000008c500000, 0x000000008c500000, 0x000000008c600000|  0%| F|  |TAMS 0x000000008c500000, 0x000000008c500000| Untracked 
| 198|0x000000008c600000, 0x000000008c600000, 0x000000008c700000|  0%| F|  |TAMS 0x000000008c600000, 0x000000008c600000| Untracked 
| 199|0x000000008c700000, 0x000000008c700000, 0x000000008c800000|  0%| F|  |TAMS 0x000000008c700000, 0x000000008c700000| Untracked 
| 200|0x000000008c800000, 0x000000008c800000, 0x000000008c900000|  0%| F|  |TAMS 0x000000008c800000, 0x000000008c800000| Untracked 
| 201|0x000000008c900000, 0x000000008c900000, 0x000000008ca00000|  0%| F|  |TAMS 0x000000008c900000, 0x000000008c900000| Untracked 
| 202|0x000000008ca00000, 0x000000008ca00000, 0x000000008cb00000|  0%| F|  |TAMS 0x000000008ca00000, 0x000000008ca00000| Untracked 
| 203|0x000000008cb00000, 0x000000008cb00000, 0x000000008cc00000|  0%| F|  |TAMS 0x000000008cb00000, 0x000000008cb00000| Untracked 
| 204|0x000000008cc00000, 0x000000008cc00000, 0x000000008cd00000|  0%| F|  |TAMS 0x000000008cc00000, 0x000000008cc00000| Untracked 
| 205|0x000000008cd00000, 0x000000008cd00000, 0x000000008ce00000|  0%| F|  |TAMS 0x000000008cd00000, 0x000000008cd00000| Untracked 
| 206|0x000000008ce00000, 0x000000008cf00000, 0x000000008cf00000|100%| O|  |TAMS 0x000000008ce00000, 0x000000008cf00000| Untracked 
| 207|0x000000008cf00000, 0x000000008d000000, 0x000000008d000000|100%| O|  |TAMS 0x000000008cf00000, 0x000000008d000000| Untracked 
| 208|0x000000008d000000, 0x000000008d100000, 0x000000008d100000|100%| O|  |TAMS 0x000000008d000000, 0x000000008d100000| Untracked 
| 209|0x000000008d100000, 0x000000008d200000, 0x000000008d200000|100%| O|  |TAMS 0x000000008d100000, 0x000000008d200000| Untracked 
| 210|0x000000008d200000, 0x000000008d300000, 0x000000008d300000|100%| O|  |TAMS 0x000000008d200000, 0x000000008d300000| Untracked 
| 211|0x000000008d300000, 0x000000008d400000, 0x000000008d400000|100%| O|  |TAMS 0x000000008d300000, 0x000000008d400000| Untracked 
| 212|0x000000008d400000, 0x000000008d500000, 0x000000008d500000|100%| O|  |TAMS 0x000000008d400000, 0x000000008d500000| Untracked 
| 213|0x000000008d500000, 0x000000008d600000, 0x000000008d600000|100%| O|  |TAMS 0x000000008d500000, 0x000000008d600000| Untracked 
| 214|0x000000008d600000, 0x000000008d700000, 0x000000008d700000|100%| O|  |TAMS 0x000000008d600000, 0x000000008d700000| Untracked 
| 215|0x000000008d700000, 0x000000008d800000, 0x000000008d800000|100%| O|  |TAMS 0x000000008d700000, 0x000000008d800000| Untracked 
| 216|0x000000008d800000, 0x000000008d900000, 0x000000008d900000|100%| O|  |TAMS 0x000000008d800000, 0x000000008d900000| Untracked 
| 217|0x000000008d900000, 0x000000008d900000, 0x000000008da00000|  0%| F|  |TAMS 0x000000008d900000, 0x000000008d900000| Untracked 
| 218|0x000000008da00000, 0x000000008da00000, 0x000000008db00000|  0%| F|  |TAMS 0x000000008da00000, 0x000000008da00000| Untracked 
| 219|0x000000008db00000, 0x000000008db00000, 0x000000008dc00000|  0%| F|  |TAMS 0x000000008db00000, 0x000000008db00000| Untracked 
| 220|0x000000008dc00000, 0x000000008dc00000, 0x000000008dd00000|  0%| F|  |TAMS 0x000000008dc00000, 0x000000008dc00000| Untracked 
| 221|0x000000008dd00000, 0x000000008dd00000, 0x000000008de00000|  0%| F|  |TAMS 0x000000008dd00000, 0x000000008dd00000| Untracked 
| 222|0x000000008de00000, 0x000000008de00000, 0x000000008df00000|  0%| F|  |TAMS 0x000000008de00000, 0x000000008de00000| Untracked 
| 223|0x000000008df00000, 0x000000008df00000, 0x000000008e000000|  0%| F|  |TAMS 0x000000008df00000, 0x000000008df00000| Untracked 
| 224|0x000000008e000000, 0x000000008e000000, 0x000000008e100000|  0%| F|  |TAMS 0x000000008e000000, 0x000000008e000000| Untracked 
| 225|0x000000008e100000, 0x000000008e100000, 0x000000008e200000|  0%| F|  |TAMS 0x000000008e100000, 0x000000008e100000| Untracked 
| 226|0x000000008e200000, 0x000000008e200000, 0x000000008e300000|  0%| F|  |TAMS 0x000000008e200000, 0x000000008e200000| Untracked 
| 227|0x000000008e300000, 0x000000008e300000, 0x000000008e400000|  0%| F|  |TAMS 0x000000008e300000, 0x000000008e300000| Untracked 
| 228|0x000000008e400000, 0x000000008e400000, 0x000000008e500000|  0%| F|  |TAMS 0x000000008e400000, 0x000000008e400000| Untracked 
| 229|0x000000008e500000, 0x000000008e500000, 0x000000008e600000|  0%| F|  |TAMS 0x000000008e500000, 0x000000008e500000| Untracked 
| 230|0x000000008e600000, 0x000000008e600000, 0x000000008e700000|  0%| F|  |TAMS 0x000000008e600000, 0x000000008e600000| Untracked 
| 231|0x000000008e700000, 0x000000008e700000, 0x000000008e800000|  0%| F|  |TAMS 0x000000008e700000, 0x000000008e700000| Untracked 
| 232|0x000000008e800000, 0x000000008e800000, 0x000000008e900000|  0%| F|  |TAMS 0x000000008e800000, 0x000000008e800000| Untracked 
| 233|0x000000008e900000, 0x000000008e900000, 0x000000008ea00000|  0%| F|  |TAMS 0x000000008e900000, 0x000000008e900000| Untracked 
| 234|0x000000008ea00000, 0x000000008ea00000, 0x000000008eb00000|  0%| F|  |TAMS 0x000000008ea00000, 0x000000008ea00000| Untracked 
| 235|0x000000008eb00000, 0x000000008ec00000, 0x000000008ec00000|100%| S|CS|TAMS 0x000000008eb00000, 0x000000008eb00000| Complete 
| 236|0x000000008ec00000, 0x000000008ec00000, 0x000000008ed00000|  0%| F|  |TAMS 0x000000008ec00000, 0x000000008ec00000| Untracked 
| 237|0x000000008ed00000, 0x000000008ed00000, 0x000000008ee00000|  0%| F|  |TAMS 0x000000008ed00000, 0x000000008ed00000| Untracked 
| 238|0x000000008ee00000, 0x000000008ee00000, 0x000000008ef00000|  0%| F|  |TAMS 0x000000008ee00000, 0x000000008ee00000| Untracked 
| 239|0x000000008ef00000, 0x000000008ef00000, 0x000000008f000000|  0%| F|  |TAMS 0x000000008ef00000, 0x000000008ef00000| Untracked 
| 240|0x000000008f000000, 0x000000008f100000, 0x000000008f100000|100%| S|CS|TAMS 0x000000008f000000, 0x000000008f000000| Complete 
| 241|0x000000008f100000, 0x000000008f200000, 0x000000008f200000|100%| S|CS|TAMS 0x000000008f100000, 0x000000008f100000| Complete 
| 242|0x000000008f200000, 0x000000008f200000, 0x000000008f300000|  0%| F|  |TAMS 0x000000008f200000, 0x000000008f200000| Untracked 
| 243|0x000000008f300000, 0x000000008f300000, 0x000000008f400000|  0%| F|  |TAMS 0x000000008f300000, 0x000000008f300000| Untracked 
| 244|0x000000008f400000, 0x000000008f400000, 0x000000008f500000|  0%| F|  |TAMS 0x000000008f400000, 0x000000008f400000| Untracked 
| 245|0x000000008f500000, 0x000000008f500000, 0x000000008f600000|  0%| F|  |TAMS 0x000000008f500000, 0x000000008f500000| Untracked 
| 246|0x000000008f600000, 0x000000008f600000, 0x000000008f700000|  0%| F|  |TAMS 0x000000008f600000, 0x000000008f600000| Untracked 
| 247|0x000000008f700000, 0x000000008f700000, 0x000000008f800000|  0%| F|  |TAMS 0x000000008f700000, 0x000000008f700000| Untracked 
| 248|0x000000008f800000, 0x000000008f800000, 0x000000008f900000|  0%| F|  |TAMS 0x000000008f800000, 0x000000008f800000| Untracked 
| 249|0x000000008f900000, 0x000000008f900000, 0x000000008fa00000|  0%| F|  |TAMS 0x000000008f900000, 0x000000008f900000| Untracked 
| 250|0x000000008fa00000, 0x000000008fa00000, 0x000000008fb00000|  0%| F|  |TAMS 0x000000008fa00000, 0x000000008fa00000| Untracked 
| 251|0x000000008fb00000, 0x000000008fb00000, 0x000000008fc00000|  0%| F|  |TAMS 0x000000008fb00000, 0x000000008fb00000| Untracked 
| 252|0x000000008fc00000, 0x000000008fc00000, 0x000000008fd00000|  0%| F|  |TAMS 0x000000008fc00000, 0x000000008fc00000| Untracked 
| 253|0x000000008fd00000, 0x000000008fd00000, 0x000000008fe00000|  0%| F|  |TAMS 0x000000008fd00000, 0x000000008fd00000| Untracked 
| 254|0x000000008fe00000, 0x000000008fe00000, 0x000000008ff00000|  0%| F|  |TAMS 0x000000008fe00000, 0x000000008fe00000| Untracked 
| 255|0x000000008ff00000, 0x000000008ff00000, 0x0000000090000000|  0%| F|  |TAMS 0x000000008ff00000, 0x000000008ff00000| Untracked 
| 256|0x0000000090000000, 0x0000000090000000, 0x0000000090100000|  0%| F|  |TAMS 0x0000000090000000, 0x0000000090000000| Untracked 
| 257|0x0000000090100000, 0x0000000090100000, 0x0000000090200000|  0%| F|  |TAMS 0x0000000090100000, 0x0000000090100000| Untracked 
| 258|0x0000000090200000, 0x0000000090200000, 0x0000000090300000|  0%| F|  |TAMS 0x0000000090200000, 0x0000000090200000| Untracked 
| 259|0x0000000090300000, 0x0000000090300000, 0x0000000090400000|  0%| F|  |TAMS 0x0000000090300000, 0x0000000090300000| Untracked 
| 260|0x0000000090400000, 0x0000000090400000, 0x0000000090500000|  0%| F|  |TAMS 0x0000000090400000, 0x0000000090400000| Untracked 

Card table byte_map: [0x000001c6626e0000,0x000001c662ae0000] _byte_map_base: 0x000001c6622e0000

Marking Bits (Prev, Next): (CMBitMap*) 0x000001c64f807f00, (CMBitMap*) 0x000001c64f807ec8
 Prev Bits: [0x000001c664ee0000, 0x000001c666ee0000)
 Next Bits: [0x000001c662ee0000, 0x000001c664ee0000)

Polling page: 0x000001c64d970000

Metaspace:

Usage:
  Non-class:    102.55 MB capacity,   100.57 MB ( 98%) used,     1.59 MB (  2%) free+waste,   406.94 KB ( <1%) overhead. 
      Class:     15.88 MB capacity,    14.70 MB ( 93%) used,     1.00 MB (  6%) free+waste,   185.19 KB (  1%) overhead. 
       Both:    118.44 MB capacity,   115.27 MB ( 97%) used,     2.59 MB (  2%) free+waste,   592.13 KB ( <1%) overhead. 

Virtual space:
  Non-class space:      104.00 MB reserved,     102.59 MB ( 99%) committed 
      Class space:        1.00 GB reserved,      15.90 MB (  2%) committed 
             Both:        1.10 GB reserved,     118.48 MB ( 11%) committed 

Chunk freelists:
   Non-Class:  32.00 KB
       Class:  0 bytes
        Both:  32.00 KB

MaxMetaspaceSize: 17179869184.00 GB
CompressedClassSpaceSize: 1.00 GB
Initial GC threshold: 20.80 MB
Current GC threshold: 195.18 MB
CDS: off

CodeHeap 'non-profiled nmethods': size=120064Kb used=8771Kb max_used=8771Kb free=111292Kb
 bounds [0x000001c65ada0000, 0x000001c65b640000, 0x000001c6622e0000]
CodeHeap 'profiled nmethods': size=120000Kb used=36796Kb max_used=36796Kb free=83203Kb
 bounds [0x000001c653870000, 0x000001c655c60000, 0x000001c65ada0000]
CodeHeap 'non-nmethods': size=5696Kb used=2435Kb max_used=2487Kb free=3260Kb
 bounds [0x000001c6532e0000, 0x000001c653560000, 0x000001c653870000]
 total_blobs=17326 nmethods=16359 adapters=878
 compilation: enabled
              stopped_count=0, restarted_count=0
 full_count=0

Compilation events (20 events):
Event: 105.012 Thread 0x000001c6693ea000 16759       2       com.android.tools.r8.code.B::a (1 bytes)
Event: 105.012 Thread 0x000001c6693ea000 nmethod 16759 0x000001c655c5c890 code [0x000001c655c5ca40, 0x000001c655c5cb38]
Event: 105.015 Thread 0x000001c6693ea000 16760       2       com.android.tools.r8.code.E::a (1 bytes)
Event: 105.015 Thread 0x000001c6693ea000 nmethod 16760 0x000001c655c5cc10 code [0x000001c655c5cdc0, 0x000001c655c5ceb8]
Event: 105.020 Thread 0x000001c6693ea000 16762       2       com.android.tools.r8.code.k::a (1 bytes)
Event: 105.021 Thread 0x000001c6693ea000 nmethod 16762 0x000001c655c5cf90 code [0x000001c655c5d140, 0x000001c655c5d238]
Event: 105.028 Thread 0x000001c6693ea000 16763       2       com.android.tools.r8.code.R3::a (1 bytes)
Event: 105.028 Thread 0x000001c6693ea000 nmethod 16763 0x000001c655c5d310 code [0x000001c655c5d4c0, 0x000001c655c5d5b8]
Event: 105.034 Thread 0x000001c6693ea000 16764       3       com.android.tools.r8.graph.f1$a::a (29 bytes)
Event: 105.034 Thread 0x000001c6693ea000 nmethod 16764 0x000001c655c5d690 code [0x000001c655c5d860, 0x000001c655c5db08]
Event: 105.034 Thread 0x000001c6693ea000 16765       2       com.android.tools.r8.graph.N$b$a::a (40 bytes)
Event: 105.035 Thread 0x000001c6693ea000 nmethod 16765 0x000001c655c5dc90 code [0x000001c655c5de80, 0x000001c655c5e098]
Event: 105.039 Thread 0x000001c6693ea000 16766       2       com.android.tools.r8.code.A0::a (1 bytes)
Event: 105.039 Thread 0x000001c6693ea000 nmethod 16766 0x000001c655c5e210 code [0x000001c655c5e3c0, 0x000001c655c5e4b8]
Event: 105.042 Thread 0x000001c6693ea000 16767       2       com.android.tools.r8.graph.j1::a (38 bytes)
Event: 105.043 Thread 0x000001c6693ea000 nmethod 16767 0x000001c655c5e590 code [0x000001c655c5e760, 0x000001c655c5e948]
Event: 105.045 Thread 0x000001c6693ea000 16768       2       com.android.tools.r8.code.Y0::a (1 bytes)
Event: 105.046 Thread 0x000001c6693ea000 nmethod 16768 0x000001c655c5ea90 code [0x000001c655c5ec40, 0x000001c655c5ed38]
Event: 105.050 Thread 0x000001c6693ea000 16769       2       com.android.tools.r8.code.c::a (1 bytes)
Event: 105.051 Thread 0x000001c6693ea000 nmethod 16769 0x000001c655c5ee10 code [0x000001c655c5efc0, 0x000001c655c5f0b8]

GC Heap History (20 events):
Event: 92.735 GC heap after
{Heap after GC invocations=59 (full 0):
 garbage-first heap   total 208896K, used 93972K [0x0000000080000000, 0x0000000100000000)
  region size 1024K, 3 young (3072K), 3 survivors (3072K)
 Metaspace       used 102581K, capacity 104992K, committed 105072K, reserved 1140736K
  class space    used 12943K, capacity 13820K, committed 13848K, reserved 1048576K
}
Event: 95.826 GC heap before
{Heap before GC invocations=60 (full 0):
 garbage-first heap   total 208896K, used 159508K [0x0000000080000000, 0x0000000100000000)
  region size 1024K, 64 young (65536K), 3 survivors (3072K)
 Metaspace       used 109825K, capacity 112643K, committed 112752K, reserved 1146880K
  class space    used 13978K, capacity 15068K, committed 15128K, reserved 1048576K
}
Event: 95.868 GC heap after
{Heap after GC invocations=61 (full 0):
 garbage-first heap   total 208896K, used 105986K [0x0000000080000000, 0x0000000100000000)
  region size 1024K, 8 young (8192K), 8 survivors (8192K)
 Metaspace       used 109825K, capacity 112643K, committed 112752K, reserved 1146880K
  class space    used 13978K, capacity 15068K, committed 15128K, reserved 1048576K
}
Event: 95.959 GC heap before
{Heap before GC invocations=61 (full 0):
 garbage-first heap   total 208896K, used 108034K [0x0000000080000000, 0x0000000100000000)
  region size 1024K, 10 young (10240K), 8 survivors (8192K)
 Metaspace       used 110236K, capacity 113102K, committed 113392K, reserved 1146880K
  class space    used 14060K, capacity 15186K, committed 15256K, reserved 1048576K
}
Event: 95.989 GC heap after
{Heap after GC invocations=62 (full 0):
 garbage-first heap   total 208896K, used 106231K [0x0000000080000000, 0x0000000100000000)
  region size 1024K, 1 young (1024K), 1 survivors (1024K)
 Metaspace       used 110236K, capacity 113102K, committed 113392K, reserved 1146880K
  class space    used 14060K, capacity 15186K, committed 15256K, reserved 1048576K
}
Event: 97.278 GC heap before
{Heap before GC invocations=62 (full 0):
 garbage-first heap   total 208896K, used 162551K [0x0000000080000000, 0x0000000100000000)
  region size 1024K, 57 young (58368K), 1 survivors (1024K)
 Metaspace       used 114050K, capacity 117132K, committed 117360K, reserved 1150976K
  class space    used 14602K, capacity 15800K, committed 15896K, reserved 1048576K
}
Event: 97.299 GC heap after
{Heap after GC invocations=63 (full 0):
 garbage-first heap   total 208896K, used 113211K [0x0000000080000000, 0x0000000100000000)
  region size 1024K, 8 young (8192K), 8 survivors (8192K)
 Metaspace       used 114050K, capacity 117132K, committed 117360K, reserved 1150976K
  class space    used 14602K, capacity 15800K, committed 15896K, reserved 1048576K
}
Event: 98.500 GC heap before
{Heap before GC invocations=64 (full 0):
 garbage-first heap   total 208896K, used 138811K [0x0000000080000000, 0x0000000100000000)
  region size 1024K, 35 young (35840K), 8 survivors (8192K)
 Metaspace       used 116093K, capacity 119281K, committed 119664K, reserved 1153024K
  class space    used 14765K, capacity 15975K, committed 16152K, reserved 1048576K
}
Event: 98.525 GC heap after
{Heap after GC invocations=65 (full 0):
 garbage-first heap   total 208896K, used 114478K [0x0000000080000000, 0x0000000100000000)
  region size 1024K, 3 young (3072K), 3 survivors (3072K)
 Metaspace       used 116093K, capacity 119281K, committed 119664K, reserved 1153024K
  class space    used 14765K, capacity 15975K, committed 16152K, reserved 1048576K
}
Event: 99.926 GC heap before
{Heap before GC invocations=66 (full 0):
 garbage-first heap   total 208896K, used 202542K [0x0000000080000000, 0x0000000100000000)
  region size 1024K, 47 young (48128K), 3 survivors (3072K)
 Metaspace       used 116846K, capacity 119967K, committed 120176K, reserved 1153024K
  class space    used 14852K, capacity 16049K, committed 16152K, reserved 1048576K
}
Event: 100.014 GC heap after
{Heap after GC invocations=67 (full 0):
 garbage-first heap   total 222208K, used 147940K [0x0000000080000000, 0x0000000100000000)
  region size 1024K, 6 young (6144K), 6 survivors (6144K)
 Metaspace       used 116846K, capacity 119967K, committed 120176K, reserved 1153024K
  class space    used 14852K, capacity 16049K, committed 16152K, reserved 1048576K
}
Event: 100.075 GC heap before
{Heap before GC invocations=67 (full 0):
 garbage-first heap   total 222208K, used 152036K [0x0000000080000000, 0x0000000100000000)
  region size 1024K, 10 young (10240K), 6 survivors (6144K)
 Metaspace       used 116846K, capacity 119967K, committed 120176K, reserved 1153024K
  class space    used 14852K, capacity 16049K, committed 16152K, reserved 1048576K
}
Event: 100.116 GC heap after
{Heap after GC invocations=68 (full 0):
 garbage-first heap   total 267264K, used 150486K [0x0000000080000000, 0x0000000100000000)
  region size 1024K, 2 young (2048K), 2 survivors (2048K)
 Metaspace       used 116846K, capacity 119967K, committed 120176K, reserved 1153024K
  class space    used 14852K, capacity 16049K, committed 16152K, reserved 1048576K
}
Event: 101.935 GC heap before
{Heap before GC invocations=68 (full 0):
 garbage-first heap   total 267264K, used 201686K [0x0000000080000000, 0x0000000100000000)
  region size 1024K, 52 young (53248K), 2 survivors (2048K)
 Metaspace       used 117829K, capacity 121038K, committed 121072K, reserved 1155072K
  class space    used 15042K, capacity 16255K, committed 16280K, reserved 1048576K
}
Event: 102.364 GC heap after
{Heap after GC invocations=69 (full 0):
 garbage-first heap   total 267264K, used 175991K [0x0000000080000000, 0x0000000100000000)
  region size 1024K, 7 young (7168K), 7 survivors (7168K)
 Metaspace       used 117829K, capacity 121038K, committed 121072K, reserved 1155072K
  class space    used 15042K, capacity 16255K, committed 16280K, reserved 1048576K
}
Event: 103.446 GC heap before
{Heap before GC invocations=69 (full 0):
 garbage-first heap   total 267264K, used 209783K [0x0000000080000000, 0x0000000100000000)
  region size 1024K, 39 young (39936K), 7 survivors (7168K)
 Metaspace       used 117834K, capacity 121038K, committed 121072K, reserved 1155072K
  class space    used 15042K, capacity 16255K, committed 16280K, reserved 1048576K
}
Event: 103.515 GC heap after
{Heap after GC invocations=70 (full 0):
 garbage-first heap   total 267264K, used 195584K [0x0000000080000000, 0x0000000100000000)
  region size 1024K, 5 young (5120K), 5 survivors (5120K)
 Metaspace       used 117834K, capacity 121038K, committed 121072K, reserved 1155072K
  class space    used 15042K, capacity 16255K, committed 16280K, reserved 1048576K
}
Event: 104.485 GC heap before
{Heap before GC invocations=70 (full 0):
 garbage-first heap   total 267264K, used 217088K [0x0000000080000000, 0x0000000100000000)
  region size 1024K, 26 young (26624K), 5 survivors (5120K)
 Metaspace       used 117971K, capacity 121145K, committed 121328K, reserved 1155072K
  class space    used 15049K, capacity 16262K, committed 16280K, reserved 1048576K
}
Event: 104.520 GC heap after
{Heap after GC invocations=71 (full 0):
 garbage-first heap   total 267264K, used 200704K [0x0000000080000000, 0x0000000100000000)
  region size 1024K, 4 young (4096K), 4 survivors (4096K)
 Metaspace       used 117971K, capacity 121145K, committed 121328K, reserved 1155072K
  class space    used 15049K, capacity 16262K, committed 16280K, reserved 1048576K
}
Event: 105.067 GC heap before
{Heap before GC invocations=71 (full 0):
 garbage-first heap   total 267264K, used 219136K [0x0000000080000000, 0x0000000100000000)
  region size 1024K, 23 young (23552K), 4 survivors (4096K)
 Metaspace       used 118033K, capacity 121278K, committed 121328K, reserved 1155072K
  class space    used 15049K, capacity 16262K, committed 16280K, reserved 1048576K
}

Deoptimization events (20 events):
Event: 103.607 Thread 0x000001c66d39b000 DEOPT PACKING pc=0x000001c655aea00c sp=0x000000acc78fe870
Event: 103.607 Thread 0x000001c66d39b000 DEOPT UNPACKING pc=0x000001c65332a95e sp=0x000000acc78fdeb0 mode 0
Event: 103.612 Thread 0x000001c66d39b000 DEOPT PACKING pc=0x000001c655aea00c sp=0x000000acc78fe870
Event: 103.612 Thread 0x000001c66d39b000 DEOPT UNPACKING pc=0x000001c65332a95e sp=0x000000acc78fdeb0 mode 0
Event: 103.614 Thread 0x000001c66d39b000 DEOPT PACKING pc=0x000001c655b9db1a sp=0x000000acc78fe090
Event: 103.614 Thread 0x000001c66d39b000 DEOPT UNPACKING pc=0x000001c65332a95e sp=0x000000acc78fdcb0 mode 0
Event: 103.618 Thread 0x000001c66d39b000 DEOPT PACKING pc=0x000001c655aea00c sp=0x000000acc78fe870
Event: 103.618 Thread 0x000001c66d39b000 DEOPT UNPACKING pc=0x000001c65332a95e sp=0x000000acc78fdeb0 mode 0
Event: 104.114 Thread 0x000001c66d396800 DEOPT PACKING pc=0x000001c655bc78cc sp=0x000000acc79fe9f0
Event: 104.114 Thread 0x000001c66d396800 DEOPT UNPACKING pc=0x000001c65332a95e sp=0x000000acc79fdea8 mode 0
Event: 104.309 Thread 0x000001c67198f800 DEOPT PACKING pc=0x000001c6557e0c23 sp=0x000000acc7bfe960
Event: 104.309 Thread 0x000001c67198f800 DEOPT UNPACKING pc=0x000001c65332a95e sp=0x000000acc7bfddf0 mode 0
Event: 104.355 Thread 0x000001c66d39d000 DEOPT PACKING pc=0x000001c655bf4797 sp=0x000000acc7afe8f0
Event: 104.355 Thread 0x000001c66d39d000 DEOPT UNPACKING pc=0x000001c65332a95e sp=0x000000acc7afdf28 mode 0
Event: 104.358 Thread 0x000001c66d39d000 DEOPT PACKING pc=0x000001c655bef5b8 sp=0x000000acc7afe690
Event: 104.358 Thread 0x000001c66d39d000 DEOPT UNPACKING pc=0x000001c65332a95e sp=0x000000acc7afdd00 mode 0
Event: 104.681 Thread 0x000001c67198f800 DEOPT PACKING pc=0x000001c655c2e301 sp=0x000000acc7bfe8c0
Event: 104.681 Thread 0x000001c67198f800 DEOPT UNPACKING pc=0x000001c65332a95e sp=0x000000acc7bfdd78 mode 0
Event: 104.724 Thread 0x000001c67198f800 DEOPT PACKING pc=0x000001c655c2f986 sp=0x000000acc7bff010
Event: 104.724 Thread 0x000001c67198f800 DEOPT UNPACKING pc=0x000001c65332a95e sp=0x000000acc7bfe5d0 mode 0

Classes redefined (0 events):
No events

Internal exceptions (20 events):
Event: 98.213 Thread 0x000001c66d38e000 Exception <a 'java/lang/IncompatibleClassChangeError'{0x000000008c097f28}: Found class java.lang.Object, but interface was expected> (0x000000008c097f28) thrown at [./src/hotspot/share/interpreter/linkResolver.cpp, line 839]
Event: 98.312 Thread 0x000001c66d38e000 Exception <a 'java/lang/NoSuchMethodError'{0x000000008bcf9920}: 'void java.lang.invoke.DirectMethodHandle$Holder.invokeSpecial(java.lang.Object, java.lang.Object, int)'> (0x000000008bcf9920) thrown at [./src/hotspot/share/interpreter/linkResolver.cpp, line 773]
Event: 98.312 Thread 0x000001c66d394000 Exception <a 'java/lang/NoSuchMethodError'{0x000000008bb16d68}: 'void java.lang.invoke.DirectMethodHandle$Holder.invokeSpecial(java.lang.Object, java.lang.Object, int)'> (0x000000008bb16d68) thrown at [./src/hotspot/share/interpreter/linkResolver.cpp, line 773]
Event: 98.370 Thread 0x000001c66d394000 Exception <a 'sun/nio/fs/WindowsException'{0x000000008b95f010}> (0x000000008b95f010) thrown at [./src/hotspot/share/prims/jni.cpp, line 616]
Event: 98.388 Thread 0x000001c66d38e000 Exception <a 'sun/nio/fs/WindowsException'{0x000000008b975e20}> (0x000000008b975e20) thrown at [./src/hotspot/share/prims/jni.cpp, line 616]
Event: 98.393 Thread 0x000001c66d394000 Exception <a 'sun/nio/fs/WindowsException'{0x000000008b882208}> (0x000000008b882208) thrown at [./src/hotspot/share/prims/jni.cpp, line 616]
Event: 98.397 Thread 0x000001c66d38e000 Exception <a 'sun/nio/fs/WindowsException'{0x000000008b97be90}> (0x000000008b97be90) thrown at [./src/hotspot/share/prims/jni.cpp, line 616]
Event: 98.414 Thread 0x000001c66d394000 Exception <a 'sun/nio/fs/WindowsException'{0x000000008b888228}> (0x000000008b888228) thrown at [./src/hotspot/share/prims/jni.cpp, line 616]
Event: 98.422 Thread 0x000001c66d394000 Exception <a 'sun/nio/fs/WindowsException'{0x000000008b88e258}> (0x000000008b88e258) thrown at [./src/hotspot/share/prims/jni.cpp, line 616]
Event: 98.428 Thread 0x000001c66d38e000 Exception <a 'sun/nio/fs/WindowsException'{0x000000008b9865a0}> (0x000000008b9865a0) thrown at [./src/hotspot/share/prims/jni.cpp, line 616]
Event: 98.431 Thread 0x000001c66d38e000 Exception <a 'sun/nio/fs/WindowsException'{0x000000008b6fa9d0}> (0x000000008b6fa9d0) thrown at [./src/hotspot/share/prims/jni.cpp, line 616]
Event: 98.448 Thread 0x000001c66d394000 Exception <a 'sun/nio/fs/WindowsException'{0x000000008b895a10}> (0x000000008b895a10) thrown at [./src/hotspot/share/prims/jni.cpp, line 616]
Event: 98.451 Thread 0x000001c66d38e000 Exception <a 'sun/nio/fs/WindowsException'{0x000000008b5f8f88}> (0x000000008b5f8f88) thrown at [./src/hotspot/share/prims/jni.cpp, line 616]
Event: 98.454 Thread 0x000001c66d394000 Exception <a 'sun/nio/fs/WindowsException'{0x000000008b89f328}> (0x000000008b89f328) thrown at [./src/hotspot/share/prims/jni.cpp, line 616]
Event: 98.470 Thread 0x000001c66d38e000 Exception <a 'sun/nio/fs/WindowsException'{0x000000008b5ff528}> (0x000000008b5ff528) thrown at [./src/hotspot/share/prims/jni.cpp, line 616]
Event: 98.474 Thread 0x000001c66d394000 Exception <a 'sun/nio/fs/WindowsException'{0x000000008b8a5cc8}> (0x000000008b8a5cc8) thrown at [./src/hotspot/share/prims/jni.cpp, line 616]
Event: 98.478 Thread 0x000001c66d38e000 Exception <a 'sun/nio/fs/WindowsException'{0x000000008b4f2810}> (0x000000008b4f2810) thrown at [./src/hotspot/share/prims/jni.cpp, line 616]
Event: 98.488 Thread 0x000001c66d38e000 Exception <a 'sun/nio/fs/WindowsException'{0x000000008b4f8200}> (0x000000008b4f8200) thrown at [./src/hotspot/share/prims/jni.cpp, line 616]
Event: 99.241 Thread 0x000001c66d394000 Exception <a 'sun/nio/fs/WindowsException'{0x000000008c7f2a00}> (0x000000008c7f2a00) thrown at [./src/hotspot/share/prims/jni.cpp, line 616]
Event: 100.046 Thread 0x000001c66d394000 Implicit null exception at 0x000001c65b5e231c to 0x000001c65b5e2d50

Events (20 events):
Event: 104.289 Executing VM operation: RevokeBias done
Event: 104.299 Executing VM operation: RevokeBias
Event: 104.301 Executing coalesced safepoint VM operation: RevokeBias
Event: 104.301 Executing coalesced safepoint VM operation: RevokeBias done
Event: 104.301 Executing coalesced safepoint VM operation: RevokeBias
Event: 104.301 Executing coalesced safepoint VM operation: RevokeBias done
Event: 104.301 Executing VM operation: RevokeBias done
Event: 104.303 Executing VM operation: RevokeBias
Event: 104.303 Executing coalesced safepoint VM operation: RevokeBias
Event: 104.303 Executing coalesced safepoint VM operation: RevokeBias done
Event: 104.303 Executing VM operation: RevokeBias done
Event: 104.304 Executing VM operation: RevokeBias
Event: 104.304 Executing coalesced safepoint VM operation: BulkRevokeBias
Event: 104.308 Executing coalesced safepoint VM operation: BulkRevokeBias done
Event: 104.308 Executing VM operation: RevokeBias done
Event: 104.444 Executing VM operation: RevokeBias
Event: 104.447 Executing VM operation: RevokeBias done
Event: 104.470 Executing VM operation: G1CollectForAllocation
Event: 104.520 Executing VM operation: G1CollectForAllocation done
Event: 105.054 Executing VM operation: G1CollectForAllocation


Dynamic libraries:
0x00007ff623ca0000 - 0x00007ff623caa000 	C:\Program Files\Android\Android Studio\jre\bin\java.exe
0x00007ff99b8f0000 - 0x00007ff99bae8000 	C:\WINDOWS\SYSTEM32\ntdll.dll
0x00007ff992d80000 - 0x00007ff992d97000 	C:\Program Files\AVAST Software\Avast\aswhook.dll
0x00007ff99a8e0000 - 0x00007ff99a99f000 	C:\WINDOWS\System32\KERNEL32.DLL
0x00007ff999650000 - 0x00007ff999922000 	C:\WINDOWS\System32\KERNELBASE.dll
0x00007ff9994a0000 - 0x00007ff9995a0000 	C:\WINDOWS\System32\ucrtbase.dll
0x00007ff988f40000 - 0x00007ff988f59000 	C:\Program Files\Android\Android Studio\jre\bin\jli.dll
0x00007ff988ba0000 - 0x00007ff988bb7000 	C:\Program Files\Android\Android Studio\jre\bin\VCRUNTIME140.dll
0x00007ff999930000 - 0x00007ff999ad1000 	C:\WINDOWS\System32\USER32.dll
0x00007ff999440000 - 0x00007ff999462000 	C:\WINDOWS\System32\win32u.dll
0x00007ff999fc0000 - 0x00007ff999feb000 	C:\WINDOWS\System32\GDI32.dll
0x00007ff9992e0000 - 0x00007ff9993ef000 	C:\WINDOWS\System32\gdi32full.dll
0x00007ff988330000 - 0x00007ff9885ca000 	C:\WINDOWS\WinSxS\amd64_microsoft.windows.common-controls_6595b64144ccf1df_6.0.19041.1110_none_60b5254171f9507e\COMCTL32.dll
0x00007ff998fe0000 - 0x00007ff99907d000 	C:\WINDOWS\System32\msvcp_win.dll
0x00007ff99af90000 - 0x00007ff99b02e000 	C:\WINDOWS\System32\msvcrt.dll
0x00007ff99a750000 - 0x00007ff99a782000 	C:\WINDOWS\System32\IMM32.DLL
0x00007ff96ace0000 - 0x00007ff96ad7d000 	C:\Program Files\Android\Android Studio\jre\bin\msvcp140.dll
0x00007ff9566e0000 - 0x00007ff9571e2000 	C:\Program Files\Android\Android Studio\jre\bin\server\jvm.dll
0x00007ff99b7e0000 - 0x00007ff99b88e000 	C:\WINDOWS\System32\ADVAPI32.dll
0x00007ff99a790000 - 0x00007ff99a82c000 	C:\WINDOWS\System32\sechost.dll
0x00007ff999ca0000 - 0x00007ff999dc5000 	C:\WINDOWS\System32\RPCRT4.dll
0x00007ff999dd0000 - 0x00007ff999dd8000 	C:\WINDOWS\System32\PSAPI.DLL
0x00007ff98d2f0000 - 0x00007ff98d317000 	C:\WINDOWS\SYSTEM32\WINMM.dll
0x00007ff98f520000 - 0x00007ff98f52a000 	C:\WINDOWS\SYSTEM32\VERSION.dll
0x00007ff987590000 - 0x00007ff987599000 	C:\WINDOWS\SYSTEM32\WSOCK32.dll
0x00007ff999ba0000 - 0x00007ff999c0b000 	C:\WINDOWS\System32\WS2_32.dll
0x00007ff996ea0000 - 0x00007ff996eb2000 	C:\WINDOWS\SYSTEM32\kernel.appcore.dll
0x00007ff986c00000 - 0x00007ff986c11000 	C:\Program Files\Android\Android Studio\jre\bin\verify.dll
0x00007ff98de80000 - 0x00007ff98e064000 	C:\WINDOWS\SYSTEM32\DBGHELP.DLL
0x00007ff98de40000 - 0x00007ff98de75000 	C:\WINDOWS\SYSTEM32\dbgcore.DLL
0x00007ff9991e0000 - 0x00007ff999262000 	C:\WINDOWS\System32\bcryptPrimitives.dll
0x00007ff968fd0000 - 0x00007ff968ff9000 	C:\Program Files\Android\Android Studio\jre\bin\java.dll
0x00007ff988d00000 - 0x00007ff988d0b000 	C:\Program Files\Android\Android Studio\jre\bin\jimage.dll
0x00007ff985e80000 - 0x00007ff985e98000 	C:\Program Files\Android\Android Studio\jre\bin\zip.dll
0x00007ff99a000000 - 0x00007ff99a744000 	C:\WINDOWS\System32\SHELL32.dll
0x00007ff9970a0000 - 0x00007ff997832000 	C:\WINDOWS\SYSTEM32\windows.storage.dll
0x00007ff99abd0000 - 0x00007ff99af25000 	C:\WINDOWS\System32\combase.dll
0x00007ff998960000 - 0x00007ff998990000 	C:\WINDOWS\SYSTEM32\Wldp.dll
0x00007ff999de0000 - 0x00007ff999e8d000 	C:\WINDOWS\System32\SHCORE.dll
0x00007ff999ae0000 - 0x00007ff999b35000 	C:\WINDOWS\System32\shlwapi.dll
0x00007ff998f20000 - 0x00007ff998f3f000 	C:\WINDOWS\SYSTEM32\profapi.dll
0x00007ff9835b0000 - 0x00007ff9835ca000 	C:\Program Files\Android\Android Studio\jre\bin\net.dll
0x00007ff98d9d0000 - 0x00007ff98dadc000 	C:\WINDOWS\SYSTEM32\WINHTTP.dll
0x00007ff9986c0000 - 0x00007ff99872a000 	C:\WINDOWS\system32\mswsock.dll
0x00007ff9743a0000 - 0x00007ff9743b4000 	C:\Program Files\Android\Android Studio\jre\bin\nio.dll
0x00007ff9882e0000 - 0x00007ff988307000 	C:\Users\Kleivy Gomes\.gradle\native\e1d6ef7f7dcc3fd88c89a11ec53ec762bb8ba0a96d01ffa2cd45eb1d1d8dd5c5\windows-amd64\native-platform.dll
0x00007ff94bd10000 - 0x00007ff94be54000 	C:\Users\Kleivy Gomes\.gradle\native\0d407fdbe67a94daf76414ababcb853783967236a71b16ec16e742cd7a986fd3\windows-amd64\native-platform-file-events.dll
0x00007ff987ff0000 - 0x00007ff987ffa000 	C:\Program Files\Android\Android Studio\jre\bin\management.dll
0x00007ff987d00000 - 0x00007ff987d0d000 	C:\Program Files\Android\Android Studio\jre\bin\management_ext.dll
0x00007ff9988b0000 - 0x00007ff9988c8000 	C:\WINDOWS\SYSTEM32\CRYPTSP.dll
0x00007ff997fe0000 - 0x00007ff998014000 	C:\WINDOWS\system32\rsaenh.dll
0x00007ff999470000 - 0x00007ff999497000 	C:\WINDOWS\System32\bcrypt.dll
0x00007ff998ee0000 - 0x00007ff998f0e000 	C:\WINDOWS\SYSTEM32\USERENV.dll
0x00007ff9988d0000 - 0x00007ff9988dc000 	C:\WINDOWS\SYSTEM32\CRYPTBASE.dll
0x00007ff9983b0000 - 0x00007ff9983eb000 	C:\WINDOWS\SYSTEM32\IPHLPAPI.DLL
0x00007ff999ff0000 - 0x00007ff999ff8000 	C:\WINDOWS\System32\NSI.dll
0x00007ff98e070000 - 0x00007ff98e087000 	C:\WINDOWS\SYSTEM32\dhcpcsvc6.DLL
0x00007ff98f2b0000 - 0x00007ff98f2cd000 	C:\WINDOWS\SYSTEM32\dhcpcsvc.DLL
0x00007ff9983f0000 - 0x00007ff9984ba000 	C:\WINDOWS\SYSTEM32\DNSAPI.dll
0x00007ff998100000 - 0x00007ff998133000 	C:\WINDOWS\SYSTEM32\ntmarta.dll

dbghelp: loaded successfully - version: 4.0.5 - missing functions: none
symbol engine: initialized successfully - sym options: 0x614 - pdb path: .;C:\Program Files\Android\Android Studio\jre\bin;C:\WINDOWS\SYSTEM32;C:\Program Files\AVAST Software\Avast;C:\WINDOWS\WinSxS\amd64_microsoft.windows.common-controls_6595b64144ccf1df_6.0.19041.1110_none_60b5254171f9507e;C:\Program Files\Android\Android Studio\jre\bin\server;C:\Users\Kleivy Gomes\.gradle\native\e1d6ef7f7dcc3fd88c89a11ec53ec762bb8ba0a96d01ffa2cd45eb1d1d8dd5c5\windows-amd64;C:\Users\Kleivy Gomes\.gradle\native\0d407fdbe67a94daf76414ababcb853783967236a71b16ec16e742cd7a986fd3\windows-amd64

VM Arguments:
jvm_args: --add-opens=java.base/java.util=ALL-UNNAMED --add-opens=java.base/java.lang=ALL-UNNAMED --add-opens=java.base/java.lang.invoke=ALL-UNNAMED --add-opens=java.base/java.util=ALL-UNNAMED --add-opens=java.prefs/java.util.prefs=ALL-UNNAMED --add-opens=java.prefs/java.util.prefs=ALL-UNNAMED --add-opens=java.base/java.nio.charset=ALL-UNNAMED --add-opens=java.base/java.net=ALL-UNNAMED --add-opens=java.base/java.util.concurrent.atomic=ALL-UNNAMED -Xmx2048m -Dfile.encoding=UTF-8 -Duser.country=PT -Duser.language=pt -Duser.variant 
java_command: org.gradle.launcher.daemon.bootstrap.GradleDaemon 7.4
java_class_path (initial): C:\Users\Kleivy Gomes\.gradle\wrapper\dists\gradle-7.4-bin\c0gwcg53nkjbqw7r0h0umtfvt\gradle-7.4\lib\gradle-launcher-7.4.jar
Launcher Type: SUN_STANDARD

[Global flags]
     intx CICompilerCount                          = 3                                         {product} {ergonomic}
     uint ConcGCThreads                            = 1                                         {product} {ergonomic}
     uint G1ConcRefinementThreads                  = 4                                         {product} {ergonomic}
   size_t G1HeapRegionSize                         = 1048576                                   {product} {ergonomic}
    uintx GCDrainStackTargetSize                   = 64                                        {product} {ergonomic}
   size_t InitialHeapSize                          = 100663296                                 {product} {ergonomic}
   size_t MarkStackSize                            = 4194304                                   {product} {ergonomic}
   size_t MaxHeapSize                              = 2147483648                                {product} {command line}
   size_t MaxNewSize                               = 1287651328                                {product} {ergonomic}
   size_t MinHeapDeltaBytes                        = 1048576                                   {product} {ergonomic}
    uintx NonNMethodCodeHeapSize                   = 5830732                                {pd product} {ergonomic}
    uintx NonProfiledCodeHeapSize                  = 122913754                              {pd product} {ergonomic}
    uintx ProfiledCodeHeapSize                     = 122913754                              {pd product} {ergonomic}
    uintx ReservedCodeCacheSize                    = 251658240                              {pd product} {ergonomic}
     bool SegmentedCodeCache                       = true                                      {product} {ergonomic}
     bool UseCompressedClassPointers               = true                                 {lp64_product} {ergonomic}
     bool UseCompressedOops                        = true                                 {lp64_product} {ergonomic}
     bool UseG1GC                                  = true                                      {product} {ergonomic}
     bool UseLargePagesIndividualAllocation        = false                                  {pd product} {ergonomic}

Logging:
Log output configuration:
 #0: stdout all=warning uptime,level,tags
 #1: stderr all=off uptime,level,tags

Environment Variables:
JAVA_HOME=C:\Program Files\Java\jdk1.8.0_202
PATH=C:\app\Gomez\virtual\product\12.2.0\dbhome_1\bin;C:\Program Files\Java\jre1.8.0_202\;C:\Program Files\Java\jdk1.8.0_202\bin;C:\MinGW\bin;C:\DevSuiteHome_1\jdk\jre\bin;C:\DevSuiteHome_1\jdk\jre\bin\client;C:\DevSuiteHome_1\jlib;C:\DevSuiteHome_1\bin;C:\DevSuiteHome_1\jre\1.4.2\bin\client;C:\DevSuiteHome_1\jre\1.4.2\bin;C:\Program Files (x86)\Common Files\Oracle\Java\javapath;C:\WINDOWS\system32;C:\WINDOWS;C:\WINDOWS\System32\Wbem;C:\WINDOWS\System32\WindowsPowerShell\v1.0\;C:\Program Files\dotnet\;C:\WINDOWS\System32\OpenSSH\;C:\apache-maven-3.6.1-bin\apache-maven-3.6.1\bin;C:\ProgramData\chocolatey\bin;C:\Program Files\Git\cmd;C:\Program Files\nodejs\;C:\Program Files\PostgreSQL\14\bin;C:\Program Files\PostgreSQL\14\lib;C:\Users\Kleivy Gomes\Documents\EISC\4º ano\VR\Opengl\bin;C:\Program Files\CMake\bin;C:\Users\Kleivy Gomes\AppData\Local\Programs\Python\Python311\Scripts\;C:\Users\Kleivy Gomes\AppData\Local\Programs\Python\Python311\;C:\Users\Kleivy Gomes\AppData\Roaming\local\bin;C:\Users\Kleivy Gomes\AppData\Local\Microsoft\WindowsApps;C:\ProgramData\chocolatey\lib\ghc\tools\ghc-8.10.2\bin;C:\tools\msys64;C:\Users\Kleivy Gomes\AppData\Local\Programs\Microsoft VS Code\bin;C:\Program Files\heroku\bin;C:\Users\Kleivy Gomes\AppData\Roaming\npm;C:\Program Files\MySQL\MySQL Server 8.0\bin;C:\Program Files\MongoDB\Server\5.0\bin;C:\Program Files\JetBrains\PyCharm 2022.3\bin;
USERNAME=Kleivy Gomes
OS=Windows_NT
PROCESSOR_IDENTIFIER=Intel64 Family 6 Model 58 Stepping 9, GenuineIntel



---------------  S Y S T E M  ---------------

OS: Windows 10 , 64 bit Build 19041 (10.0.19041.2364)
OS uptime: 0 days 1:17 hours

CPU:total 4 (initial active 4) (2 cores per cpu, 2 threads per core) family 6 model 58 stepping 9 microcode 0x21, cmov, cx8, fxsr, mmx, sse, sse2, sse3, ssse3, sse4.1, sse4.2, popcnt, avx, clmul, erms, ht, tsc, tscinvbit, tscinv

Memory: 4k page, system-wide physical 6019M (324M free)
TotalPageFile size 10115M (AvailPageFile size 198M)
current process WorkingSet (physical memory assigned to process): 461M, peak: 470M
current process commit charge ("private bytes"): 618M, peak: 867M

vm_info: OpenJDK 64-Bit Server VM (11.0.13+0-b1751.21-8125866) for windows-amd64 JRE (11.0.13+0-b1751.21-8125866), built on Feb  2 2022 03:00:22 by "builder" with MS VC++ 14.0 (VS2015)

END.
