#
# There is insufficient memory for the Java Runtime Environment to continue.
# Native memory allocation (mmap) failed to map 132120576 bytes for Failed to commit area from 0x0000000090600000 to 0x0000000098400000 of length 132120576.
# Possible reasons:
#   The system is out of physical RAM or swap space
#   The process is running with CompressedOops enabled, and the Java Heap may be blocking the growth of the native heap
# Possible solutions:
#   Reduce memory load on the system
#   Increase physical memory or swap space
#   Check if swap backing store is full
#   Decrease Java heap size (-Xmx/-Xms)
#   Decrease number of Java threads
#   Decrease Java thread stack sizes (-Xss)
#   Set larger code cache with -XX:ReservedCodeCacheSize=
#   JVM is running with Unscaled Compressed Oops mode in which the Java heap is
#     placed in the first 4GB address space. The Java Heap base address is the
#     maximum limit for the native heap growth. Please use -XX:HeapBaseMinAddress
#     to set the Java Heap base and to place the Java Heap above 4GB virtual address.
# This output file may be truncated or incomplete.
#
#  Out of Memory Error (./src/hotspot/os/windows/os_windows.cpp:3619), pid=8700, tid=2084
#
# JRE version: OpenJDK Runtime Environment (11.0.13) (build 11.0.13+0-b1751.21-8125866)
# Java VM: OpenJDK 64-Bit Server VM (11.0.13+0-b1751.21-8125866, mixed mode, tiered, compressed oops, g1 gc, windows-amd64)
# No core dump will be written. Minidumps are not enabled by default on client versions of Windows
#

---------------  S U M M A R Y ------------

Command Line: --add-opens=java.base/java.util=ALL-UNNAMED --add-opens=java.base/java.lang=ALL-UNNAMED --add-opens=java.base/java.lang.invoke=ALL-UNNAMED --add-opens=java.base/java.util=ALL-UNNAMED --add-opens=java.prefs/java.util.prefs=ALL-UNNAMED --add-opens=java.prefs/java.util.prefs=ALL-UNNAMED --add-opens=java.base/java.nio.charset=ALL-UNNAMED --add-opens=java.base/java.net=ALL-UNNAMED --add-opens=java.base/java.util.concurrent.atomic=ALL-UNNAMED -Xmx2048m -Dfile.encoding=UTF-8 -Duser.country=PT -Duser.language=pt -Duser.variant org.gradle.launcher.daemon.bootstrap.GradleDaemon 7.4

Host: Intel(R) Core(TM) i3-3110M CPU @ 2.40GHz, 4 cores, 5G,  Windows 10 , 64 bit Build 19041 (10.0.19041.2364)
Time: Fri Jan  6 02:41:33 2023 Hora Padrão de Cabo Verde elapsed time: 53.640853 seconds (0d 0h 0m 53s)

---------------  T H R E A D  ---------------

Current thread (0x000001d57f52b000):  VMThread "VM Thread" [stack: 0x0000009857400000,0x0000009857500000] [id=2084]

Stack: [0x0000009857400000,0x0000009857500000]
[error occurred during error reporting (printing stack bounds), id 0xc0000005, EXCEPTION_ACCESS_VIOLATION (0xc0000005) at pc=0x000001d503a4112d]

Native frames: (J=compiled Java code, j=interpreted, Vv=VM code, C=native code)
V  [jvm.dll+0x6100fa]
V  [jvm.dll+0x747090]
V  [jvm.dll+0x7486ad]
V  [jvm.dll+0x748ce5]
V  [jvm.dll+0x748c9b]
V  [jvm.dll+0x60f224]
V  [jvm.dll+0x60f9b8]
C  [ntdll.dll+0xa241f]
C  [ntdll.dll+0x514a4]
C  [ntdll.dll+0xa0f4e]
C  0x000001d503a4112d

VM_Operation (0x000000985cffce50): G1CollectForAllocation, mode: safepoint, requested by thread 0x000001d52067d800


---------------  P R O C E S S  ---------------

Threads class SMR info:
_java_thread_list=0x000001d52593b670, length=102, elements={
0x000001d57e355800, 0x000001d57f52f800, 0x000001d57f533000, 0x000001d57f54e000,
0x000001d57f54e800, 0x000001d57f551000, 0x000001d57f55f800, 0x000001d57f561800,
0x000001d57f565800, 0x000001d518bb7800, 0x000001d51a4d1000, 0x000001d51b16f000,
0x000001d51994b000, 0x000001d51b07f000, 0x000001d51ae86000, 0x000001d51afa2800,
0x000001d51abb4000, 0x000001d51b336000, 0x000001d51ac5f000, 0x000001d51be79000,
0x000001d51b839800, 0x000001d51b83b800, 0x000001d51b83c000, 0x000001d51b83a800,
0x000001d51b839000, 0x000001d51b836800, 0x000001d51b83d000, 0x000001d51b838000,
0x000001d51b837800, 0x000001d51c350000, 0x000001d51c34e800, 0x000001d51c351800,
0x000001d51c34d800, 0x000001d51c352800, 0x000001d51c34d000, 0x000001d51c356800,
0x000001d51c353800, 0x000001d51c359000, 0x000001d51c357800, 0x000001d51c358000,
0x000001d51c35a000, 0x000001d51c354000, 0x000001d51c355000, 0x000001d51c35a800,
0x000001d51c355800, 0x000001d51afbf800, 0x000001d51afc0000, 0x000001d51afbc000,
0x000001d51afc1000, 0x000001d51afbb000, 0x000001d51afbe800, 0x000001d51afc2000,
0x000001d51afc2800, 0x000001d51afbd000, 0x000001d51afc3800, 0x000001d51afbd800,
0x000001d51afc5000, 0x000001d51afca000, 0x000001d51afc7800, 0x000001d51afc6000,
0x000001d51afc9000, 0x000001d51afc6800, 0x000001d51afc4000, 0x000001d51afc8800,
0x000001d519add800, 0x000001d519ade000, 0x000001d519adf000, 0x000001d519ae0000,
0x000001d519adc800, 0x000001d519ae1800, 0x000001d519ae0800, 0x000001d519adc000,
0x000001d519ae8000, 0x000001d519ae7000, 0x000001d519ae6800, 0x000001d519ae2800,
0x000001d519ae3000, 0x000001d519ae9000, 0x000001d519ae4000, 0x000001d519ae5800,
0x000001d519aea800, 0x000001d519ae4800, 0x000001d520680000, 0x000001d52067f000,
0x000001d52067a000, 0x000001d52067d800, 0x000001d52067e000, 0x000001d52067c800,
0x000001d520681800, 0x000001d520685800, 0x000001d520686800, 0x000001d51ed5f800,
0x000001d520688000, 0x000001d520687000, 0x000001d520684000, 0x000001d520682000,
0x000001d520689000, 0x000001d520683000, 0x000001d525211000, 0x000001d52520d000,
0x000001d52520d800, 0x000001d525212000
}

Java Threads: ( => current thread )
  0x000001d57e355800 JavaThread "main" [_thread_blocked, id=788, stack(0x0000009856e00000,0x0000009856f00000)]
  0x000001d57f52f800 JavaThread "Reference Handler" daemon [_thread_blocked, id=14008, stack(0x0000009857500000,0x0000009857600000)]
  0x000001d57f533000 JavaThread "Finalizer" daemon [_thread_blocked, id=548, stack(0x0000009857600000,0x0000009857700000)]
  0x000001d57f54e000 JavaThread "Signal Dispatcher" daemon [_thread_blocked, id=2664, stack(0x0000009857700000,0x0000009857800000)]
  0x000001d57f54e800 JavaThread "Attach Listener" daemon [_thread_blocked, id=5204, stack(0x0000009857800000,0x0000009857900000)]
  0x000001d57f551000 JavaThread "Service Thread" daemon [_thread_blocked, id=13596, stack(0x0000009857900000,0x0000009857a00000)]
  0x000001d57f55f800 JavaThread "C2 CompilerThread0" daemon [_thread_blocked, id=6064, stack(0x0000009857a00000,0x0000009857b00000)]
  0x000001d57f561800 JavaThread "C1 CompilerThread0" daemon [_thread_blocked, id=7532, stack(0x0000009857b00000,0x0000009857c00000)]
  0x000001d57f565800 JavaThread "Sweeper thread" daemon [_thread_blocked, id=10132, stack(0x0000009857c00000,0x0000009857d00000)]
  0x000001d518bb7800 JavaThread "Common-Cleaner" daemon [_thread_blocked, id=10196, stack(0x0000009857d00000,0x0000009857e00000)]
  0x000001d51a4d1000 JavaThread "Daemon health stats" [_thread_blocked, id=11244, stack(0x0000009858100000,0x0000009858200000)]
  0x000001d51b16f000 JavaThread "Incoming local TCP Connector on port 62063" [_thread_in_native, id=10524, stack(0x0000009857f00000,0x0000009858000000)]
  0x000001d51994b000 JavaThread "Daemon periodic checks" [_thread_blocked, id=8812, stack(0x0000009858400000,0x0000009858500000)]
  0x000001d51b07f000 JavaThread "Daemon" [_thread_blocked, id=7644, stack(0x0000009858500000,0x0000009858600000)]
  0x000001d51ae86000 JavaThread "Handler for socket connection from /127.0.0.1:62063 to /127.0.0.1:62064" [_thread_in_native, id=8792, stack(0x0000009858600000,0x0000009858700000)]
  0x000001d51afa2800 JavaThread "Cancel handler" [_thread_blocked, id=7752, stack(0x0000009858700000,0x0000009858800000)]
  0x000001d51abb4000 JavaThread "Daemon worker" [_thread_blocked, id=11652, stack(0x0000009858800000,0x0000009858900000)]
  0x000001d51b336000 JavaThread "Asynchronous log dispatcher for DefaultDaemonConnection: socket connection from /127.0.0.1:62063 to /127.0.0.1:62064" [_thread_blocked, id=4448, stack(0x0000009858900000,0x0000009858a00000)]
  0x000001d51ac5f000 JavaThread "Stdin handler" [_thread_blocked, id=6960, stack(0x0000009858a00000,0x0000009858b00000)]
  0x000001d51be79000 JavaThread "Daemon client event forwarder" [_thread_blocked, id=2376, stack(0x0000009858b00000,0x0000009858c00000)]
  0x000001d51b839800 JavaThread "Cache worker for journal cache (C:\Users\Kleivy Gomes\.gradle\caches\journal-1)" [_thread_blocked, id=7436, stack(0x0000009858c00000,0x0000009858d00000)]
  0x000001d51b83b800 JavaThread "File lock request listener" [_thread_in_native, id=11628, stack(0x0000009858d00000,0x0000009858e00000)]
  0x000001d51b83c000 JavaThread "Cache worker for file hash cache (C:\Users\Kleivy Gomes\.gradle\caches\7.4\fileHashes)" [_thread_blocked, id=11716, stack(0x0000009858e00000,0x0000009858f00000)]
  0x000001d51b83a800 JavaThread "File watcher server" daemon [_thread_blocked, id=9236, stack(0x0000009859000000,0x0000009859100000)]
  0x000001d51b839000 JavaThread "File watcher consumer" daemon [_thread_blocked, id=1384, stack(0x0000009859100000,0x0000009859200000)]
  0x000001d51b836800 JavaThread "Cache worker for checksums cache (C:\Users\Kleivy Gomes\AndroidStudioProjects\Contact\.gradle\7.4\checksums)" [_thread_blocked, id=1648, stack(0x0000009859200000,0x0000009859300000)]
  0x000001d51b83d000 JavaThread "Cache worker for cache directory md-rule (C:\Users\Kleivy Gomes\.gradle\caches\7.4\md-rule)" [_thread_blocked, id=13384, stack(0x0000009859300000,0x0000009859400000)]
  0x000001d51b838000 JavaThread "Cache worker for file hash cache (C:\Users\Kleivy Gomes\AndroidStudioProjects\Contact\.gradle\7.4\fileHashes)" [_thread_blocked, id=13096, stack(0x0000009859400000,0x0000009859500000)]
  0x000001d51b837800 JavaThread "Cache worker for cache directory md-supplier (C:\Users\Kleivy Gomes\.gradle\caches\7.4\md-supplier)" [_thread_blocked, id=2996, stack(0x0000009859500000,0x0000009859600000)]
  0x000001d51c350000 JavaThread "Cache worker for execution history cache (C:\Users\Kleivy Gomes\.gradle\caches\7.4\executionHistory)" [_thread_blocked, id=3000, stack(0x0000009859600000,0x0000009859700000)]
  0x000001d51c34e800 JavaThread "jar transforms" [_thread_blocked, id=8156, stack(0x0000009859700000,0x0000009859800000)]
  0x000001d51c351800 JavaThread "Cache worker for file content cache (C:\Users\Kleivy Gomes\.gradle\caches\7.4\fileContent)" [_thread_blocked, id=12760, stack(0x0000009859800000,0x0000009859900000)]
  0x000001d51c34d800 JavaThread "jar transforms Thread 2" [_thread_blocked, id=256, stack(0x0000009859900000,0x0000009859a00000)]
  0x000001d51c352800 JavaThread "Cache worker for dependencies-accessors (C:\Users\Kleivy Gomes\AndroidStudioProjects\Contact\.gradle\7.4\dependencies-accessors)" [_thread_blocked, id=12460, stack(0x0000009859a00000,0x0000009859b00000)]
  0x000001d51c34d000 JavaThread "jar transforms Thread 3" [_thread_blocked, id=11416, stack(0x0000009859b00000,0x0000009859c00000)]
  0x000001d51c356800 JavaThread "Cache worker for Build Output Cleanup Cache (C:\Users\Kleivy Gomes\AndroidStudioProjects\Contact\.gradle\buildOutputCleanup)" [_thread_blocked, id=10400, stack(0x0000009859c00000,0x0000009859d00000)]
  0x000001d51c353800 JavaThread "Unconstrained build operations" [_thread_blocked, id=4196, stack(0x0000009859d00000,0x0000009859e00000)]
  0x000001d51c359000 JavaThread "Unconstrained build operations Thread 2" [_thread_blocked, id=13304, stack(0x0000009859e00000,0x0000009859f00000)]
  0x000001d51c357800 JavaThread "Unconstrained build operations Thread 3" [_thread_blocked, id=13528, stack(0x0000009859f00000,0x000000985a000000)]
  0x000001d51c358000 JavaThread "Unconstrained build operations Thread 4" [_thread_blocked, id=6880, stack(0x000000985a000000,0x000000985a100000)]
  0x000001d51c35a000 JavaThread "Unconstrained build operations Thread 5" [_thread_blocked, id=1224, stack(0x000000985a100000,0x000000985a200000)]
  0x000001d51c354000 JavaThread "Unconstrained build operations Thread 6" [_thread_blocked, id=14208, stack(0x000000985a200000,0x000000985a300000)]
  0x000001d51c355000 JavaThread "Unconstrained build operations Thread 7" [_thread_blocked, id=10944, stack(0x000000985a300000,0x000000985a400000)]
  0x000001d51c35a800 JavaThread "Unconstrained build operations Thread 8" [_thread_blocked, id=12860, stack(0x000000985a400000,0x000000985a500000)]
  0x000001d51c355800 JavaThread "Unconstrained build operations Thread 9" [_thread_blocked, id=13328, stack(0x000000985a500000,0x000000985a600000)]
  0x000001d51afbf800 JavaThread "Unconstrained build operations Thread 10" [_thread_blocked, id=5152, stack(0x000000985a600000,0x000000985a700000)]
  0x000001d51afc0000 JavaThread "Unconstrained build operations Thread 11" [_thread_blocked, id=3240, stack(0x000000985a700000,0x000000985a800000)]
  0x000001d51afbc000 JavaThread "Unconstrained build operations Thread 12" [_thread_blocked, id=4060, stack(0x000000985a800000,0x000000985a900000)]
  0x000001d51afc1000 JavaThread "Unconstrained build operations Thread 13" [_thread_blocked, id=3532, stack(0x000000985a900000,0x000000985aa00000)]
  0x000001d51afbb000 JavaThread "Unconstrained build operations Thread 14" [_thread_blocked, id=8320, stack(0x000000985aa00000,0x000000985ab00000)]
  0x000001d51afbe800 JavaThread "Unconstrained build operations Thread 15" [_thread_blocked, id=5044, stack(0x000000985ab00000,0x000000985ac00000)]
  0x000001d51afc2000 JavaThread "Unconstrained build operations Thread 16" [_thread_blocked, id=14204, stack(0x000000985ac00000,0x000000985ad00000)]
  0x000001d51afc2800 JavaThread "Unconstrained build operations Thread 17" [_thread_blocked, id=14296, stack(0x000000985ad00000,0x000000985ae00000)]
  0x000001d51afbd000 JavaThread "Unconstrained build operations Thread 18" [_thread_blocked, id=8612, stack(0x000000985ae00000,0x000000985af00000)]
  0x000001d51afc3800 JavaThread "Unconstrained build operations Thread 19" [_thread_blocked, id=632, stack(0x000000985af00000,0x000000985b000000)]
  0x000001d51afbd800 JavaThread "Unconstrained build operations Thread 20" [_thread_blocked, id=2820, stack(0x000000985b000000,0x000000985b100000)]
  0x000001d51afc5000 JavaThread "Unconstrained build operations Thread 21" [_thread_blocked, id=8808, stack(0x000000985b100000,0x000000985b200000)]
  0x000001d51afca000 JavaThread "Unconstrained build operations Thread 22" [_thread_blocked, id=7056, stack(0x000000985b200000,0x000000985b300000)]
  0x000001d51afc7800 JavaThread "Unconstrained build operations Thread 23" [_thread_blocked, id=6104, stack(0x000000985b300000,0x000000985b400000)]
  0x000001d51afc6000 JavaThread "Unconstrained build operations Thread 24" [_thread_blocked, id=4972, stack(0x000000985b400000,0x000000985b500000)]
  0x000001d51afc9000 JavaThread "Unconstrained build operations Thread 25" [_thread_blocked, id=3440, stack(0x000000985b500000,0x000000985b600000)]
  0x000001d51afc6800 JavaThread "Unconstrained build operations Thread 26" [_thread_blocked, id=12488, stack(0x000000985b600000,0x000000985b700000)]
  0x000001d51afc4000 JavaThread "Unconstrained build operations Thread 27" [_thread_blocked, id=6068, stack(0x000000985b700000,0x000000985b800000)]
  0x000001d51afc8800 JavaThread "Unconstrained build operations Thread 28" [_thread_blocked, id=9104, stack(0x000000985b800000,0x000000985b900000)]
  0x000001d519add800 JavaThread "Unconstrained build operations Thread 29" [_thread_blocked, id=9256, stack(0x000000985b900000,0x000000985ba00000)]
  0x000001d519ade000 JavaThread "Unconstrained build operations Thread 30" [_thread_blocked, id=3916, stack(0x000000985ba00000,0x000000985bb00000)]
  0x000001d519adf000 JavaThread "Unconstrained build operations Thread 31" [_thread_blocked, id=12688, stack(0x000000985bb00000,0x000000985bc00000)]
  0x000001d519ae0000 JavaThread "Unconstrained build operations Thread 32" [_thread_blocked, id=14000, stack(0x000000985bc00000,0x000000985bd00000)]
  0x000001d519adc800 JavaThread "Unconstrained build operations Thread 33" [_thread_blocked, id=13708, stack(0x000000985bd00000,0x000000985be00000)]
  0x000001d519ae1800 JavaThread "Unconstrained build operations Thread 34" [_thread_blocked, id=13560, stack(0x000000985be00000,0x000000985bf00000)]
  0x000001d519ae0800 JavaThread "Unconstrained build operations Thread 35" [_thread_blocked, id=3164, stack(0x000000985bf00000,0x000000985c000000)]
  0x000001d519adc000 JavaThread "Unconstrained build operations Thread 36" [_thread_blocked, id=1324, stack(0x000000985c000000,0x000000985c100000)]
  0x000001d519ae8000 JavaThread "Unconstrained build operations Thread 37" [_thread_blocked, id=1304, stack(0x000000985c100000,0x000000985c200000)]
  0x000001d519ae7000 JavaThread "Unconstrained build operations Thread 38" [_thread_blocked, id=13136, stack(0x000000985c200000,0x000000985c300000)]
  0x000001d519ae6800 JavaThread "Unconstrained build operations Thread 39" [_thread_blocked, id=2148, stack(0x000000985c300000,0x000000985c400000)]
  0x000001d519ae2800 JavaThread "Unconstrained build operations Thread 40" [_thread_blocked, id=4200, stack(0x000000985c400000,0x000000985c500000)]
  0x000001d519ae3000 JavaThread "jar transforms Thread 4" [_thread_blocked, id=8216, stack(0x000000985c500000,0x000000985c600000)]
  0x000001d519ae9000 JavaThread "Memory manager" [_thread_blocked, id=3604, stack(0x000000985c600000,0x000000985c700000)]
  0x000001d519ae4000 JavaThread "build event listener" [_thread_blocked, id=11344, stack(0x000000985c700000,0x000000985c800000)]
  0x000001d519ae5800 JavaThread "included builds" [_thread_blocked, id=3236, stack(0x000000985c800000,0x000000985c900000)]
  0x000001d519aea800 JavaThread "Execution worker for ':'" [_thread_blocked, id=8256, stack(0x000000985c900000,0x000000985ca00000)]
  0x000001d519ae4800 JavaThread "Execution worker for ':' Thread 2" [_thread_blocked, id=1688, stack(0x000000985ca00000,0x000000985cb00000)]
  0x000001d520680000 JavaThread "Execution worker for ':' Thread 3" [_thread_blocked, id=3776, stack(0x000000985cb00000,0x000000985cc00000)]
  0x000001d52067f000 JavaThread "Cache worker for execution history cache (C:\Users\Kleivy Gomes\AndroidStudioProjects\Contact\.gradle\7.4\executionHistory)" [_thread_blocked, id=844, stack(0x000000985cc00000,0x000000985cd00000)]
  0x000001d52067a000 JavaThread "WorkerExecutor Queue Thread 2" [_thread_blocked, id=3996, stack(0x000000985ce00000,0x000000985cf00000)]
  0x000001d52067d800 JavaThread "WorkerExecutor Queue Thread 3" [_thread_blocked, id=3956, stack(0x000000985cf00000,0x000000985d000000)]
  0x000001d52067e000 JavaThread "WorkerExecutor Queue Thread 4" [_thread_blocked, id=14024, stack(0x000000985d000000,0x000000985d100000)]
  0x000001d52067c800 JavaThread "Java2D Disposer" daemon [_thread_blocked, id=13980, stack(0x000000985d100000,0x000000985d200000)]
  0x000001d520681800 JavaThread "pool-3-thread-1" [_thread_blocked, id=11820, stack(0x000000985d400000,0x000000985d500000)]
  0x000001d520685800 JavaThread "stderr" [_thread_in_native, id=6352, stack(0x000000985d500000,0x000000985d600000)]
  0x000001d520686800 JavaThread "stdout" [_thread_in_native, id=5712, stack(0x000000985d600000,0x000000985d700000)]
  0x000001d51ed5f800 JavaThread "C2 CompilerThread1" daemon [_thread_blocked, id=9760, stack(0x0000009858f00000,0x0000009859000000)]
  0x000001d520688000 JavaThread "Cache worker for Java compile cache (C:\Users\Kleivy Gomes\.gradle\caches\7.4\javaCompile)" [_thread_blocked, id=7048, stack(0x000000985d700000,0x000000985d800000)]
  0x000001d520687000 JavaThread "Build operations" [_thread_blocked, id=8196, stack(0x000000985d800000,0x000000985d900000)]
  0x000001d520684000 JavaThread "Build operations Thread 2" [_thread_blocked, id=12408, stack(0x000000985d900000,0x000000985da00000)]
  0x000001d520682000 JavaThread "Build operations Thread 3" [_thread_blocked, id=9588, stack(0x000000985da00000,0x000000985db00000)]
  0x000001d520689000 JavaThread "Build operations Thread 4" [_thread_blocked, id=2280, stack(0x000000985db00000,0x000000985dc00000)]
  0x000001d520683000 JavaThread "WorkerExecutor Queue Thread 6" [_thread_blocked, id=11732, stack(0x000000985dc00000,0x000000985dd00000)]
  0x000001d525211000 JavaThread "ForkJoinPool-1-worker-3" daemon [_thread_blocked, id=11308, stack(0x000000985dd00000,0x000000985de00000)]
  0x000001d52520d000 JavaThread "ForkJoinPool-1-worker-5" daemon [_thread_blocked, id=13308, stack(0x000000985de00000,0x000000985df00000)]
  0x000001d52520d800 JavaThread "ForkJoinPool-1-worker-7" daemon [_thread_blocked, id=5276, stack(0x000000985df00000,0x000000985e000000)]
  0x000001d525212000 JavaThread "ForkJoinPool-1-worker-1" daemon [_thread_blocked, id=11600, stack(0x000000985e000000,0x000000985e100000)]

Other Threads:
=>0x000001d57f52b000 VMThread "VM Thread" [stack: 0x0000009857400000,0x0000009857500000] [id=2084]
  0x000001d518bd1000 WatcherThread [stack: 0x0000009857e00000,0x0000009857f00000] [id=10528]
  0x000001d57e36e800 GCTaskThread "GC Thread#0" [stack: 0x0000009856f00000,0x0000009857000000] [id=13176]
  0x000001d518f16000 GCTaskThread "GC Thread#1" [stack: 0x0000009858000000,0x0000009858100000] [id=11664]
  0x000001d51a4b6800 GCTaskThread "GC Thread#2" [stack: 0x0000009858200000,0x0000009858300000] [id=480]
  0x000001d51b9de800 GCTaskThread "GC Thread#3" [stack: 0x0000009858300000,0x0000009858400000] [id=712]
  0x000001d57e3a2000 ConcurrentGCThread "G1 Main Marker" [stack: 0x0000009857000000,0x0000009857100000] [id=9120]
  0x000001d57e3a3000 ConcurrentGCThread "G1 Conc#0" [stack: 0x0000009857100000,0x0000009857200000] [id=8152]
  0x000001d57e414000 ConcurrentGCThread "G1 Refine#0" [stack: 0x0000009857200000,0x0000009857300000] [id=5036]
  0x000001d57e415000 ConcurrentGCThread "G1 Young RemSet Sampling" [stack: 0x0000009857300000,0x0000009857400000] [id=13436]

Threads with active compile tasks:
C2 CompilerThread0  53683 18410       4       com.android.tools.r8.graph.P0::b (47 bytes)
C2 CompilerThread1  53683 18411       4       com.android.tools.r8.internal.k30::a (16 bytes)

VM state:at safepoint (normal execution)

VM Mutex/Monitor currently owned by a thread:  ([mutex/lock_event])
[0x000001d57e351690] Threads_lock - owner thread: 0x000001d57f52b000
[0x000001d57e352c80] Heap_lock - owner thread: 0x000001d52067d800

Heap address: 0x0000000080000000, size: 2048 MB, Compressed Oops mode: 32-bit
Narrow klass base: 0x0000000000000000, Narrow klass shift: 3
Compressed class space size: 1073741824 Address: 0x0000000100000000

Heap:
 garbage-first heap   total 397312K, used 210255K [0x0000000080000000, 0x0000000100000000)
  region size 1024K, 3 young (3072K), 3 survivors (3072K)
 Metaspace       used 124237K, capacity 127571K, committed 127952K, reserved 1161216K
  class space    used 15511K, capacity 16763K, committed 16928K, reserved 1048576K
Heap Regions: E=young(eden), S=young(survivor), O=old, HS=humongous(starts), HC=humongous(continues), CS=collection set, F=free, A=archive, TAMS=top-at-mark-start (previous, next)
|   0|0x0000000080000000, 0x0000000080100000, 0x0000000080100000|100%|HS|  |TAMS 0x0000000080100000, 0x0000000080000000| Complete 
|   1|0x0000000080100000, 0x0000000080200000, 0x0000000080200000|100%|HC|  |TAMS 0x0000000080200000, 0x0000000080100000| Complete 
|   2|0x0000000080200000, 0x0000000080300000, 0x0000000080300000|100%|HC|  |TAMS 0x0000000080300000, 0x0000000080200000| Complete 
|   3|0x0000000080300000, 0x0000000080400000, 0x0000000080400000|100%| O|  |TAMS 0x0000000080400000, 0x0000000080300000| Untracked 
|   4|0x0000000080400000, 0x0000000080500000, 0x0000000080500000|100%| O|  |TAMS 0x0000000080500000, 0x0000000080400000| Untracked 
|   5|0x0000000080500000, 0x0000000080600000, 0x0000000080600000|100%| O|  |TAMS 0x0000000080600000, 0x0000000080500000| Untracked 
|   6|0x0000000080600000, 0x0000000080700000, 0x0000000080700000|100%| O|  |TAMS 0x0000000080700000, 0x0000000080600000| Untracked 
|   7|0x0000000080700000, 0x0000000080800000, 0x0000000080800000|100%| O|  |TAMS 0x0000000080800000, 0x0000000080700000| Untracked 
|   8|0x0000000080800000, 0x0000000080900000, 0x0000000080900000|100%| O|  |TAMS 0x0000000080900000, 0x0000000080800000| Untracked 
|   9|0x0000000080900000, 0x0000000080a00000, 0x0000000080a00000|100%| O|  |TAMS 0x0000000080a00000, 0x0000000080900000| Untracked 
|  10|0x0000000080a00000, 0x0000000080b00000, 0x0000000080b00000|100%| O|  |TAMS 0x0000000080b00000, 0x0000000080a00000| Untracked 
|  11|0x0000000080b00000, 0x0000000080c00000, 0x0000000080c00000|100%| O|  |TAMS 0x0000000080c00000, 0x0000000080b00000| Untracked 
|  12|0x0000000080c00000, 0x0000000080d00000, 0x0000000080d00000|100%| O|  |TAMS 0x0000000080d00000, 0x0000000080c00000| Untracked 
|  13|0x0000000080d00000, 0x0000000080e00000, 0x0000000080e00000|100%| O|  |TAMS 0x0000000080e00000, 0x0000000080d00000| Untracked 
|  14|0x0000000080e00000, 0x0000000080f00000, 0x0000000080f00000|100%| O|  |TAMS 0x0000000080f00000, 0x0000000080e00000| Untracked 
|  15|0x0000000080f00000, 0x0000000081000000, 0x0000000081000000|100%| O|  |TAMS 0x0000000081000000, 0x0000000080f00000| Untracked 
|  16|0x0000000081000000, 0x0000000081100000, 0x0000000081100000|100%| O|  |TAMS 0x0000000081100000, 0x0000000081000000| Untracked 
|  17|0x0000000081100000, 0x0000000081200000, 0x0000000081200000|100%| O|  |TAMS 0x0000000081200000, 0x0000000081100000| Untracked 
|  18|0x0000000081200000, 0x0000000081300000, 0x0000000081300000|100%|HS|  |TAMS 0x0000000081300000, 0x0000000081200000| Complete 
|  19|0x0000000081300000, 0x0000000081400000, 0x0000000081400000|100%|HS|  |TAMS 0x0000000081400000, 0x0000000081300000| Complete 
|  20|0x0000000081400000, 0x0000000081500000, 0x0000000081500000|100%| O|  |TAMS 0x0000000081500000, 0x0000000081400000| Untracked 
|  21|0x0000000081500000, 0x0000000081600000, 0x0000000081600000|100%| O|  |TAMS 0x0000000081600000, 0x0000000081500000| Untracked 
|  22|0x0000000081600000, 0x0000000081700000, 0x0000000081700000|100%| O|  |TAMS 0x0000000081700000, 0x0000000081600000| Untracked 
|  23|0x0000000081700000, 0x0000000081800000, 0x0000000081800000|100%| O|  |TAMS 0x0000000081800000, 0x0000000081700000| Untracked 
|  24|0x0000000081800000, 0x0000000081900000, 0x0000000081900000|100%| O|  |TAMS 0x0000000081900000, 0x0000000081800000| Untracked 
|  25|0x0000000081900000, 0x0000000081a00000, 0x0000000081a00000|100%| O|  |TAMS 0x0000000081a00000, 0x0000000081900000| Untracked 
|  26|0x0000000081a00000, 0x0000000081b00000, 0x0000000081b00000|100%| O|  |TAMS 0x0000000081b00000, 0x0000000081a00000| Untracked 
|  27|0x0000000081b00000, 0x0000000081c00000, 0x0000000081c00000|100%| O|  |TAMS 0x0000000081c00000, 0x0000000081b00000| Untracked 
|  28|0x0000000081c00000, 0x0000000081d00000, 0x0000000081d00000|100%|HS|  |TAMS 0x0000000081d00000, 0x0000000081c00000| Complete 
|  29|0x0000000081d00000, 0x0000000081e00000, 0x0000000081e00000|100%|HC|  |TAMS 0x0000000081e00000, 0x0000000081d00000| Complete 
|  30|0x0000000081e00000, 0x0000000081f00000, 0x0000000081f00000|100%| O|  |TAMS 0x0000000081f00000, 0x0000000081e00000| Untracked 
|  31|0x0000000081f00000, 0x0000000082000000, 0x0000000082000000|100%| O|  |TAMS 0x0000000082000000, 0x0000000081f00000| Untracked 
|  32|0x0000000082000000, 0x0000000082100000, 0x0000000082100000|100%| O|  |TAMS 0x0000000082100000, 0x0000000082000000| Untracked 
|  33|0x0000000082100000, 0x0000000082200000, 0x0000000082200000|100%| O|  |TAMS 0x0000000082200000, 0x0000000082100000| Untracked 
|  34|0x0000000082200000, 0x0000000082300000, 0x0000000082300000|100%| O|  |TAMS 0x0000000082300000, 0x0000000082200000| Untracked 
|  35|0x0000000082300000, 0x0000000082400000, 0x0000000082400000|100%| O|  |TAMS 0x0000000082400000, 0x0000000082300000| Untracked 
|  36|0x0000000082400000, 0x0000000082500000, 0x0000000082500000|100%| O|  |TAMS 0x0000000082500000, 0x0000000082400000| Untracked 
|  37|0x0000000082500000, 0x0000000082600000, 0x0000000082600000|100%| O|  |TAMS 0x0000000082600000, 0x0000000082500000| Untracked 
|  38|0x0000000082600000, 0x0000000082700000, 0x0000000082700000|100%| O|  |TAMS 0x0000000082700000, 0x0000000082600000| Untracked 
|  39|0x0000000082700000, 0x0000000082800000, 0x0000000082800000|100%| O|  |TAMS 0x0000000082800000, 0x0000000082700000| Untracked 
|  40|0x0000000082800000, 0x0000000082900000, 0x0000000082900000|100%| O|  |TAMS 0x0000000082900000, 0x0000000082800000| Untracked 
|  41|0x0000000082900000, 0x0000000082a00000, 0x0000000082a00000|100%| O|  |TAMS 0x0000000082a00000, 0x0000000082900000| Untracked 
|  42|0x0000000082a00000, 0x0000000082b00000, 0x0000000082b00000|100%| O|  |TAMS 0x0000000082b00000, 0x0000000082a00000| Untracked 
|  43|0x0000000082b00000, 0x0000000082c00000, 0x0000000082c00000|100%| O|  |TAMS 0x0000000082c00000, 0x0000000082b00000| Untracked 
|  44|0x0000000082c00000, 0x0000000082d00000, 0x0000000082d00000|100%| O|  |TAMS 0x0000000082d00000, 0x0000000082c00000| Untracked 
|  45|0x0000000082d00000, 0x0000000082e00000, 0x0000000082e00000|100%| O|  |TAMS 0x0000000082e00000, 0x0000000082d00000| Untracked 
|  46|0x0000000082e00000, 0x0000000082f00000, 0x0000000082f00000|100%| O|  |TAMS 0x0000000082f00000, 0x0000000082e00000| Untracked 
|  47|0x0000000082f00000, 0x0000000083000000, 0x0000000083000000|100%| O|  |TAMS 0x0000000083000000, 0x0000000082f00000| Untracked 
|  48|0x0000000083000000, 0x0000000083100000, 0x0000000083100000|100%| O|  |TAMS 0x0000000083100000, 0x0000000083000000| Untracked 
|  49|0x0000000083100000, 0x0000000083200000, 0x0000000083200000|100%| O|  |TAMS 0x0000000083200000, 0x0000000083100000| Untracked 
|  50|0x0000000083200000, 0x0000000083300000, 0x0000000083300000|100%| O|  |TAMS 0x0000000083300000, 0x0000000083200000| Untracked 
|  51|0x0000000083300000, 0x0000000083400000, 0x0000000083400000|100%| O|  |TAMS 0x0000000083400000, 0x0000000083300000| Untracked 
|  52|0x0000000083400000, 0x0000000083500000, 0x0000000083500000|100%| O|  |TAMS 0x0000000083500000, 0x0000000083400000| Untracked 
|  53|0x0000000083500000, 0x0000000083600000, 0x0000000083600000|100%| O|  |TAMS 0x0000000083600000, 0x0000000083500000| Untracked 
|  54|0x0000000083600000, 0x0000000083700000, 0x0000000083700000|100%| O|  |TAMS 0x0000000083700000, 0x0000000083600000| Untracked 
|  55|0x0000000083700000, 0x0000000083800000, 0x0000000083800000|100%| O|  |TAMS 0x0000000083800000, 0x0000000083700000| Untracked 
|  56|0x0000000083800000, 0x0000000083900000, 0x0000000083900000|100%| O|  |TAMS 0x0000000083900000, 0x0000000083800000| Untracked 
|  57|0x0000000083900000, 0x0000000083a00000, 0x0000000083a00000|100%| O|  |TAMS 0x0000000083a00000, 0x0000000083900000| Untracked 
|  58|0x0000000083a00000, 0x0000000083b00000, 0x0000000083b00000|100%| O|  |TAMS 0x0000000083a00000, 0x0000000083a00000| Untracked 
|  59|0x0000000083b00000, 0x0000000083c00000, 0x0000000083c00000|100%| O|  |TAMS 0x0000000083c00000, 0x0000000083b00000| Untracked 
|  60|0x0000000083c00000, 0x0000000083d00000, 0x0000000083d00000|100%| O|  |TAMS 0x0000000083d00000, 0x0000000083c00000| Untracked 
|  61|0x0000000083d00000, 0x0000000083e00000, 0x0000000083e00000|100%| O|  |TAMS 0x0000000083e00000, 0x0000000083d00000| Untracked 
|  62|0x0000000083e00000, 0x0000000083f00000, 0x0000000083f00000|100%| O|  |TAMS 0x0000000083f00000, 0x0000000083e00000| Untracked 
|  63|0x0000000083f00000, 0x0000000084000000, 0x0000000084000000|100%| O|  |TAMS 0x0000000084000000, 0x0000000083f00000| Untracked 
|  64|0x0000000084000000, 0x0000000084100000, 0x0000000084100000|100%| O|  |TAMS 0x0000000084100000, 0x0000000084000000| Untracked 
|  65|0x0000000084100000, 0x0000000084200000, 0x0000000084200000|100%| O|  |TAMS 0x0000000084100000, 0x0000000084100000| Untracked 
|  66|0x0000000084200000, 0x0000000084300000, 0x0000000084300000|100%|HS|  |TAMS 0x0000000084200000, 0x0000000084200000| Complete 
|  67|0x0000000084300000, 0x0000000084400000, 0x0000000084400000|100%| O|  |TAMS 0x0000000084400000, 0x0000000084300000| Untracked 
|  68|0x0000000084400000, 0x0000000084500000, 0x0000000084500000|100%| O|  |TAMS 0x0000000084500000, 0x0000000084400000| Untracked 
|  69|0x0000000084500000, 0x0000000084600000, 0x0000000084600000|100%| O|  |TAMS 0x0000000084600000, 0x0000000084500000| Untracked 
|  70|0x0000000084600000, 0x0000000084700000, 0x0000000084700000|100%| O|  |TAMS 0x0000000084700000, 0x0000000084600000| Untracked 
|  71|0x0000000084700000, 0x0000000084800000, 0x0000000084800000|100%| O|  |TAMS 0x0000000084800000, 0x0000000084700000| Untracked 
|  72|0x0000000084800000, 0x0000000084900000, 0x0000000084900000|100%| O|  |TAMS 0x0000000084900000, 0x0000000084800000| Untracked 
|  73|0x0000000084900000, 0x0000000084a00000, 0x0000000084a00000|100%| O|  |TAMS 0x0000000084a00000, 0x0000000084900000| Untracked 
|  74|0x0000000084a00000, 0x0000000084b00000, 0x0000000084b00000|100%| O|  |TAMS 0x0000000084b00000, 0x0000000084a00000| Untracked 
|  75|0x0000000084b00000, 0x0000000084c00000, 0x0000000084c00000|100%| O|  |TAMS 0x0000000084c00000, 0x0000000084b00000| Untracked 
|  76|0x0000000084c00000, 0x0000000084d00000, 0x0000000084d00000|100%| O|  |TAMS 0x0000000084d00000, 0x0000000084c00000| Untracked 
|  77|0x0000000084d00000, 0x0000000084e00000, 0x0000000084e00000|100%| O|  |TAMS 0x0000000084e00000, 0x0000000084d00000| Untracked 
|  78|0x0000000084e00000, 0x0000000084f00000, 0x0000000084f00000|100%| O|  |TAMS 0x0000000084f00000, 0x0000000084e00000| Untracked 
|  79|0x0000000084f00000, 0x0000000085000000, 0x0000000085000000|100%| O|  |TAMS 0x0000000085000000, 0x0000000084f00000| Untracked 
|  80|0x0000000085000000, 0x0000000085100000, 0x0000000085100000|100%| O|  |TAMS 0x0000000085100000, 0x0000000085000000| Untracked 
|  81|0x0000000085100000, 0x0000000085200000, 0x0000000085200000|100%| O|  |TAMS 0x0000000085200000, 0x0000000085100000| Untracked 
|  82|0x0000000085200000, 0x0000000085300000, 0x0000000085300000|100%| O|  |TAMS 0x0000000085200000, 0x0000000085200000| Untracked 
|  83|0x0000000085300000, 0x0000000085400000, 0x0000000085400000|100%|HS|  |TAMS 0x0000000085400000, 0x0000000085300000| Complete 
|  84|0x0000000085400000, 0x0000000085500000, 0x0000000085500000|100%|HC|  |TAMS 0x0000000085500000, 0x0000000085400000| Complete 
|  85|0x0000000085500000, 0x0000000085600000, 0x0000000085600000|100%|HS|  |TAMS 0x0000000085500000, 0x0000000085500000| Complete 
|  86|0x0000000085600000, 0x0000000085700000, 0x0000000085700000|100%| O|  |TAMS 0x0000000085600000, 0x0000000085600000| Untracked 
|  87|0x0000000085700000, 0x0000000085800000, 0x0000000085800000|100%| O|  |TAMS 0x0000000085800000, 0x0000000085700000| Untracked 
|  88|0x0000000085800000, 0x0000000085900000, 0x0000000085900000|100%| O|  |TAMS 0x0000000085900000, 0x0000000085800000| Untracked 
|  89|0x0000000085900000, 0x0000000085a00000, 0x0000000085a00000|100%| O|  |TAMS 0x0000000085a00000, 0x0000000085900000| Untracked 
|  90|0x0000000085a00000, 0x0000000085b00000, 0x0000000085b00000|100%| O|  |TAMS 0x0000000085b00000, 0x0000000085a00000| Untracked 
|  91|0x0000000085b00000, 0x0000000085c00000, 0x0000000085c00000|100%| O|  |TAMS 0x0000000085c00000, 0x0000000085b00000| Untracked 
|  92|0x0000000085c00000, 0x0000000085d00000, 0x0000000085d00000|100%| O|  |TAMS 0x0000000085d00000, 0x0000000085c00000| Untracked 
|  93|0x0000000085d00000, 0x0000000085e00000, 0x0000000085e00000|100%| O|  |TAMS 0x0000000085e00000, 0x0000000085d00000| Untracked 
|  94|0x0000000085e00000, 0x0000000085f00000, 0x0000000085f00000|100%| O|  |TAMS 0x0000000085f00000, 0x0000000085e00000| Untracked 
|  95|0x0000000085f00000, 0x0000000086000000, 0x0000000086000000|100%| O|  |TAMS 0x0000000086000000, 0x0000000085f00000| Untracked 
|  96|0x0000000086000000, 0x0000000086100000, 0x0000000086100000|100%| O|  |TAMS 0x0000000086100000, 0x0000000086000000| Untracked 
|  97|0x0000000086100000, 0x0000000086200000, 0x0000000086200000|100%| O|  |TAMS 0x0000000086200000, 0x0000000086100000| Untracked 
|  98|0x0000000086200000, 0x0000000086300000, 0x0000000086300000|100%| O|  |TAMS 0x0000000086300000, 0x0000000086200000| Untracked 
|  99|0x0000000086300000, 0x0000000086400000, 0x0000000086400000|100%| O|  |TAMS 0x0000000086300000, 0x0000000086300000| Untracked 
| 100|0x0000000086400000, 0x0000000086500000, 0x0000000086500000|100%| O|  |TAMS 0x0000000086500000, 0x0000000086400000| Untracked 
| 101|0x0000000086500000, 0x0000000086600000, 0x0000000086600000|100%| O|  |TAMS 0x0000000086500000, 0x0000000086500000| Untracked 
| 102|0x0000000086600000, 0x0000000086700000, 0x0000000086700000|100%| O|  |TAMS 0x0000000086600000, 0x0000000086600000| Untracked 
| 103|0x0000000086700000, 0x0000000086800000, 0x0000000086800000|100%| O|  |TAMS 0x0000000086700000, 0x0000000086700000| Untracked 
| 104|0x0000000086800000, 0x0000000086900000, 0x0000000086900000|100%| O|  |TAMS 0x0000000086800000, 0x0000000086800000| Untracked 
| 105|0x0000000086900000, 0x0000000086a00000, 0x0000000086a00000|100%| O|  |TAMS 0x0000000086900000, 0x0000000086900000| Untracked 
| 106|0x0000000086a00000, 0x0000000086b00000, 0x0000000086b00000|100%| O|  |TAMS 0x0000000086b00000, 0x0000000086a00000| Untracked 
| 107|0x0000000086b00000, 0x0000000086c00000, 0x0000000086c00000|100%| O|  |TAMS 0x0000000086b00000, 0x0000000086b00000| Untracked 
| 108|0x0000000086c00000, 0x0000000086d00000, 0x0000000086d00000|100%| O|  |TAMS 0x0000000086d00000, 0x0000000086c00000| Untracked 
| 109|0x0000000086d00000, 0x0000000086e00000, 0x0000000086e00000|100%| O|  |TAMS 0x0000000086e00000, 0x0000000086d00000| Untracked 
| 110|0x0000000086e00000, 0x0000000086f00000, 0x0000000086f00000|100%| O|  |TAMS 0x0000000086f00000, 0x0000000086e00000| Untracked 
| 111|0x0000000086f00000, 0x0000000087000000, 0x0000000087000000|100%| O|  |TAMS 0x0000000087000000, 0x0000000086f00000| Untracked 
| 112|0x0000000087000000, 0x0000000087100000, 0x0000000087100000|100%| O|  |TAMS 0x0000000087100000, 0x0000000087000000| Untracked 
| 113|0x0000000087100000, 0x0000000087200000, 0x0000000087200000|100%| O|  |TAMS 0x0000000087200000, 0x0000000087100000| Untracked 
| 114|0x0000000087200000, 0x0000000087300000, 0x0000000087300000|100%| O|  |TAMS 0x0000000087300000, 0x0000000087200000| Untracked 
| 115|0x0000000087300000, 0x0000000087400000, 0x0000000087400000|100%| O|  |TAMS 0x0000000087400000, 0x0000000087300000| Untracked 
| 116|0x0000000087400000, 0x0000000087500000, 0x0000000087500000|100%| O|  |TAMS 0x0000000087500000, 0x0000000087400000| Untracked 
| 117|0x0000000087500000, 0x0000000087600000, 0x0000000087600000|100%|HS|  |TAMS 0x0000000087500000, 0x0000000087500000| Complete 
| 118|0x0000000087600000, 0x0000000087700000, 0x0000000087700000|100%|HC|  |TAMS 0x0000000087600000, 0x0000000087600000| Complete 
| 119|0x0000000087700000, 0x0000000087800000, 0x0000000087800000|100%|HC|  |TAMS 0x0000000087700000, 0x0000000087700000| Complete 
| 120|0x0000000087800000, 0x0000000087900000, 0x0000000087900000|100%|HC|  |TAMS 0x0000000087800000, 0x0000000087800000| Complete 
| 121|0x0000000087900000, 0x0000000087a00000, 0x0000000087a00000|100%|HC|  |TAMS 0x0000000087900000, 0x0000000087900000| Complete 
| 122|0x0000000087a00000, 0x0000000087b00000, 0x0000000087b00000|100%|HC|  |TAMS 0x0000000087a00000, 0x0000000087a00000| Complete 
| 123|0x0000000087b00000, 0x0000000087c00000, 0x0000000087c00000|100%|HC|  |TAMS 0x0000000087b00000, 0x0000000087b00000| Complete 
| 124|0x0000000087c00000, 0x0000000087d00000, 0x0000000087d00000|100%|HC|  |TAMS 0x0000000087c00000, 0x0000000087c00000| Complete 
| 125|0x0000000087d00000, 0x0000000087e00000, 0x0000000087e00000|100%|HC|  |TAMS 0x0000000087d00000, 0x0000000087d00000| Complete 
| 126|0x0000000087e00000, 0x0000000087f00000, 0x0000000087f00000|100%| O|  |TAMS 0x0000000087e00000, 0x0000000087e00000| Untracked 
| 127|0x0000000087f00000, 0x0000000088000000, 0x0000000088000000|100%| O|  |TAMS 0x0000000087f00000, 0x0000000087f00000| Untracked 
| 128|0x0000000088000000, 0x0000000088100000, 0x0000000088100000|100%| O|  |TAMS 0x0000000088000000, 0x0000000088000000| Untracked 
| 129|0x0000000088100000, 0x0000000088200000, 0x0000000088200000|100%| O|  |TAMS 0x0000000088100000, 0x0000000088100000| Untracked 
| 130|0x0000000088200000, 0x0000000088300000, 0x0000000088300000|100%| O|  |TAMS 0x0000000088200000, 0x0000000088200000| Untracked 
| 131|0x0000000088300000, 0x0000000088400000, 0x0000000088400000|100%| O|  |TAMS 0x0000000088300000, 0x0000000088300000| Untracked 
| 132|0x0000000088400000, 0x0000000088500000, 0x0000000088500000|100%| O|  |TAMS 0x0000000088400000, 0x0000000088400000| Untracked 
| 133|0x0000000088500000, 0x0000000088600000, 0x0000000088600000|100%| O|  |TAMS 0x0000000088500000, 0x0000000088500000| Untracked 
| 134|0x0000000088600000, 0x0000000088700000, 0x0000000088700000|100%|HS|  |TAMS 0x0000000088600000, 0x0000000088600000| Complete 
| 135|0x0000000088700000, 0x0000000088800000, 0x0000000088800000|100%|HS|  |TAMS 0x0000000088700000, 0x0000000088700000| Complete 
| 136|0x0000000088800000, 0x0000000088900000, 0x0000000088900000|100%| O|  |TAMS 0x0000000088800000, 0x0000000088800000| Untracked 
| 137|0x0000000088900000, 0x0000000088a00000, 0x0000000088a00000|100%| O|  |TAMS 0x0000000088900000, 0x0000000088900000| Untracked 
| 138|0x0000000088a00000, 0x0000000088b00000, 0x0000000088b00000|100%| O|  |TAMS 0x0000000088a00000, 0x0000000088a00000| Untracked 
| 139|0x0000000088b00000, 0x0000000088c00000, 0x0000000088c00000|100%| O|  |TAMS 0x0000000088b00000, 0x0000000088b00000| Untracked 
| 140|0x0000000088c00000, 0x0000000088d00000, 0x0000000088d00000|100%| O|  |TAMS 0x0000000088c00000, 0x0000000088c00000| Untracked 
| 141|0x0000000088d00000, 0x0000000088e00000, 0x0000000088e00000|100%| O|  |TAMS 0x0000000088d00000, 0x0000000088d00000| Untracked 
| 142|0x0000000088e00000, 0x0000000088f00000, 0x0000000088f00000|100%| O|  |TAMS 0x0000000088e00000, 0x0000000088e00000| Untracked 
| 143|0x0000000088f00000, 0x0000000089000000, 0x0000000089000000|100%| O|  |TAMS 0x0000000088f00000, 0x0000000088f00000| Untracked 
| 144|0x0000000089000000, 0x0000000089100000, 0x0000000089100000|100%| O|  |TAMS 0x0000000089000000, 0x0000000089000000| Untracked 
| 145|0x0000000089100000, 0x0000000089200000, 0x0000000089200000|100%| O|  |TAMS 0x0000000089100000, 0x0000000089100000| Untracked 
| 146|0x0000000089200000, 0x0000000089300000, 0x0000000089300000|100%| O|  |TAMS 0x0000000089200000, 0x0000000089200000| Untracked 
| 147|0x0000000089300000, 0x0000000089400000, 0x0000000089400000|100%| O|  |TAMS 0x0000000089300000, 0x0000000089300000| Untracked 
| 148|0x0000000089400000, 0x0000000089500000, 0x0000000089500000|100%| O|  |TAMS 0x0000000089400000, 0x0000000089400000| Untracked 
| 149|0x0000000089500000, 0x0000000089600000, 0x0000000089600000|100%| O|  |TAMS 0x0000000089500000, 0x0000000089500000| Untracked 
| 150|0x0000000089600000, 0x0000000089700000, 0x0000000089700000|100%| O|  |TAMS 0x0000000089600000, 0x0000000089600000| Untracked 
| 151|0x0000000089700000, 0x0000000089800000, 0x0000000089800000|100%| O|  |TAMS 0x0000000089700000, 0x0000000089700000| Untracked 
| 152|0x0000000089800000, 0x0000000089900000, 0x0000000089900000|100%| O|  |TAMS 0x0000000089800000, 0x0000000089800000| Untracked 
| 153|0x0000000089900000, 0x0000000089a00000, 0x0000000089a00000|100%|HS|  |TAMS 0x0000000089900000, 0x0000000089900000| Complete 
| 154|0x0000000089a00000, 0x0000000089b00000, 0x0000000089b00000|100%|HC|  |TAMS 0x0000000089a00000, 0x0000000089a00000| Complete 
| 155|0x0000000089b00000, 0x0000000089c00000, 0x0000000089c00000|100%|HC|  |TAMS 0x0000000089b00000, 0x0000000089b00000| Complete 
| 156|0x0000000089c00000, 0x0000000089d00000, 0x0000000089d00000|100%|HC|  |TAMS 0x0000000089c00000, 0x0000000089c00000| Complete 
| 157|0x0000000089d00000, 0x0000000089e00000, 0x0000000089e00000|100%|HC|  |TAMS 0x0000000089d00000, 0x0000000089d00000| Complete 
| 158|0x0000000089e00000, 0x0000000089f00000, 0x0000000089f00000|100%|HC|  |TAMS 0x0000000089e00000, 0x0000000089e00000| Complete 
| 159|0x0000000089f00000, 0x000000008a000000, 0x000000008a000000|100%|HC|  |TAMS 0x0000000089f00000, 0x0000000089f00000| Complete 
| 160|0x000000008a000000, 0x000000008a100000, 0x000000008a100000|100%|HC|  |TAMS 0x000000008a000000, 0x000000008a000000| Complete 
| 161|0x000000008a100000, 0x000000008a200000, 0x000000008a200000|100%|HC|  |TAMS 0x000000008a100000, 0x000000008a100000| Complete 
| 162|0x000000008a200000, 0x000000008a300000, 0x000000008a300000|100%| O|  |TAMS 0x000000008a200000, 0x000000008a200000| Untracked 
| 163|0x000000008a300000, 0x000000008a400000, 0x000000008a400000|100%| O|  |TAMS 0x000000008a300000, 0x000000008a300000| Untracked 
| 164|0x000000008a400000, 0x000000008a500000, 0x000000008a500000|100%| O|  |TAMS 0x000000008a400000, 0x000000008a400000| Untracked 
| 165|0x000000008a500000, 0x000000008a600000, 0x000000008a600000|100%| O|  |TAMS 0x000000008a500000, 0x000000008a500000| Untracked 
| 166|0x000000008a600000, 0x000000008a700000, 0x000000008a700000|100%| O|  |TAMS 0x000000008a600000, 0x000000008a600000| Untracked 
| 167|0x000000008a700000, 0x000000008a800000, 0x000000008a800000|100%| O|  |TAMS 0x000000008a700000, 0x000000008a700000| Untracked 
| 168|0x000000008a800000, 0x000000008a900000, 0x000000008a900000|100%| O|  |TAMS 0x000000008a800000, 0x000000008a800000| Untracked 
| 169|0x000000008a900000, 0x000000008aa00000, 0x000000008aa00000|100%| O|  |TAMS 0x000000008a900000, 0x000000008a900000| Untracked 
| 170|0x000000008aa00000, 0x000000008ab00000, 0x000000008ab00000|100%| O|  |TAMS 0x000000008aa00000, 0x000000008aa00000| Untracked 
| 171|0x000000008ab00000, 0x000000008ac00000, 0x000000008ac00000|100%| O|  |TAMS 0x000000008ab00000, 0x000000008ab00000| Untracked 
| 172|0x000000008ac00000, 0x000000008ad00000, 0x000000008ad00000|100%| O|  |TAMS 0x000000008ac00000, 0x000000008ac00000| Untracked 
| 173|0x000000008ad00000, 0x000000008ae00000, 0x000000008ae00000|100%| O|  |TAMS 0x000000008ad00000, 0x000000008ad00000| Untracked 
| 174|0x000000008ae00000, 0x000000008af00000, 0x000000008af00000|100%| O|  |TAMS 0x000000008ae00000, 0x000000008ae00000| Untracked 
| 175|0x000000008af00000, 0x000000008b000000, 0x000000008b000000|100%| O|  |TAMS 0x000000008af00000, 0x000000008af00000| Untracked 
| 176|0x000000008b000000, 0x000000008b100000, 0x000000008b100000|100%| O|  |TAMS 0x000000008b000000, 0x000000008b000000| Untracked 
| 177|0x000000008b100000, 0x000000008b200000, 0x000000008b200000|100%| O|  |TAMS 0x000000008b100000, 0x000000008b100000| Untracked 
| 178|0x000000008b200000, 0x000000008b300000, 0x000000008b300000|100%| O|  |TAMS 0x000000008b200000, 0x000000008b200000| Untracked 
| 179|0x000000008b300000, 0x000000008b400000, 0x000000008b400000|100%| O|  |TAMS 0x000000008b300000, 0x000000008b300000| Untracked 
| 180|0x000000008b400000, 0x000000008b500000, 0x000000008b500000|100%| O|  |TAMS 0x000000008b400000, 0x000000008b400000| Untracked 
| 181|0x000000008b500000, 0x000000008b600000, 0x000000008b600000|100%| O|  |TAMS 0x000000008b500000, 0x000000008b500000| Untracked 
| 182|0x000000008b600000, 0x000000008b700000, 0x000000008b700000|100%| O|  |TAMS 0x000000008b600000, 0x000000008b600000| Untracked 
| 183|0x000000008b700000, 0x000000008b800000, 0x000000008b800000|100%| O|  |TAMS 0x000000008b700000, 0x000000008b700000| Untracked 
| 184|0x000000008b800000, 0x000000008b900000, 0x000000008b900000|100%| O|  |TAMS 0x000000008b800000, 0x000000008b800000| Untracked 
| 185|0x000000008b900000, 0x000000008ba00000, 0x000000008ba00000|100%| O|  |TAMS 0x000000008b900000, 0x000000008b900000| Untracked 
| 186|0x000000008ba00000, 0x000000008bb00000, 0x000000008bb00000|100%| O|  |TAMS 0x000000008ba00000, 0x000000008ba00000| Untracked 
| 187|0x000000008bb00000, 0x000000008bc00000, 0x000000008bc00000|100%| O|  |TAMS 0x000000008bb00000, 0x000000008bb00000| Untracked 
| 188|0x000000008bc00000, 0x000000008bd00000, 0x000000008bd00000|100%| O|  |TAMS 0x000000008bc00000, 0x000000008bc00000| Untracked 
| 189|0x000000008bd00000, 0x000000008be00000, 0x000000008be00000|100%| O|  |TAMS 0x000000008bd00000, 0x000000008bd00000| Untracked 
| 190|0x000000008be00000, 0x000000008bf00000, 0x000000008bf00000|100%| O|  |TAMS 0x000000008be00000, 0x000000008be00000| Untracked 
| 191|0x000000008bf00000, 0x000000008c000000, 0x000000008c000000|100%| O|  |TAMS 0x000000008bf00000, 0x000000008bf00000| Untracked 
| 192|0x000000008c000000, 0x000000008c100000, 0x000000008c100000|100%| O|  |TAMS 0x000000008c000000, 0x000000008c000000| Untracked 
| 193|0x000000008c100000, 0x000000008c153e00, 0x000000008c200000| 32%| O|  |TAMS 0x000000008c100000, 0x000000008c100000| Untracked 
| 194|0x000000008c200000, 0x000000008c200000, 0x000000008c300000|  0%| F|  |TAMS 0x000000008c200000, 0x000000008c200000| Untracked 
| 195|0x000000008c300000, 0x000000008c300000, 0x000000008c400000|  0%| F|  |TAMS 0x000000008c300000, 0x000000008c300000| Untracked 
| 196|0x000000008c400000, 0x000000008c400000, 0x000000008c500000|  0%| F|  |TAMS 0x000000008c400000, 0x000000008c400000| Untracked 
| 197|0x000000008c500000, 0x000000008c500000, 0x000000008c600000|  0%| F|  |TAMS 0x000000008c500000, 0x000000008c500000| Untracked 
| 198|0x000000008c600000, 0x000000008c600000, 0x000000008c700000|  0%| F|  |TAMS 0x000000008c600000, 0x000000008c600000| Untracked 
| 199|0x000000008c700000, 0x000000008c700000, 0x000000008c800000|  0%| F|  |TAMS 0x000000008c700000, 0x000000008c700000| Untracked 
| 200|0x000000008c800000, 0x000000008c800000, 0x000000008c900000|  0%| F|  |TAMS 0x000000008c800000, 0x000000008c800000| Untracked 
| 201|0x000000008c900000, 0x000000008c900000, 0x000000008ca00000|  0%| F|  |TAMS 0x000000008c900000, 0x000000008c900000| Untracked 
| 202|0x000000008ca00000, 0x000000008ca00000, 0x000000008cb00000|  0%| F|  |TAMS 0x000000008ca00000, 0x000000008ca00000| Untracked 
| 203|0x000000008cb00000, 0x000000008cb00000, 0x000000008cc00000|  0%| F|  |TAMS 0x000000008cb00000, 0x000000008cb00000| Untracked 
| 204|0x000000008cc00000, 0x000000008cc00000, 0x000000008cd00000|  0%| F|  |TAMS 0x000000008cc00000, 0x000000008cc00000| Untracked 
| 205|0x000000008cd00000, 0x000000008cd00000, 0x000000008ce00000|  0%| F|  |TAMS 0x000000008cd00000, 0x000000008cd00000| Untracked 
| 206|0x000000008ce00000, 0x000000008ce00000, 0x000000008cf00000|  0%| F|  |TAMS 0x000000008ce00000, 0x000000008ce00000| Untracked 
| 207|0x000000008cf00000, 0x000000008cf00000, 0x000000008d000000|  0%| F|  |TAMS 0x000000008cf00000, 0x000000008cf00000| Untracked 
| 208|0x000000008d000000, 0x000000008d000000, 0x000000008d100000|  0%| F|  |TAMS 0x000000008d000000, 0x000000008d000000| Untracked 
| 209|0x000000008d100000, 0x000000008d200000, 0x000000008d200000|100%| O|  |TAMS 0x000000008d100000, 0x000000008d100000| Untracked 
| 210|0x000000008d200000, 0x000000008d300000, 0x000000008d300000|100%| O|  |TAMS 0x000000008d200000, 0x000000008d200000| Untracked 
| 211|0x000000008d300000, 0x000000008d400000, 0x000000008d400000|100%| O|  |TAMS 0x000000008d300000, 0x000000008d300000| Untracked 
| 212|0x000000008d400000, 0x000000008d500000, 0x000000008d500000|100%| O|  |TAMS 0x000000008d400000, 0x000000008d400000| Untracked 
| 213|0x000000008d500000, 0x000000008d600000, 0x000000008d600000|100%| O|  |TAMS 0x000000008d500000, 0x000000008d500000| Untracked 
| 214|0x000000008d600000, 0x000000008d700000, 0x000000008d700000|100%| O|  |TAMS 0x000000008d600000, 0x000000008d600000| Untracked 
| 215|0x000000008d700000, 0x000000008d800000, 0x000000008d800000|100%| O|  |TAMS 0x000000008d700000, 0x000000008d700000| Untracked 
| 216|0x000000008d800000, 0x000000008d900000, 0x000000008d900000|100%| O|  |TAMS 0x000000008d800000, 0x000000008d800000| Untracked 
| 217|0x000000008d900000, 0x000000008da00000, 0x000000008da00000|100%| O|  |TAMS 0x000000008d900000, 0x000000008d900000| Untracked 
| 218|0x000000008da00000, 0x000000008da00000, 0x000000008db00000|  0%| F|  |TAMS 0x000000008da00000, 0x000000008da00000| Untracked 
| 219|0x000000008db00000, 0x000000008db00000, 0x000000008dc00000|  0%| F|  |TAMS 0x000000008db00000, 0x000000008db00000| Untracked 
| 220|0x000000008dc00000, 0x000000008dc00000, 0x000000008dd00000|  0%| F|  |TAMS 0x000000008dc00000, 0x000000008dc00000| Untracked 
| 221|0x000000008dd00000, 0x000000008dd00000, 0x000000008de00000|  0%| F|  |TAMS 0x000000008dd00000, 0x000000008dd00000| Untracked 
| 222|0x000000008de00000, 0x000000008de00000, 0x000000008df00000|  0%| F|  |TAMS 0x000000008de00000, 0x000000008de00000| Untracked 
| 223|0x000000008df00000, 0x000000008df00000, 0x000000008e000000|  0%| F|  |TAMS 0x000000008df00000, 0x000000008df00000| Untracked 
| 224|0x000000008e000000, 0x000000008e000000, 0x000000008e100000|  0%| F|  |TAMS 0x000000008e000000, 0x000000008e000000| Untracked 
| 225|0x000000008e100000, 0x000000008e100000, 0x000000008e200000|  0%| F|  |TAMS 0x000000008e100000, 0x000000008e100000| Untracked 
| 226|0x000000008e200000, 0x000000008e200000, 0x000000008e300000|  0%| F|  |TAMS 0x000000008e200000, 0x000000008e200000| Untracked 
| 227|0x000000008e300000, 0x000000008e300000, 0x000000008e400000|  0%| F|  |TAMS 0x000000008e300000, 0x000000008e300000| Untracked 
| 228|0x000000008e400000, 0x000000008e400000, 0x000000008e500000|  0%| F|  |TAMS 0x000000008e400000, 0x000000008e400000| Untracked 
| 229|0x000000008e500000, 0x000000008e500000, 0x000000008e600000|  0%| F|  |TAMS 0x000000008e500000, 0x000000008e500000| Untracked 
| 230|0x000000008e600000, 0x000000008e600000, 0x000000008e700000|  0%| F|  |TAMS 0x000000008e600000, 0x000000008e600000| Untracked 
| 231|0x000000008e700000, 0x000000008e700000, 0x000000008e800000|  0%| F|  |TAMS 0x000000008e700000, 0x000000008e700000| Untracked 
| 232|0x000000008e800000, 0x000000008e800000, 0x000000008e900000|  0%| F|  |TAMS 0x000000008e800000, 0x000000008e800000| Untracked 
| 233|0x000000008e900000, 0x000000008e900000, 0x000000008ea00000|  0%| F|  |TAMS 0x000000008e900000, 0x000000008e900000| Untracked 
| 234|0x000000008ea00000, 0x000000008ea00000, 0x000000008eb00000|  0%| F|  |TAMS 0x000000008ea00000, 0x000000008ea00000| Untracked 
| 235|0x000000008eb00000, 0x000000008eb00000, 0x000000008ec00000|  0%| F|  |TAMS 0x000000008eb00000, 0x000000008eb00000| Untracked 
| 236|0x000000008ec00000, 0x000000008ec00000, 0x000000008ed00000|  0%| F|  |TAMS 0x000000008ec00000, 0x000000008ec00000| Untracked 
| 237|0x000000008ed00000, 0x000000008ed00000, 0x000000008ee00000|  0%| F|  |TAMS 0x000000008ed00000, 0x000000008ed00000| Untracked 
| 238|0x000000008ee00000, 0x000000008ef00000, 0x000000008ef00000|100%| S|CS|TAMS 0x000000008ee00000, 0x000000008ee00000| Complete 
| 239|0x000000008ef00000, 0x000000008f000000, 0x000000008f000000|100%| S|CS|TAMS 0x000000008ef00000, 0x000000008ef00000| Complete 
| 240|0x000000008f000000, 0x000000008f000000, 0x000000008f100000|  0%| F|  |TAMS 0x000000008f000000, 0x000000008f000000| Untracked 
| 241|0x000000008f100000, 0x000000008f100000, 0x000000008f200000|  0%| F|  |TAMS 0x000000008f100000, 0x000000008f100000| Untracked 
| 242|0x000000008f200000, 0x000000008f200000, 0x000000008f300000|  0%| F|  |TAMS 0x000000008f200000, 0x000000008f200000| Untracked 
| 243|0x000000008f300000, 0x000000008f400000, 0x000000008f400000|100%| S|CS|TAMS 0x000000008f300000, 0x000000008f300000| Complete 
| 244|0x000000008f400000, 0x000000008f400000, 0x000000008f500000|  0%| F|  |TAMS 0x000000008f400000, 0x000000008f400000| Untracked 
| 245|0x000000008f500000, 0x000000008f500000, 0x000000008f600000|  0%| F|  |TAMS 0x000000008f500000, 0x000000008f500000| Untracked 
| 246|0x000000008f600000, 0x000000008f600000, 0x000000008f700000|  0%| F|  |TAMS 0x000000008f600000, 0x000000008f600000| Untracked 
| 247|0x000000008f700000, 0x000000008f700000, 0x000000008f800000|  0%| F|  |TAMS 0x000000008f700000, 0x000000008f700000| Untracked 
| 248|0x000000008f800000, 0x000000008f800000, 0x000000008f900000|  0%| F|  |TAMS 0x000000008f800000, 0x000000008f800000| Untracked 
| 249|0x000000008f900000, 0x000000008f900000, 0x000000008fa00000|  0%| F|  |TAMS 0x000000008f900000, 0x000000008f900000| Untracked 
| 250|0x000000008fa00000, 0x000000008fa00000, 0x000000008fb00000|  0%| F|  |TAMS 0x000000008fa00000, 0x000000008fa00000| Untracked 
| 251|0x000000008fb00000, 0x000000008fb00000, 0x000000008fc00000|  0%| F|  |TAMS 0x000000008fb00000, 0x000000008fb00000| Untracked 
| 252|0x000000008fc00000, 0x000000008fc00000, 0x000000008fd00000|  0%| F|  |TAMS 0x000000008fc00000, 0x000000008fc00000| Untracked 
| 253|0x000000008fd00000, 0x000000008fd00000, 0x000000008fe00000|  0%| F|  |TAMS 0x000000008fd00000, 0x000000008fd00000| Untracked 
| 254|0x000000008fe00000, 0x000000008fe00000, 0x000000008ff00000|  0%| F|  |TAMS 0x000000008fe00000, 0x000000008fe00000| Untracked 
| 255|0x000000008ff00000, 0x000000008ff00000, 0x0000000090000000|  0%| F|  |TAMS 0x000000008ff00000, 0x000000008ff00000| Untracked 
| 256|0x0000000090000000, 0x0000000090000000, 0x0000000090100000|  0%| F|  |TAMS 0x0000000090000000, 0x0000000090000000| Untracked 
| 257|0x0000000090100000, 0x0000000090100000, 0x0000000090200000|  0%| F|  |TAMS 0x0000000090100000, 0x0000000090100000| Untracked 
| 258|0x0000000090200000, 0x0000000090200000, 0x0000000090300000|  0%| F|  |TAMS 0x0000000090200000, 0x0000000090200000| Untracked 
| 259|0x0000000090300000, 0x0000000090300000, 0x0000000090400000|  0%| F|  |TAMS 0x0000000090300000, 0x0000000090300000| Untracked 
| 260|0x0000000090400000, 0x0000000090400000, 0x0000000090500000|  0%| F|  |TAMS 0x0000000090400000, 0x0000000090400000| Untracked 
| 261|0x0000000090500000, 0x0000000090500000, 0x0000000090600000|  0%| F|  |TAMS 0x0000000090500000, 0x0000000090500000| Untracked 

Card table byte_map: [0x000001d57e830000,0x000001d57ec30000] _byte_map_base: 0x000001d57e430000

Marking Bits (Prev, Next): (CMBitMap*) 0x000001d57e399020, (CMBitMap*) 0x000001d57e398fe8
 Prev Bits: [0x000001d514a40000, 0x000001d516a40000)
 Next Bits: [0x000001d512a40000, 0x000001d514a40000)

Polling page: 0x000001d57c270000

Metaspace:

Usage:
  Non-class:    108.21 MB capacity,   106.18 MB ( 98%) used,     1.63 MB (  2%) free+waste,   410.13 KB ( <1%) overhead. 
      Class:     16.37 MB capacity,    15.15 MB ( 93%) used,     1.04 MB (  6%) free+waste,   187.44 KB (  1%) overhead. 
       Both:    124.58 MB capacity,   121.33 MB ( 97%) used,     2.67 MB (  2%) free+waste,   597.56 KB ( <1%) overhead. 

Virtual space:
  Non-class space:      110.00 MB reserved,     108.42 MB ( 99%) committed 
      Class space:        1.00 GB reserved,      16.53 MB (  2%) committed 
             Both:        1.11 GB reserved,     124.95 MB ( 11%) committed 

Chunk freelists:
   Non-Class:  24.00 KB
       Class:  69.00 KB
        Both:  93.00 KB

MaxMetaspaceSize: 17179869184.00 GB
CompressedClassSpaceSize: 1.00 GB
Initial GC threshold: 20.80 MB
Current GC threshold: 204.30 MB
CDS: off

CodeHeap 'non-profiled nmethods': size=120064Kb used=10132Kb max_used=10454Kb free=109931Kb
 bounds [0x000001d50b500000, 0x000001d50bf70000, 0x000001d512a40000]
CodeHeap 'profiled nmethods': size=120000Kb used=38900Kb max_used=39883Kb free=81099Kb
 bounds [0x000001d503fd0000, 0x000001d506720000, 0x000001d50b500000]
CodeHeap 'non-nmethods': size=5696Kb used=2514Kb max_used=2571Kb free=3181Kb
 bounds [0x000001d503a40000, 0x000001d503cd0000, 0x000001d503fd0000]
 total_blobs=18357 nmethods=17282 adapters=986
 compilation: enabled
              stopped_count=0, restarted_count=0
 full_count=0

Compilation events (20 events):
Event: 53.572 Thread 0x000001d57f561800 18435       2       com.android.tools.r8.code.Q3::a (1 bytes)
Event: 53.572 Thread 0x000001d57f561800 nmethod 18435 0x000001d504678910 code [0x000001d504678ac0, 0x000001d504678bb8]
Event: 53.574 Thread 0x000001d51ed5f800 nmethod 18427 0x000001d50b527690 code [0x000001d50b527900, 0x000001d50b528ae8]
Event: 53.574 Thread 0x000001d51ed5f800 18434       4       com.android.tools.r8.internal.t3::a (116 bytes)
Event: 53.575 Thread 0x000001d57f55f800 nmethod 17972 0x000001d50b557d90 code [0x000001d50b557f60, 0x000001d50b558518]
Event: 53.576 Thread 0x000001d57f55f800 18235       4       com.android.tools.r8.graph.L::<init> (89 bytes)
Event: 53.580 Thread 0x000001d51ed5f800 nmethod 18434 0x000001d50b535890 code [0x000001d50b535a20, 0x000001d50b535b58]
Event: 53.580 Thread 0x000001d57f55f800 nmethod 18235 0x000001d50b7dea90 code [0x000001d50b7dec20, 0x000001d50b7dee18]
Event: 53.580 Thread 0x000001d51ed5f800 18217       4       com.android.tools.r8.internal.sK::hasNext (14 bytes)
Event: 53.580 Thread 0x000001d57f55f800 17998       4       com.android.tools.r8.internal.yY$$Lambda$1816/0x0000000100f71c40::test (5 bytes)
Event: 53.580 Thread 0x000001d57f55f800 nmethod 17998 0x000001d50b535590 code [0x000001d50b535720, 0x000001d50b535798]
Event: 53.580 Thread 0x000001d57f55f800 17979       4       com.android.tools.r8.code.F0::hashCode (13 bytes)
Event: 53.580 Thread 0x000001d51ed5f800 nmethod 18217 0x000001d50b535210 code [0x000001d50b5353a0, 0x000001d50b535418]
Event: 53.581 Thread 0x000001d51ed5f800 18278       4       com.android.tools.r8.graph.W0$$Lambda$1723/0x0000000100f2ac40::accept (16 bytes)
Event: 53.582 Thread 0x000001d57f55f800 nmethod 17979 0x000001d50b9fda10 code [0x000001d50b9fdba0, 0x000001d50b9fdc68]
Event: 53.582 Thread 0x000001d57f55f800 18213       4       com.android.tools.r8.graph.N::o0 (2 bytes)
Event: 53.582 Thread 0x000001d57f55f800 nmethod 18213 0x000001d50b9fd710 code [0x000001d50b9fd8a0, 0x000001d50b9fd8f8]
Event: 53.582 Thread 0x000001d57f55f800 18410       4       com.android.tools.r8.graph.P0::b (47 bytes)
Event: 53.586 Thread 0x000001d51ed5f800 nmethod 18278 0x000001d50b56ba10 code [0x000001d50b56bbc0, 0x000001d50b56be58]
Event: 53.586 Thread 0x000001d51ed5f800 18411       4       com.android.tools.r8.internal.k30::a (16 bytes)

GC Heap History (20 events):
Event: 45.949 GC heap after
{Heap after GC invocations=41 (full 0):
 garbage-first heap   total 206848K, used 108244K [0x0000000080000000, 0x0000000100000000)
  region size 1024K, 6 young (6144K), 6 survivors (6144K)
 Metaspace       used 109307K, capacity 111939K, committed 112208K, reserved 1146880K
  class space    used 13473K, capacity 14381K, committed 14496K, reserved 1048576K
}
Event: 47.224 GC heap before
{Heap before GC invocations=42 (full 0):
 garbage-first heap   total 206848K, used 165588K [0x0000000080000000, 0x0000000100000000)
  region size 1024K, 59 young (60416K), 6 survivors (6144K)
 Metaspace       used 115371K, capacity 118182K, committed 118480K, reserved 1153024K
  class space    used 14295K, capacity 15310K, committed 15392K, reserved 1048576K
}
Event: 47.252 GC heap after
{Heap after GC invocations=43 (full 0):
 garbage-first heap   total 206848K, used 119392K [0x0000000080000000, 0x0000000100000000)
  region size 1024K, 8 young (8192K), 8 survivors (8192K)
 Metaspace       used 115371K, capacity 118182K, committed 118480K, reserved 1153024K
  class space    used 14295K, capacity 15310K, committed 15392K, reserved 1048576K
}
Event: 47.295 GC heap before
{Heap before GC invocations=43 (full 0):
 garbage-first heap   total 206848K, used 121440K [0x0000000080000000, 0x0000000100000000)
  region size 1024K, 10 young (10240K), 8 survivors (8192K)
 Metaspace       used 115705K, capacity 118647K, committed 118864K, reserved 1153024K
  class space    used 14405K, capacity 15507K, committed 15520K, reserved 1048576K
}
Event: 47.318 GC heap after
{Heap after GC invocations=44 (full 0):
 garbage-first heap   total 206848K, used 116048K [0x0000000080000000, 0x0000000100000000)
  region size 1024K, 2 young (2048K), 2 survivors (2048K)
 Metaspace       used 115705K, capacity 118647K, committed 118864K, reserved 1153024K
  class space    used 14405K, capacity 15507K, committed 15520K, reserved 1048576K
}
Event: 48.940 GC heap before
{Heap before GC invocations=44 (full 0):
 garbage-first heap   total 206848K, used 164176K [0x0000000080000000, 0x0000000100000000)
  region size 1024K, 49 young (50176K), 2 survivors (2048K)
 Metaspace       used 121858K, capacity 125263K, committed 125520K, reserved 1159168K
  class space    used 15208K, capacity 16516K, committed 16544K, reserved 1048576K
}
Event: 48.952 GC heap after
{Heap after GC invocations=45 (full 0):
 garbage-first heap   total 206848K, used 117196K [0x0000000080000000, 0x0000000100000000)
  region size 1024K, 3 young (3072K), 3 survivors (3072K)
 Metaspace       used 121858K, capacity 125263K, committed 125520K, reserved 1159168K
  class space    used 15208K, capacity 16516K, committed 16544K, reserved 1048576K
}
Event: 50.378 GC heap before
{Heap before GC invocations=46 (full 0):
 garbage-first heap   total 206848K, used 205260K [0x0000000080000000, 0x0000000100000000)
  region size 1024K, 49 young (50176K), 3 survivors (3072K)
 Metaspace       used 122771K, capacity 126032K, committed 126416K, reserved 1159168K
  class space    used 15248K, capacity 16497K, committed 16672K, reserved 1048576K
}
Event: 50.417 GC heap after
{Heap after GC invocations=47 (full 0):
 garbage-first heap   total 223232K, used 147172K [0x0000000080000000, 0x0000000100000000)
  region size 1024K, 7 young (7168K), 7 survivors (7168K)
 Metaspace       used 122771K, capacity 126032K, committed 126416K, reserved 1159168K
  class space    used 15248K, capacity 16497K, committed 16672K, reserved 1048576K
}
Event: 50.448 GC heap before
{Heap before GC invocations=47 (full 0):
 garbage-first heap   total 223232K, used 149220K [0x0000000080000000, 0x0000000100000000)
  region size 1024K, 10 young (10240K), 7 survivors (7168K)
 Metaspace       used 122771K, capacity 126032K, committed 126416K, reserved 1159168K
  class space    used 15248K, capacity 16497K, committed 16672K, reserved 1048576K
}
Event: 50.472 GC heap after
{Heap after GC invocations=48 (full 0):
 garbage-first heap   total 223232K, used 144683K [0x0000000080000000, 0x0000000100000000)
  region size 1024K, 2 young (2048K), 2 survivors (2048K)
 Metaspace       used 122771K, capacity 126032K, committed 126416K, reserved 1159168K
  class space    used 15248K, capacity 16497K, committed 16672K, reserved 1048576K
}
Event: 51.209 GC heap before
{Heap before GC invocations=48 (full 0):
 garbage-first heap   total 223232K, used 178475K [0x0000000080000000, 0x0000000100000000)
  region size 1024K, 35 young (35840K), 2 survivors (2048K)
 Metaspace       used 123969K, capacity 127261K, committed 127440K, reserved 1159168K
  class space    used 15502K, capacity 16755K, committed 16928K, reserved 1048576K
}
Event: 51.252 GC heap after
{Heap after GC invocations=49 (full 0):
 garbage-first heap   total 268288K, used 160763K [0x0000000080000000, 0x0000000100000000)
  region size 1024K, 5 young (5120K), 5 survivors (5120K)
 Metaspace       used 123969K, capacity 127261K, committed 127440K, reserved 1159168K
  class space    used 15502K, capacity 16755K, committed 16928K, reserved 1048576K
}
Event: 52.060 GC heap before
{Heap before GC invocations=49 (full 0):
 garbage-first heap   total 268288K, used 208891K [0x0000000080000000, 0x0000000100000000)
  region size 1024K, 51 young (52224K), 5 survivors (5120K)
 Metaspace       used 124013K, capacity 127267K, committed 127440K, reserved 1159168K
  class space    used 15503K, capacity 16756K, committed 16928K, reserved 1048576K
}
Event: 52.151 GC heap after
{Heap after GC invocations=50 (full 0):
 garbage-first heap   total 268288K, used 187877K [0x0000000080000000, 0x0000000100000000)
  region size 1024K, 7 young (7168K), 7 survivors (7168K)
 Metaspace       used 124013K, capacity 127267K, committed 127440K, reserved 1159168K
  class space    used 15503K, capacity 16756K, committed 16928K, reserved 1048576K
}
Event: 52.732 GC heap before
{Heap before GC invocations=50 (full 0):
 garbage-first heap   total 268288K, used 212453K [0x0000000080000000, 0x0000000100000000)
  region size 1024K, 32 young (32768K), 7 survivors (7168K)
 Metaspace       used 124134K, capacity 127422K, committed 127696K, reserved 1161216K
  class space    used 15510K, capacity 16762K, committed 16928K, reserved 1048576K
}
Event: 52.775 GC heap after
{Heap after GC invocations=51 (full 0):
 garbage-first heap   total 268288K, used 199680K [0x0000000080000000, 0x0000000100000000)
  region size 1024K, 4 young (4096K), 4 survivors (4096K)
 Metaspace       used 124134K, capacity 127422K, committed 127696K, reserved 1161216K
  class space    used 15510K, capacity 16762K, committed 16928K, reserved 1048576K
}
Event: 53.133 GC heap before
{Heap before GC invocations=51 (full 0):
 garbage-first heap   total 268288K, used 219136K [0x0000000080000000, 0x0000000100000000)
  region size 1024K, 23 young (23552K), 4 survivors (4096K)
 Metaspace       used 124197K, capacity 127498K, committed 127696K, reserved 1161216K
  class space    used 15510K, capacity 16762K, committed 16928K, reserved 1048576K
}
Event: 53.156 GC heap after
{Heap after GC invocations=52 (full 0):
 garbage-first heap   total 268288K, used 204288K [0x0000000080000000, 0x0000000100000000)
  region size 1024K, 3 young (3072K), 3 survivors (3072K)
 Metaspace       used 124197K, capacity 127498K, committed 127696K, reserved 1161216K
  class space    used 15510K, capacity 16762K, committed 16928K, reserved 1048576K
}
Event: 53.606 GC heap before
{Heap before GC invocations=52 (full 0):
 garbage-first heap   total 268288K, used 222720K [0x0000000080000000, 0x0000000100000000)
  region size 1024K, 21 young (21504K), 3 survivors (3072K)
 Metaspace       used 124237K, capacity 127571K, committed 127952K, reserved 1161216K
  class space    used 15511K, capacity 16763K, committed 16928K, reserved 1048576K
}

Deoptimization events (20 events):
Event: 53.116 Thread 0x000001d52067d800 DEOPT PACKING pc=0x000001d50bef7e9c sp=0x000000985cffcde0
Event: 53.116 Thread 0x000001d52067d800 DEOPT UNPACKING pc=0x000001d503a8a1af sp=0x000000985cffcdb8 mode 2
Event: 53.197 Thread 0x000001d52067d800 DEOPT PACKING pc=0x000001d50441bc3f sp=0x000000985cffce70
Event: 53.197 Thread 0x000001d52067d800 DEOPT UNPACKING pc=0x000001d503a8a95e sp=0x000000985cffc310 mode 0
Event: 53.247 Thread 0x000001d52067d800 Uncommon trap: trap_request=0xffffff4d fr.pc=0x000001d50b54c9c4 relative=0x0000000000002984
Event: 53.247 Thread 0x000001d52067d800 Uncommon trap: reason=unstable_if action=reinterpret pc=0x000001d50b54c9c4 method=java.util.HashMap.putVal(ILjava/lang/Object;Ljava/lang/Object;ZZ)Ljava/lang/Object; @ 206 c2
Event: 53.247 Thread 0x000001d52067d800 DEOPT PACKING pc=0x000001d50b54c9c4 sp=0x000000985cffcd10
Event: 53.247 Thread 0x000001d52067d800 DEOPT UNPACKING pc=0x000001d503a8a1af sp=0x000000985cffcbd0 mode 2
Event: 53.255 Thread 0x000001d519ae9000 Uncommon trap: trap_request=0xffffffde fr.pc=0x000001d50bd70c44 relative=0x0000000000000184
Event: 53.255 Thread 0x000001d519ae9000 Uncommon trap: reason=class_check action=maybe_recompile pc=0x000001d50bd70c44 method=java.util.concurrent.locks.ReentrantReadWriteLock$Sync.tryAcquireShared(I)I @ 33 c2
Event: 53.255 Thread 0x000001d519ae9000 DEOPT PACKING pc=0x000001d50bd70c44 sp=0x000000985c6fe870
Event: 53.255 Thread 0x000001d519ae9000 DEOPT UNPACKING pc=0x000001d503a8a1af sp=0x000000985c6fe810 mode 2
Event: 53.255 Thread 0x000001d519ae9000 Uncommon trap: trap_request=0xffffffde fr.pc=0x000001d50bd70c44 relative=0x0000000000000184
Event: 53.255 Thread 0x000001d519ae9000 Uncommon trap: reason=class_check action=maybe_recompile pc=0x000001d50bd70c44 method=java.util.concurrent.locks.ReentrantReadWriteLock$Sync.tryAcquireShared(I)I @ 33 c2
Event: 53.255 Thread 0x000001d519ae9000 DEOPT PACKING pc=0x000001d50bd70c44 sp=0x000000985c6fe870
Event: 53.255 Thread 0x000001d519ae9000 DEOPT UNPACKING pc=0x000001d503a8a1af sp=0x000000985c6fe810 mode 2
Event: 53.474 Thread 0x000001d52067d800 Uncommon trap: trap_request=0xffffffe4 fr.pc=0x000001d50b524ed0 relative=0x0000000000000cf0
Event: 53.474 Thread 0x000001d52067d800 Uncommon trap: reason=range_check action=make_not_entrant pc=0x000001d50b524ed0 method=com.android.tools.r8.graph.a1.a(Lcom/android/tools/r8/graph/a1;)I @ 9 c2
Event: 53.474 Thread 0x000001d52067d800 DEOPT PACKING pc=0x000001d50b524ed0 sp=0x000000985cffcfb0
Event: 53.474 Thread 0x000001d52067d800 DEOPT UNPACKING pc=0x000001d503a8a1af sp=0x000000985cffced0 mode 2

Classes redefined (0 events):
No events

Internal exceptions (20 events):
Event: 46.963 Thread 0x000001d52067d800 Exception <a 'java/lang/IncompatibleClassChangeError'{0x0000000089ad21c8}: Found class java.lang.Object, but interface was expected> (0x0000000089ad21c8) thrown at [./src/hotspot/share/interpreter/linkResolver.cpp, line 839]
Event: 47.274 Thread 0x000001d52067d800 Exception <a 'java/lang/NoSuchMethodError'{0x000000008c80eff8}: 'java.lang.Object java.lang.invoke.DirectMethodHandle$Holder.invokeStatic(java.lang.Object, int, java.lang.Object, java.lang.Object)'> (0x000000008c80eff8) thrown at [./src/hotspot/share/interpreter/linkResolver.cpp, line 773]
Event: 47.274 Thread 0x000001d52067b800 Exception <a 'java/lang/NoSuchMethodError'{0x000000008c80d9a8}: 'java.lang.Object java.lang.invoke.DirectMethodHandle$Holder.invokeStatic(java.lang.Object, int, java.lang.Object, java.lang.Object)'> (0x000000008c80d9a8) thrown at [./src/hotspot/share/interpreter/linkResolver.cpp, line 773]
Event: 47.274 Thread 0x000001d52067e000 Exception <a 'java/lang/NoSuchMethodError'{0x000000008c804a68}: 'java.lang.Object java.lang.invoke.DirectMethodHandle$Holder.invokeStatic(java.lang.Object, int, java.lang.Object, java.lang.Object)'> (0x000000008c804a68) thrown at [./src/hotspot/share/interpreter/linkResolver.cpp, line 773]
Event: 47.326 Thread 0x000001d52067b800 Exception <a 'java/lang/NoSuchMethodError'{0x000000008c920850}: 'int java.lang.invoke.DirectMethodHandle$Holder.invokeSpecial(java.lang.Object, java.lang.Object, java.lang.Object, java.lang.Object, java.lang.Object, java.lang.Object)'> (0x000000008c920850) thrown at [./src/hotspot/share/interpreter/linkResolver.cpp, line 773]
Event: 47.520 Thread 0x000001d52067e000 Exception <a 'java/lang/IncompatibleClassChangeError'{0x000000008c291bc8}: Found class java.lang.Object, but interface was expected> (0x000000008c291bc8) thrown at [./src/hotspot/share/interpreter/linkResolver.cpp, line 839]
Event: 47.520 Thread 0x000001d52067d800 Exception <a 'java/lang/IncompatibleClassChangeError'{0x000000008c22bd08}: Found class java.lang.Object, but interface was expected> (0x000000008c22bd08) thrown at [./src/hotspot/share/interpreter/linkResolver.cpp, line 839]
Event: 47.522 Thread 0x000001d52067e000 Exception <a 'java/lang/IncompatibleClassChangeError'{0x000000008c294f28}: Found class java.lang.Object, but interface was expected> (0x000000008c294f28) thrown at [./src/hotspot/share/interpreter/linkResolver.cpp, line 839]
Event: 47.522 Thread 0x000001d52067b800 Exception <a 'java/lang/IncompatibleClassChangeError'{0x000000008c24fc70}: Found class java.lang.Object, but interface was expected> (0x000000008c24fc70) thrown at [./src/hotspot/share/interpreter/linkResolver.cpp, line 839]
Event: 47.522 Thread 0x000001d52067d800 Exception <a 'java/lang/IncompatibleClassChangeError'{0x000000008c22f018}: Found class java.lang.Object, but interface was expected> (0x000000008c22f018) thrown at [./src/hotspot/share/interpreter/linkResolver.cpp, line 839]
Event: 47.615 Thread 0x000001d52067e000 Exception <a 'java/lang/NoSuchMethodError'{0x000000008c0843f0}: 'void java.lang.invoke.DirectMethodHandle$Holder.invokeSpecial(java.lang.Object, java.lang.Object, int, java.lang.Object)'> (0x000000008c0843f0) thrown at [./src/hotspot/share/interpreter/linkResolver.cpp, line 773]
Event: 47.615 Thread 0x000001d52067b800 Exception <a 'java/lang/NoSuchMethodError'{0x000000008bf459b8}: 'void java.lang.invoke.DirectMethodHandle$Holder.invokeSpecial(java.lang.Object, java.lang.Object, int, java.lang.Object)'> (0x000000008bf459b8) thrown at [./src/hotspot/share/interpreter/linkResolver.cpp, line 773]
Event: 47.615 Thread 0x000001d52067d800 Exception <a 'java/lang/NoSuchMethodError'{0x000000008bf0e2c8}: 'void java.lang.invoke.DirectMethodHandle$Holder.invokeSpecial(java.lang.Object, java.lang.Object, int, java.lang.Object)'> (0x000000008bf0e2c8) thrown at [./src/hotspot/share/interpreter/linkResolver.cpp, line 773]
Event: 47.800 Thread 0x000001d52067d800 Exception <a 'java/lang/NoSuchMethodError'{0x000000008b95a598}: 'long java.lang.invoke.DirectMethodHandle$Holder.invokeStatic(java.lang.Object, java.lang.Object)'> (0x000000008b95a598) thrown at [./src/hotspot/share/interpreter/linkResolver.cpp, line 773]
Event: 48.339 Thread 0x000001d52067d800 Exception <a 'java/lang/NoSuchMethodError'{0x000000008abd8cb8}: 'java.lang.Object java.lang.invoke.Invokers$Holder.linkToTargetMethod(java.lang.Object, int, java.lang.Object, java.lang.Object, java.lang.Object, java.lang.Object)'> (0x000000008abd8cb8) thrown at [./src/hotspot/share/interpreter/linkResolver.cpp, line 773]
Event: 48.346 Thread 0x000001d52067d800 Exception <a 'java/lang/NoSuchMethodError'{0x000000008aa98700}: 'void java.lang.invoke.DirectMethodHandle$Holder.invokeStatic(java.lang.Object, java.lang.Object, java.lang.Object, java.lang.Object, java.lang.Object, java.lang.Object, java.lang.Object, java.lang.Object)'> (0x000000008aa98700) thrown at [./src/hotspot/share/interpreter/linkResolver.cpp, line 773]
Event: 48.746 Thread 0x000001d52067d800 Exception <a 'java/lang/NoSuchMethodError'{0x0000000089d07ce8}: 'void java.lang.invoke.DirectMethodHandle$Holder.invokeSpecial(java.lang.Object, java.lang.Object, int)'> (0x0000000089d07ce8) thrown at [./src/hotspot/share/interpreter/linkResolver.cpp, line 773]
Event: 48.803 Thread 0x000001d52067d800 Exception <a 'sun/nio/fs/WindowsException'{0x0000000089cbc6d0}> (0x0000000089cbc6d0) thrown at [./src/hotspot/share/prims/jni.cpp, line 616]
Event: 48.991 Thread 0x000001d52067b800 Exception <a 'java/lang/IncompatibleClassChangeError'{0x000000008c83c808}: Found class java.lang.Object, but interface was expected> (0x000000008c83c808) thrown at [./src/hotspot/share/interpreter/linkResolver.cpp, line 839]
Event: 49.955 Thread 0x000001d52067d800 Exception <a 'sun/nio/fs/WindowsException'{0x000000008bbe3990}> (0x000000008bbe3990) thrown at [./src/hotspot/share/prims/jni.cpp, line 616]

Events (20 events):
Event: 52.712 Executing coalesced safepoint VM operation: RevokeBias
Event: 52.712 Executing coalesced safepoint VM operation: RevokeBias done
Event: 52.712 Executing coalesced safepoint VM operation: RevokeBias
Event: 52.712 Executing coalesced safepoint VM operation: RevokeBias done
Event: 52.712 Executing VM operation: RevokeBias done
Event: 52.715 Executing VM operation: BulkRevokeBias
Event: 52.718 Executing coalesced safepoint VM operation: RevokeBias
Event: 52.718 Executing coalesced safepoint VM operation: RevokeBias done
Event: 52.718 Executing coalesced safepoint VM operation: RevokeBias
Event: 52.719 Executing coalesced safepoint VM operation: RevokeBias done
Event: 52.719 Executing coalesced safepoint VM operation: RevokeBias
Event: 52.719 Executing coalesced safepoint VM operation: RevokeBias done
Event: 52.719 Executing VM operation: BulkRevokeBias done
Event: 52.731 Executing VM operation: G1CollectForAllocation
Event: 52.775 Executing VM operation: G1CollectForAllocation done
Event: 52.880 Executing VM operation: RevokeBias
Event: 52.880 Executing VM operation: RevokeBias done
Event: 53.133 Executing VM operation: G1CollectForAllocation
Event: 53.156 Executing VM operation: G1CollectForAllocation done
Event: 53.606 Executing VM operation: G1CollectForAllocation


Dynamic libraries:
0x00007ff64dbc0000 - 0x00007ff64dbca000 	C:\Program Files\Android\Android Studio\jre\bin\java.exe
0x00007ffaea0d0000 - 0x00007ffaea2c8000 	C:\WINDOWS\SYSTEM32\ntdll.dll
0x00007ffaae820000 - 0x00007ffaae837000 	C:\Program Files\AVAST Software\Avast\aswhook.dll
0x00007ffae9430000 - 0x00007ffae94ef000 	C:\WINDOWS\System32\KERNEL32.DLL
0x00007ffae7dc0000 - 0x00007ffae8092000 	C:\WINDOWS\System32\KERNELBASE.dll
0x00007ffae7a70000 - 0x00007ffae7b70000 	C:\WINDOWS\System32\ucrtbase.dll
0x00007ffae5640000 - 0x00007ffae5659000 	C:\Program Files\Android\Android Studio\jre\bin\jli.dll
0x00007ffae5090000 - 0x00007ffae50a7000 	C:\Program Files\Android\Android Studio\jre\bin\VCRUNTIME140.dll
0x00007ffae9090000 - 0x00007ffae9231000 	C:\WINDOWS\System32\USER32.dll
0x00007ffae7a10000 - 0x00007ffae7a32000 	C:\WINDOWS\System32\win32u.dll
0x00007ffad6db0000 - 0x00007ffad704a000 	C:\WINDOWS\WinSxS\amd64_microsoft.windows.common-controls_6595b64144ccf1df_6.0.19041.1110_none_60b5254171f9507e\COMCTL32.dll
0x00007ffae9300000 - 0x00007ffae932b000 	C:\WINDOWS\System32\GDI32.dll
0x00007ffae86e0000 - 0x00007ffae877e000 	C:\WINDOWS\System32\msvcrt.dll
0x00007ffae7cb0000 - 0x00007ffae7dbf000 	C:\WINDOWS\System32\gdi32full.dll
0x00007ffae77c0000 - 0x00007ffae785d000 	C:\WINDOWS\System32\msvcp_win.dll
0x00007ffae9680000 - 0x00007ffae96b2000 	C:\WINDOWS\System32\IMM32.DLL
0x00007ffae2f90000 - 0x00007ffae302d000 	C:\Program Files\Android\Android Studio\jre\bin\msvcp140.dll
0x00007ffa866a0000 - 0x00007ffa871a2000 	C:\Program Files\Android\Android Studio\jre\bin\server\jvm.dll
0x00007ffae95d0000 - 0x00007ffae967e000 	C:\WINDOWS\System32\ADVAPI32.dll
0x00007ffae9330000 - 0x00007ffae93cc000 	C:\WINDOWS\System32\sechost.dll
0x00007ffae8590000 - 0x00007ffae86b5000 	C:\WINDOWS\System32\RPCRT4.dll
0x00007ffae86d0000 - 0x00007ffae86d8000 	C:\WINDOWS\System32\PSAPI.DLL
0x00007ffad5620000 - 0x00007ffad5629000 	C:\WINDOWS\SYSTEM32\WSOCK32.dll
0x00007ffad9430000 - 0x00007ffad9457000 	C:\WINDOWS\SYSTEM32\WINMM.dll
0x00007ffae89c0000 - 0x00007ffae8a2b000 	C:\WINDOWS\System32\WS2_32.dll
0x00007ffae5610000 - 0x00007ffae561a000 	C:\WINDOWS\SYSTEM32\VERSION.dll
0x00007ffae5860000 - 0x00007ffae5872000 	C:\WINDOWS\SYSTEM32\kernel.appcore.dll
0x00007ffadf690000 - 0x00007ffadf6a1000 	C:\Program Files\Android\Android Studio\jre\bin\verify.dll
0x00007ffadc1b0000 - 0x00007ffadc394000 	C:\WINDOWS\SYSTEM32\DBGHELP.DLL
0x00007ffadc170000 - 0x00007ffadc1a5000 	C:\WINDOWS\SYSTEM32\dbgcore.DLL
0x00007ffae7b70000 - 0x00007ffae7bf2000 	C:\WINDOWS\System32\bcryptPrimitives.dll
0x00007ffac1e70000 - 0x00007ffac1e99000 	C:\Program Files\Android\Android Studio\jre\bin\java.dll
0x00007ffadd000000 - 0x00007ffadd00b000 	C:\Program Files\Android\Android Studio\jre\bin\jimage.dll
0x00007ffadcfc0000 - 0x00007ffadcfd8000 	C:\Program Files\Android\Android Studio\jre\bin\zip.dll
0x00007ffae96c0000 - 0x00007ffae9e04000 	C:\WINDOWS\System32\SHELL32.dll
0x00007ffae5880000 - 0x00007ffae6012000 	C:\WINDOWS\SYSTEM32\windows.storage.dll
0x00007ffae8230000 - 0x00007ffae8585000 	C:\WINDOWS\System32\combase.dll
0x00007ffae7140000 - 0x00007ffae7170000 	C:\WINDOWS\SYSTEM32\Wldp.dll
0x00007ffae9f40000 - 0x00007ffae9fed000 	C:\WINDOWS\System32\SHCORE.dll
0x00007ffae8110000 - 0x00007ffae8165000 	C:\WINDOWS\System32\shlwapi.dll
0x00007ffae7700000 - 0x00007ffae771f000 	C:\WINDOWS\SYSTEM32\profapi.dll
0x00007ffac1e50000 - 0x00007ffac1e6a000 	C:\Program Files\Android\Android Studio\jre\bin\net.dll
0x00007ffad9b80000 - 0x00007ffad9c8c000 	C:\WINDOWS\SYSTEM32\WINHTTP.dll
0x00007ffae6ea0000 - 0x00007ffae6f0a000 	C:\WINDOWS\system32\mswsock.dll
0x00007ffac1e30000 - 0x00007ffac1e44000 	C:\Program Files\Android\Android Studio\jre\bin\nio.dll
0x00007ffad1660000 - 0x00007ffad1687000 	C:\Users\Kleivy Gomes\.gradle\native\e1d6ef7f7dcc3fd88c89a11ec53ec762bb8ba0a96d01ffa2cd45eb1d1d8dd5c5\windows-amd64\native-platform.dll
0x00007ffac1a20000 - 0x00007ffac1b64000 	C:\Users\Kleivy Gomes\.gradle\native\0d407fdbe67a94daf76414ababcb853783967236a71b16ec16e742cd7a986fd3\windows-amd64\native-platform-file-events.dll
0x00007ffadcff0000 - 0x00007ffadcffa000 	C:\Program Files\Android\Android Studio\jre\bin\management.dll
0x00007ffadbd20000 - 0x00007ffadbd2d000 	C:\Program Files\Android\Android Studio\jre\bin\management_ext.dll
0x00007ffae7090000 - 0x00007ffae70a8000 	C:\WINDOWS\SYSTEM32\CRYPTSP.dll
0x00007ffae67c0000 - 0x00007ffae67f4000 	C:\WINDOWS\system32\rsaenh.dll
0x00007ffae7a40000 - 0x00007ffae7a67000 	C:\WINDOWS\System32\bcrypt.dll
0x00007ffae76c0000 - 0x00007ffae76ee000 	C:\WINDOWS\SYSTEM32\USERENV.dll
0x00007ffae70b0000 - 0x00007ffae70bc000 	C:\WINDOWS\SYSTEM32\CRYPTBASE.dll
0x00007ffae6b90000 - 0x00007ffae6bcb000 	C:\WINDOWS\SYSTEM32\IPHLPAPI.DLL
0x00007ffae86c0000 - 0x00007ffae86c8000 	C:\WINDOWS\System32\NSI.dll
0x00007ffada700000 - 0x00007ffada717000 	C:\WINDOWS\SYSTEM32\dhcpcsvc6.DLL
0x00007ffadc490000 - 0x00007ffadc4ad000 	C:\WINDOWS\SYSTEM32\dhcpcsvc.DLL
0x00007ffae6bd0000 - 0x00007ffae6c9a000 	C:\WINDOWS\SYSTEM32\DNSAPI.dll
0x00007ffa873d0000 - 0x00007ffa87576000 	C:\Program Files\Android\Android Studio\jre\bin\awt.dll
0x00007ffae8a30000 - 0x00007ffae8afd000 	C:\WINDOWS\System32\OLEAUT32.dll
0x00007ffae5040000 - 0x00007ffae506f000 	C:\WINDOWS\SYSTEM32\dwmapi.dll
0x00007ffae4c70000 - 0x00007ffae4d01000 	C:\WINDOWS\SYSTEM32\apphelp.dll
0x00007ffae4e20000 - 0x00007ffae4ebe000 	C:\WINDOWS\system32\uxtheme.dll

dbghelp: loaded successfully - version: 4.0.5 - missing functions: none
symbol engine: initialized successfully - sym options: 0x614 - pdb path: .;C:\Program Files\Android\Android Studio\jre\bin;C:\WINDOWS\SYSTEM32;C:\Program Files\AVAST Software\Avast;C:\WINDOWS\WinSxS\amd64_microsoft.windows.common-controls_6595b64144ccf1df_6.0.19041.1110_none_60b5254171f9507e;C:\Program Files\Android\Android Studio\jre\bin\server;C:\Users\Kleivy Gomes\.gradle\native\e1d6ef7f7dcc3fd88c89a11ec53ec762bb8ba0a96d01ffa2cd45eb1d1d8dd5c5\windows-amd64;C:\Users\Kleivy Gomes\.gradle\native\0d407fdbe67a94daf76414ababcb853783967236a71b16ec16e742cd7a986fd3\windows-amd64

VM Arguments:
jvm_args: --add-opens=java.base/java.util=ALL-UNNAMED --add-opens=java.base/java.lang=ALL-UNNAMED --add-opens=java.base/java.lang.invoke=ALL-UNNAMED --add-opens=java.base/java.util=ALL-UNNAMED --add-opens=java.prefs/java.util.prefs=ALL-UNNAMED --add-opens=java.prefs/java.util.prefs=ALL-UNNAMED --add-opens=java.base/java.nio.charset=ALL-UNNAMED --add-opens=java.base/java.net=ALL-UNNAMED --add-opens=java.base/java.util.concurrent.atomic=ALL-UNNAMED -Xmx2048m -Dfile.encoding=UTF-8 -Duser.country=PT -Duser.language=pt -Duser.variant 
java_command: org.gradle.launcher.daemon.bootstrap.GradleDaemon 7.4
java_class_path (initial): C:\Users\Kleivy Gomes\.gradle\wrapper\dists\gradle-7.4-bin\c0gwcg53nkjbqw7r0h0umtfvt\gradle-7.4\lib\gradle-launcher-7.4.jar
Launcher Type: SUN_STANDARD

[Global flags]
     intx CICompilerCount                          = 3                                         {product} {ergonomic}
     uint ConcGCThreads                            = 1                                         {product} {ergonomic}
     uint G1ConcRefinementThreads                  = 4                                         {product} {ergonomic}
   size_t G1HeapRegionSize                         = 1048576                                   {product} {ergonomic}
    uintx GCDrainStackTargetSize                   = 64                                        {product} {ergonomic}
   size_t InitialHeapSize                          = 100663296                                 {product} {ergonomic}
   size_t MarkStackSize                            = 4194304                                   {product} {ergonomic}
   size_t MaxHeapSize                              = 2147483648                                {product} {command line}
   size_t MaxNewSize                               = 1287651328                                {product} {ergonomic}
   size_t MinHeapDeltaBytes                        = 1048576                                   {product} {ergonomic}
    uintx NonNMethodCodeHeapSize                   = 5830732                                {pd product} {ergonomic}
    uintx NonProfiledCodeHeapSize                  = 122913754                              {pd product} {ergonomic}
    uintx ProfiledCodeHeapSize                     = 122913754                              {pd product} {ergonomic}
    uintx ReservedCodeCacheSize                    = 251658240                              {pd product} {ergonomic}
     bool SegmentedCodeCache                       = true                                      {product} {ergonomic}
     bool UseCompressedClassPointers               = true                                 {lp64_product} {ergonomic}
     bool UseCompressedOops                        = true                                 {lp64_product} {ergonomic}
     bool UseG1GC                                  = true                                      {product} {ergonomic}
     bool UseLargePagesIndividualAllocation        = false                                  {pd product} {ergonomic}

Logging:
Log output configuration:
 #0: stdout all=warning uptime,level,tags
 #1: stderr all=off uptime,level,tags

Environment Variables:
JAVA_HOME=C:\Program Files\Java\jdk1.8.0_202
PATH=C:\app\Gomez\virtual\product\12.2.0\dbhome_1\bin;C:\Program Files\Java\jre1.8.0_202\;C:\Program Files\Java\jdk1.8.0_202\bin;C:\MinGW\bin;C:\DevSuiteHome_1\jdk\jre\bin;C:\DevSuiteHome_1\jdk\jre\bin\client;C:\DevSuiteHome_1\jlib;C:\DevSuiteHome_1\bin;C:\DevSuiteHome_1\jre\1.4.2\bin\client;C:\DevSuiteHome_1\jre\1.4.2\bin;C:\Program Files (x86)\Common Files\Oracle\Java\javapath;C:\WINDOWS\system32;C:\WINDOWS;C:\WINDOWS\System32\Wbem;C:\WINDOWS\System32\WindowsPowerShell\v1.0\;C:\Program Files\dotnet\;C:\WINDOWS\System32\OpenSSH\;C:\apache-maven-3.6.1-bin\apache-maven-3.6.1\bin;C:\ProgramData\chocolatey\bin;C:\Program Files\Git\cmd;C:\Program Files\nodejs\;C:\Program Files\PostgreSQL\14\bin;C:\Program Files\PostgreSQL\14\lib;C:\Users\Kleivy Gomes\Documents\EISC\4º ano\VR\Opengl\bin;C:\Program Files\CMake\bin;C:\Users\Kleivy Gomes\AppData\Local\Programs\Python\Python311\Scripts\;C:\Users\Kleivy Gomes\AppData\Local\Programs\Python\Python311\;C:\Users\Kleivy Gomes\AppData\Roaming\local\bin;C:\Users\Kleivy Gomes\AppData\Local\Microsoft\WindowsApps;C:\ProgramData\chocolatey\lib\ghc\tools\ghc-8.10.2\bin;C:\tools\msys64;C:\Users\Kleivy Gomes\AppData\Local\Programs\Microsoft VS Code\bin;C:\Program Files\heroku\bin;C:\Users\Kleivy Gomes\AppData\Roaming\npm;C:\Program Files\MySQL\MySQL Server 8.0\bin;C:\Program Files\MongoDB\Server\5.0\bin;C:\Program Files\JetBrains\PyCharm 2022.3\bin;
USERNAME=Kleivy Gomes
OS=Windows_NT
PROCESSOR_IDENTIFIER=Intel64 Family 6 Model 58 Stepping 9, GenuineIntel



---------------  S Y S T E M  ---------------

OS: Windows 10 , 64 bit Build 19041 (10.0.19041.2364)
OS uptime: 0 days 2:28 hours

CPU:total 4 (initial active 4) (2 cores per cpu, 2 threads per core) family 6 model 58 stepping 9 microcode 0x21, cmov, cx8, fxsr, mmx, sse, sse2, sse3, ssse3, sse4.1, sse4.2, popcnt, avx, clmul, erms, ht, tsc, tscinvbit, tscinv

Memory: 4k page, system-wide physical 6019M (495M free)
TotalPageFile size 10115M (AvailPageFile size 108M)
current process WorkingSet (physical memory assigned to process): 615M, peak: 620M
current process commit charge ("private bytes"): 641M, peak: 767M

vm_info: OpenJDK 64-Bit Server VM (11.0.13+0-b1751.21-8125866) for windows-amd64 JRE (11.0.13+0-b1751.21-8125866), built on Feb  2 2022 03:00:22 by "builder" with MS VC++ 14.0 (VS2015)

END.
